2025-09-29 22:24:43,760 - debug_t0 - INFO - 开始调试T0交易系统信号检测...
2025-09-29 22:24:43,760 - debug_t0 - INFO - 检测股票: 601088
2025-09-29 22:24:43,761 - debug_t0 - INFO - 正在获取股票数据...
2025-09-29 22:24:44,391 - debug_t0 - INFO - 成功获取股票数据，共 242 条记录
2025-09-29 22:24:45,189 - debug_t0 - INFO - 昨收价: 38.76
2025-09-29 22:24:45,190 - debug_t0 - INFO - 检测阻力支撑指标信号
2025-09-29 22:24:45,191 - debug_t0 - INFO - 阻力支撑信号 - 买入: False, 卖出: False
2025-09-29 22:24:45,191 - debug_t0 - INFO - 检测扩展指标信号
2025-09-29 22:24:45,194 - debug_t0 - INFO - 扩展指标信号 - 买入: False, 卖出: False
2025-09-29 22:24:45,194 - debug_t0 - INFO - 检测量价指标信号
2025-09-29 22:24:45,198 - debug_t0 - INFO - 量价指标信号 - 买入: False, 卖出: False
2025-09-29 22:24:45,198 - debug_t0 - INFO - 检测所有信号
2025-09-29 22:24:47,397 - debug_t0 - INFO - 未检测到任何新信号
2025-09-29 22:24:47,398 - debug_t0 - INFO - 调试完成!
2025-09-29 22:49:34,779 - debug_t0 - INFO - 开始调试T0交易系统信号检测...
2025-09-29 22:49:34,780 - debug_t0 - INFO - 检测股票: 601088
2025-09-29 22:49:34,780 - debug_t0 - INFO - 正在获取股票数据...
2025-09-29 22:49:35,442 - debug_t0 - INFO - 成功获取股票数据，共 242 条记录
2025-09-29 22:49:36,258 - debug_t0 - INFO - 昨收价: 38.76
2025-09-29 22:49:36,258 - debug_t0 - INFO - 检测阻力支撑指标信号
2025-09-29 22:49:36,259 - debug_t0 - INFO - 阻力支撑信号 - 买入: False, 卖出: False
2025-09-29 22:49:36,260 - debug_t0 - INFO - 检测扩展指标信号
2025-09-29 22:49:36,262 - debug_t0 - INFO - 扩展指标信号 - 买入: False, 卖出: False
2025-09-29 22:49:36,263 - debug_t0 - INFO - 检测量价指标信号
2025-09-29 22:49:36,265 - debug_t0 - INFO - 量价指标信号 - 买入: False, 卖出: False
2025-09-29 22:49:36,266 - debug_t0 - INFO - 检测所有信号
2025-09-29 22:49:37,616 - debug_t0 - INFO - 未检测到任何新信号
2025-09-29 22:49:37,616 - debug_t0 - INFO - 调试完成!
2025-09-29 22:50:42,845 - debug_t0 - INFO - 开始调试T0交易系统信号检测...
2025-09-29 22:50:42,846 - debug_t0 - INFO - 检测股票: 601088
2025-09-29 22:50:42,846 - debug_t0 - INFO - 正在获取股票数据...
2025-09-29 22:50:43,927 - debug_t0 - INFO - 成功获取股票数据，共 242 条记录
2025-09-29 22:50:44,970 - debug_t0 - INFO - 昨收价: 38.76
2025-09-29 22:50:44,971 - debug_t0 - INFO - 检测阻力支撑指标信号
2025-09-29 22:50:44,978 - debug_t0 - INFO - 阻力支撑信号 - 买入: False, 卖出: False
2025-09-29 22:50:44,979 - debug_t0 - INFO - 检测扩展指标信号
2025-09-29 22:50:45,914 - debug_t0 - INFO - 扩展指标信号 - 买入: False, 卖出: False
2025-09-29 22:50:45,915 - debug_t0 - INFO - 检测量价指标信号
2025-09-29 22:50:45,927 - debug_t0 - INFO - 量价指标信号 - 买入: False, 卖出: False
2025-09-29 22:50:45,927 - debug_t0 - INFO - 检测所有信号
2025-09-29 22:50:48,606 - debug_t0 - INFO - 未检测到任何新信号
2025-09-29 22:50:48,606 - debug_t0 - INFO - 调试完成!
2025-09-29 22:52:43,054 - debug_t0 - INFO - 开始调试T0交易系统信号检测...
2025-09-29 22:52:43,055 - debug_t0 - INFO - 检测股票: 601088
2025-09-29 22:52:43,055 - debug_t0 - INFO - 正在获取股票数据...
2025-09-29 22:52:43,699 - debug_t0 - INFO - 成功获取股票数据，共 242 条记录
2025-09-29 22:52:44,636 - debug_t0 - INFO - 昨收价: 38.76
2025-09-29 22:52:44,637 - debug_t0 - INFO - 检测阻力支撑指标信号
2025-09-29 22:52:44,645 - debug_t0 - INFO - 阻力支撑信号 - 买入: False, 卖出: False
2025-09-29 22:52:44,645 - debug_t0 - INFO - 检测扩展指标信号
2025-09-29 22:52:45,544 - debug_t0 - INFO - 扩展指标信号 - 买入: False, 卖出: False
2025-09-29 22:52:45,544 - debug_t0 - INFO - 检测量价指标信号
2025-09-29 22:52:45,554 - debug_t0 - INFO - 量价指标信号 - 买入: False, 卖出: False
2025-09-29 22:52:45,554 - debug_t0 - INFO - 检测所有信号
2025-09-29 22:52:47,869 - debug_t0 - INFO - 未检测到任何新信号
2025-09-29 22:52:47,869 - debug_t0 - INFO - 调试完成!
2025-09-29 22:53:25,277 - debug_t0 - INFO - 开始调试T0交易系统信号检测...
2025-09-29 22:53:25,277 - debug_t0 - INFO - 检测股票: 601088
2025-09-29 22:53:25,278 - debug_t0 - INFO - 正在获取股票数据...
2025-09-29 22:53:25,851 - debug_t0 - INFO - 成功获取股票数据，共 242 条记录
2025-09-29 22:53:26,677 - debug_t0 - INFO - 昨收价: 38.76
2025-09-29 22:53:26,677 - debug_t0 - INFO - 检测阻力支撑指标信号
2025-09-29 22:53:26,686 - debug_t0 - INFO - 阻力支撑信号 - 买入: True, 卖出: True
2025-09-29 22:53:26,687 - debug_t0 - INFO - 阻力支撑信号详情: 阻力位卖出信号触发
2025-09-29 22:53:26,688 - debug_t0 - INFO - 检测扩展指标信号
2025-09-29 22:53:27,989 - debug_t0 - INFO - 扩展指标信号 - 买入: True, 卖出: True
2025-09-29 22:53:27,989 - debug_t0 - INFO - 扩展指标信号详情: 阻力位卖出信号, 压力信号
2025-09-29 22:53:27,991 - debug_t0 - INFO - 检测量价指标信号
2025-09-29 22:53:28,001 - debug_t0 - INFO - 量价指标信号 - 买入: True, 卖出: True
2025-09-29 22:53:28,001 - debug_t0 - INFO - 量价指标信号详情: 量价卖出信号
2025-09-29 22:53:28,013 - debug_t0 - INFO - 检测所有信号
2025-09-29 22:53:30,251 - debug_t0 - INFO - 共检测到 6 个信号:
2025-09-29 22:53:30,251 - debug_t0 - INFO - 信号 - 指标: 阻力支撑, 类型: 买入, 详情: 阻力位卖出信号触发
2025-09-29 22:53:30,251 - debug_t0 - INFO - 信号 - 指标: 阻力支撑, 类型: 卖出, 详情: 阻力位卖出信号触发
2025-09-29 22:53:30,251 - debug_t0 - INFO - 信号 - 指标: 扩展指标, 类型: 买入, 详情: 阻力位卖出信号, 压力信号
2025-09-29 22:53:30,252 - debug_t0 - INFO - 信号 - 指标: 扩展指标, 类型: 卖出, 详情: 阻力位卖出信号, 压力信号
2025-09-29 22:53:30,252 - debug_t0 - INFO - 信号 - 指标: 量价指标, 类型: 买入, 详情: 量价卖出信号
2025-09-29 22:53:30,252 - debug_t0 - INFO - 信号 - 指标: 量价指标, 类型: 卖出, 详情: 量价卖出信号
2025-09-29 22:53:30,253 - debug_t0 - INFO - 调试完成!
