2025-10-01 15:29:57,774 - notification.log - WARNING - 交易通知: 指标: 阻力支撑
类型: 买入
详情: 支撑位买入信号触发
时间: 2025-10-01 15:29:56
2025-10-01 15:30:18,218 - notification.log - WARNING - 交易通知: 指标: 阻力支撑
类型: 买入
详情: 支撑位买入信号触发
时间: 2025-10-01 15:30:17
2025-10-01 15:43:18,538 - notification.log - WARNING - 交易通知: 指标: 阻力支撑
类型: 买入
详情: 支撑位买入信号触发
时间: 2025-10-01 15:43:17
2025-10-01 15:43:39,428 - notification.log - WARNING - 交易通知: 买入 000333 100股 False 最新:
2025-10-01 15:43:55,340 - notification.log - WARNING - 交易通知: 指标: 阻力支撑
类型: 买入
详情: 支撑位买入信号触发
时间: 2025-10-01 15:43:54
2025-10-01 16:06:52,377 - notification.log - WARNING - 交易通知: 指标: 阻力支撑
类型: 买入
详情: 支撑位买入信号触发
时间: 2025-10-01 16:06:51
2025-10-01 16:07:17,363 - notification.log - WARNING - 交易通知: 指标: 阻力支撑
类型: 买入
详情: 支撑位买入信号触发
时间: 2025-10-01 16:07:16
2025-10-01 16:18:00,698 - notification.log - WARNING - 交易通知: 指标: 阻力支撑
类型: 买入
详情: 支撑位买入信号触发
时间: 2025-10-01 16:17:59
2025-10-01 16:18:22,381 - notification.log - WARNING - 交易通知: 买入 000333 100股 False 最新:
2025-10-01 16:18:40,374 - notification.log - WARNING - 交易通知: 指标: 阻力支撑
类型: 买入
详情: 支撑位买入信号触发
时间: 2025-10-01 16:18:39
2025-10-01 16:19:02,285 - notification.log - WARNING - 交易通知: 买入 600036 100股 False 最新:
