2025-09-29 22:59:28,744 - t0_main - INFO - 开始监控T0交易信号，股票池: ['601088']
2025-09-29 22:59:28,745 - t0_main - INFO - 等待交易时间开始...
2025-09-29 22:59:28,745 - t0_main - INFO - 开始新交易日: 2025-09-29
2025-09-29 22:59:28,745 - t0_main - INFO - 交易日已结束
2025-09-29 23:00:28,746 - t0_main - INFO - 交易日已结束
2025-09-29 23:00:34,433 - t0_main - INFO - 开始监控T0交易信号，股票池: ['601088']
2025-09-29 23:00:34,434 - t0_main - INFO - 等待交易时间开始...
2025-09-29 23:00:34,434 - t0_main - INFO - 开始新交易日: 2025-09-29
2025-09-29 23:00:34,435 - t0_main - INFO - 交易日已结束
2025-09-29 23:01:28,747 - t0_main - INFO - 交易日已结束
2025-09-29 23:01:34,436 - t0_main - INFO - 交易日已结束
2025-09-29 23:02:28,758 - t0_main - INFO - 交易日已结束
2025-09-29 23:02:34,438 - t0_main - INFO - 交易日已结束
2025-09-29 23:03:28,760 - t0_main - INFO - 交易日已结束
2025-09-29 23:03:34,439 - t0_main - INFO - 交易日已结束
2025-09-29 23:04:28,762 - t0_main - INFO - 交易日已结束
2025-09-29 23:04:34,440 - t0_main - INFO - 交易日已结束
2025-09-29 23:05:28,764 - t0_main - INFO - 交易日已结束
2025-09-29 23:05:34,444 - t0_main - INFO - 交易日已结束
2025-09-29 23:06:27,706 - t0_main - INFO - 开始监控T0交易信号，股票池: ['601088']
2025-09-29 23:06:27,707 - t0_main - INFO - 等待交易时间开始...
2025-09-29 23:06:27,707 - t0_main - INFO - 开始新交易日: 2025-09-29
2025-09-29 23:06:28,765 - t0_main - INFO - 交易日已结束
2025-09-29 23:06:29,709 - t0_main - INFO - 检测到 5 个新信号
2025-09-29 23:06:29,710 - t0_main - INFO - 已发送通知: T0交易信号 - 601088
2025-09-29 23:06:29,710 - t0_main - INFO - 已执行买入交易: 601088 - 阻力支撑
2025-09-29 23:06:29,711 - t0_main - INFO - 已发送通知: T0交易信号 - 601088
2025-09-29 23:06:29,711 - t0_main - INFO - 已执行买入交易: 601088 - 扩展指标
2025-09-29 23:06:29,712 - t0_main - INFO - 已发送通知: T0交易信号 - 601088
2025-09-29 23:06:29,715 - t0_main - INFO - 已执行卖出交易: 601088 - 扩展指标
2025-09-29 23:06:29,716 - t0_main - INFO - 已发送通知: T0交易信号 - 601088
2025-09-29 23:06:29,716 - t0_main - INFO - 已执行买入交易: 601088 - 量价指标
2025-09-29 23:06:29,717 - t0_main - INFO - 已发送通知: T0交易信号 - 601088
2025-09-29 23:06:29,717 - t0_main - INFO - 已执行卖出交易: 601088 - 量价指标
2025-09-29 23:06:34,447 - t0_main - INFO - 交易日已结束
2025-09-29 23:07:28,765 - t0_main - INFO - 交易日已结束
2025-09-29 23:07:34,448 - t0_main - INFO - 交易日已结束
2025-09-29 23:08:28,766 - t0_main - INFO - 交易日已结束
2025-09-29 23:08:34,449 - t0_main - INFO - 交易日已结束
2025-09-29 23:09:28,767 - t0_main - INFO - 交易日已结束
2025-09-29 23:09:34,450 - t0_main - INFO - 交易日已结束
2025-09-29 23:10:28,768 - t0_main - INFO - 交易日已结束
2025-09-29 23:10:34,451 - t0_main - INFO - 交易日已结束
2025-09-29 23:13:40,059 - t0_main - INFO - 交易日已结束
2025-09-29 23:13:40,059 - t0_main - INFO - 交易日已结束
2025-09-29 23:14:40,059 - t0_main - INFO - 交易日已结束
2025-09-29 23:14:40,077 - t0_main - INFO - 交易日已结束
2025-10-01 15:10:26,993 - t0_main - INFO - 开始监控T0交易信号，股票池: ['601088']
2025-10-01 15:10:33,594 - t0_main - INFO - 开始新交易日: 2025-10-01
2025-10-01 15:17:53,157 - t0_main - INFO - 开始单次检测T0交易信号，股票池: ['000333', '600036']
2025-10-01 15:17:53,157 - t0_main - INFO - 移除交易时间限制，直接运行一次信号检测...
2025-10-01 15:17:53,158 - t0_main - INFO - 开始新交易日: 2025-10-01
2025-10-01 15:21:25,775 - t0_main - INFO - 开始监控T0交易信号，股票池: ['000333', '600036']
2025-10-01 15:21:25,776 - t0_main - INFO - 开始新交易日: 2025-10-01
2025-10-01 15:25:52,355 - t0_main - INFO - 开始监控T0交易信号，股票池: ['000333', '600036']
2025-10-01 15:29:40,339 - t0_main - INFO - 开始单次检测T0交易信号，股票池: ['000333', '600036']
2025-10-01 15:29:40,340 - t0_main - INFO - 移除交易时间限制，直接运行一次信号检测...
2025-10-01 15:29:40,340 - t0_main - INFO - 开始新交易日: 2025-09-30
2025-10-01 15:29:56,997 - t0_main - INFO - 检测到 3 个新信号
2025-10-01 15:29:57,775 - t0_main - INFO - 已发送通知: T0交易信号 - 000333
2025-10-01 15:29:57,781 - t0_main - INFO - 已执行买入交易: 000333 - 阻力支撑
2025-10-01 15:30:17,503 - t0_main - INFO - 检测到 3 个新信号
2025-10-01 15:30:18,219 - t0_main - INFO - 已发送通知: T0交易信号 - 000333
2025-10-01 15:30:18,220 - t0_main - INFO - 已执行买入交易: 000333 - 阻力支撑
2025-10-01 15:43:02,701 - t0_main - INFO - 开始监控T0交易信号，股票池: ['000333', '600036']
2025-10-01 15:43:02,702 - t0_main - INFO - 开始新交易日: 2025-09-30
2025-10-01 15:43:17,837 - t0_main - INFO - 检测到 3 个新信号
2025-10-01 15:43:18,539 - t0_main - INFO - 已发送通知: T0交易信号 - 000333
2025-10-01 15:43:39,442 - t0_main - INFO - 已执行买入交易: 000333 - 阻力支撑
2025-10-01 15:43:54,683 - t0_main - INFO - 检测到 3 个新信号
2025-10-01 15:43:55,341 - t0_main - INFO - 已发送通知: T0交易信号 - 000333
2025-10-01 15:43:55,341 - t0_main - INFO - 已执行买入交易: 000333 - 阻力支撑
2025-10-01 16:05:50,181 - t0_main - INFO - 开始单次检测T0交易信号，股票池: ['000333', '600036']
2025-10-01 16:05:50,181 - t0_main - INFO - 移除交易时间限制，直接运行一次信号检测...
2025-10-01 16:06:29,049 - t0_main - INFO - 开始单次检测T0交易信号，股票池: ['000333', '600036']
2025-10-01 16:06:29,050 - t0_main - INFO - 移除交易时间限制，直接运行一次信号检测...
2025-10-01 16:06:29,051 - t0_main - INFO - 开始新交易日: 2025-09-30
2025-10-01 16:06:51,396 - t0_main - INFO - 检测到 3 个新信号
2025-10-01 16:06:52,378 - t0_main - INFO - 已发送通知: T0交易信号 - 000333
2025-10-01 16:06:52,380 - t0_main - INFO - 已执行买入交易: 000333 - 阻力支撑
2025-10-01 16:07:16,645 - t0_main - INFO - 检测到 3 个新信号
2025-10-01 16:07:17,364 - t0_main - INFO - 已发送通知: T0交易信号 - 600036
2025-10-01 16:07:17,367 - t0_main - INFO - 已执行买入交易: 600036 - 阻力支撑
2025-10-01 16:17:39,408 - t0_main - INFO - 开始监控T0交易信号，股票池: ['000333', '600036']
2025-10-01 16:17:39,409 - t0_main - INFO - 开始新交易日: 2025-09-30
2025-10-01 16:17:59,956 - t0_main - INFO - 检测到 3 个新信号
2025-10-01 16:18:00,699 - t0_main - INFO - 已发送通知: T0交易信号 - 000333
2025-10-01 16:18:22,384 - t0_main - INFO - 已执行买入交易: 000333 - 阻力支撑
2025-10-01 16:18:39,670 - t0_main - INFO - 检测到 3 个新信号
2025-10-01 16:18:40,374 - t0_main - INFO - 已发送通知: T0交易信号 - 600036
2025-10-01 16:19:02,286 - t0_main - INFO - 已执行买入交易: 600036 - 阻力支撑
