2025-09-29 22:59:28,745 - trade_executor - INFO - 已重置每日信号记录
2025-09-29 23:00:34,434 - trade_executor - INFO - 已重置每日信号记录
2025-09-29 23:06:27,707 - trade_executor - INFO - 已重置每日信号记录
2025-09-29 23:06:29,710 - trade_executor - INFO - 执行买入交易: 股票=601088, 指标=阻力支撑, 数量=100, 价格=None
2025-09-29 23:06:29,711 - trade_executor - INFO - 执行买入交易: 股票=601088, 指标=扩展指标, 数量=100, 价格=None
2025-09-29 23:06:29,712 - trade_executor - INFO - 执行卖出交易: 股票=601088, 指标=扩展指标, 数量=100, 价格=None
2025-09-29 23:06:29,716 - trade_executor - INFO - 执行买入交易: 股票=601088, 指标=量价指标, 数量=100, 价格=None
2025-09-29 23:06:29,717 - trade_executor - INFO - 执行卖出交易: 股票=601088, 指标=量价指标, 数量=100, 价格=None
2025-10-01 15:10:26,991 - trade_executor - WARNING - AutoTrade交易逻辑不可用，将使用模拟交易
2025-10-01 15:10:33,593 - trade_executor - INFO - 已重置每日信号记录，清除了 0 个已执行信号
2025-10-01 15:17:53,156 - trade_executor - WARNING - AutoTrade交易逻辑不可用，将使用模拟交易
2025-10-01 15:17:53,157 - trade_executor - INFO - 已重置每日信号记录，清除了 0 个已执行信号
2025-10-01 15:21:25,775 - trade_executor - WARNING - AutoTrade交易逻辑不可用，将使用模拟交易
2025-10-01 15:21:25,776 - trade_executor - INFO - 已重置每日信号记录，清除了 0 个已执行信号
2025-10-01 15:25:52,355 - trade_executor - WARNING - AutoTrade交易逻辑不可用，将使用模拟交易
2025-10-01 15:29:40,339 - trade_executor - WARNING - AutoTrade交易逻辑不可用，将使用模拟交易
2025-10-01 15:29:40,340 - trade_executor - INFO - 已重置每日信号记录，清除了 0 个已执行信号
2025-10-01 15:29:57,779 - trade_executor - INFO - 执行买入交易: 股票=000333, 指标=阻力支撑, 数量=100, 价格=None
2025-10-01 15:29:57,780 - trade_executor - INFO - 模拟买入交易: 股票=000333, 指标=阻力支撑, 数量=100, 价格=None
2025-10-01 15:30:18,219 - trade_executor - INFO - 买入信号 000333_阻力支撑_buy 已执行过，跳过
2025-10-01 15:43:02,700 - trade_executor - INFO - 成功初始化AutoTrade交易逻辑
2025-10-01 15:43:02,702 - trade_executor - INFO - 已重置每日信号记录，清除了 0 个已执行信号
2025-10-01 15:43:18,540 - trade_executor - INFO - 执行买入交易: 股票=000333, 指标=阻力支撑, 数量=100, 价格=None
2025-10-01 15:43:18,540 - trade_executor - INFO - 切换到账户: 中泰证券
2025-10-01 15:43:39,441 - trade_executor - ERROR - 买入交易失败: 最新:
2025-10-01 15:43:55,341 - trade_executor - INFO - 买入信号 000333_阻力支撑_buy 已执行过，跳过
2025-10-01 16:05:50,180 - trade_executor - WARNING - AutoTrade交易逻辑不可用，将使用模拟交易
2025-10-01 16:05:50,182 - trade_executor - INFO - 已重置每日信号记录，清除了 0 个已执行信号
2025-10-01 16:06:29,049 - trade_executor - WARNING - AutoTrade交易逻辑不可用，将使用模拟交易
2025-10-01 16:06:29,051 - trade_executor - INFO - 已重置每日信号记录，清除了 0 个已执行信号
2025-10-01 16:06:52,379 - trade_executor - INFO - 执行买入交易: 股票=000333, 指标=阻力支撑, 数量=100, 价格=None
2025-10-01 16:06:52,379 - trade_executor - INFO - 模拟买入交易: 股票=000333, 指标=阻力支撑, 数量=100, 价格=None
2025-10-01 16:07:17,365 - trade_executor - INFO - 执行买入交易: 股票=600036, 指标=阻力支撑, 数量=100, 价格=None
2025-10-01 16:07:17,366 - trade_executor - INFO - 模拟买入交易: 股票=600036, 指标=阻力支撑, 数量=100, 价格=None
2025-10-01 16:17:39,407 - trade_executor - INFO - 成功初始化AutoTrade交易逻辑
2025-10-01 16:17:39,409 - trade_executor - INFO - 已重置每日信号记录，清除了 0 个已执行信号
2025-10-01 16:18:00,699 - trade_executor - INFO - 执行买入交易: 股票=000333, 指标=阻力支撑, 数量=100, 价格=None
2025-10-01 16:18:00,700 - trade_executor - INFO - 切换到账户: 中泰证券
2025-10-01 16:18:22,384 - trade_executor - ERROR - 买入交易失败: 最新:
2025-10-01 16:18:40,374 - trade_executor - INFO - 执行买入交易: 股票=600036, 指标=阻力支撑, 数量=100, 价格=None
2025-10-01 16:18:40,375 - trade_executor - INFO - 切换到账户: 中泰证券
2025-10-01 16:19:02,286 - trade_executor - ERROR - 买入交易失败: 最新:
