[32m2025-10-10 10:58:09 - INFO - 🔄 开始更新策略持仓数据...[0m
[36m2025-10-10 10:58:09 - DEBUG - 成功获取组合9800的持仓数据，共3条[0m
[32m2025-10-10 10:58:09 - INFO - 策略持仓数据:2
   策略名称  股票名称      代码    最新价    成本价  新比例%    市场  收益率(%)  盈亏比例(%)              时间
0  逻辑为王  中国人寿  601628  39.81  39.91    33  沪深A股   -0.90    -0.18  10-10 10:58:09
1  逻辑为王  豪能股份  603809  16.13  16.00    33  沪深A股    2.89     0.94  10-10 10:58:09[0m
[32m2025-10-10 10:58:09 - INFO - 🔄 开始更新账户数据...[0m
[32m2025-10-10 10:58:10 - INFO - 正在更新账户 中山证券 的数据...[0m
[32m2025-10-10 10:58:26 - INFO - ✅ 所需账户数据更新完成[0m
[32m2025-10-10 10:58:26 - INFO - ✅ 成功获取策略 逻辑为王 的持仓数据，共 2 条记录[0m
[32m2025-10-10 10:58:26 - INFO - ⚠️ 发现需卖出的标的: 1 条[0m
[32m2025-10-10 10:58:26 - INFO - ⚠️ 发现需买入的标的: 2 条[0m
[32m2025-10-10 10:58:26 - INFO - 📊 最终差异报告 - 需要卖出: 1 条, 需要买入: 2 条[0m
[32m2025-10-10 10:58:26 - INFO - ⚠️ 卖出 东材科技 的新比例无效(nan)，设置为0表示全部卖出[0m
[32m2025-10-10 10:58:26 - INFO - 开始计算交易股数(优化版): 股票=东材科技, 操作=卖出, 新比例=0%[0m
[32m2025-10-10 10:58:26 - INFO - 卖出 东材科技，股数: 800[0m
[32m2025-10-10 10:58:26 - INFO - 🛠️ 卖出 东材科技，目标比例:0，交易数量:800[0m
[32m2025-10-10 10:58:26 - INFO - 🛠️ 开始处理: 卖出 东材科技 目标比例:0 策略:逻辑为王 账户:中山证券[0m
[32m2025-10-10 10:58:30 - INFO - ✅ 已切换到账户: 中山证券[0m
[32m2025-10-10 10:58:44 - INFO - 开始计算交易股数(优化版): 股票=豪能股份, 操作=买入, 新比例=33%[0m
[32m2025-10-10 10:58:44 - INFO - 买入 豪能股份，股数: 2400[0m
[32m2025-10-10 10:58:44 - INFO - 🛠️ 买入 豪能股份，目标比例:33，交易数量:2400[0m
[32m2025-10-10 10:58:44 - INFO - 🛠️ 开始处理: 买入 豪能股份 目标比例:33 策略:逻辑为王 账户:中山证券[0m
[32m2025-10-10 14:41:10 - INFO - 🔄 开始更新策略持仓数据...[0m
[36m2025-10-10 14:41:10 - DEBUG - 成功获取组合9800的持仓数据，共3条[0m
[32m2025-10-10 14:41:10 - INFO - 策略持仓数据:2
   策略名称  股票名称      代码    最新价    成本价  新比例%    市场  收益率(%)  盈亏比例(%)              时间
0  逻辑为王  中国人寿  601628  39.66  39.91    33  沪深A股   -2.24    -0.65  10-10 14:41:10
1  逻辑为王  豪能股份  603809  15.71  16.00    32  沪深A股   -6.44    -1.81  10-10 14:41:10[0m
[32m2025-10-10 14:41:10 - INFO - 🔄 开始更新账户数据...[0m
[32m2025-10-10 14:41:11 - INFO - 正在更新账户 中山证券 的数据...[0m
[33m2025-10-10 14:41:15 - WARNING - ⚠️ 账户 中山证券 数据更新失败[0m
[33m2025-10-10 14:41:15 - WARNING - ⚠️ 账户数据更新失败，将继续使用现有数据执行交易[0m
[32m2025-10-13 09:25:07 - INFO - 🔄 开始更新策略持仓数据...[0m
[36m2025-10-13 09:25:07 - DEBUG - 成功获取组合9800的持仓数据，共3条[0m
[32m2025-10-13 09:25:07 - INFO - 策略持仓数据:2
   策略名称  股票名称      代码    最新价    成本价  新比例%    市场  收益率(%)  盈亏比例(%)              时间
0  逻辑为王  豪能股份  603809  14.75  16.00    32  沪深A股  -27.75    -6.25  10-13 09:25:07
1  逻辑为王  中国人寿  601628  39.07  39.91    34  沪深A股   -7.50    -1.48  10-13 09:25:07[0m
[32m2025-10-13 09:25:07 - INFO - 🔄 开始更新账户数据...[0m
[32m2025-10-13 09:25:08 - INFO - 正在更新账户 中泰证券 的数据...[0m
[33m2025-10-13 09:25:19 - WARNING - ⚠️ 账户 中泰证券 数据更新失败[0m
[33m2025-10-13 09:25:19 - WARNING - ⚠️ 账户数据更新失败，将继续使用现有数据执行交易[0m
[32m2025-10-13 09:31:21 - INFO - 🔄 开始更新策略持仓数据...[0m
[36m2025-10-13 09:31:21 - DEBUG - 成功获取组合9800的持仓数据，共3条[0m
[32m2025-10-13 09:31:21 - INFO - 策略持仓数据:2
   策略名称  股票名称      代码    最新价    成本价  新比例%    市场  收益率(%)  盈亏比例(%)              时间
0  逻辑为王  豪能股份  603809  14.86  16.00    32  沪深A股  -25.31    -7.25  10-13 09:31:21
1  逻辑为王  中国人寿  601628  39.35  39.91    34  沪深A股   -5.00    -1.48  10-13 09:31:21[0m
[32m2025-10-13 09:31:21 - INFO - 🔄 开始更新账户数据...[0m
[32m2025-10-13 09:31:21 - INFO - 正在更新账户 中泰证券 的数据...[0m
[32m2025-10-13 09:31:57 - INFO - 🔄 开始更新策略持仓数据...[0m
[36m2025-10-13 09:31:58 - DEBUG - 成功获取组合9800的持仓数据，共3条[0m
[32m2025-10-13 09:31:58 - INFO - 策略持仓数据:2
   策略名称  股票名称      代码    最新价    成本价  新比例%    市场  收益率(%)  盈亏比例(%)              时间
0  逻辑为王  豪能股份  603809  14.88  16.00    32  沪深A股  -24.86    -7.25  10-13 09:31:58
1  逻辑为王  中国人寿  601628  39.35  39.91    34  沪深A股   -5.00    -1.40  10-13 09:31:58[0m
[32m2025-10-13 09:31:58 - INFO - 🔄 开始更新账户数据...[0m
[32m2025-10-13 09:31:58 - INFO - 正在更新账户 中山证券 的数据...[0m
[33m2025-10-13 09:32:23 - WARNING - ⚠️ 账户 中山证券 数据更新失败[0m
[33m2025-10-13 09:32:23 - WARNING - ⚠️ 账户数据更新失败，将继续使用现有数据执行交易[0m
[32m2025-10-13 09:33:06 - INFO - 🔄 开始更新策略持仓数据...[0m
[36m2025-10-13 09:33:06 - DEBUG - 成功获取组合9800的持仓数据，共3条[0m
[32m2025-10-13 09:33:06 - INFO - 策略持仓数据:2
   策略名称  股票名称      代码    最新价    成本价  新比例%    市场  收益率(%)  盈亏比例(%)              时间
0  逻辑为王  豪能股份  603809  14.87  16.00    32  沪深A股  -25.08    -7.06  10-13 09:33:06
1  逻辑为王  中国人寿  601628  39.39  39.91    34  沪深A股   -4.64    -1.23  10-13 09:33:06[0m
[32m2025-10-13 09:33:06 - INFO - 🔄 开始更新账户数据...[0m
[32m2025-10-13 09:33:07 - INFO - 正在更新账户 中山证券 的数据...[0m
[33m2025-10-13 09:33:32 - WARNING - ⚠️ 账户 中山证券 数据更新失败[0m
[33m2025-10-13 09:33:32 - WARNING - ⚠️ 账户数据更新失败，将继续使用现有数据执行交易[0m
[32m2025-10-13 09:34:05 - INFO - 🔄 开始更新策略持仓数据...[0m
[36m2025-10-13 09:34:05 - DEBUG - 成功获取组合9800的持仓数据，共3条[0m
[32m2025-10-13 09:34:05 - INFO - 策略持仓数据:2
   策略名称  股票名称      代码    最新价    成本价  新比例%    市场  收益率(%)  盈亏比例(%)              时间
0  逻辑为王  豪能股份  603809  14.88  16.00    32  沪深A股  -24.86    -7.13  10-13 09:34:05
1  逻辑为王  中国人寿  601628  39.34  39.91    34  沪深A股   -5.09    -1.40  10-13 09:34:05[0m
[32m2025-10-13 09:34:05 - INFO - 🔄 开始更新账户数据...[0m
[32m2025-10-13 09:34:06 - INFO - 正在更新账户 中山证券 的数据...[0m
[33m2025-10-13 09:34:31 - WARNING - ⚠️ 账户 中山证券 数据更新失败[0m
[33m2025-10-13 09:34:31 - WARNING - ⚠️ 账户数据更新失败，将继续使用现有数据执行交易[0m
[32m2025-10-13 09:35:17 - INFO - 🔄 开始更新策略持仓数据...[0m
[36m2025-10-13 09:35:17 - DEBUG - 成功获取组合9800的持仓数据，共3条[0m
[32m2025-10-13 09:35:17 - INFO - 策略持仓数据:2
   策略名称  股票名称      代码    最新价    成本价  新比例%    市场  收益率(%)  盈亏比例(%)              时间
0  逻辑为王  豪能股份  603809  14.98  16.00    32  沪深A股  -22.64    -6.44  10-13 09:35:17
1  逻辑为王  中国人寿  601628  39.25  39.91    34  沪深A股   -5.89    -1.65  10-13 09:35:17[0m
[32m2025-10-13 09:35:17 - INFO - 🔄 开始更新账户数据...[0m
[32m2025-10-13 09:35:18 - INFO - 正在更新账户 中山证券 的数据...[0m
[32m2025-10-13 09:35:27 - INFO - ✅ 所需账户数据更新完成[0m
[32m2025-10-13 09:35:27 - INFO - ✅ 成功获取策略 逻辑为王 的持仓数据，共 2 条记录[0m
[32m2025-10-13 09:35:27 - INFO - ⚠️ 发现需卖出的标的: 1 条[0m
[32m2025-10-13 09:35:27 - INFO - ⚠️ 发现需买入的标的: 2 条[0m
[32m2025-10-13 09:35:27 - INFO - 📊 最终差异报告 - 需要卖出: 1 条, 需要买入: 2 条[0m
[32m2025-10-13 09:35:27 - INFO - ⚠️ 卖出 东材科技 的新比例无效(nan)，设置为0表示全部卖出[0m
[32m2025-10-13 09:35:27 - INFO - 开始计算交易股数(优化版): 股票=东材科技, 操作=卖出, 新比例=0%[0m
[32m2025-10-13 09:35:27 - INFO - 卖出 东材科技，股数: 800[0m
[32m2025-10-13 09:35:27 - INFO - 🛠️ 卖出 东材科技，目标比例:0，交易数量:800[0m
[32m2025-10-13 09:35:27 - INFO - 🛠️ 开始处理: 卖出 东材科技 目标比例:0 策略:逻辑为王 账户:中山证券[0m
[32m2025-10-13 09:35:31 - INFO - ✅ 已切换到账户: 中山证券[0m
[32m2025-10-13 10:10:37 - INFO - 🔄 开始更新策略持仓数据...[0m
[36m2025-10-13 10:10:37 - DEBUG - 成功获取组合9800的持仓数据，共3条[0m
[32m2025-10-13 10:10:37 - INFO - 策略持仓数据:2
   策略名称  股票名称      代码    最新价    成本价  新比例%    市场  收益率(%)  盈亏比例(%)              时间
0  逻辑为王  常山北明  000158  22.98  22.43    34  沪深A股    8.42     2.45  10-13 10:10:37
1  逻辑为王  豪能股份  603809  14.80  16.00    31  沪深A股  -26.64    -7.50  10-13 10:10:37[0m
[32m2025-10-13 10:10:37 - INFO - 🔄 开始更新账户数据...[0m
[32m2025-10-13 10:10:38 - INFO - 正在更新账户 中山证券 的数据...[0m
[32m2025-10-13 10:10:49 - INFO - ✅ 所需账户数据更新完成[0m
[32m2025-10-13 10:10:49 - INFO - ✅ 成功获取策略 逻辑为王 的持仓数据，共 2 条记录[0m
[32m2025-10-13 10:10:49 - INFO - ⚠️ 发现需卖出的标的: 1 条[0m
[32m2025-10-13 10:10:49 - INFO - ⚠️ 发现需买入的标的: 2 条[0m
[32m2025-10-13 10:10:49 - INFO - 📊 最终差异报告 - 需要卖出: 1 条, 需要买入: 2 条[0m
[32m2025-10-13 10:10:49 - INFO - ⚠️ 卖出 东材科技 的新比例无效(nan)，设置为0表示全部卖出[0m
[32m2025-10-13 10:10:49 - INFO - 开始计算交易股数(优化版): 股票=东材科技, 操作=卖出, 新比例=0%[0m
[32m2025-10-13 10:10:49 - INFO - 卖出 东材科技，股数: 800[0m
[32m2025-10-13 10:10:49 - INFO - 🛠️ 卖出 东材科技，目标比例:0，交易数量:800[0m
[32m2025-10-13 10:10:49 - INFO - 🛠️ 开始处理: 卖出 东材科技 目标比例:0 策略:逻辑为王 账户:中山证券[0m
[32m2025-10-13 10:10:51 - INFO - ✅ 已切换到账户: 中山证券[0m
[32m2025-10-13 10:10:58 - INFO - 开始计算交易股数(优化版): 股票=豪能股份, 操作=买入, 新比例=31%[0m
[32m2025-10-13 10:10:58 - INFO - 买入 豪能股份，股数: 2500[0m
[32m2025-10-13 10:10:58 - INFO - 🛠️ 买入 豪能股份，目标比例:31，交易数量:2500[0m
[32m2025-10-13 10:10:58 - INFO - 🛠️ 开始处理: 买入 豪能股份 目标比例:31 策略:逻辑为王 账户:中山证券[0m
[31m2025-10-13 10:10:59 - ERROR - 处理证券与策略 逻辑为王 持仓差异并执行交易时发生错误: [0m
[32m2025-10-13 10:20:59 - INFO - 🔄 开始更新策略持仓数据...[0m
[36m2025-10-13 10:20:59 - DEBUG - 成功获取组合9800的持仓数据，共3条[0m
[32m2025-10-13 10:20:59 - INFO - 策略持仓数据:2
   策略名称  股票名称      代码    最新价    成本价  新比例%    市场  收益率(%)  盈亏比例(%)              时间
0  逻辑为王  常山北明  000158  22.92  22.43    34  沪深A股    7.50     2.18  10-13 10:20:59
1  逻辑为王  豪能股份  603809  14.79  16.00    31  沪深A股  -26.86    -7.56  10-13 10:20:59[0m
[32m2025-10-13 10:20:59 - INFO - 🔄 开始更新账户数据...[0m
[32m2025-10-13 10:21:00 - INFO - 正在更新账户 中山证券 的数据...[0m
[32m2025-10-13 10:21:35 - INFO - ✅ 所需账户数据更新完成[0m
[32m2025-10-13 10:21:35 - INFO - ✅ 成功获取策略 逻辑为王 的持仓数据，共 2 条记录[0m
[32m2025-10-13 10:21:35 - INFO - ⚠️ 发现需卖出的标的: 1 条[0m
[32m2025-10-13 10:21:35 - INFO - ⚠️ 发现需买入的标的: 1 条[0m
[32m2025-10-13 10:21:35 - INFO - 📊 最终差异报告 - 需要卖出: 1 条, 需要买入: 1 条[0m
[32m2025-10-13 10:21:35 - INFO - ⚠️ 卖出 东材科技 的新比例无效(nan)，设置为0表示全部卖出[0m
[32m2025-10-13 10:21:35 - INFO - 开始计算交易股数(优化版): 股票=东材科技, 操作=卖出, 新比例=0%[0m
[32m2025-10-13 10:21:35 - INFO - 卖出 东材科技，股数: 800[0m
[32m2025-10-13 10:21:35 - INFO - 🛠️ 卖出 东材科技，目标比例:0，交易数量:800[0m
[32m2025-10-13 10:21:35 - INFO - 🛠️ 开始处理: 卖出 东材科技 目标比例:0 策略:逻辑为王 账户:中山证券[0m
[32m2025-10-13 10:21:39 - INFO - ✅ 已切换到账户: 中山证券[0m
[32m2025-10-13 10:22:08 - INFO - 开始计算交易股数(优化版): 股票=豪能股份, 操作=买入, 新比例=31%[0m
[32m2025-10-13 10:22:08 - INFO - 买入 豪能股份，股数: 2500[0m
[32m2025-10-13 10:22:08 - INFO - 🛠️ 买入 豪能股份，目标比例:31，交易数量:2500[0m
[32m2025-10-13 10:22:08 - INFO - 🛠️ 开始处理: 买入 豪能股份 目标比例:31 策略:逻辑为王 账户:中山证券[0m
[32m2025-10-13 10:22:10 - INFO - ✅ 已切换到账户: 中山证券[0m
[32m2025-10-13 10:22:24 - INFO - ✅ 交易执行完成[0m
[32m2025-10-13 10:22:24 - INFO - 完成比较账户 中山证券 与策略 逻辑为王 的持仓差异并执行交易[0m
[32m2025-10-13 11:01:44 - INFO - 🔄 开始更新策略持仓数据...[0m
[36m2025-10-13 11:01:44 - DEBUG - 成功获取组合9800的持仓数据，共2条[0m
[32m2025-10-13 11:01:44 - INFO - 策略持仓数据:1
   策略名称  股票名称      代码    最新价    成本价  新比例%    市场  收益率(%)  盈亏比例(%)              时间
0  逻辑为王  常山北明  000158  22.81  22.43    33  沪深A股    5.82     1.74  10-13 11:01:44[0m
[32m2025-10-13 11:01:44 - INFO - 🔄 开始更新账户数据...[0m
[32m2025-10-13 11:01:46 - INFO - 正在更新账户 中山证券 的数据...[0m
[33m2025-10-13 11:02:31 - WARNING - ⚠️ 账户 中山证券 数据更新失败[0m
[33m2025-10-13 11:02:31 - WARNING - ⚠️ 账户数据更新失败，将继续使用现有数据执行交易[0m
[32m2025-10-13 11:03:07 - INFO - 🔄 开始更新策略持仓数据...[0m
[36m2025-10-13 11:03:07 - DEBUG - 成功获取组合9800的持仓数据，共2条[0m
[32m2025-10-13 11:03:07 - INFO - 策略持仓数据:1
   策略名称  股票名称      代码    最新价    成本价  新比例%    市场  收益率(%)  盈亏比例(%)              时间
0  逻辑为王  常山北明  000158  22.81  22.43    34  沪深A股    5.82     1.74  10-13 11:03:07[0m
[32m2025-10-13 11:03:07 - INFO - 🔄 开始更新账户数据...[0m
[32m2025-10-13 11:03:08 - INFO - 正在更新账户 中山证券 的数据...[0m
[33m2025-10-13 11:03:32 - WARNING - ⚠️ 账户 中山证券 数据更新失败[0m
[33m2025-10-13 11:03:32 - WARNING - ⚠️ 账户数据更新失败，将继续使用现有数据执行交易[0m
[32m2025-10-13 11:04:15 - INFO - 🔄 开始更新策略持仓数据...[0m
[36m2025-10-13 11:04:15 - DEBUG - 成功获取组合9800的持仓数据，共2条[0m
[32m2025-10-13 11:04:15 - INFO - 策略持仓数据:1
   策略名称  股票名称      代码    最新价    成本价  新比例%    市场  收益率(%)  盈亏比例(%)              时间
0  逻辑为王  常山北明  000158  22.81  22.43    34  沪深A股    5.82     1.69  10-13 11:04:15[0m
[32m2025-10-13 11:04:15 - INFO - 🔄 开始更新账户数据...[0m
[32m2025-10-13 11:04:16 - INFO - 正在更新账户 中山证券 的数据...[0m
[33m2025-10-13 11:04:40 - WARNING - ⚠️ 账户 中山证券 数据更新失败[0m
[33m2025-10-13 11:04:40 - WARNING - ⚠️ 账户数据更新失败，将继续使用现有数据执行交易[0m
[32m2025-10-13 11:05:15 - INFO - 🔄 开始更新策略持仓数据...[0m
[36m2025-10-13 11:05:15 - DEBUG - 成功获取组合9800的持仓数据，共2条[0m
[32m2025-10-13 11:05:15 - INFO - 策略持仓数据:1
   策略名称  股票名称      代码    最新价    成本价  新比例%    市场  收益率(%)  盈亏比例(%)              时间
0  逻辑为王  常山北明  000158  22.82  22.43    34  沪深A股    5.97     1.69  10-13 11:05:15[0m
[32m2025-10-13 11:05:15 - INFO - 🔄 开始更新账户数据...[0m
[32m2025-10-13 11:05:15 - INFO - 正在更新账户 中山证券 的数据...[0m
[33m2025-10-13 11:05:40 - WARNING - ⚠️ 账户 中山证券 数据更新失败[0m
[33m2025-10-13 11:05:40 - WARNING - ⚠️ 账户数据更新失败，将继续使用现有数据执行交易[0m
[32m2025-10-13 11:06:30 - INFO - 🔄 开始更新策略持仓数据...[0m
[36m2025-10-13 11:06:30 - DEBUG - 成功获取组合9800的持仓数据，共2条[0m
[32m2025-10-13 11:06:30 - INFO - 策略持仓数据:1
   策略名称  股票名称      代码   最新价    成本价  新比例%    市场  收益率(%)  盈亏比例(%)              时间
0  逻辑为王  常山北明  000158  22.8  22.43    34  沪深A股    5.67     1.69  10-13 11:06:30[0m
[32m2025-10-13 11:06:30 - INFO - 🔄 开始更新账户数据...[0m
[32m2025-10-13 11:06:31 - INFO - 正在更新账户 中山证券 的数据...[0m
[33m2025-10-13 11:06:56 - WARNING - ⚠️ 账户 中山证券 数据更新失败[0m
[33m2025-10-13 11:06:56 - WARNING - ⚠️ 账户数据更新失败，将继续使用现有数据执行交易[0m
[32m2025-10-13 11:07:36 - INFO - 🔄 开始更新策略持仓数据...[0m
[36m2025-10-13 11:07:36 - DEBUG - 成功获取组合9800的持仓数据，共2条[0m
[32m2025-10-13 11:07:36 - INFO - 策略持仓数据:1
   策略名称  股票名称      代码   最新价    成本价  新比例%    市场  收益率(%)  盈亏比例(%)              时间
0  逻辑为王  常山北明  000158  22.8  22.43    34  沪深A股    5.67     1.65  10-13 11:07:36[0m
[32m2025-10-13 11:07:36 - INFO - 🔄 开始更新账户数据...[0m
[32m2025-10-13 11:07:36 - INFO - 正在更新账户 中山证券 的数据...[0m
[33m2025-10-13 11:08:01 - WARNING - ⚠️ 账户 中山证券 数据更新失败[0m
[33m2025-10-13 11:08:01 - WARNING - ⚠️ 账户数据更新失败，将继续使用现有数据执行交易[0m
[32m2025-10-13 11:08:50 - INFO - 🔄 开始更新策略持仓数据...[0m
[36m2025-10-13 11:08:50 - DEBUG - 成功获取组合9800的持仓数据，共2条[0m
[32m2025-10-13 11:08:50 - INFO - 策略持仓数据:1
   策略名称  股票名称      代码   最新价    成本价  新比例%    市场  收益率(%)  盈亏比例(%)              时间
0  逻辑为王  常山北明  000158  22.8  22.43    34  沪深A股    5.67     1.65  10-13 11:08:50[0m
[32m2025-10-13 11:08:50 - INFO - 🔄 开始更新账户数据...[0m
[32m2025-10-13 11:08:50 - INFO - 正在更新账户 中山证券 的数据...[0m
[33m2025-10-13 11:09:15 - WARNING - ⚠️ 账户 中山证券 数据更新失败[0m
[33m2025-10-13 11:09:15 - WARNING - ⚠️ 账户数据更新失败，将继续使用现有数据执行交易[0m
[32m2025-10-13 11:10:03 - INFO - 🔄 开始更新策略持仓数据...[0m
[36m2025-10-13 11:10:04 - DEBUG - 成功获取组合9800的持仓数据，共2条[0m
[32m2025-10-13 11:10:04 - INFO - 策略持仓数据:1
   策略名称  股票名称      代码   最新价    成本价  新比例%    市场  收益率(%)  盈亏比例(%)              时间
0  逻辑为王  常山北明  000158  22.8  22.43    34  沪深A股    5.67     1.65  10-13 11:10:04[0m
[32m2025-10-13 11:10:04 - INFO - 🔄 开始更新账户数据...[0m
[32m2025-10-13 11:10:04 - INFO - 正在更新账户 中山证券 的数据...[0m
[33m2025-10-13 11:10:29 - WARNING - ⚠️ 账户 中山证券 数据更新失败[0m
[33m2025-10-13 11:10:29 - WARNING - ⚠️ 账户数据更新失败，将继续使用现有数据执行交易[0m
[32m2025-10-13 11:11:09 - INFO - 🔄 开始更新策略持仓数据...[0m
[36m2025-10-13 11:11:09 - DEBUG - 成功获取组合9800的持仓数据，共2条[0m
[32m2025-10-13 11:11:09 - INFO - 策略持仓数据:1
   策略名称  股票名称      代码   最新价    成本价  新比例%    市场  收益率(%)  盈亏比例(%)              时间
0  逻辑为王  常山北明  000158  22.8  22.43    34  沪深A股    5.67     1.65  10-13 11:11:09[0m
[32m2025-10-13 11:11:09 - INFO - 🔄 开始更新账户数据...[0m
[32m2025-10-13 11:11:10 - INFO - 正在更新账户 中山证券 的数据...[0m
[33m2025-10-13 11:11:34 - WARNING - ⚠️ 账户 中山证券 数据更新失败[0m
[33m2025-10-13 11:11:34 - WARNING - ⚠️ 账户数据更新失败，将继续使用现有数据执行交易[0m
[32m2025-10-13 11:12:24 - INFO - 🔄 开始更新策略持仓数据...[0m
[36m2025-10-13 11:12:24 - DEBUG - 成功获取组合9800的持仓数据，共2条[0m
[32m2025-10-13 11:12:24 - INFO - 策略持仓数据:1
   策略名称  股票名称      代码    最新价    成本价  新比例%    市场  收益率(%)  盈亏比例(%)              时间
0  逻辑为王  常山北明  000158  22.79  22.43    34  沪深A股    5.51      1.6  10-13 11:12:24[0m
[32m2025-10-13 11:12:24 - INFO - 🔄 开始更新账户数据...[0m
[32m2025-10-13 11:12:25 - INFO - 正在更新账户 中山证券 的数据...[0m
[33m2025-10-13 11:12:49 - WARNING - ⚠️ 账户 中山证券 数据更新失败[0m
[33m2025-10-13 11:12:49 - WARNING - ⚠️ 账户数据更新失败，将继续使用现有数据执行交易[0m
[32m2025-10-13 11:13:28 - INFO - 🔄 开始更新策略持仓数据...[0m
[36m2025-10-13 11:13:28 - DEBUG - 成功获取组合9800的持仓数据，共2条[0m
[32m2025-10-13 11:13:28 - INFO - 策略持仓数据:1
   策略名称  股票名称      代码   最新价    成本价  新比例%    市场  收益率(%)  盈亏比例(%)              时间
0  逻辑为王  常山北明  000158  22.8  22.43    34  沪深A股    5.67     1.65  10-13 11:13:28[0m
[32m2025-10-13 11:13:28 - INFO - 🔄 开始更新账户数据...[0m
[32m2025-10-13 11:13:29 - INFO - 正在更新账户 中山证券 的数据...[0m
[33m2025-10-13 11:13:54 - WARNING - ⚠️ 账户 中山证券 数据更新失败[0m
[33m2025-10-13 11:13:54 - WARNING - ⚠️ 账户数据更新失败，将继续使用现有数据执行交易[0m
[32m2025-10-13 11:14:42 - INFO - 🔄 开始更新策略持仓数据...[0m
[36m2025-10-13 11:14:42 - DEBUG - 成功获取组合9800的持仓数据，共2条[0m
[32m2025-10-13 11:14:42 - INFO - 策略持仓数据:1
   策略名称  股票名称      代码   最新价    成本价  新比例%    市场  收益率(%)  盈亏比例(%)              时间
0  逻辑为王  常山北明  000158  22.8  22.43    34  沪深A股    5.67     1.65  10-13 11:14:42[0m
[32m2025-10-13 11:14:42 - INFO - 🔄 开始更新账户数据...[0m
[32m2025-10-13 11:14:43 - INFO - 正在更新账户 中山证券 的数据...[0m
[33m2025-10-13 11:15:08 - WARNING - ⚠️ 账户 中山证券 数据更新失败[0m
[33m2025-10-13 11:15:08 - WARNING - ⚠️ 账户数据更新失败，将继续使用现有数据执行交易[0m
[32m2025-10-13 11:15:54 - INFO - 🔄 开始更新策略持仓数据...[0m
[36m2025-10-13 11:15:54 - DEBUG - 成功获取组合9800的持仓数据，共2条[0m
[32m2025-10-13 11:15:54 - INFO - 策略持仓数据:1
   策略名称  股票名称      代码    最新价    成本价  新比例%    市场  收益率(%)  盈亏比例(%)              时间
0  逻辑为王  常山北明  000158  22.79  22.43    34  沪深A股    5.51      1.6  10-13 11:15:54[0m
[32m2025-10-13 11:15:54 - INFO - 🔄 开始更新账户数据...[0m
[32m2025-10-13 11:15:55 - INFO - 正在更新账户 中山证券 的数据...[0m
[33m2025-10-13 11:16:20 - WARNING - ⚠️ 账户 中山证券 数据更新失败[0m
[33m2025-10-13 11:16:20 - WARNING - ⚠️ 账户数据更新失败，将继续使用现有数据执行交易[0m
[32m2025-10-13 11:17:03 - INFO - 🔄 开始更新策略持仓数据...[0m
[36m2025-10-13 11:17:03 - DEBUG - 成功获取组合9800的持仓数据，共2条[0m
[32m2025-10-13 11:17:03 - INFO - 策略持仓数据:1
   策略名称  股票名称      代码   最新价    成本价  新比例%    市场  收益率(%)  盈亏比例(%)              时间
0  逻辑为王  常山北明  000158  22.8  22.43    34  沪深A股    5.67     1.65  10-13 11:17:03[0m
[32m2025-10-13 11:17:03 - INFO - 🔄 开始更新账户数据...[0m
[32m2025-10-13 11:17:04 - INFO - 正在更新账户 中山证券 的数据...[0m
[33m2025-10-13 11:17:29 - WARNING - ⚠️ 账户 中山证券 数据更新失败[0m
[33m2025-10-13 11:17:29 - WARNING - ⚠️ 账户数据更新失败，将继续使用现有数据执行交易[0m
[32m2025-10-13 11:18:14 - INFO - 🔄 开始更新策略持仓数据...[0m
[36m2025-10-13 11:18:14 - DEBUG - 成功获取组合9800的持仓数据，共2条[0m
[32m2025-10-13 11:18:14 - INFO - 策略持仓数据:1
   策略名称  股票名称      代码   最新价    成本价  新比例%    市场  收益率(%)  盈亏比例(%)              时间
0  逻辑为王  常山北明  000158  22.8  22.43    34  沪深A股    5.67      1.6  10-13 11:18:14[0m
[32m2025-10-13 11:18:14 - INFO - 🔄 开始更新账户数据...[0m
[32m2025-10-13 11:18:15 - INFO - 正在更新账户 中山证券 的数据...[0m
[33m2025-10-13 11:18:40 - WARNING - ⚠️ 账户 中山证券 数据更新失败[0m
[33m2025-10-13 11:18:40 - WARNING - ⚠️ 账户数据更新失败，将继续使用现有数据执行交易[0m
[32m2025-10-13 11:19:28 - INFO - 🔄 开始更新策略持仓数据...[0m
[36m2025-10-13 11:19:28 - DEBUG - 成功获取组合9800的持仓数据，共2条[0m
[32m2025-10-13 11:19:28 - INFO - 策略持仓数据:1
   策略名称  股票名称      代码    最新价    成本价  新比例%    市场  收益率(%)  盈亏比例(%)              时间
0  逻辑为王  常山北明  000158  22.79  22.43    34  沪深A股    5.51      1.6  10-13 11:19:28[0m
[32m2025-10-13 11:19:28 - INFO - 🔄 开始更新账户数据...[0m
[32m2025-10-13 11:19:29 - INFO - 正在更新账户 中山证券 的数据...[0m
[33m2025-10-13 11:19:54 - WARNING - ⚠️ 账户 中山证券 数据更新失败[0m
[33m2025-10-13 11:19:54 - WARNING - ⚠️ 账户数据更新失败，将继续使用现有数据执行交易[0m
[32m2025-10-13 11:20:44 - INFO - 🔄 开始更新策略持仓数据...[0m
[36m2025-10-13 11:20:44 - DEBUG - 成功获取组合9800的持仓数据，共2条[0m
[32m2025-10-13 11:20:44 - INFO - 策略持仓数据:1
   策略名称  股票名称      代码    最新价    成本价  新比例%    市场  收益率(%)  盈亏比例(%)              时间
0  逻辑为王  常山北明  000158  22.79  22.43    34  沪深A股    5.51     1.65  10-13 11:20:44[0m
[32m2025-10-13 11:20:44 - INFO - 🔄 开始更新账户数据...[0m
[32m2025-10-13 11:20:45 - INFO - 正在更新账户 中山证券 的数据...[0m
[33m2025-10-13 11:21:10 - WARNING - ⚠️ 账户 中山证券 数据更新失败[0m
[33m2025-10-13 11:21:10 - WARNING - ⚠️ 账户数据更新失败，将继续使用现有数据执行交易[0m
[32m2025-10-13 11:21:43 - INFO - 🔄 开始更新策略持仓数据...[0m
[36m2025-10-13 11:21:43 - DEBUG - 成功获取组合9800的持仓数据，共2条[0m
[32m2025-10-13 11:21:43 - INFO - 策略持仓数据:1
   策略名称  股票名称      代码    最新价    成本价  新比例%    市场  收益率(%)  盈亏比例(%)              时间
0  逻辑为王  常山北明  000158  22.78  22.43    34  沪深A股    5.36      1.6  10-13 11:21:43[0m
[32m2025-10-13 11:21:43 - INFO - 🔄 开始更新账户数据...[0m
[32m2025-10-13 11:21:44 - INFO - 正在更新账户 中山证券 的数据...[0m
[33m2025-10-13 11:22:09 - WARNING - ⚠️ 账户 中山证券 数据更新失败[0m
[33m2025-10-13 11:22:09 - WARNING - ⚠️ 账户数据更新失败，将继续使用现有数据执行交易[0m
[32m2025-10-13 11:22:52 - INFO - 🔄 开始更新策略持仓数据...[0m
[36m2025-10-13 11:22:52 - DEBUG - 成功获取组合9800的持仓数据，共2条[0m
[32m2025-10-13 11:22:52 - INFO - 策略持仓数据:1
   策略名称  股票名称      代码    最新价    成本价  新比例%    市场  收益率(%)  盈亏比例(%)              时间
0  逻辑为王  常山北明  000158  22.73  22.43    33  沪深A股     4.6     1.34  10-13 11:22:52[0m
[32m2025-10-13 11:22:52 - INFO - 🔄 开始更新账户数据...[0m
[32m2025-10-13 11:22:53 - INFO - 正在更新账户 中山证券 的数据...[0m
[33m2025-10-13 11:23:17 - WARNING - ⚠️ 账户 中山证券 数据更新失败[0m
[33m2025-10-13 11:23:17 - WARNING - ⚠️ 账户数据更新失败，将继续使用现有数据执行交易[0m
[32m2025-10-13 11:23:55 - INFO - 🔄 开始更新策略持仓数据...[0m
[36m2025-10-13 11:23:55 - DEBUG - 成功获取组合9800的持仓数据，共2条[0m
[32m2025-10-13 11:23:55 - INFO - 策略持仓数据:1
   策略名称  股票名称      代码   最新价    成本价  新比例%    市场  收益率(%)  盈亏比例(%)              时间
0  逻辑为王  常山北明  000158  22.7  22.43    33  沪深A股    4.14      1.2  10-13 11:23:55[0m
[32m2025-10-13 11:23:55 - INFO - 🔄 开始更新账户数据...[0m
[32m2025-10-13 11:23:56 - INFO - 正在更新账户 中山证券 的数据...[0m
[33m2025-10-13 11:24:21 - WARNING - ⚠️ 账户 中山证券 数据更新失败[0m
[33m2025-10-13 11:24:21 - WARNING - ⚠️ 账户数据更新失败，将继续使用现有数据执行交易[0m
[32m2025-10-13 11:24:57 - INFO - 🔄 开始更新策略持仓数据...[0m
[36m2025-10-13 11:24:57 - DEBUG - 成功获取组合9800的持仓数据，共2条[0m
[32m2025-10-13 11:24:57 - INFO - 策略持仓数据:1
   策略名称  股票名称      代码    最新价    成本价  新比例%    市场  收益率(%)  盈亏比例(%)              时间
0  逻辑为王  常山北明  000158  22.67  22.43    33  沪深A股    3.68     0.98  10-13 11:24:57[0m
[32m2025-10-13 11:24:57 - INFO - 🔄 开始更新账户数据...[0m
[32m2025-10-13 11:24:58 - INFO - 正在更新账户 中山证券 的数据...[0m
[33m2025-10-13 11:25:22 - WARNING - ⚠️ 账户 中山证券 数据更新失败[0m
[33m2025-10-13 11:25:22 - WARNING - ⚠️ 账户数据更新失败，将继续使用现有数据执行交易[0m
[32m2025-10-13 11:25:59 - INFO - 🔄 开始更新策略持仓数据...[0m
[36m2025-10-13 11:25:59 - DEBUG - 成功获取组合9800的持仓数据，共2条[0m
[32m2025-10-13 11:25:59 - INFO - 策略持仓数据:1
   策略名称  股票名称      代码    最新价    成本价  新比例%    市场  收益率(%)  盈亏比例(%)              时间
0  逻辑为王  常山北明  000158  22.72  22.43    33  沪深A股    4.44     1.29  10-13 11:25:59[0m
[32m2025-10-13 11:25:59 - INFO - 🔄 开始更新账户数据...[0m
[32m2025-10-13 11:26:00 - INFO - 正在更新账户 中山证券 的数据...[0m
[33m2025-10-13 11:26:25 - WARNING - ⚠️ 账户 中山证券 数据更新失败[0m
[33m2025-10-13 11:26:25 - WARNING - ⚠️ 账户数据更新失败，将继续使用现有数据执行交易[0m
[32m2025-10-13 11:27:08 - INFO - 🔄 开始更新策略持仓数据...[0m
[36m2025-10-13 11:27:08 - DEBUG - 成功获取组合9800的持仓数据，共2条[0m
[32m2025-10-13 11:27:08 - INFO - 策略持仓数据:1
   策略名称  股票名称      代码    最新价    成本价  新比例%    市场  收益率(%)  盈亏比例(%)              时间
0  逻辑为王  常山北明  000158  22.76  22.43    34  沪深A股    5.05     1.52  10-13 11:27:08[0m
[32m2025-10-13 11:27:08 - INFO - 🔄 开始更新账户数据...[0m
[32m2025-10-13 11:27:09 - INFO - 正在更新账户 中山证券 的数据...[0m
[33m2025-10-13 11:27:33 - WARNING - ⚠️ 账户 中山证券 数据更新失败[0m
[33m2025-10-13 11:27:33 - WARNING - ⚠️ 账户数据更新失败，将继续使用现有数据执行交易[0m
[32m2025-10-13 11:28:17 - INFO - 🔄 开始更新策略持仓数据...[0m
[36m2025-10-13 11:28:17 - DEBUG - 成功获取组合9800的持仓数据，共2条[0m
[32m2025-10-13 11:28:17 - INFO - 策略持仓数据:1
   策略名称  股票名称      代码    最新价    成本价  新比例%    市场  收益率(%)  盈亏比例(%)              时间
0  逻辑为王  常山北明  000158  22.73  22.43    33  沪深A股     4.6     1.34  10-13 11:28:17[0m
[32m2025-10-13 11:28:17 - INFO - 🔄 开始更新账户数据...[0m
[32m2025-10-13 11:28:18 - INFO - 正在更新账户 中山证券 的数据...[0m
[33m2025-10-13 11:28:43 - WARNING - ⚠️ 账户 中山证券 数据更新失败[0m
[33m2025-10-13 11:28:43 - WARNING - ⚠️ 账户数据更新失败，将继续使用现有数据执行交易[0m
[32m2025-10-13 11:29:13 - INFO - 🔄 开始更新策略持仓数据...[0m
[36m2025-10-13 11:29:13 - DEBUG - 成功获取组合9800的持仓数据，共2条[0m
[32m2025-10-13 11:29:13 - INFO - 策略持仓数据:1
   策略名称  股票名称      代码    最新价    成本价  新比例%    市场  收益率(%)  盈亏比例(%)              时间
0  逻辑为王  常山北明  000158  22.69  22.43    33  沪深A股    3.98      1.2  10-13 11:29:13[0m
[32m2025-10-13 11:29:13 - INFO - 🔄 开始更新账户数据...[0m
[32m2025-10-13 11:29:14 - INFO - 正在更新账户 中山证券 的数据...[0m
[33m2025-10-13 11:29:39 - WARNING - ⚠️ 账户 中山证券 数据更新失败[0m
[33m2025-10-13 11:29:39 - WARNING - ⚠️ 账户数据更新失败，将继续使用现有数据执行交易[0m
[32m2025-10-13 13:00:35 - INFO - 🔄 开始更新策略持仓数据...[0m
[36m2025-10-13 13:00:35 - DEBUG - 成功获取组合9800的持仓数据，共2条[0m
[32m2025-10-13 13:00:35 - INFO - 策略持仓数据:1
   策略名称  股票名称      代码    最新价    成本价  新比例%    市场  收益率(%)  盈亏比例(%)              时间
0  逻辑为王  常山北明  000158  22.62  22.43    33  沪深A股    2.91     0.89  10-13 13:00:35[0m
[32m2025-10-13 13:00:35 - INFO - 🔄 开始更新账户数据...[0m
[32m2025-10-13 13:00:36 - INFO - 正在更新账户 中山证券 的数据...[0m
[33m2025-10-13 13:01:01 - WARNING - ⚠️ 账户 中山证券 数据更新失败[0m
[33m2025-10-13 13:01:01 - WARNING - ⚠️ 账户数据更新失败，将继续使用现有数据执行交易[0m
[32m2025-10-13 13:01:39 - INFO - 🔄 开始更新策略持仓数据...[0m
[36m2025-10-13 13:01:39 - DEBUG - 成功获取组合9800的持仓数据，共2条[0m
[32m2025-10-13 13:01:39 - INFO - 策略持仓数据:1
   策略名称  股票名称      代码   最新价    成本价  新比例%    市场  收益率(%)  盈亏比例(%)              时间
0  逻辑为王  常山北明  000158  22.6  22.43    33  沪深A股    2.61      0.8  10-13 13:01:39[0m
[32m2025-10-13 13:01:39 - INFO - 🔄 开始更新账户数据...[0m
[32m2025-10-13 13:01:39 - INFO - 正在更新账户 中山证券 的数据...[0m
[33m2025-10-13 13:02:04 - WARNING - ⚠️ 账户 中山证券 数据更新失败[0m
[33m2025-10-13 13:02:04 - WARNING - ⚠️ 账户数据更新失败，将继续使用现有数据执行交易[0m
[32m2025-10-13 13:02:51 - INFO - 🔄 开始更新策略持仓数据...[0m
[36m2025-10-13 13:02:52 - DEBUG - 成功获取组合9800的持仓数据，共2条[0m
[32m2025-10-13 13:02:52 - INFO - 策略持仓数据:1
   策略名称  股票名称      代码    最新价    成本价  新比例%    市场  收益率(%)  盈亏比例(%)              时间
0  逻辑为王  常山北明  000158  22.61  22.43    33  沪深A股    2.76     0.76  10-13 13:02:52[0m
[32m2025-10-13 13:02:52 - INFO - 🔄 开始更新账户数据...[0m
[32m2025-10-13 13:02:52 - INFO - 正在更新账户 中山证券 的数据...[0m
[33m2025-10-13 13:03:17 - WARNING - ⚠️ 账户 中山证券 数据更新失败[0m
[33m2025-10-13 13:03:17 - WARNING - ⚠️ 账户数据更新失败，将继续使用现有数据执行交易[0m
[32m2025-10-13 13:03:56 - INFO - 🔄 开始更新策略持仓数据...[0m
[36m2025-10-13 13:03:56 - DEBUG - 成功获取组合9800的持仓数据，共2条[0m
[32m2025-10-13 13:03:56 - INFO - 策略持仓数据:1
   策略名称  股票名称      代码    最新价    成本价  新比例%    市场  收益率(%)  盈亏比例(%)              时间
0  逻辑为王  常山北明  000158  22.59  22.43    33  沪深A股    2.45     0.67  10-13 13:03:56[0m
[32m2025-10-13 13:03:56 - INFO - 🔄 开始更新账户数据...[0m
[32m2025-10-13 13:03:57 - INFO - 正在更新账户 中山证券 的数据...[0m
[33m2025-10-13 13:04:21 - WARNING - ⚠️ 账户 中山证券 数据更新失败[0m
[33m2025-10-13 13:04:21 - WARNING - ⚠️ 账户数据更新失败，将继续使用现有数据执行交易[0m
[32m2025-10-13 13:05:11 - INFO - 🔄 开始更新策略持仓数据...[0m
[36m2025-10-13 13:05:11 - DEBUG - 成功获取组合9800的持仓数据，共2条[0m
[32m2025-10-13 13:05:11 - INFO - 策略持仓数据:1
   策略名称  股票名称      代码    最新价    成本价  新比例%    市场  收益率(%)  盈亏比例(%)              时间
0  逻辑为王  常山北明  000158  22.64  22.43    33  沪深A股    3.22     0.85  10-13 13:05:11[0m
[32m2025-10-13 13:05:11 - INFO - 🔄 开始更新账户数据...[0m
[32m2025-10-13 13:05:12 - INFO - 正在更新账户 中山证券 的数据...[0m
[33m2025-10-13 13:05:36 - WARNING - ⚠️ 账户 中山证券 数据更新失败[0m
[33m2025-10-13 13:05:36 - WARNING - ⚠️ 账户数据更新失败，将继续使用现有数据执行交易[0m
[32m2025-10-13 13:06:21 - INFO - 🔄 开始更新策略持仓数据...[0m
[36m2025-10-13 13:06:21 - DEBUG - 成功获取组合9800的持仓数据，共2条[0m
[32m2025-10-13 13:06:21 - INFO - 策略持仓数据:1
   策略名称  股票名称      代码    最新价    成本价  新比例%    市场  收益率(%)  盈亏比例(%)              时间
0  逻辑为王  常山北明  000158  22.69  22.43    33  沪深A股    3.98     1.11  10-13 13:06:21[0m
[32m2025-10-13 13:06:21 - INFO - 🔄 开始更新账户数据...[0m
[32m2025-10-13 13:06:22 - INFO - 正在更新账户 中山证券 的数据...[0m
[33m2025-10-13 13:06:47 - WARNING - ⚠️ 账户 中山证券 数据更新失败[0m
[33m2025-10-13 13:06:47 - WARNING - ⚠️ 账户数据更新失败，将继续使用现有数据执行交易[0m
[32m2025-10-13 13:07:34 - INFO - 🔄 开始更新策略持仓数据...[0m
[36m2025-10-13 13:07:34 - DEBUG - 成功获取组合9800的持仓数据，共2条[0m
[32m2025-10-13 13:07:34 - INFO - 策略持仓数据:1
   策略名称  股票名称      代码    最新价    成本价  新比例%    市场  收益率(%)  盈亏比例(%)              时间
0  逻辑为王  常山北明  000158  22.71  22.43    33  沪深A股    4.29      1.2  10-13 13:07:34[0m
[32m2025-10-13 13:07:34 - INFO - 🔄 开始更新账户数据...[0m
[32m2025-10-13 13:07:34 - INFO - 正在更新账户 中山证券 的数据...[0m
[33m2025-10-13 13:07:59 - WARNING - ⚠️ 账户 中山证券 数据更新失败[0m
[33m2025-10-13 13:07:59 - WARNING - ⚠️ 账户数据更新失败，将继续使用现有数据执行交易[0m
[32m2025-10-13 13:08:45 - INFO - 🔄 开始更新策略持仓数据...[0m
[36m2025-10-13 13:08:45 - DEBUG - 成功获取组合9800的持仓数据，共2条[0m
[32m2025-10-13 13:08:45 - INFO - 策略持仓数据:1
   策略名称  股票名称      代码   最新价    成本价  新比例%    市场  收益率(%)  盈亏比例(%)              时间
0  逻辑为王  常山北明  000158  22.7  22.43    33  沪深A股    4.14      1.2  10-13 13:08:45[0m
[32m2025-10-13 13:08:45 - INFO - 🔄 开始更新账户数据...[0m
[32m2025-10-13 13:08:46 - INFO - 正在更新账户 中山证券 的数据...[0m
[33m2025-10-13 13:09:11 - WARNING - ⚠️ 账户 中山证券 数据更新失败[0m
[33m2025-10-13 13:09:11 - WARNING - ⚠️ 账户数据更新失败，将继续使用现有数据执行交易[0m
[32m2025-10-13 13:09:44 - INFO - 🔄 开始更新策略持仓数据...[0m
[36m2025-10-13 13:09:44 - DEBUG - 成功获取组合9800的持仓数据，共2条[0m
[32m2025-10-13 13:09:44 - INFO - 策略持仓数据:1
   策略名称  股票名称      代码    最新价    成本价  新比例%    市场  收益率(%)  盈亏比例(%)              时间
0  逻辑为王  常山北明  000158  22.72  22.43    33  沪深A股    4.44     1.29  10-13 13:09:44[0m
[32m2025-10-13 13:09:44 - INFO - 🔄 开始更新账户数据...[0m
[32m2025-10-13 13:09:45 - INFO - 正在更新账户 中山证券 的数据...[0m
[33m2025-10-13 13:10:10 - WARNING - ⚠️ 账户 中山证券 数据更新失败[0m
[33m2025-10-13 13:10:10 - WARNING - ⚠️ 账户数据更新失败，将继续使用现有数据执行交易[0m
[32m2025-10-13 13:10:53 - INFO - 🔄 开始更新策略持仓数据...[0m
[36m2025-10-13 13:10:53 - DEBUG - 成功获取组合9800的持仓数据，共2条[0m
[32m2025-10-13 13:10:53 - INFO - 策略持仓数据:1
   策略名称  股票名称      代码   最新价    成本价  新比例%    市场  收益率(%)  盈亏比例(%)              时间
0  逻辑为王  常山北明  000158  22.7  22.43    33  沪深A股    4.14     1.25  10-13 13:10:53[0m
[32m2025-10-13 13:10:53 - INFO - 🔄 开始更新账户数据...[0m
[32m2025-10-13 13:10:53 - INFO - 正在更新账户 中山证券 的数据...[0m
[33m2025-10-13 13:11:18 - WARNING - ⚠️ 账户 中山证券 数据更新失败[0m
[33m2025-10-13 13:11:18 - WARNING - ⚠️ 账户数据更新失败，将继续使用现有数据执行交易[0m
[32m2025-10-13 13:11:53 - INFO - 🔄 开始更新策略持仓数据...[0m
[36m2025-10-13 13:11:53 - DEBUG - 成功获取组合9800的持仓数据，共2条[0m
[32m2025-10-13 13:11:53 - INFO - 策略持仓数据:1
   策略名称  股票名称      代码    最新价    成本价  新比例%    市场  收益率(%)  盈亏比例(%)              时间
0  逻辑为王  常山北明  000158  22.69  22.43    33  沪深A股    3.98      1.2  10-13 13:11:53[0m
[32m2025-10-13 13:11:53 - INFO - 🔄 开始更新账户数据...[0m
[32m2025-10-13 13:11:54 - INFO - 正在更新账户 中山证券 的数据...[0m
[33m2025-10-13 13:12:19 - WARNING - ⚠️ 账户 中山证券 数据更新失败[0m
[33m2025-10-13 13:12:19 - WARNING - ⚠️ 账户数据更新失败，将继续使用现有数据执行交易[0m
[32m2025-10-13 13:13:05 - INFO - 🔄 开始更新策略持仓数据...[0m
[36m2025-10-13 13:13:05 - DEBUG - 成功获取组合9800的持仓数据，共2条[0m
[32m2025-10-13 13:13:05 - INFO - 策略持仓数据:1
   策略名称  股票名称      代码    最新价    成本价  新比例%    市场  收益率(%)  盈亏比例(%)              时间
0  逻辑为王  常山北明  000158  22.67  22.43    33  沪深A股    3.68     1.11  10-13 13:13:05[0m
[32m2025-10-13 13:13:05 - INFO - 🔄 开始更新账户数据...[0m
[32m2025-10-13 13:13:06 - INFO - 正在更新账户 中山证券 的数据...[0m
[33m2025-10-13 13:13:31 - WARNING - ⚠️ 账户 中山证券 数据更新失败[0m
[33m2025-10-13 13:13:31 - WARNING - ⚠️ 账户数据更新失败，将继续使用现有数据执行交易[0m
[32m2025-10-13 13:14:03 - INFO - 🔄 开始更新策略持仓数据...[0m
[36m2025-10-13 13:14:03 - DEBUG - 成功获取组合9800的持仓数据，共2条[0m
[32m2025-10-13 13:14:03 - INFO - 策略持仓数据:1
   策略名称  股票名称      代码    最新价    成本价  新比例%    市场  收益率(%)  盈亏比例(%)              时间
0  逻辑为王  常山北明  000158  22.68  22.43    33  沪深A股    3.83     1.11  10-13 13:14:03[0m
[32m2025-10-13 13:14:03 - INFO - 🔄 开始更新账户数据...[0m
[32m2025-10-13 13:14:04 - INFO - 正在更新账户 中山证券 的数据...[0m
[33m2025-10-13 13:14:29 - WARNING - ⚠️ 账户 中山证券 数据更新失败[0m
[33m2025-10-13 13:14:29 - WARNING - ⚠️ 账户数据更新失败，将继续使用现有数据执行交易[0m
[32m2025-10-13 13:15:03 - INFO - 🔄 开始更新策略持仓数据...[0m
[36m2025-10-13 13:15:03 - DEBUG - 成功获取组合9800的持仓数据，共2条[0m
[32m2025-10-13 13:15:03 - INFO - 策略持仓数据:1
   策略名称  股票名称      代码   最新价    成本价  新比例%    市场  收益率(%)  盈亏比例(%)              时间
0  逻辑为王  常山北明  000158  22.7  22.43    33  沪深A股    4.14      1.2  10-13 13:15:03[0m
[32m2025-10-13 13:15:03 - INFO - 🔄 开始更新账户数据...[0m
[32m2025-10-13 13:15:04 - INFO - 正在更新账户 中山证券 的数据...[0m
[33m2025-10-13 13:15:28 - WARNING - ⚠️ 账户 中山证券 数据更新失败[0m
[33m2025-10-13 13:15:28 - WARNING - ⚠️ 账户数据更新失败，将继续使用现有数据执行交易[0m
[32m2025-10-13 13:16:00 - INFO - 🔄 开始更新策略持仓数据...[0m
[36m2025-10-13 13:16:00 - DEBUG - 成功获取组合9800的持仓数据，共2条[0m
[32m2025-10-13 13:16:00 - INFO - 策略持仓数据:1
   策略名称  股票名称      代码    最新价    成本价  新比例%    市场  收益率(%)  盈亏比例(%)              时间
0  逻辑为王  常山北明  000158  22.71  22.43    33  沪深A股    4.29     1.25  10-13 13:16:00[0m
[32m2025-10-13 13:16:00 - INFO - 🔄 开始更新账户数据...[0m
[32m2025-10-13 13:16:01 - INFO - 正在更新账户 中山证券 的数据...[0m
[33m2025-10-13 13:16:25 - WARNING - ⚠️ 账户 中山证券 数据更新失败[0m
[33m2025-10-13 13:16:25 - WARNING - ⚠️ 账户数据更新失败，将继续使用现有数据执行交易[0m
[32m2025-10-13 13:17:06 - INFO - 🔄 开始更新策略持仓数据...[0m
[36m2025-10-13 13:17:06 - DEBUG - 成功获取组合9800的持仓数据，共2条[0m
[32m2025-10-13 13:17:06 - INFO - 策略持仓数据:1
   策略名称  股票名称      代码    最新价    成本价  新比例%    市场  收益率(%)  盈亏比例(%)              时间
0  逻辑为王  常山北明  000158  22.71  22.43    33  沪深A股    4.29     1.25  10-13 13:17:06[0m
[32m2025-10-13 13:17:06 - INFO - 🔄 开始更新账户数据...[0m
[32m2025-10-13 13:17:07 - INFO - 正在更新账户 中山证券 的数据...[0m
[33m2025-10-13 13:17:32 - WARNING - ⚠️ 账户 中山证券 数据更新失败[0m
[33m2025-10-13 13:17:32 - WARNING - ⚠️ 账户数据更新失败，将继续使用现有数据执行交易[0m
[32m2025-10-13 13:18:05 - INFO - 🔄 开始更新策略持仓数据...[0m
[36m2025-10-13 13:18:05 - DEBUG - 成功获取组合9800的持仓数据，共2条[0m
[32m2025-10-13 13:18:05 - INFO - 策略持仓数据:1
   策略名称  股票名称      代码    最新价    成本价  新比例%    市场  收益率(%)  盈亏比例(%)              时间
0  逻辑为王  常山北明  000158  22.72  22.43    33  沪深A股    4.44     1.34  10-13 13:18:05[0m
[32m2025-10-13 13:18:05 - INFO - 🔄 开始更新账户数据...[0m
[32m2025-10-13 13:18:06 - INFO - 正在更新账户 中山证券 的数据...[0m
[33m2025-10-13 13:18:30 - WARNING - ⚠️ 账户 中山证券 数据更新失败[0m
[33m2025-10-13 13:18:30 - WARNING - ⚠️ 账户数据更新失败，将继续使用现有数据执行交易[0m
[32m2025-10-13 13:19:03 - INFO - 🔄 开始更新策略持仓数据...[0m
[36m2025-10-13 13:19:05 - DEBUG - 成功获取组合9800的持仓数据，共2条[0m
[32m2025-10-13 13:19:05 - INFO - 策略持仓数据:1
   策略名称  股票名称      代码    最新价    成本价  新比例%    市场  收益率(%)  盈亏比例(%)              时间
0  逻辑为王  常山北明  000158  22.74  22.43    34  沪深A股    4.75     1.43  10-13 13:19:05[0m
[32m2025-10-13 13:19:05 - INFO - 🔄 开始更新账户数据...[0m
[32m2025-10-13 13:19:06 - INFO - 正在更新账户 中山证券 的数据...[0m
[33m2025-10-13 13:19:30 - WARNING - ⚠️ 账户 中山证券 数据更新失败[0m
[33m2025-10-13 13:19:30 - WARNING - ⚠️ 账户数据更新失败，将继续使用现有数据执行交易[0m
[32m2025-10-13 13:20:01 - INFO - 🔄 开始更新策略持仓数据...[0m
[36m2025-10-13 13:20:01 - DEBUG - 成功获取组合9800的持仓数据，共2条[0m
[32m2025-10-13 13:20:01 - INFO - 策略持仓数据:1
   策略名称  股票名称      代码    最新价    成本价  新比例%    市场  收益率(%)  盈亏比例(%)              时间
0  逻辑为王  常山北明  000158  22.73  22.43    33  沪深A股     4.6     1.34  10-13 13:20:01[0m
[32m2025-10-13 13:20:01 - INFO - 🔄 开始更新账户数据...[0m
[32m2025-10-13 13:20:02 - INFO - 正在更新账户 中山证券 的数据...[0m
[33m2025-10-13 13:20:27 - WARNING - ⚠️ 账户 中山证券 数据更新失败[0m
[33m2025-10-13 13:20:27 - WARNING - ⚠️ 账户数据更新失败，将继续使用现有数据执行交易[0m
[32m2025-10-13 13:21:01 - INFO - 🔄 开始更新策略持仓数据...[0m
[36m2025-10-13 13:21:01 - DEBUG - 成功获取组合9800的持仓数据，共2条[0m
[32m2025-10-13 13:21:01 - INFO - 策略持仓数据:1
   策略名称  股票名称      代码    最新价    成本价  新比例%    市场  收益率(%)  盈亏比例(%)              时间
0  逻辑为王  常山北明  000158  22.73  22.43    34  沪深A股     4.6     1.34  10-13 13:21:01[0m
[32m2025-10-13 13:21:01 - INFO - 🔄 开始更新账户数据...[0m
[32m2025-10-13 13:21:01 - INFO - 正在更新账户 中山证券 的数据...[0m
[33m2025-10-13 13:21:26 - WARNING - ⚠️ 账户 中山证券 数据更新失败[0m
[33m2025-10-13 13:21:26 - WARNING - ⚠️ 账户数据更新失败，将继续使用现有数据执行交易[0m
[32m2025-10-13 13:21:57 - INFO - 🔄 开始更新策略持仓数据...[0m
[36m2025-10-13 13:21:57 - DEBUG - 成功获取组合9800的持仓数据，共2条[0m
[32m2025-10-13 13:21:57 - INFO - 策略持仓数据:1
   策略名称  股票名称      代码    最新价    成本价  新比例%    市场  收益率(%)  盈亏比例(%)              时间
0  逻辑为王  常山北明  000158  22.72  22.43    33  沪深A股    4.44     1.29  10-13 13:21:57[0m
[32m2025-10-13 13:21:57 - INFO - 🔄 开始更新账户数据...[0m
[32m2025-10-13 13:21:58 - INFO - 正在更新账户 中山证券 的数据...[0m
[33m2025-10-13 13:22:22 - WARNING - ⚠️ 账户 中山证券 数据更新失败[0m
[33m2025-10-13 13:22:22 - WARNING - ⚠️ 账户数据更新失败，将继续使用现有数据执行交易[0m
[32m2025-10-13 13:22:53 - INFO - 🔄 开始更新策略持仓数据...[0m
[36m2025-10-13 13:22:53 - DEBUG - 成功获取组合9800的持仓数据，共2条[0m
[32m2025-10-13 13:22:53 - INFO - 策略持仓数据:1
   策略名称  股票名称      代码    最新价    成本价  新比例%    市场  收益率(%)  盈亏比例(%)              时间
0  逻辑为王  常山北明  000158  22.73  22.43    34  沪深A股     4.6     1.34  10-13 13:22:53[0m
[32m2025-10-13 13:22:53 - INFO - 🔄 开始更新账户数据...[0m
[32m2025-10-13 13:22:54 - INFO - 正在更新账户 中山证券 的数据...[0m
[33m2025-10-13 13:23:18 - WARNING - ⚠️ 账户 中山证券 数据更新失败[0m
[33m2025-10-13 13:23:18 - WARNING - ⚠️ 账户数据更新失败，将继续使用现有数据执行交易[0m
[32m2025-10-13 13:23:50 - INFO - 🔄 开始更新策略持仓数据...[0m
[36m2025-10-13 13:23:50 - DEBUG - 成功获取组合9800的持仓数据，共2条[0m
[32m2025-10-13 13:23:50 - INFO - 策略持仓数据:1
   策略名称  股票名称      代码    最新价    成本价  新比例%    市场  收益率(%)  盈亏比例(%)              时间
0  逻辑为王  常山北明  000158  22.72  22.43    33  沪深A股    4.44     1.29  10-13 13:23:50[0m
[32m2025-10-13 13:23:50 - INFO - 🔄 开始更新账户数据...[0m
[32m2025-10-13 13:23:51 - INFO - 正在更新账户 中山证券 的数据...[0m
[33m2025-10-13 13:24:15 - WARNING - ⚠️ 账户 中山证券 数据更新失败[0m
[33m2025-10-13 13:24:15 - WARNING - ⚠️ 账户数据更新失败，将继续使用现有数据执行交易[0m
[32m2025-10-13 13:24:57 - INFO - 🔄 开始更新策略持仓数据...[0m
[36m2025-10-13 13:24:57 - DEBUG - 成功获取组合9800的持仓数据，共2条[0m
[32m2025-10-13 13:24:57 - INFO - 策略持仓数据:1
   策略名称  股票名称      代码    最新价    成本价  新比例%    市场  收益率(%)  盈亏比例(%)              时间
0  逻辑为王  常山北明  000158  22.73  22.43    33  沪深A股     4.6     1.34  10-13 13:24:57[0m
[32m2025-10-13 13:24:57 - INFO - 🔄 开始更新账户数据...[0m
[32m2025-10-13 13:24:57 - INFO - 正在更新账户 中山证券 的数据...[0m
[33m2025-10-13 13:25:22 - WARNING - ⚠️ 账户 中山证券 数据更新失败[0m
[33m2025-10-13 13:25:22 - WARNING - ⚠️ 账户数据更新失败，将继续使用现有数据执行交易[0m
[32m2025-10-13 13:26:11 - INFO - 🔄 开始更新策略持仓数据...[0m
[36m2025-10-13 13:26:11 - DEBUG - 成功获取组合9800的持仓数据，共2条[0m
[32m2025-10-13 13:26:11 - INFO - 策略持仓数据:1
   策略名称  股票名称      代码    最新价    成本价  新比例%    市场  收益率(%)  盈亏比例(%)              时间
0  逻辑为王  常山北明  000158  22.74  22.43    34  沪深A股    4.75     1.38  10-13 13:26:11[0m
[32m2025-10-13 13:26:11 - INFO - 🔄 开始更新账户数据...[0m
[32m2025-10-13 13:26:11 - INFO - 正在更新账户 中山证券 的数据...[0m
[33m2025-10-13 13:26:36 - WARNING - ⚠️ 账户 中山证券 数据更新失败[0m
[33m2025-10-13 13:26:36 - WARNING - ⚠️ 账户数据更新失败，将继续使用现有数据执行交易[0m
[32m2025-10-13 13:27:19 - INFO - 🔄 开始更新策略持仓数据...[0m
[36m2025-10-13 13:27:19 - DEBUG - 成功获取组合9800的持仓数据，共2条[0m
[32m2025-10-13 13:27:19 - INFO - 策略持仓数据:1
   策略名称  股票名称      代码    最新价    成本价  新比例%    市场  收益率(%)  盈亏比例(%)              时间
0  逻辑为王  常山北明  000158  22.75  22.43    33  沪深A股     4.9     1.38  10-13 13:27:19[0m
[32m2025-10-13 13:27:19 - INFO - 🔄 开始更新账户数据...[0m
[32m2025-10-13 13:27:20 - INFO - 正在更新账户 中山证券 的数据...[0m
[33m2025-10-13 13:27:44 - WARNING - ⚠️ 账户 中山证券 数据更新失败[0m
[33m2025-10-13 13:27:44 - WARNING - ⚠️ 账户数据更新失败，将继续使用现有数据执行交易[0m
[32m2025-10-13 13:28:28 - INFO - 🔄 开始更新策略持仓数据...[0m
[36m2025-10-13 13:28:28 - DEBUG - 成功获取组合9800的持仓数据，共2条[0m
[32m2025-10-13 13:28:28 - INFO - 策略持仓数据:1
   策略名称  股票名称      代码    最新价    成本价  新比例%    市场  收益率(%)  盈亏比例(%)              时间
0  逻辑为王  常山北明  000158  22.74  22.43    33  沪深A股    4.75     1.38  10-13 13:28:28[0m
[32m2025-10-13 13:28:28 - INFO - 🔄 开始更新账户数据...[0m
[32m2025-10-13 13:28:29 - INFO - 正在更新账户 中山证券 的数据...[0m
[33m2025-10-13 13:28:54 - WARNING - ⚠️ 账户 中山证券 数据更新失败[0m
[33m2025-10-13 13:28:54 - WARNING - ⚠️ 账户数据更新失败，将继续使用现有数据执行交易[0m
[32m2025-10-13 13:29:27 - INFO - 🔄 开始更新策略持仓数据...[0m
[36m2025-10-13 13:29:27 - DEBUG - 成功获取组合9800的持仓数据，共2条[0m
[32m2025-10-13 13:29:27 - INFO - 策略持仓数据:1
   策略名称  股票名称      代码    最新价    成本价  新比例%    市场  收益率(%)  盈亏比例(%)              时间
0  逻辑为王  常山北明  000158  22.73  22.43    33  沪深A股     4.6     1.38  10-13 13:29:27[0m
[32m2025-10-13 13:29:27 - INFO - 🔄 开始更新账户数据...[0m
[32m2025-10-13 13:29:27 - INFO - 正在更新账户 中山证券 的数据...[0m
[33m2025-10-13 13:29:52 - WARNING - ⚠️ 账户 中山证券 数据更新失败[0m
[33m2025-10-13 13:29:52 - WARNING - ⚠️ 账户数据更新失败，将继续使用现有数据执行交易[0m
[32m2025-10-13 13:30:38 - INFO - 🔄 开始更新策略持仓数据...[0m
[36m2025-10-13 13:30:38 - DEBUG - 成功获取组合9800的持仓数据，共2条[0m
[32m2025-10-13 13:30:38 - INFO - 策略持仓数据:1
   策略名称  股票名称      代码    最新价    成本价  新比例%    市场  收益率(%)  盈亏比例(%)              时间
0  逻辑为王  常山北明  000158  22.74  22.43    33  沪深A股    4.75     1.38  10-13 13:30:38[0m
[32m2025-10-13 13:30:38 - INFO - 🔄 开始更新账户数据...[0m
[32m2025-10-13 13:30:39 - INFO - 正在更新账户 中山证券 的数据...[0m
[33m2025-10-13 13:31:03 - WARNING - ⚠️ 账户 中山证券 数据更新失败[0m
[33m2025-10-13 13:31:03 - WARNING - ⚠️ 账户数据更新失败，将继续使用现有数据执行交易[0m
[32m2025-10-13 13:31:47 - INFO - 🔄 开始更新策略持仓数据...[0m
[36m2025-10-13 13:31:47 - DEBUG - 成功获取组合9800的持仓数据，共2条[0m
[32m2025-10-13 13:31:47 - INFO - 策略持仓数据:1
   策略名称  股票名称      代码    最新价    成本价  新比例%    市场  收益率(%)  盈亏比例(%)              时间
0  逻辑为王  常山北明  000158  22.73  22.43    33  沪深A股     4.6     1.38  10-13 13:31:47[0m
[32m2025-10-13 13:31:47 - INFO - 🔄 开始更新账户数据...[0m
[32m2025-10-13 13:31:48 - INFO - 正在更新账户 中山证券 的数据...[0m
[33m2025-10-13 13:32:12 - WARNING - ⚠️ 账户 中山证券 数据更新失败[0m
[33m2025-10-13 13:32:12 - WARNING - ⚠️ 账户数据更新失败，将继续使用现有数据执行交易[0m
[32m2025-10-13 13:33:02 - INFO - 🔄 开始更新策略持仓数据...[0m
[36m2025-10-13 13:33:02 - DEBUG - 成功获取组合9800的持仓数据，共2条[0m
[32m2025-10-13 13:33:02 - INFO - 策略持仓数据:1
   策略名称  股票名称      代码    最新价    成本价  新比例%    市场  收益率(%)  盈亏比例(%)              时间
0  逻辑为王  常山北明  000158  22.74  22.43    33  沪深A股    4.75     1.34  10-13 13:33:02[0m
[32m2025-10-13 13:33:02 - INFO - 🔄 开始更新账户数据...[0m
[32m2025-10-13 13:33:03 - INFO - 正在更新账户 中山证券 的数据...[0m
[33m2025-10-13 13:33:27 - WARNING - ⚠️ 账户 中山证券 数据更新失败[0m
[33m2025-10-13 13:33:27 - WARNING - ⚠️ 账户数据更新失败，将继续使用现有数据执行交易[0m
[32m2025-10-13 13:34:08 - INFO - 🔄 开始更新策略持仓数据...[0m
[36m2025-10-13 13:34:08 - DEBUG - 成功获取组合9800的持仓数据，共2条[0m
[32m2025-10-13 13:34:08 - INFO - 策略持仓数据:1
   策略名称  股票名称      代码    最新价    成本价  新比例%    市场  收益率(%)  盈亏比例(%)              时间
0  逻辑为王  常山北明  000158  22.73  22.43    33  沪深A股     4.6     1.38  10-13 13:34:08[0m
[32m2025-10-13 13:34:08 - INFO - 🔄 开始更新账户数据...[0m
[32m2025-10-13 13:34:09 - INFO - 正在更新账户 中山证券 的数据...[0m
[33m2025-10-13 13:34:34 - WARNING - ⚠️ 账户 中山证券 数据更新失败[0m
[33m2025-10-13 13:34:34 - WARNING - ⚠️ 账户数据更新失败，将继续使用现有数据执行交易[0m
[32m2025-10-13 13:35:05 - INFO - 🔄 开始更新策略持仓数据...[0m
[36m2025-10-13 13:35:05 - DEBUG - 成功获取组合9800的持仓数据，共2条[0m
[32m2025-10-13 13:35:05 - INFO - 策略持仓数据:1
   策略名称  股票名称      代码    最新价    成本价  新比例%    市场  收益率(%)  盈亏比例(%)              时间
0  逻辑为王  常山北明  000158  22.75  22.43    34  沪深A股     4.9     1.43  10-13 13:35:05[0m
[32m2025-10-13 13:35:05 - INFO - 🔄 开始更新账户数据...[0m
[32m2025-10-13 13:35:05 - INFO - 正在更新账户 中山证券 的数据...[0m
[33m2025-10-13 13:35:30 - WARNING - ⚠️ 账户 中山证券 数据更新失败[0m
[33m2025-10-13 13:35:30 - WARNING - ⚠️ 账户数据更新失败，将继续使用现有数据执行交易[0m
[32m2025-10-13 13:36:07 - INFO - 🔄 开始更新策略持仓数据...[0m
[36m2025-10-13 13:36:07 - DEBUG - 成功获取组合9800的持仓数据，共2条[0m
[32m2025-10-13 13:36:07 - INFO - 策略持仓数据:1
   策略名称  股票名称      代码    最新价    成本价  新比例%    市场  收益率(%)  盈亏比例(%)              时间
0  逻辑为王  常山北明  000158  22.73  22.43    33  沪深A股     4.6     1.34  10-13 13:36:07[0m
[32m2025-10-13 13:36:07 - INFO - 🔄 开始更新账户数据...[0m
[32m2025-10-13 13:36:08 - INFO - 正在更新账户 中山证券 的数据...[0m
[33m2025-10-13 13:36:32 - WARNING - ⚠️ 账户 中山证券 数据更新失败[0m
[33m2025-10-13 13:36:32 - WARNING - ⚠️ 账户数据更新失败，将继续使用现有数据执行交易[0m
[32m2025-10-13 13:37:22 - INFO - 🔄 开始更新策略持仓数据...[0m
[36m2025-10-13 13:37:23 - DEBUG - 成功获取组合9800的持仓数据，共2条[0m
[32m2025-10-13 13:37:23 - INFO - 策略持仓数据:1
   策略名称  股票名称      代码    最新价    成本价  新比例%    市场  收益率(%)  盈亏比例(%)              时间
0  逻辑为王  常山北明  000158  22.72  22.43    33  沪深A股    4.44     1.29  10-13 13:37:23[0m
[32m2025-10-13 13:37:23 - INFO - 🔄 开始更新账户数据...[0m
[32m2025-10-13 13:37:23 - INFO - 正在更新账户 中山证券 的数据...[0m
[33m2025-10-13 13:37:48 - WARNING - ⚠️ 账户 中山证券 数据更新失败[0m
[33m2025-10-13 13:37:48 - WARNING - ⚠️ 账户数据更新失败，将继续使用现有数据执行交易[0m
[32m2025-10-13 13:38:28 - INFO - 🔄 开始更新策略持仓数据...[0m
[36m2025-10-13 13:38:28 - DEBUG - 成功获取组合9800的持仓数据，共2条[0m
[32m2025-10-13 13:38:28 - INFO - 策略持仓数据:1
   策略名称  股票名称      代码    最新价    成本价  新比例%    市场  收益率(%)  盈亏比例(%)              时间
0  逻辑为王  常山北明  000158  22.73  22.43    33  沪深A股     4.6     1.29  10-13 13:38:28[0m
[32m2025-10-13 13:38:28 - INFO - 🔄 开始更新账户数据...[0m
[32m2025-10-13 13:38:29 - INFO - 正在更新账户 中山证券 的数据...[0m
[33m2025-10-13 13:38:54 - WARNING - ⚠️ 账户 中山证券 数据更新失败[0m
[33m2025-10-13 13:38:54 - WARNING - ⚠️ 账户数据更新失败，将继续使用现有数据执行交易[0m
[32m2025-10-13 13:39:26 - INFO - 🔄 开始更新策略持仓数据...[0m
[36m2025-10-13 13:39:26 - DEBUG - 成功获取组合9800的持仓数据，共2条[0m
[32m2025-10-13 13:39:26 - INFO - 策略持仓数据:1
   策略名称  股票名称      代码    最新价    成本价  新比例%    市场  收益率(%)  盈亏比例(%)              时间
0  逻辑为王  常山北明  000158  22.74  22.43    33  沪深A股    4.75     1.34  10-13 13:39:26[0m
[32m2025-10-13 13:39:26 - INFO - 🔄 开始更新账户数据...[0m
[32m2025-10-13 13:39:27 - INFO - 正在更新账户 中山证券 的数据...[0m
[33m2025-10-13 13:39:52 - WARNING - ⚠️ 账户 中山证券 数据更新失败[0m
[33m2025-10-13 13:39:52 - WARNING - ⚠️ 账户数据更新失败，将继续使用现有数据执行交易[0m
[32m2025-10-13 13:40:33 - INFO - 🔄 开始更新策略持仓数据...[0m
[36m2025-10-13 13:40:33 - DEBUG - 成功获取组合9800的持仓数据，共2条[0m
[32m2025-10-13 13:40:33 - INFO - 策略持仓数据:1
   策略名称  股票名称      代码    最新价    成本价  新比例%    市场  收益率(%)  盈亏比例(%)              时间
0  逻辑为王  常山北明  000158  22.75  22.43    33  沪深A股     4.9     1.43  10-13 13:40:33[0m
[32m2025-10-13 13:40:33 - INFO - 🔄 开始更新账户数据...[0m
[32m2025-10-13 13:40:33 - INFO - 正在更新账户 中山证券 的数据...[0m
[33m2025-10-13 13:40:58 - WARNING - ⚠️ 账户 中山证券 数据更新失败[0m
[33m2025-10-13 13:40:58 - WARNING - ⚠️ 账户数据更新失败，将继续使用现有数据执行交易[0m
[32m2025-10-13 13:41:37 - INFO - 🔄 开始更新策略持仓数据...[0m
[36m2025-10-13 13:41:37 - DEBUG - 成功获取组合9800的持仓数据，共2条[0m
[32m2025-10-13 13:41:37 - INFO - 策略持仓数据:1
   策略名称  股票名称      代码    最新价    成本价  新比例%    市场  收益率(%)  盈亏比例(%)              时间
0  逻辑为王  常山北明  000158  22.76  22.43    33  沪深A股    5.05     1.47  10-13 13:41:37[0m
[32m2025-10-13 13:41:37 - INFO - 🔄 开始更新账户数据...[0m
[32m2025-10-13 13:41:38 - INFO - 正在更新账户 中山证券 的数据...[0m
[33m2025-10-13 13:42:02 - WARNING - ⚠️ 账户 中山证券 数据更新失败[0m
[33m2025-10-13 13:42:02 - WARNING - ⚠️ 账户数据更新失败，将继续使用现有数据执行交易[0m
[32m2025-10-13 13:42:33 - INFO - 🔄 开始更新策略持仓数据...[0m
[36m2025-10-13 13:42:33 - DEBUG - 成功获取组合9800的持仓数据，共2条[0m
[32m2025-10-13 13:42:33 - INFO - 策略持仓数据:1
   策略名称  股票名称      代码    最新价    成本价  新比例%    市场  收益率(%)  盈亏比例(%)              时间
0  逻辑为王  常山北明  000158  22.78  22.43    34  沪深A股    5.36     1.52  10-13 13:42:33[0m
[32m2025-10-13 13:42:33 - INFO - 🔄 开始更新账户数据...[0m
[32m2025-10-13 13:42:34 - INFO - 正在更新账户 中山证券 的数据...[0m
[33m2025-10-13 13:42:59 - WARNING - ⚠️ 账户 中山证券 数据更新失败[0m
[33m2025-10-13 13:42:59 - WARNING - ⚠️ 账户数据更新失败，将继续使用现有数据执行交易[0m
[32m2025-10-13 13:43:43 - INFO - 🔄 开始更新策略持仓数据...[0m
[36m2025-10-13 13:43:43 - DEBUG - 成功获取组合9800的持仓数据，共2条[0m
[32m2025-10-13 13:43:43 - INFO - 策略持仓数据:1
   策略名称  股票名称      代码    最新价    成本价  新比例%    市场  收益率(%)  盈亏比例(%)              时间
0  逻辑为王  常山北明  000158  22.78  22.43    33  沪深A股    5.36     1.56  10-13 13:43:43[0m
[32m2025-10-13 13:43:43 - INFO - 🔄 开始更新账户数据...[0m
[32m2025-10-13 13:43:44 - INFO - 正在更新账户 中山证券 的数据...[0m
[33m2025-10-13 13:44:09 - WARNING - ⚠️ 账户 中山证券 数据更新失败[0m
[33m2025-10-13 13:44:09 - WARNING - ⚠️ 账户数据更新失败，将继续使用现有数据执行交易[0m
[32m2025-10-13 13:44:43 - INFO - 🔄 开始更新策略持仓数据...[0m
[36m2025-10-13 13:44:43 - DEBUG - 成功获取组合9800的持仓数据，共2条[0m
[32m2025-10-13 13:44:43 - INFO - 策略持仓数据:1
   策略名称  股票名称      代码    最新价    成本价  新比例%    市场  收益率(%)  盈亏比例(%)              时间
0  逻辑为王  常山北明  000158  22.79  22.43    33  沪深A股    5.51     1.56  10-13 13:44:43[0m
[32m2025-10-13 13:44:43 - INFO - 🔄 开始更新账户数据...[0m
[32m2025-10-13 13:44:44 - INFO - 正在更新账户 中山证券 的数据...[0m
[33m2025-10-13 13:45:08 - WARNING - ⚠️ 账户 中山证券 数据更新失败[0m
[33m2025-10-13 13:45:08 - WARNING - ⚠️ 账户数据更新失败，将继续使用现有数据执行交易[0m
[32m2025-10-13 13:45:52 - INFO - 🔄 开始更新策略持仓数据...[0m
[36m2025-10-13 13:45:52 - DEBUG - 成功获取组合9800的持仓数据，共2条[0m
[32m2025-10-13 13:45:52 - INFO - 策略持仓数据:1
   策略名称  股票名称      代码    最新价    成本价  新比例%    市场  收益率(%)  盈亏比例(%)              时间
0  逻辑为王  常山北明  000158  22.77  22.43    33  沪深A股    5.21     1.56  10-13 13:45:52[0m
[32m2025-10-13 13:45:52 - INFO - 🔄 开始更新账户数据...[0m
[32m2025-10-13 13:45:53 - INFO - 正在更新账户 中山证券 的数据...[0m
[33m2025-10-13 13:46:18 - WARNING - ⚠️ 账户 中山证券 数据更新失败[0m
[33m2025-10-13 13:46:18 - WARNING - ⚠️ 账户数据更新失败，将继续使用现有数据执行交易[0m
[32m2025-10-13 13:47:04 - INFO - 🔄 开始更新策略持仓数据...[0m
[36m2025-10-13 13:47:04 - DEBUG - 成功获取组合9800的持仓数据，共2条[0m
[32m2025-10-13 13:47:04 - INFO - 策略持仓数据:1
   策略名称  股票名称      代码    最新价    成本价  新比例%    市场  收益率(%)  盈亏比例(%)              时间
0  逻辑为王  常山北明  000158  22.76  22.43    33  沪深A股    5.05     1.52  10-13 13:47:04[0m
[32m2025-10-13 13:47:04 - INFO - 🔄 开始更新账户数据...[0m
[32m2025-10-13 13:47:05 - INFO - 正在更新账户 中山证券 的数据...[0m
[33m2025-10-13 13:47:29 - WARNING - ⚠️ 账户 中山证券 数据更新失败[0m
[33m2025-10-13 13:47:29 - WARNING - ⚠️ 账户数据更新失败，将继续使用现有数据执行交易[0m
[32m2025-10-13 13:48:02 - INFO - 🔄 开始更新策略持仓数据...[0m
[36m2025-10-13 13:48:02 - DEBUG - 成功获取组合9800的持仓数据，共2条[0m
[32m2025-10-13 13:48:02 - INFO - 策略持仓数据:1
   策略名称  股票名称      代码    最新价    成本价  新比例%    市场  收益率(%)  盈亏比例(%)              时间
0  逻辑为王  常山北明  000158  22.76  22.43    33  沪深A股    5.05     1.43  10-13 13:48:02[0m
[32m2025-10-13 13:48:02 - INFO - 🔄 开始更新账户数据...[0m
[32m2025-10-13 13:48:03 - INFO - 正在更新账户 中山证券 的数据...[0m
[33m2025-10-13 13:48:27 - WARNING - ⚠️ 账户 中山证券 数据更新失败[0m
[33m2025-10-13 13:48:27 - WARNING - ⚠️ 账户数据更新失败，将继续使用现有数据执行交易[0m
[32m2025-10-13 13:49:17 - INFO - 🔄 开始更新策略持仓数据...[0m
[36m2025-10-13 13:49:17 - DEBUG - 成功获取组合9800的持仓数据，共2条[0m
[32m2025-10-13 13:49:17 - INFO - 策略持仓数据:1
   策略名称  股票名称      代码    最新价    成本价  新比例%    市场  收益率(%)  盈亏比例(%)              时间
0  逻辑为王  常山北明  000158  22.74  22.43    33  沪深A股    4.75     1.43  10-13 13:49:17[0m
[32m2025-10-13 13:49:17 - INFO - 🔄 开始更新账户数据...[0m
[32m2025-10-13 13:49:18 - INFO - 正在更新账户 中山证券 的数据...[0m
[33m2025-10-13 13:49:43 - WARNING - ⚠️ 账户 中山证券 数据更新失败[0m
[33m2025-10-13 13:49:43 - WARNING - ⚠️ 账户数据更新失败，将继续使用现有数据执行交易[0m
[32m2025-10-13 13:50:14 - INFO - 🔄 开始更新策略持仓数据...[0m
[36m2025-10-13 13:50:14 - DEBUG - 成功获取组合9800的持仓数据，共2条[0m
[32m2025-10-13 13:50:14 - INFO - 策略持仓数据:1
   策略名称  股票名称      代码    最新价    成本价  新比例%    市场  收益率(%)  盈亏比例(%)              时间
0  逻辑为王  常山北明  000158  22.74  22.43    33  沪深A股    4.75     1.38  10-13 13:50:14[0m
[32m2025-10-13 13:50:14 - INFO - 🔄 开始更新账户数据...[0m
[32m2025-10-13 13:50:15 - INFO - 正在更新账户 中山证券 的数据...[0m
[33m2025-10-13 13:50:39 - WARNING - ⚠️ 账户 中山证券 数据更新失败[0m
[33m2025-10-13 13:50:39 - WARNING - ⚠️ 账户数据更新失败，将继续使用现有数据执行交易[0m
[32m2025-10-13 13:51:19 - INFO - 🔄 开始更新策略持仓数据...[0m
[36m2025-10-13 13:51:19 - DEBUG - 成功获取组合9800的持仓数据，共2条[0m
[32m2025-10-13 13:51:19 - INFO - 策略持仓数据:1
   策略名称  股票名称      代码    最新价    成本价  新比例%    市场  收益率(%)  盈亏比例(%)              时间
0  逻辑为王  常山北明  000158  22.75  22.43    33  沪深A股     4.9     1.38  10-13 13:51:19[0m
[32m2025-10-13 13:51:19 - INFO - 🔄 开始更新账户数据...[0m
[32m2025-10-13 13:51:19 - INFO - 正在更新账户 中山证券 的数据...[0m
[33m2025-10-13 13:51:44 - WARNING - ⚠️ 账户 中山证券 数据更新失败[0m
[33m2025-10-13 13:51:44 - WARNING - ⚠️ 账户数据更新失败，将继续使用现有数据执行交易[0m
[32m2025-10-13 13:52:20 - INFO - 🔄 开始更新策略持仓数据...[0m
[36m2025-10-13 13:52:20 - DEBUG - 成功获取组合9800的持仓数据，共2条[0m
[32m2025-10-13 13:52:20 - INFO - 策略持仓数据:1
   策略名称  股票名称      代码    最新价    成本价  新比例%    市场  收益率(%)  盈亏比例(%)              时间
0  逻辑为王  常山北明  000158  22.74  22.43    33  沪深A股    4.75     1.43  10-13 13:52:20[0m
[32m2025-10-13 13:52:20 - INFO - 🔄 开始更新账户数据...[0m
[32m2025-10-13 13:52:21 - INFO - 正在更新账户 中山证券 的数据...[0m
[33m2025-10-13 13:52:46 - WARNING - ⚠️ 账户 中山证券 数据更新失败[0m
[33m2025-10-13 13:52:46 - WARNING - ⚠️ 账户数据更新失败，将继续使用现有数据执行交易[0m
[32m2025-10-13 13:53:25 - INFO - 🔄 开始更新策略持仓数据...[0m
[36m2025-10-13 13:53:25 - DEBUG - 成功获取组合9800的持仓数据，共2条[0m
[32m2025-10-13 13:53:25 - INFO - 策略持仓数据:1
   策略名称  股票名称      代码    最新价    成本价  新比例%    市场  收益率(%)  盈亏比例(%)              时间
0  逻辑为王  常山北明  000158  22.75  22.43    33  沪深A股     4.9     1.43  10-13 13:53:25[0m
[32m2025-10-13 13:53:25 - INFO - 🔄 开始更新账户数据...[0m
[32m2025-10-13 13:53:25 - INFO - 正在更新账户 中山证券 的数据...[0m
[33m2025-10-13 13:53:50 - WARNING - ⚠️ 账户 中山证券 数据更新失败[0m
[33m2025-10-13 13:53:50 - WARNING - ⚠️ 账户数据更新失败，将继续使用现有数据执行交易[0m
[32m2025-10-13 13:54:36 - INFO - 🔄 开始更新策略持仓数据...[0m
[36m2025-10-13 13:54:36 - DEBUG - 成功获取组合9800的持仓数据，共3条[0m
[32m2025-10-13 13:54:36 - INFO - 策略持仓数据:2
   策略名称  股票名称      代码    最新价    成本价  新比例%    市场  收益率(%)  盈亏比例(%)              时间
0  逻辑为王  东方精工  002611  17.96  17.84    32  沪深A股    2.25     0.73  10-13 13:54:36
1  逻辑为王  常山北明  000158  22.75  22.43    33  沪深A股    4.90     1.43  10-13 13:54:36[0m
[32m2025-10-13 13:54:36 - INFO - 🔄 开始更新账户数据...[0m
[32m2025-10-13 13:54:36 - INFO - 正在更新账户 中山证券 的数据...[0m
[33m2025-10-13 13:55:01 - WARNING - ⚠️ 账户 中山证券 数据更新失败[0m
[33m2025-10-13 13:55:01 - WARNING - ⚠️ 账户数据更新失败，将继续使用现有数据执行交易[0m
[32m2025-10-13 13:55:42 - INFO - 🔄 开始更新策略持仓数据...[0m
[36m2025-10-13 13:55:42 - DEBUG - 成功获取组合9800的持仓数据，共3条[0m
[32m2025-10-13 13:55:42 - INFO - 策略持仓数据:2
   策略名称  股票名称      代码    最新价    成本价  新比例%    市场  收益率(%)  盈亏比例(%)              时间
0  逻辑为王  东方精工  002611  17.91  17.84    32  沪深A股    1.31     0.45  10-13 13:55:42
1  逻辑为王  常山北明  000158  22.75  22.43    33  沪深A股    4.90     1.43  10-13 13:55:42[0m
[32m2025-10-13 13:55:42 - INFO - 🔄 开始更新账户数据...[0m
[32m2025-10-13 13:55:43 - INFO - 正在更新账户 中山证券 的数据...[0m
[33m2025-10-13 13:56:07 - WARNING - ⚠️ 账户 中山证券 数据更新失败[0m
[33m2025-10-13 13:56:07 - WARNING - ⚠️ 账户数据更新失败，将继续使用现有数据执行交易[0m
[32m2025-10-13 13:56:46 - INFO - 🔄 开始更新策略持仓数据...[0m
[36m2025-10-13 13:56:46 - DEBUG - 成功获取组合9800的持仓数据，共3条[0m
[32m2025-10-13 13:56:46 - INFO - 策略持仓数据:2
   策略名称  股票名称      代码    最新价    成本价  新比例%    市场  收益率(%)  盈亏比例(%)              时间
0  逻辑为王  东方精工  002611  17.89  17.84    32  沪深A股    0.94     0.28  10-13 13:56:46
1  逻辑为王  常山北明  000158  22.74  22.43    33  沪深A股    4.75     1.38  10-13 13:56:46[0m
[32m2025-10-13 13:56:46 - INFO - 🔄 开始更新账户数据...[0m
[32m2025-10-13 13:56:47 - INFO - 正在更新账户 中山证券 的数据...[0m
[33m2025-10-13 13:57:12 - WARNING - ⚠️ 账户 中山证券 数据更新失败[0m
[33m2025-10-13 13:57:12 - WARNING - ⚠️ 账户数据更新失败，将继续使用现有数据执行交易[0m
[32m2025-10-13 13:57:53 - INFO - 🔄 开始更新策略持仓数据...[0m
[36m2025-10-13 13:57:53 - DEBUG - 成功获取组合9800的持仓数据，共3条[0m
[32m2025-10-13 13:57:53 - INFO - 策略持仓数据:2
   策略名称  股票名称      代码    最新价    成本价  新比例%    市场  收益率(%)  盈亏比例(%)              时间
0  逻辑为王  东方精工  002611  17.90  17.84    32  沪深A股    1.13     0.50  10-13 13:57:53
1  逻辑为王  常山北明  000158  22.74  22.43    33  沪深A股    4.75     1.38  10-13 13:57:53[0m
[32m2025-10-13 13:57:53 - INFO - 🔄 开始更新账户数据...[0m
[32m2025-10-13 13:57:54 - INFO - 正在更新账户 中山证券 的数据...[0m
[33m2025-10-13 13:57:56 - WARNING - ⚠️ 账户 中山证券 数据更新失败[0m
[33m2025-10-13 13:57:56 - WARNING - ⚠️ 账户数据更新失败，将继续使用现有数据执行交易[0m
[32m2025-10-13 13:58:46 - INFO - 🔄 开始更新策略持仓数据...[0m
[36m2025-10-13 13:58:46 - DEBUG - 成功获取组合9800的持仓数据，共3条[0m
[32m2025-10-13 13:58:46 - INFO - 策略持仓数据:2
   策略名称  股票名称      代码    最新价    成本价  新比例%    市场  收益率(%)  盈亏比例(%)              时间
0  逻辑为王  东方精工  002611  17.95  17.84    32  沪深A股    2.06     0.45  10-13 13:58:46
1  逻辑为王  常山北明  000158  22.74  22.43    33  沪深A股    4.75     1.38  10-13 13:58:46[0m
[32m2025-10-13 13:58:46 - INFO - 🔄 开始更新账户数据...[0m
[32m2025-10-13 13:58:46 - INFO - 正在更新账户 中山证券 的数据...[0m
[32m2025-10-13 14:01:51 - INFO - ✅ 所需账户数据更新完成[0m
[32m2025-10-13 14:01:51 - INFO - ✅ 成功获取策略 逻辑为王 的持仓数据，共 2 条记录[0m
[32m2025-10-13 14:01:51 - INFO - ⚠️ 发现需卖出的标的: 1 条[0m
[32m2025-10-13 14:01:51 - INFO - ⚠️ 发现需买入的标的: 1 条[0m
[32m2025-10-13 14:01:51 - INFO - 📊 最终差异报告 - 需要卖出: 1 条, 需要买入: 1 条[0m
[32m2025-10-13 14:01:51 - INFO - ⚠️ 卖出 东材科技 的新比例无效(nan)，设置为0表示全部卖出[0m
[32m2025-10-13 14:01:51 - INFO - 开始计算交易股数(优化版): 股票=东材科技, 操作=卖出, 新比例=0%[0m
[32m2025-10-13 14:01:51 - INFO - 卖出 东材科技，股数: 800[0m
[32m2025-10-13 14:01:51 - INFO - 🛠️ 卖出 东材科技，目标比例:0，交易数量:800[0m
[32m2025-10-13 14:01:51 - INFO - 🛠️ 开始处理: 卖出 东材科技 目标比例:0 策略:逻辑为王 账户:中山证券[0m
[31m2025-10-13 14:02:16 - ERROR - 处理证券与策略 逻辑为王 持仓差异并执行交易时发生错误: {'code': -32002, 'data': "Selector [resourceId='com.hexin.plat.android:id/title_bar_img']", 'method': 'wait'}[0m
[32m2025-10-13 14:02:47 - INFO - 🔄 开始更新策略持仓数据...[0m
[36m2025-10-13 14:02:47 - DEBUG - 成功获取组合9800的持仓数据，共3条[0m
[32m2025-10-13 14:02:47 - INFO - 策略持仓数据:2
   策略名称  股票名称      代码    最新价    成本价  新比例%    市场  收益率(%)  盈亏比例(%)              时间
0  逻辑为王  东方精工  002611  18.19  17.84    32  沪深A股    6.55     2.02  10-13 14:02:47
1  逻辑为王  常山北明  000158  22.78  22.43    33  沪深A股    5.36     1.56  10-13 14:02:47[0m
[32m2025-10-13 14:02:47 - INFO - 🔄 开始更新账户数据...[0m
[32m2025-10-13 14:02:48 - INFO - 正在更新账户 中山证券 的数据...[0m
[33m2025-10-13 14:03:13 - WARNING - ⚠️ 账户 中山证券 数据更新失败[0m
[33m2025-10-13 14:03:13 - WARNING - ⚠️ 账户数据更新失败，将继续使用现有数据执行交易[0m
[32m2025-10-13 14:03:52 - INFO - 🔄 开始更新策略持仓数据...[0m
[36m2025-10-13 14:03:52 - DEBUG - 成功获取组合9800的持仓数据，共3条[0m
[32m2025-10-13 14:03:52 - INFO - 策略持仓数据:2
   策略名称  股票名称      代码    最新价    成本价  新比例%    市场  收益率(%)  盈亏比例(%)              时间
0  逻辑为王  东方精工  002611  18.42  17.84    33  沪深A股   10.85     2.02  10-13 14:03:52
1  逻辑为王  常山北明  000158  22.77  22.43    33  沪深A股    5.21     1.56  10-13 14:03:52[0m
[32m2025-10-13 14:03:52 - INFO - 🔄 开始更新账户数据...[0m
[32m2025-10-13 14:03:53 - INFO - 正在更新账户 中山证券 的数据...[0m
[33m2025-10-13 14:04:18 - WARNING - ⚠️ 账户 中山证券 数据更新失败[0m
[33m2025-10-13 14:04:18 - WARNING - ⚠️ 账户数据更新失败，将继续使用现有数据执行交易[0m
[32m2025-10-13 14:05:02 - INFO - 🔄 开始更新策略持仓数据...[0m
[36m2025-10-13 14:05:02 - DEBUG - 成功获取组合9800的持仓数据，共3条[0m
[32m2025-10-13 14:05:02 - INFO - 策略持仓数据:2
   策略名称  股票名称      代码    最新价    成本价  新比例%    市场  收益率(%)  盈亏比例(%)              时间
0  逻辑为王  东方精工  002611  18.55  17.84    33  沪深A股   13.28     3.98  10-13 14:05:02
1  逻辑为王  常山北明  000158  22.77  22.43    33  沪深A股    5.21     1.52  10-13 14:05:02[0m
[32m2025-10-13 14:05:02 - INFO - 🔄 开始更新账户数据...[0m
[32m2025-10-13 14:05:02 - INFO - 正在更新账户 中山证券 的数据...[0m
[33m2025-10-13 14:05:27 - WARNING - ⚠️ 账户 中山证券 数据更新失败[0m
[33m2025-10-13 14:05:27 - WARNING - ⚠️ 账户数据更新失败，将继续使用现有数据执行交易[0m
[32m2025-10-13 14:06:13 - INFO - 🔄 开始更新策略持仓数据...[0m
[36m2025-10-13 14:06:13 - DEBUG - 成功获取组合9800的持仓数据，共3条[0m
[32m2025-10-13 14:06:13 - INFO - 策略持仓数据:2
   策略名称  股票名称      代码    最新价    成本价  新比例%    市场  收益率(%)  盈亏比例(%)              时间
0  逻辑为王  东方精工  002611  18.49  17.84    33  沪深A股   12.16     3.76  10-13 14:06:13
1  逻辑为王  常山北明  000158  22.75  22.43    33  沪深A股    4.90     1.43  10-13 14:06:13[0m
[32m2025-10-13 14:06:13 - INFO - 🔄 开始更新账户数据...[0m
[32m2025-10-13 14:06:14 - INFO - 正在更新账户 中山证券 的数据...[0m
[32m2025-10-13 14:06:31 - INFO - ✅ 所需账户数据更新完成[0m
[32m2025-10-13 14:06:31 - INFO - ✅ 成功获取策略 逻辑为王 的持仓数据，共 2 条记录[0m
[32m2025-10-13 14:06:31 - INFO - ⚠️ 发现需卖出的标的: 1 条[0m
[32m2025-10-13 14:06:31 - INFO - ⚠️ 发现需买入的标的: 1 条[0m
[32m2025-10-13 14:06:31 - INFO - 📊 最终差异报告 - 需要卖出: 1 条, 需要买入: 1 条[0m
[32m2025-10-13 14:06:31 - INFO - ⚠️ 卖出 东材科技 的新比例无效(nan)，设置为0表示全部卖出[0m
[32m2025-10-13 14:06:31 - INFO - 开始计算交易股数(优化版): 股票=东材科技, 操作=卖出, 新比例=0%[0m
[32m2025-10-13 14:06:31 - INFO - 卖出 东材科技，股数: 800[0m
[32m2025-10-13 14:06:31 - INFO - 🛠️ 卖出 东材科技，目标比例:0，交易数量:800[0m
[32m2025-10-13 14:06:31 - INFO - 🛠️ 开始处理: 卖出 东材科技 目标比例:0 策略:逻辑为王 账户:中山证券[0m
[32m2025-10-13 14:45:09 - INFO - 🔄 开始更新策略持仓数据...[0m
[36m2025-10-13 14:45:09 - DEBUG - 成功获取组合9800的持仓数据，共2条[0m
[32m2025-10-13 14:45:09 - INFO - 策略持仓数据:2
   策略名称  股票名称      代码   最新价    成本价  新比例%    市场  收益率(%)  盈亏比例(%)              时间
0  逻辑为王  东方精工  002611  18.5  17.84    33  沪深A股   12.35     3.48  10-13 14:45:09
1  逻辑为王  常山北明  000158  22.8  22.43    33  沪深A股    5.67     1.60  10-13 14:45:09[0m
[32m2025-10-13 14:45:09 - INFO - 🔄 开始更新账户数据...[0m
[32m2025-10-13 14:45:10 - INFO - 正在更新账户 川财证券 的数据...[0m
[33m2025-10-13 14:45:19 - WARNING - ⚠️ 账户 川财证券 数据更新失败[0m
[33m2025-10-13 14:45:19 - WARNING - ⚠️ 账户数据更新失败，将继续使用现有数据执行交易[0m
[32m2025-10-13 14:45:56 - INFO - 🔄 开始更新策略持仓数据...[0m
[36m2025-10-13 14:45:56 - DEBUG - 成功获取组合9800的持仓数据，共2条[0m
[32m2025-10-13 14:45:56 - INFO - 策略持仓数据:2
   策略名称  股票名称      代码    最新价    成本价  新比例%    市场  收益率(%)  盈亏比例(%)              时间
0  逻辑为王  东方精工  002611  18.49  17.84    33  沪深A股   12.16     3.64  10-13 14:45:56
1  逻辑为王  常山北明  000158  22.78  22.43    33  沪深A股    5.36     1.56  10-13 14:45:56[0m
[32m2025-10-13 14:45:56 - INFO - 🔄 开始更新账户数据...[0m
[32m2025-10-13 14:45:56 - INFO - 正在更新账户 川财证券 的数据...[0m
[33m2025-10-13 14:46:23 - WARNING - ⚠️ 账户 川财证券 数据更新失败[0m
[33m2025-10-13 14:46:23 - WARNING - ⚠️ 账户数据更新失败，将继续使用现有数据执行交易[0m
[32m2025-10-13 14:46:37 - INFO - 🔄 开始更新策略持仓数据...[0m
[36m2025-10-13 14:46:37 - DEBUG - 成功获取组合9800的持仓数据，共2条[0m
[32m2025-10-13 14:46:37 - INFO - 策略持仓数据:2
   策略名称  股票名称      代码    最新价    成本价  新比例%    市场  收益率(%)  盈亏比例(%)              时间
0  逻辑为王  东方精工  002611  18.50  17.84    33  沪深A股   12.35     3.70  10-13 14:46:37
1  逻辑为王  常山北明  000158  22.77  22.43    33  沪深A股    5.21     1.56  10-13 14:46:37[0m
[32m2025-10-13 14:46:37 - INFO - 🔄 开始更新账户数据...[0m
[32m2025-10-13 14:46:38 - INFO - 正在更新账户 川财证券 的数据...[0m
[32m2025-10-13 14:46:43 - INFO - ✅ 所需账户数据更新完成[0m
[32m2025-10-13 14:46:43 - INFO - ✅ 成功获取策略 逻辑为王 的持仓数据，共 2 条记录[0m
[32m2025-10-13 14:46:43 - INFO - ✅ 当前无需卖出的标的[0m
[32m2025-10-13 14:46:43 - INFO - ⚠️ 发现需买入的标的: 2 条[0m
[32m2025-10-13 14:46:43 - INFO - 📊 最终差异报告 - 需要卖出: 0 条, 需要买入: 2 条[0m
[32m2025-10-13 14:46:43 - INFO - 开始计算交易股数(优化版): 股票=东方精工, 操作=买入, 新比例=33%[0m
[32m2025-10-13 14:46:43 - INFO - 买入 东方精工，股数: None[0m
[32m2025-10-13 14:46:43 - INFO - 🛠️ 买入 东方精工，目标比例:33，交易数量:None[0m
[33m2025-10-13 14:46:43 - WARNING - ⚠️ 买入 东方精工 交易数量无效(None)，跳过交易[0m
[32m2025-10-13 14:46:43 - INFO - 开始计算交易股数(优化版): 股票=常山北明, 操作=买入, 新比例=33%[0m
[32m2025-10-13 14:46:43 - INFO - 买入 常山北明，股数: None[0m
[32m2025-10-13 14:46:43 - INFO - 🛠️ 买入 常山北明，目标比例:33，交易数量:None[0m
[33m2025-10-13 14:46:43 - WARNING - ⚠️ 买入 常山北明 交易数量无效(None)，跳过交易[0m
[32m2025-10-13 14:46:43 - INFO - ✅ 无需执行交易[0m
[32m2025-10-13 14:46:43 - INFO - 完成比较账户 川财证券 与策略 逻辑为王 的持仓差异并执行交易[0m
[32m2025-10-13 14:47:18 - INFO - 🔄 开始更新策略持仓数据...[0m
[36m2025-10-13 14:47:18 - DEBUG - 成功获取组合9800的持仓数据，共2条[0m
[32m2025-10-13 14:47:18 - INFO - 策略持仓数据:2
   策略名称  股票名称      代码    最新价    成本价  新比例%    市场  收益率(%)  盈亏比例(%)              时间
0  逻辑为王  东方精工  002611  18.51  17.84    33  沪深A股   12.53     3.81  10-13 14:47:18
1  逻辑为王  常山北明  000158  22.78  22.43    33  沪深A股    5.36     1.56  10-13 14:47:18[0m
[32m2025-10-13 14:47:18 - INFO - 🔄 开始更新账户数据...[0m
[32m2025-10-13 14:47:19 - INFO - 正在更新账户 川财证券 的数据...[0m
[32m2025-10-13 14:47:24 - INFO - ✅ 所需账户数据更新完成[0m
[32m2025-10-13 14:47:24 - INFO - ✅ 成功获取策略 逻辑为王 的持仓数据，共 2 条记录[0m
[32m2025-10-13 14:47:24 - INFO - ✅ 当前无需卖出的标的[0m
[32m2025-10-13 14:47:24 - INFO - ⚠️ 发现需买入的标的: 2 条[0m
[32m2025-10-13 14:47:24 - INFO - 📊 最终差异报告 - 需要卖出: 0 条, 需要买入: 2 条[0m
[32m2025-10-13 14:47:24 - INFO - 开始计算交易股数(优化版): 股票=东方精工, 操作=买入, 新比例=33%[0m
[32m2025-10-13 14:47:24 - INFO - 买入 东方精工，股数: None[0m
[32m2025-10-13 14:47:24 - INFO - 🛠️ 买入 东方精工，目标比例:33，交易数量:None[0m
[33m2025-10-13 14:47:24 - WARNING - ⚠️ 买入 东方精工 交易数量无效(None)，跳过交易[0m
[32m2025-10-13 14:47:24 - INFO - 开始计算交易股数(优化版): 股票=常山北明, 操作=买入, 新比例=33%[0m
[32m2025-10-13 14:47:24 - INFO - 买入 常山北明，股数: None[0m
[32m2025-10-13 14:47:24 - INFO - 🛠️ 买入 常山北明，目标比例:33，交易数量:None[0m
[33m2025-10-13 14:47:24 - WARNING - ⚠️ 买入 常山北明 交易数量无效(None)，跳过交易[0m
[32m2025-10-13 14:47:24 - INFO - ✅ 无需执行交易[0m
[32m2025-10-13 14:47:24 - INFO - 完成比较账户 川财证券 与策略 逻辑为王 的持仓差异并执行交易[0m
[32m2025-10-13 14:48:06 - INFO - 🔄 开始更新策略持仓数据...[0m
[36m2025-10-13 14:48:06 - DEBUG - 成功获取组合9800的持仓数据，共2条[0m
[32m2025-10-13 14:48:06 - INFO - 策略持仓数据:2
   策略名称  股票名称      代码    最新价    成本价  新比例%    市场  收益率(%)  盈亏比例(%)              时间
0  逻辑为王  东方精工  002611  18.52  17.84    33  沪深A股   12.72     3.81  10-13 14:48:06
1  逻辑为王  常山北明  000158  22.77  22.43    33  沪深A股    5.21     1.56  10-13 14:48:06[0m
[32m2025-10-13 14:48:06 - INFO - 🔄 开始更新账户数据...[0m
[32m2025-10-13 14:48:06 - INFO - 正在更新账户 川财证券 的数据...[0m
[32m2025-10-13 14:48:12 - INFO - ✅ 所需账户数据更新完成[0m
[32m2025-10-13 14:48:12 - INFO - ✅ 成功获取策略 逻辑为王 的持仓数据，共 2 条记录[0m
[32m2025-10-13 14:48:12 - INFO - ✅ 当前无需卖出的标的[0m
[32m2025-10-13 14:48:12 - INFO - ⚠️ 发现需买入的标的: 2 条[0m
[32m2025-10-13 14:48:12 - INFO - 📊 最终差异报告 - 需要卖出: 0 条, 需要买入: 2 条[0m
[32m2025-10-13 14:48:12 - INFO - 开始计算交易股数(优化版): 股票=东方精工, 操作=买入, 新比例=33%[0m
[32m2025-10-13 14:48:12 - INFO - 买入 东方精工，股数: None[0m
[32m2025-10-13 14:48:12 - INFO - 🛠️ 买入 东方精工，目标比例:33，交易数量:None[0m
[33m2025-10-13 14:48:12 - WARNING - ⚠️ 买入 东方精工 交易数量无效(None)，跳过交易[0m
[32m2025-10-13 14:48:12 - INFO - 开始计算交易股数(优化版): 股票=常山北明, 操作=买入, 新比例=33%[0m
[32m2025-10-13 14:48:12 - INFO - 买入 常山北明，股数: None[0m
[32m2025-10-13 14:48:12 - INFO - 🛠️ 买入 常山北明，目标比例:33，交易数量:None[0m
[33m2025-10-13 14:48:12 - WARNING - ⚠️ 买入 常山北明 交易数量无效(None)，跳过交易[0m
[32m2025-10-13 14:48:12 - INFO - ✅ 无需执行交易[0m
[32m2025-10-13 14:48:12 - INFO - 完成比较账户 川财证券 与策略 逻辑为王 的持仓差异并执行交易[0m
[32m2025-10-13 14:48:54 - INFO - 🔄 开始更新策略持仓数据...[0m
[36m2025-10-13 14:48:54 - DEBUG - 成功获取组合9800的持仓数据，共2条[0m
[32m2025-10-13 14:48:54 - INFO - 策略持仓数据:2
   策略名称  股票名称      代码    最新价    成本价  新比例%    市场  收益率(%)  盈亏比例(%)              时间
0  逻辑为王  东方精工  002611  18.53  17.84    33  沪深A股   12.91     3.81  10-13 14:48:54
1  逻辑为王  常山北明  000158  22.78  22.43    33  沪深A股    5.36     1.56  10-13 14:48:54[0m
[32m2025-10-13 14:48:54 - INFO - 🔄 开始更新账户数据...[0m
[32m2025-10-13 14:48:55 - INFO - 正在更新账户 川财证券 的数据...[0m
[32m2025-10-13 14:49:00 - INFO - ✅ 所需账户数据更新完成[0m
[32m2025-10-13 14:49:00 - INFO - ✅ 成功获取策略 逻辑为王 的持仓数据，共 2 条记录[0m
[32m2025-10-13 14:49:00 - INFO - ✅ 当前无需卖出的标的[0m
[32m2025-10-13 14:49:00 - INFO - ⚠️ 发现需买入的标的: 2 条[0m
[32m2025-10-13 14:49:00 - INFO - 📊 最终差异报告 - 需要卖出: 0 条, 需要买入: 2 条[0m
[32m2025-10-13 14:49:00 - INFO - 开始计算交易股数(优化版): 股票=东方精工, 操作=买入, 新比例=33%[0m
[32m2025-10-13 14:49:00 - INFO - 买入 东方精工，股数: None[0m
[32m2025-10-13 14:49:00 - INFO - 🛠️ 买入 东方精工，目标比例:33，交易数量:None[0m
[33m2025-10-13 14:49:00 - WARNING - ⚠️ 买入 东方精工 交易数量无效(None)，跳过交易[0m
[32m2025-10-13 14:49:00 - INFO - 开始计算交易股数(优化版): 股票=常山北明, 操作=买入, 新比例=33%[0m
[32m2025-10-13 14:49:00 - INFO - 买入 常山北明，股数: None[0m
[32m2025-10-13 14:49:00 - INFO - 🛠️ 买入 常山北明，目标比例:33，交易数量:None[0m
[33m2025-10-13 14:49:00 - WARNING - ⚠️ 买入 常山北明 交易数量无效(None)，跳过交易[0m
[32m2025-10-13 14:49:00 - INFO - ✅ 无需执行交易[0m
[32m2025-10-13 14:49:00 - INFO - 完成比较账户 川财证券 与策略 逻辑为王 的持仓差异并执行交易[0m
