[32m2025-09-25 14:56:29 - INFO - ---------------------国债逆回购任务开始执行---------------------[0m
[31m2025-09-25 14:56:35 - ERROR - 无法返回账户页[0m
[33m2025-09-25 14:56:36 - WARNING - 无法从账户信息中提取中文名称: **9718[0m
[33m2025-09-25 14:56:36 - WARNING - 账户切换按钮不可点击或不可见[0m
[32m2025-09-25 14:56:39 - INFO - ---------------------国债逆回购任务开始执行---------------------[0m
[31m2025-09-25 14:56:41 - ERROR - 进入国债逆回购入口失败[0m
[33m2025-09-25 14:56:42 - WARNING - 无法从账户信息中提取中文名称: **9718[0m
[33m2025-09-25 14:56:42 - WARNING - 账户切换按钮不可点击或不可见[0m
[32m2025-09-25 14:56:44 - INFO - ---------------------国债逆回购任务开始执行---------------------[0m
[31m2025-09-25 14:56:46 - ERROR - 进入国债逆回购入口失败[0m
[33m2025-09-25 14:56:47 - WARNING - 无法从账户信息中提取中文名称: **9718[0m
[33m2025-09-25 14:56:47 - WARNING - 账户切换按钮不可点击或不可见[0m
[32m2025-09-25 14:56:49 - INFO - ---------------------国债逆回购任务开始执行---------------------[0m
[31m2025-09-25 14:56:52 - ERROR - 进入国债逆回购入口失败[0m
[33m2025-09-25 14:56:52 - WARNING - 无法从账户信息中提取中文名称: **9718[0m
[33m2025-09-25 14:56:52 - WARNING - 账户切换按钮不可点击或不可见[0m
[32m2025-09-26 15:03:34 - INFO - ---------------------国债逆回购任务开始执行---------------------[0m
[33m2025-09-26 15:03:37 - WARNING - 国债逆回购入口按钮不可点击或不可见[0m
[33m2025-09-26 15:03:37 - WARNING - 无法从账户信息中提取中文名称: **9718[0m
[33m2025-09-26 15:03:37 - WARNING - 账户切换按钮不可点击或不可见[0m
[32m2025-09-26 15:03:37 - INFO - ---------------------国债逆回购任务开始执行---------------------[0m
[33m2025-09-26 15:03:40 - WARNING - 国债逆回购入口按钮不可点击或不可见[0m
[33m2025-09-26 15:03:40 - WARNING - 无法从账户信息中提取中文名称: **9718[0m
[33m2025-09-26 15:03:40 - WARNING - 账户切换按钮不可点击或不可见[0m
[32m2025-09-26 15:03:41 - INFO - ---------------------国债逆回购任务开始执行---------------------[0m
[33m2025-09-26 15:03:43 - WARNING - 国债逆回购入口按钮不可点击或不可见[0m
[33m2025-09-26 15:03:43 - WARNING - 无法从账户信息中提取中文名称: **9718[0m
[33m2025-09-26 15:03:44 - WARNING - 账户切换按钮不可点击或不可见[0m
[32m2025-09-26 15:03:44 - INFO - ---------------------国债逆回购任务开始执行---------------------[0m
[33m2025-09-26 15:03:46 - WARNING - 国债逆回购入口按钮不可点击或不可见[0m
[33m2025-09-26 15:03:47 - WARNING - 无法从账户信息中提取中文名称: **9718[0m
[33m2025-09-26 15:03:47 - WARNING - 账户切换按钮不可点击或不可见[0m
