[33m2025-07-08 20:00:26 - WARNING - 交易通知: 2 条新增策略调仓：
      名称 操作 标的名称     代码  最新价   新比例%   市场               时间                            _id
 GPT定期精选 买入 华胜天成 600410 9.73  32.20 沪深A股 2025-07-08 09:31  2025-07-08 09:31_600410_32.20
低价小市值股战法 卖出 粤宏远A 000573 4.03 -39.35 沪深A股 2025-07-08 09:31 2025-0...[0m
[33m2025-07-08 20:02:51 - WARNING - 交易通知: 1 条新增策略调仓：
     名称 操作 标的名称     代码   最新价   新比例%   市场               时间                            _id
高现金毛利战法 卖出 沃顿科技 000920 10.37 -13.81 沪深A股 2025-07-07 09:31 2025-07-07 09:31_000920_-13.81[0m
[33m2025-07-08 21:49:16 - WARNING - 交易通知:  新增交易 1条：
      名称 操作 标的名称     代码   最新价  新比例%   市场               时间
赛-短线趋势题材 卖出 元利科技 603217 18.37   0.0 沪深A股 2025-07-08 14:34[0m
[33m2025-07-09 22:44:13 - WARNING - 交易通知:  新增交易 4条：
    名称 操作                   标的名称     代码   最新价  新比例%   市场               时间
组-逻辑为王 卖出 资金选择多元金融，而券商分化，表现弱于预期。 601***  4.91   0.0 沪深A股 2025-07-09 14:03
组-逻辑为王 买入                    特高压 000*** 22.25  33.0 沪深A股 2025-07-09 10:11
组-逻辑为王 卖出            ...[0m
[33m2025-07-09 22:46:10 - WARNING - 交易通知:  新增交易 4条：
    名称 操作 标的名称     代码   最新价  新比例%   市场               时间
组-逻辑为王 卖出 天风证券 601***  4.91   0.0 沪深A股 2025-07-09 14:03
组-逻辑为王 买入 许继电气 000*** 22.25  33.0 沪深A股 2025-07-09 10:11
组-逻辑为王 卖出 中天科技 600*** 14.34   0.0 沪深A股 2025-07-09 09:52
组-逻辑为王 买入 海格通信 002*...[0m
[33m2025-07-12 08:12:54 - WARNING - 交易通知:  新增交易 8条：
      名称 操作 标的名称     代码   最新价  新比例%   市场               时间
  组-逻辑为王 买入 雪人集团 002*** 10.96  33.0 沪深A股 2025-07-11 13:59
  组-逻辑为王 卖出 海格通信 002*** 12.97   0.0 沪深A股 2025-07-11 13:43
  组-逻辑为王 买入 龙溪股份 600*** 20.58  33.0 沪深A股 2025-07-11 13:22
  组-逻辑为王 卖出...[0m
[33m2025-07-12 08:21:48 - WARNING - 交易通知:  新增交易 8条：
      名称 操作 标的名称     代码   最新价  新比例%   市场               时间
  组-逻辑为王 买入 雪人集团 002*** 10.96  33.0 沪深A股 2025-07-11 13:59
  组-逻辑为王 卖出 海格通信 002*** 12.97   0.0 沪深A股 2025-07-11 13:43
  组-逻辑为王 买入 龙溪股份 600*** 20.58  33.0 沪深A股 2025-07-11 13:22
  组-逻辑为王 卖出...[0m
[33m2025-07-12 08:22:26 - WARNING - 交易通知: 买入 华胜天成  400股 True 委托已提交[0m
[33m2025-07-12 08:23:25 - WARNING - 交易通知: 买入 雪人集团  400股 True 委托已提交[0m
[33m2025-07-12 08:28:06 - WARNING - 交易通知:  新增交易 1条：
    名称 操作 标的名称     代码   最新价 新比例%   市场               时间
组-逻辑为王 卖出 海格通信 002*** 12.97 0.00 沪深A股 2025-07-11 13:43[0m
[33m2025-07-12 08:28:54 - WARNING - 交易通知: 买入 龙溪股份  200股 True 委托已提交[0m
[33m2025-07-12 08:46:18 - WARNING - 交易通知:  新增交易 1条：
    名称 操作 标的名称     代码   最新价 新比例%   市场               时间
组-逻辑为王 卖出 许继电气 000*** 21.91 0.00 沪深A股 2025-07-11 13:21[0m
[33m2025-07-12 08:51:26 - WARNING - 交易通知:  新增交易 1条：
    名称 操作 标的名称     代码   最新价 新比例%   市场               时间
组-逻辑为王 卖出 许继电气 000*** 21.91 0.00 沪深A股 2025-07-11 13:21[0m
[33m2025-07-12 09:12:25 - WARNING - 交易通知:  新增交易 1条：
    名称 操作 标的名称     代码   最新价 新比例%   市场               时间
组-逻辑为王 卖出 海格通信 002*** 12.97 0.00 沪深A股 2025-07-11 13:43[0m
[33m2025-07-12 09:16:48 - WARNING - 交易通知:  新增交易 1条：
    名称 操作 标的名称     代码  最新价 新比例%   市场               时间
组-逻辑为王 卖出 保利发展 600*** 8.33 0.00 沪深A股 2025-07-11 10:10[0m
[33m2025-07-12 09:22:10 - WARNING - 交易通知:  新增交易 1条：
    名称 操作 标的名称     代码  最新价 新比例%   市场               时间
组-逻辑为王 卖出 保利发展 600*** 8.33 0.00 沪深A股 2025-07-11 10:10[0m
[33m2025-07-12 09:23:53 - WARNING - 交易通知:  新增交易 1条：
    名称 操作 标的名称     代码  最新价 新比例%   市场               时间
组-逻辑为王 卖出 保利发展 600*** 8.33 0.00 沪深A股 2025-07-11 10:10[0m
[33m2025-07-12 09:25:30 - WARNING - 交易通知:  新增交易 1条：
    名称 操作 标的名称     代码  最新价 新比例%   市场               时间
组-逻辑为王 卖出 保利发展 600*** 8.33 0.00 沪深A股 2025-07-11 10:10[0m
[33m2025-07-12 15:53:54 - WARNING - 交易通知:  新增交易 2条：
    名称 操作 标的名称     代码   最新价 新比例%   市场               时间
组-逻辑为王 卖出 海格通信 002*** 12.97 0.00 沪深A股 2025-07-11 13:43
组-逻辑为王 卖出 保利发展 600***  8.33 0.00 沪深A股 2025-07-11 10:10[0m
[33m2025-07-12 15:57:33 - WARNING - 交易通知:  新增交易 1条：
    名称 操作 标的名称     代码   最新价 新比例%   市场               时间
组-逻辑为王 卖出 许继电气 000*** 21.91 0.00 沪深A股 2025-07-11 13:21[0m
[33m2025-07-12 16:00:00 - WARNING - 交易通知:  新增交易 1条：
    名称 操作 标的名称     代码   最新价 新比例%   市场               时间
组-逻辑为王 卖出 许继电气 000*** 21.91 0.00 沪深A股 2025-07-11 13:21[0m
[33m2025-07-12 16:10:16 - WARNING - 交易通知:  新增交易 8条：
      名称 操作 标的名称     代码   最新价  新比例%   市场               时间
  组-逻辑为王 买入 雪人集团 002*** 10.96  33.0 沪深A股 2025-07-11 13:59
  组-逻辑为王 卖出 海格通信 002*** 12.97   0.0 沪深A股 2025-07-11 13:43
  组-逻辑为王 买入 龙溪股份 600*** 20.58  33.0 沪深A股 2025-07-11 13:22
  组-逻辑为王 卖出...[0m
[33m2025-07-12 16:13:18 - WARNING - 交易通知: 1 条新增策略调仓：
     名称 操作 标的名称     代码  最新价  新比例%   市场               时间                           _id
GPT定期精选 买入 华胜天成 600410 9.73  32.2 沪深A股 2025-07-08 09:31 2025-07-08 09:31_600410_32.20[0m
[33m2025-07-12 16:13:21 - WARNING - 交易通知:  新增交易 8条：
      名称 操作 标的名称     代码   最新价  新比例%   市场               时间
  组-逻辑为王 买入 雪人集团 002*** 10.96  33.0 沪深A股 2025-07-11 13:59
  组-逻辑为王 卖出 海格通信 002*** 12.97   0.0 沪深A股 2025-07-11 13:43
  组-逻辑为王 买入 龙溪股份 600*** 20.58  33.0 沪深A股 2025-07-11 13:22
  组-逻辑为王 卖出...[0m
[33m2025-07-12 16:13:56 - WARNING - 交易通知: 买入 华胜天成  400股 False 当前时间不允许委托[0m
[33m2025-07-12 16:14:30 - WARNING - 交易通知: 买入 雪人集团  400股 False 当前时间不允许委托[0m
[33m2025-07-12 16:15:49 - WARNING - 交易通知: 买入 龙溪股份  200股 False 当前时间不允许委托[0m
[33m2025-07-12 16:17:08 - WARNING - 交易通知: 买入 长电科技  100股 False 当前时间不允许委托[0m
[33m2025-07-12 16:17:40 - WARNING - 交易通知: 买入 多氟多  300股 False 当前时间不允许委托[0m
[33m2025-07-12 16:18:15 - WARNING - 交易通知: 买入 新亚强  200股 False 当前时间不允许委托[0m
