[32m2025-10-10 10:58:31 - INFO - 点击卖出按钮(里)[0m
[32m2025-10-10 10:58:32 - INFO - 点击股票搜索框[0m
[32m2025-10-10 10:58:33 - INFO - 输入股票名称: 东材科技[0m
[32m2025-10-10 10:58:37 - INFO - 输入数量:800手[0m
[32m2025-10-10 10:58:37 - INFO - 点击按钮: 卖出 (提交)[0m
[32m2025-10-10 10:58:37 - INFO - --------------------------------------------------[0m
[32m2025-10-10 10:58:37 - INFO - 开始处理弹窗[0m
[32m2025-10-10 10:58:38 - INFO - 检测到'委托确认'提示[0m
[36m2025-10-10 10:58:40 - DEBUG - 找到ok_btn[0m
[32m2025-10-10 10:58:40 - INFO - 点击确认按钮[0m
[32m2025-10-10 10:58:42 - INFO - 尝试查找报错弹窗...[0m
[36m2025-10-10 10:58:42 - DEBUG - 找到ok_btn[0m
[32m2025-10-10 10:58:43 - INFO - 点击确认按钮[0m
[36m2025-10-10 10:58:43 - DEBUG - 弹窗内容(ID方式): 最新:[0m
[33m2025-10-10 10:58:43 - WARNING - 委托失败，最新:[0m
[32m2025-10-10 13:35:21 - INFO - 点击卖出按钮(里)[0m
[32m2025-10-10 13:35:22 - INFO - 点击股票搜索框[0m
[32m2025-10-10 13:35:23 - INFO - 输入股票名称: 600030[0m
[32m2025-10-10 13:35:27 - INFO - 输入数量:200手[0m
[32m2025-10-10 13:35:27 - INFO - 点击按钮: 卖出 (提交)[0m
[32m2025-10-10 13:35:27 - INFO - --------------------------------------------------[0m
[32m2025-10-10 13:35:27 - INFO - 开始处理弹窗[0m
[32m2025-10-10 13:35:29 - INFO - 检测到'委托确认'提示[0m
[36m2025-10-10 13:35:30 - DEBUG - 找到ok_btn[0m
[32m2025-10-10 13:35:31 - INFO - 点击确认按钮[0m
[32m2025-10-10 13:35:33 - INFO - 尝试查找报错弹窗...[0m
[36m2025-10-10 13:35:33 - DEBUG - 找到ok_btn[0m
[32m2025-10-10 13:35:33 - INFO - 点击确认按钮[0m
[36m2025-10-10 13:35:33 - DEBUG - 弹窗内容(ID方式): 最新:[0m
[33m2025-10-10 13:35:33 - WARNING - 委托失败，最新:[0m
[32m2025-10-10 14:39:04 - INFO - 点击卖出按钮(里)[0m
[32m2025-10-10 14:39:04 - INFO - 点击股票搜索框[0m
[32m2025-10-10 14:39:05 - INFO - 输入股票名称: 000333[0m
[32m2025-10-10 14:39:09 - INFO - 输入数量:200手[0m
[32m2025-10-10 14:39:09 - INFO - 点击按钮: 卖出 (提交)[0m
[32m2025-10-10 14:39:09 - INFO - --------------------------------------------------[0m
[32m2025-10-10 14:39:09 - INFO - 开始处理弹窗[0m
[32m2025-10-10 14:39:11 - INFO - 检测到'委托确认'提示[0m
[36m2025-10-10 14:39:12 - DEBUG - 找到ok_btn[0m
[32m2025-10-10 14:39:13 - INFO - 点击确认按钮[0m
[32m2025-10-10 14:39:15 - INFO - 尝试查找报错弹窗...[0m
[36m2025-10-10 14:39:15 - DEBUG - 找到ok_btn[0m
[32m2025-10-10 14:39:15 - INFO - 点击确认按钮[0m
[36m2025-10-10 14:39:16 - DEBUG - 弹窗内容(ID方式): 最新:[0m
[33m2025-10-10 14:39:16 - WARNING - 委托失败，最新:[0m
[32m2025-10-10 14:39:27 - INFO - 点击卖出按钮(里)[0m
[32m2025-10-10 14:39:27 - INFO - 点击股票搜索框[0m
[32m2025-10-10 14:39:29 - INFO - 输入股票名称: 600030[0m
[32m2025-10-10 14:39:32 - INFO - 输入数量:200手[0m
[32m2025-10-10 14:39:33 - INFO - 点击按钮: 卖出 (提交)[0m
[32m2025-10-10 14:39:33 - INFO - --------------------------------------------------[0m
[32m2025-10-10 14:39:33 - INFO - 开始处理弹窗[0m
[32m2025-10-10 14:39:34 - INFO - 检测到'委托确认'提示[0m
[36m2025-10-10 14:39:35 - DEBUG - 找到ok_btn[0m
[32m2025-10-10 14:39:36 - INFO - 点击确认按钮[0m
[32m2025-10-10 14:39:38 - INFO - 尝试查找报错弹窗...[0m
[36m2025-10-10 14:39:38 - DEBUG - 找到ok_btn[0m
[32m2025-10-10 14:39:38 - INFO - 点击确认按钮[0m
[36m2025-10-10 14:39:39 - DEBUG - 弹窗内容(ID方式): 最新:[0m
[33m2025-10-10 14:39:39 - WARNING - 委托失败，最新:[0m
[32m2025-10-10 15:09:46 - INFO - 点击卖出按钮(里)[0m
[32m2025-10-10 15:09:46 - INFO - 点击股票搜索框[0m
[32m2025-10-10 15:09:48 - INFO - 输入股票名称: 000333[0m
[32m2025-10-10 15:31:31 - INFO - 点击卖出按钮(里)[0m
[32m2025-10-10 15:31:31 - INFO - 点击股票搜索框[0m
[32m2025-10-10 15:31:33 - INFO - 输入股票名称: 000333[0m
[32m2025-10-10 15:31:36 - INFO - 输入数量:200手[0m
[32m2025-10-10 15:31:37 - INFO - 点击按钮: 卖出 (提交)[0m
[32m2025-10-10 15:31:37 - INFO - --------------------------------------------------[0m
[32m2025-10-10 15:31:37 - INFO - 开始处理弹窗[0m
[32m2025-10-10 15:31:38 - INFO - 检测到'委托确认'提示[0m
[36m2025-10-10 15:31:40 - DEBUG - 找到ok_btn[0m
[32m2025-10-10 15:31:40 - INFO - 点击确认按钮[0m
[32m2025-10-10 15:31:42 - INFO - 尝试查找报错弹窗...[0m
[36m2025-10-10 15:31:42 - DEBUG - 找到ok_btn[0m
[32m2025-10-10 15:31:43 - INFO - 点击确认按钮[0m
[36m2025-10-10 15:31:43 - DEBUG - 弹窗内容(ID方式): 最新:[0m
[33m2025-10-10 15:31:43 - WARNING - 委托失败，最新:[0m
[32m2025-10-10 15:32:04 - INFO - 点击买入按钮(里)[0m
[32m2025-10-10 15:32:05 - INFO - 点击股票搜索框[0m
[32m2025-10-10 15:32:06 - INFO - 输入股票名称: 600030[0m
[32m2025-10-10 15:32:10 - INFO - 输入数量:200手[0m
[32m2025-10-10 15:32:10 - INFO - 点击按钮: 买入 (提交)[0m
[32m2025-10-10 15:32:10 - INFO - --------------------------------------------------[0m
[32m2025-10-10 15:32:10 - INFO - 开始处理弹窗[0m
[32m2025-10-10 15:32:11 - INFO - 检测到'委托确认'提示[0m
[36m2025-10-10 15:32:13 - DEBUG - 找到ok_btn[0m
[32m2025-10-10 15:32:13 - INFO - 点击确认按钮[0m
[32m2025-10-10 15:32:15 - INFO - 尝试查找报错弹窗...[0m
[36m2025-10-10 15:32:16 - DEBUG - 找到ok_btn[0m
[32m2025-10-10 15:32:16 - INFO - 点击确认按钮[0m
[36m2025-10-10 15:32:16 - DEBUG - 弹窗内容(ID方式): 最新:[0m
[33m2025-10-10 15:32:16 - WARNING - 委托失败，最新:[0m
[32m2025-10-10 15:32:22 - INFO - 点击卖出按钮(里)[0m
[32m2025-10-10 15:32:23 - INFO - 点击股票搜索框[0m
[32m2025-10-10 15:32:24 - INFO - 输入股票名称: 600030[0m
[32m2025-10-10 16:19:55 - INFO - 点击卖出按钮(里)[0m
[32m2025-10-10 16:19:55 - INFO - 点击股票搜索框[0m
[32m2025-10-10 16:19:57 - INFO - 输入股票名称: 000333[0m
[32m2025-10-10 16:20:00 - INFO - 输入数量:200手[0m
[32m2025-10-10 16:20:01 - INFO - 点击按钮: 卖出 (提交)[0m
[32m2025-10-10 16:20:01 - INFO - --------------------------------------------------[0m
[32m2025-10-10 16:20:01 - INFO - 开始处理弹窗[0m
[32m2025-10-10 16:20:02 - INFO - 检测到'委托确认'提示[0m
[36m2025-10-10 16:20:04 - DEBUG - 找到ok_btn[0m
[32m2025-10-10 16:20:04 - INFO - 点击确认按钮[0m
[32m2025-10-10 16:20:06 - INFO - 尝试查找报错弹窗...[0m
[36m2025-10-10 16:20:06 - DEBUG - 找到ok_btn[0m
[32m2025-10-10 16:20:07 - INFO - 点击确认按钮[0m
[36m2025-10-10 16:20:07 - DEBUG - 弹窗内容(ID方式): 最新:[0m
[33m2025-10-10 16:20:07 - WARNING - 委托失败，最新:[0m
[32m2025-10-13 09:35:33 - INFO - 点击卖出按钮(里)[0m
[32m2025-10-13 09:35:34 - INFO - 点击股票搜索框[0m
[32m2025-10-13 10:10:52 - INFO - 点击卖出按钮(里)[0m
[32m2025-10-13 10:10:53 - INFO - 点击股票搜索框[0m
[32m2025-10-13 10:10:55 - INFO - 输入股票名称: 东材科技[0m
[32m2025-10-13 10:10:58 - INFO - 输入数量:800手[0m
[32m2025-10-13 10:21:41 - INFO - 点击卖出按钮(里)[0m
[32m2025-10-13 10:21:42 - INFO - 点击股票搜索框[0m
[32m2025-10-13 10:21:43 - INFO - 输入股票名称: 东材科技[0m
[32m2025-10-13 10:22:11 - INFO - 点击买入按钮(里)[0m
[32m2025-10-13 10:22:12 - INFO - 点击股票搜索框[0m
[32m2025-10-13 10:22:13 - INFO - 输入股票名称: 豪能股份[0m
[32m2025-10-13 10:22:17 - INFO - 输入数量:2500手[0m
[32m2025-10-13 10:22:17 - INFO - 点击按钮: 买入 (提交)[0m
[32m2025-10-13 10:22:17 - INFO - --------------------------------------------------[0m
[32m2025-10-13 10:22:17 - INFO - 开始处理弹窗[0m
[32m2025-10-13 10:22:18 - INFO - 检测到'委托确认'提示[0m
[36m2025-10-13 10:22:20 - DEBUG - 找到ok_btn[0m
[32m2025-10-13 10:22:20 - INFO - 点击确认按钮[0m
[32m2025-10-13 10:22:22 - INFO - 尝试查找报错弹窗...[0m
[36m2025-10-13 10:22:23 - DEBUG - 找到left_btn[0m
[32m2025-10-13 10:22:23 - INFO - 点击确认按钮[0m
[36m2025-10-13 10:22:24 - DEBUG - 弹窗内容(ID方式): 最新:[0m
[33m2025-10-13 10:22:24 - WARNING - 委托失败，最新:[0m
[32m2025-10-13 14:43:57 - INFO - 点击买入按钮(里)[0m
[32m2025-10-13 14:43:57 - INFO - 点击股票搜索框[0m
[32m2025-10-13 14:43:58 - INFO - 输入股票名称: 600030[0m
[32m2025-10-14 09:34:29 - INFO - 点击卖出按钮(里)[0m
[32m2025-10-14 09:39:22 - INFO - 点击买入按钮(里)[0m
[32m2025-10-14 09:39:22 - INFO - 点击股票搜索框[0m
[32m2025-10-14 09:39:24 - INFO - 输入股票名称: 000333[0m
[32m2025-10-14 09:39:51 - INFO - 点击匹配的第一个股票[0m
[32m2025-10-14 09:39:54 - INFO - 输入数量:200手[0m
[32m2025-10-14 09:39:54 - INFO - 点击按钮: 买入 (提交)[0m
[32m2025-10-14 09:39:54 - INFO - --------------------------------------------------[0m
[32m2025-10-14 09:39:54 - INFO - 开始处理弹窗[0m
[32m2025-10-14 09:39:55 - INFO - 检测到'委托确认'提示[0m
[36m2025-10-14 09:39:56 - DEBUG - 找到ok_btn[0m
[32m2025-10-14 09:39:56 - INFO - 点击确认按钮[0m
[32m2025-10-14 09:39:58 - INFO - 尝试查找报错弹窗...[0m
[33m2025-10-14 09:39:58 - WARNING - 未找到确认按钮[0m
[32m2025-10-14 09:39:59 - INFO - 尝试点击屏幕中央位置[0m
[36m2025-10-14 09:39:59 - DEBUG - 弹窗内容(ID方式): 最新:[0m
[33m2025-10-14 09:39:59 - WARNING - 委托失败，最新:[0m
[32m2025-10-14 14:36:13 - INFO - 点击买入按钮(里)[0m
[32m2025-10-14 14:36:14 - INFO - 点击股票搜索框[0m
[32m2025-10-14 15:12:26 - INFO - 点击买入按钮(里)[0m
[32m2025-10-14 15:12:27 - INFO - 点击股票搜索框[0m
[32m2025-10-14 15:12:28 - INFO - 输入股票名称: 中国卫星[0m
[32m2025-10-14 15:12:31 - INFO - 输入数量:200手[0m
[32m2025-10-14 15:12:31 - INFO - 点击按钮: 买入 (提交)[0m
[32m2025-10-14 15:12:31 - INFO - --------------------------------------------------[0m
[32m2025-10-14 15:12:31 - INFO - 开始处理弹窗[0m
[32m2025-10-14 15:12:32 - INFO - 检测到'委托确认'提示[0m
[36m2025-10-14 15:12:33 - DEBUG - 找到ok_btn[0m
[32m2025-10-14 15:12:33 - INFO - 点击确认按钮[0m
[32m2025-10-14 15:12:35 - INFO - 尝试查找报错弹窗...[0m
[36m2025-10-14 15:12:35 - DEBUG - 找到ok_btn[0m
[32m2025-10-14 15:12:35 - INFO - 点击确认按钮[0m
[36m2025-10-14 15:12:35 - DEBUG - 弹窗内容(ID方式): 最新:[0m
[33m2025-10-14 15:12:35 - WARNING - 委托失败，最新:[0m
[32m2025-10-14 15:19:19 - INFO - 点击买入按钮(里)[0m
[32m2025-10-14 15:19:20 - INFO - 点击股票搜索框[0m
[32m2025-10-14 15:19:21 - INFO - 输入股票名称: 中国卫星[0m
[32m2025-10-14 15:19:24 - INFO - 输入数量:200手[0m
[32m2025-10-14 15:19:24 - INFO - 点击按钮: 买入 (提交)[0m
[32m2025-10-14 15:19:24 - INFO - --------------------------------------------------[0m
[32m2025-10-14 15:19:24 - INFO - 开始处理弹窗[0m
[32m2025-10-14 15:19:25 - INFO - 检测到'委托确认'提示[0m
[36m2025-10-14 15:19:26 - DEBUG - 找到ok_btn[0m
[32m2025-10-14 15:19:26 - INFO - 点击确认按钮[0m
[32m2025-10-14 15:19:28 - INFO - 尝试查找报错弹窗...[0m
[36m2025-10-14 15:19:28 - DEBUG - 找到left_btn[0m
[32m2025-10-14 15:19:29 - INFO - 点击确认按钮[0m
[36m2025-10-14 15:19:29 - DEBUG - 弹窗内容(ID方式): 最新:[0m
[33m2025-10-14 15:19:29 - WARNING - 委托失败，最新:[0m
[32m2025-10-14 15:52:45 - INFO - 点击买入按钮(里)[0m
[32m2025-10-14 15:52:45 - INFO - 点击股票搜索框[0m
[32m2025-10-14 15:52:47 - INFO - 输入股票名称: 中国卫星[0m
[32m2025-10-14 15:52:50 - INFO - 输入数量:200手[0m
[32m2025-10-14 15:52:50 - INFO - 点击按钮: 买入 (提交)[0m
[32m2025-10-14 15:52:50 - INFO - --------------------------------------------------[0m
[32m2025-10-14 15:52:50 - INFO - 开始处理弹窗[0m
[32m2025-10-14 15:52:50 - INFO - 检测到'委托确认'提示[0m
[36m2025-10-14 15:52:52 - DEBUG - 找到ok_btn[0m
[32m2025-10-14 15:52:52 - INFO - 点击确认按钮[0m
[32m2025-10-14 15:52:54 - INFO - 尝试查找报错弹窗...[0m
[36m2025-10-14 15:52:54 - DEBUG - 找到ok_btn[0m
[32m2025-10-14 15:52:54 - INFO - 点击确认按钮[0m
[36m2025-10-14 15:52:54 - DEBUG - 弹窗内容(ID方式): 最新:[0m
[33m2025-10-14 15:52:54 - WARNING - 委托失败，最新:[0m
[32m2025-10-14 15:59:35 - INFO - 点击买入按钮(里)[0m
[32m2025-10-14 15:59:35 - INFO - 点击股票搜索框[0m
[32m2025-10-14 15:59:37 - INFO - 输入股票名称: 中国卫星[0m
[32m2025-10-14 15:59:40 - INFO - 输入数量:200手[0m
[32m2025-10-14 15:59:40 - INFO - 点击按钮: 买入 (提交)[0m
[32m2025-10-14 15:59:40 - INFO - --------------------------------------------------[0m
[32m2025-10-14 15:59:40 - INFO - 开始处理弹窗[0m
[32m2025-10-14 15:59:40 - INFO - 检测到'委托确认'提示[0m
[36m2025-10-14 15:59:42 - DEBUG - 找到ok_btn[0m
[32m2025-10-14 15:59:42 - INFO - 点击确认按钮[0m
[32m2025-10-14 15:59:44 - INFO - 尝试查找报错弹窗...[0m
[36m2025-10-14 15:59:44 - DEBUG - 找到ok_btn[0m
[32m2025-10-14 15:59:44 - INFO - 点击确认按钮[0m
[36m2025-10-14 15:59:44 - DEBUG - 弹窗内容(ID方式): 最新:[0m
[33m2025-10-14 15:59:44 - WARNING - 委托失败，最新:[0m
[32m2025-10-14 16:06:25 - INFO - 点击买入按钮(里)[0m
[32m2025-10-14 16:06:26 - INFO - 点击股票搜索框[0m
[32m2025-10-14 16:06:27 - INFO - 输入股票名称: 中国卫星[0m
[32m2025-10-14 16:06:30 - INFO - 输入数量:200手[0m
[32m2025-10-14 16:06:31 - INFO - 点击按钮: 买入 (提交)[0m
[32m2025-10-14 16:06:31 - INFO - --------------------------------------------------[0m
[32m2025-10-14 16:06:31 - INFO - 开始处理弹窗[0m
[32m2025-10-14 16:06:31 - INFO - 检测到'委托确认'提示[0m
[36m2025-10-14 16:06:32 - DEBUG - 找到ok_btn[0m
[32m2025-10-14 16:06:32 - INFO - 点击确认按钮[0m
[32m2025-10-14 16:06:34 - INFO - 尝试查找报错弹窗...[0m
[36m2025-10-14 16:06:34 - DEBUG - 找到ok_btn[0m
[32m2025-10-14 16:06:35 - INFO - 点击确认按钮[0m
[36m2025-10-14 16:06:35 - DEBUG - 弹窗内容(ID方式): 最新:[0m
[33m2025-10-14 16:06:35 - WARNING - 委托失败，最新:[0m
[32m2025-10-16 10:57:16 - INFO - 点击买入按钮(里)[0m
[32m2025-10-16 10:57:17 - INFO - 点击股票搜索框[0m
[32m2025-10-16 10:57:18 - INFO - 输入股票名称: 华友钴业[0m
[32m2025-10-16 10:57:21 - INFO - 输入数量:300手[0m
[32m2025-10-16 10:57:21 - INFO - 点击按钮: 买入 (提交)[0m
[32m2025-10-16 10:57:21 - INFO - --------------------------------------------------[0m
[32m2025-10-16 10:57:21 - INFO - 开始处理弹窗[0m
[32m2025-10-16 10:57:22 - INFO - 检测到'委托确认'提示[0m
[36m2025-10-16 10:57:23 - DEBUG - 找到ok_btn[0m
[32m2025-10-16 10:57:23 - INFO - 点击确认按钮[0m
[32m2025-10-16 10:57:25 - INFO - 尝试查找报错弹窗...[0m
[36m2025-10-16 10:57:25 - DEBUG - 找到ok_btn[0m
[32m2025-10-16 10:57:25 - INFO - 点击确认按钮[0m
[36m2025-10-16 10:57:25 - DEBUG - 弹窗内容(ID方式): 最新:[0m
[33m2025-10-16 10:57:25 - WARNING - 委托失败，最新:[0m
[32m2025-10-16 11:25:41 - INFO - 点击卖出按钮(里)[0m
[32m2025-10-16 11:25:41 - INFO - 点击股票搜索框[0m
[32m2025-10-16 11:25:43 - INFO - 输入股票名称: 巨力索具[0m
[32m2025-10-16 11:25:46 - INFO - 输入数量:2600手[0m
[32m2025-10-16 11:25:46 - INFO - 点击按钮: 卖出 (提交)[0m
[32m2025-10-16 11:25:46 - INFO - --------------------------------------------------[0m
[32m2025-10-16 11:25:46 - INFO - 开始处理弹窗[0m
[32m2025-10-16 11:25:46 - INFO - 检测到'委托确认'提示[0m
[36m2025-10-16 11:25:47 - DEBUG - 找到ok_btn[0m
[32m2025-10-16 11:25:48 - INFO - 点击确认按钮[0m
[32m2025-10-16 11:25:50 - INFO - 尝试查找报错弹窗...[0m
[36m2025-10-16 11:25:50 - DEBUG - 找到ok_btn[0m
[32m2025-10-16 11:25:50 - INFO - 点击确认按钮[0m
[36m2025-10-16 11:25:50 - DEBUG - 弹窗内容(ID方式): 最新:[0m
[33m2025-10-16 11:25:50 - WARNING - 委托失败，最新:[0m
