[32m2025-09-25 09:25:13 - INFO - 正在切换至: 交易页[0m
[32m2025-09-25 09:25:15 - INFO - 已切换至: 交易页[0m
[32m2025-09-25 09:25:15 - INFO - 当前已是 中山证券 账户，无需切换[0m
[32m2025-09-25 09:25:26 - INFO - 正在切换至: 交易页[0m
[32m2025-09-25 09:25:27 - INFO - 已切换至: 交易页[0m
[32m2025-09-25 09:25:28 - INFO - 当前已是 中山证券 账户，无需切换[0m
[32m2025-09-25 09:25:29 - INFO - 正在切换至: 账户页[0m
[32m2025-09-25 09:25:29 - INFO - 当前页面: 账户页[0m
[32m2025-09-25 09:26:52 - INFO - 正在切换至: 交易页[0m
[32m2025-09-25 09:26:54 - INFO - 已切换至: 交易页[0m
[32m2025-09-25 09:26:54 - INFO - 账户定位失败[0m
[32m2025-09-25 09:26:58 - INFO - 正在切换至: 交易页[0m
[32m2025-09-25 09:26:58 - INFO - 已切换至: 交易页[0m
[32m2025-09-25 09:26:58 - INFO - 账户定位失败[0m
[32m2025-09-25 09:26:59 - INFO - 正在切换至: 账户页[0m
[32m2025-09-25 09:27:00 - INFO - 当前页面: 交易页[0m
[32m2025-09-25 09:27:00 - INFO - ✅ 已切换至: 账户页[0m
[32m2025-09-25 09:27:27 - INFO - 正在切换至: 交易页[0m
[32m2025-09-25 09:27:28 - INFO - 已切换至: 交易页[0m
[32m2025-09-25 09:27:28 - INFO - 账户定位失败[0m
[32m2025-09-25 09:27:29 - INFO - 正在切换至: 账户页[0m
[32m2025-09-25 09:27:29 - INFO - 当前页面: 交易页[0m
[32m2025-09-25 09:27:30 - INFO - ✅ 已切换至: 账户页[0m
[32m2025-09-25 09:28:30 - INFO - 正在切换至: 交易页[0m
[32m2025-09-25 09:28:32 - INFO - 已切换至: 交易页[0m
[32m2025-09-25 09:28:32 - INFO - 账户定位失败[0m
[32m2025-09-25 09:28:36 - INFO - 正在切换至: 交易页[0m
[32m2025-09-25 09:28:36 - INFO - 已切换至: 交易页[0m
[32m2025-09-25 09:28:36 - INFO - 账户定位失败[0m
[32m2025-09-25 09:28:37 - INFO - 正在切换至: 账户页[0m
[32m2025-09-25 09:28:38 - INFO - 当前页面: 交易页[0m
[32m2025-09-25 09:28:38 - INFO - ✅ 已切换至: 账户页[0m
[32m2025-09-25 09:33:37 - INFO - 正在切换至: 交易页[0m
[32m2025-09-25 09:33:39 - INFO - 已切换至: 交易页[0m
[32m2025-09-25 09:33:39 - INFO - 账户定位失败[0m
[32m2025-09-25 09:34:02 - INFO - 正在切换至: 交易页[0m
[32m2025-09-25 09:34:02 - INFO - 已切换至: 交易页[0m
[32m2025-09-25 09:34:02 - INFO - 当前已是 中山证券 账户，无需切换[0m
[32m2025-09-25 09:36:30 - INFO - 正在切换至: 交易页[0m
[32m2025-09-25 09:36:32 - INFO - 已切换至: 交易页[0m
[32m2025-09-25 09:36:33 - INFO - 当前已是 中山证券 账户，无需切换[0m
[32m2025-09-25 09:38:04 - INFO - 正在切换至: 交易页[0m
[32m2025-09-25 09:38:06 - INFO - 已切换至: 交易页[0m
[32m2025-09-25 09:38:06 - INFO - 当前已是 中山证券 账户，无需切换[0m
[32m2025-09-25 09:42:10 - INFO - 正在切换至: 交易页[0m
[32m2025-09-25 09:42:12 - INFO - 已切换至: 交易页[0m
[32m2025-09-25 09:42:12 - INFO - 当前已是 中山证券 账户，无需切换[0m
[32m2025-09-25 09:42:23 - INFO - 正在切换至: 交易页[0m
[32m2025-09-25 09:42:25 - INFO - 已切换至: 交易页[0m
[32m2025-09-25 09:42:25 - INFO - 当前已是 中山证券 账户，无需切换[0m
[32m2025-09-25 09:42:26 - INFO - 正在切换至: 账户页[0m
[32m2025-09-25 09:42:27 - INFO - 当前页面: 账户页[0m
[32m2025-09-25 09:43:16 - INFO - 正在切换至: 交易页[0m
[32m2025-09-25 09:43:18 - INFO - 已切换至: 交易页[0m
[32m2025-09-25 09:43:18 - INFO - 当前已是 中山证券 账户，无需切换[0m
[32m2025-09-25 09:45:49 - INFO - 正在切换至: 交易页[0m
[32m2025-09-25 09:45:51 - INFO - 已切换至: 交易页[0m
[32m2025-09-25 09:45:51 - INFO - 当前已是 中山证券 账户，无需切换[0m
[32m2025-09-25 10:10:27 - INFO - 正在切换至: 交易页[0m
[32m2025-09-25 10:10:29 - INFO - 已切换至: 交易页[0m
[32m2025-09-25 10:10:29 - INFO - 当前已是 中山证券 账户，无需切换[0m
[32m2025-09-25 10:13:07 - INFO - 正在切换至: 交易页[0m
[32m2025-09-25 10:13:09 - INFO - 已切换至: 交易页[0m
[32m2025-09-25 10:13:09 - INFO - 当前已是 中山证券 账户，无需切换[0m
[32m2025-09-25 14:56:31 - INFO - 正在切换至: 账户页[0m
[32m2025-09-25 14:56:35 - INFO - 当前页面: 当前在未知页,尝试返回[0m
[31m2025-09-25 14:56:35 - ERROR - 无法返回账户页[0m
[32m2025-09-25 14:56:41 - INFO - 正在切换至: 账户页[0m
[32m2025-09-25 14:56:41 - INFO - 当前页面: 账户页[0m
[32m2025-09-25 14:56:46 - INFO - 正在切换至: 账户页[0m
[32m2025-09-25 14:56:46 - INFO - 当前页面: 账户页[0m
[32m2025-09-25 14:56:51 - INFO - 正在切换至: 账户页[0m
[32m2025-09-25 14:56:52 - INFO - 当前页面: 账户页[0m
[32m2025-09-25 18:37:55 - INFO - 正在切换至: 交易页[0m
[32m2025-09-25 18:37:58 - INFO - 已切换至: 交易页[0m
[32m2025-09-25 18:37:58 - INFO - 当前已是 中山证券 账户，无需切换[0m
[32m2025-09-25 18:44:02 - INFO - 正在切换至: 交易页[0m
[32m2025-09-25 18:44:04 - INFO - 已切换至: 交易页[0m
[32m2025-09-25 18:44:04 - INFO - 当前已是 中山证券 账户，无需切换[0m
[32m2025-09-25 18:45:49 - INFO - 正在切换至: 交易页[0m
[32m2025-09-25 18:45:51 - INFO - 已切换至: 交易页[0m
[32m2025-09-25 18:45:51 - INFO - 当前已是 中山证券 账户，无需切换[0m
[32m2025-09-25 18:47:44 - INFO - 正在切换至: 交易页[0m
[32m2025-09-25 18:47:46 - INFO - 已切换至: 交易页[0m
[32m2025-09-25 18:47:46 - INFO - 当前已是 中山证券 账户，无需切换[0m
[32m2025-09-25 18:52:49 - INFO - 正在切换至: 交易页[0m
[32m2025-09-25 18:52:51 - INFO - 已切换至: 交易页[0m
[32m2025-09-25 18:52:51 - INFO - 当前已是 中山证券 账户，无需切换[0m
[32m2025-09-25 18:54:33 - INFO - 正在切换至: 交易页[0m
[32m2025-09-25 18:54:35 - INFO - 已切换至: 交易页[0m
[32m2025-09-25 18:54:35 - INFO - 当前已是 中山证券 账户，无需切换[0m
[32m2025-09-26 15:03:36 - INFO - 正在切换至: 账户页[0m
[32m2025-09-26 15:03:37 - INFO - 当前页面: 账户页[0m
[32m2025-09-26 15:03:40 - INFO - 正在切换至: 账户页[0m
[32m2025-09-26 15:03:40 - INFO - 当前页面: 账户页[0m
[32m2025-09-26 15:03:43 - INFO - 正在切换至: 账户页[0m
[32m2025-09-26 15:03:43 - INFO - 当前页面: 账户页[0m
[32m2025-09-26 15:03:46 - INFO - 正在切换至: 账户页[0m
[32m2025-09-26 15:03:46 - INFO - 当前页面: 账户页[0m
[32m2025-09-26 17:57:40 - INFO - 正在切换至: 交易页[0m
[32m2025-09-26 17:57:59 - INFO - 正在切换至: 交易页[0m
[32m2025-09-26 17:58:12 - INFO - 已切换至: 交易页[0m
[32m2025-09-26 17:58:12 - INFO - 账户定位失败[0m
[32m2025-09-26 17:58:21 - INFO - 正在切换至: 交易页[0m
[32m2025-09-26 17:58:21 - INFO - 已切换至: 交易页[0m
[32m2025-09-26 17:58:24 - INFO - 点击账户切换弹窗[0m
[33m2025-09-26 17:58:24 - WARNING - 已切换至 中山证券 账户已登录[0m
[32m2025-09-26 17:58:25 - INFO - 点击持仓按钮(入口)[0m
