[32m2025-10-10 10:58:11 - INFO - 正在切换至: 交易页[0m
[32m2025-10-10 10:58:11 - INFO - 已切换至: 交易页[0m
[32m2025-10-10 10:58:14 - INFO - 点击账户切换弹窗[0m
[33m2025-10-10 10:58:14 - WARNING - 已切换至 中山证券 账户已登录[0m
[32m2025-10-10 10:58:14 - INFO - 点击持仓按钮(入口)[0m
[32m2025-10-10 10:58:27 - INFO - 正在切换至: 交易入口页[0m
[32m2025-10-10 10:58:29 - INFO - 已切换至: 交易入口页[0m
[32m2025-10-10 10:58:29 - INFO - 当前已是 中山证券 账户，无需切换[0m
[32m2025-10-10 10:58:31 - INFO - 正在切换至: 账户页[0m
[32m2025-10-10 10:58:31 - INFO - 当前页面: 账户页[0m
[32m2025-10-10 10:58:45 - INFO - 正在切换至: 交易入口页[0m
[32m2025-10-10 10:58:46 - INFO - 已切换至: 交易入口页[0m
[32m2025-10-10 10:58:47 - INFO - 当前已是 中山证券 账户，无需切换[0m
[32m2025-10-10 11:02:40 - INFO - 正在切换至: 交易入口页[0m
[32m2025-10-10 11:02:42 - INFO - 已切换至: 交易入口页[0m
[32m2025-10-10 11:22:36 - INFO - 正在切换至: 交易入口页[0m
[32m2025-10-10 11:26:28 - INFO - 正在切换至: 交易入口页[0m
[32m2025-10-10 11:26:29 - INFO - 已切换至: 交易入口页[0m
[32m2025-10-10 13:00:04 - INFO - 正在切换至: 交易入口页[0m
[32m2025-10-10 13:03:04 - INFO - 正在切换至: 交易入口页[0m
[32m2025-10-10 13:34:32 - INFO - 正在切换至: 交易入口页[0m
[32m2025-10-10 13:34:50 - INFO - 正在切换至: 交易入口页[0m
[32m2025-10-10 13:35:17 - INFO - 正在切换至: 交易入口页[0m
[32m2025-10-10 13:35:17 - INFO - 已切换至: 交易入口页[0m
[32m2025-10-10 13:35:20 - INFO - 点击账户切换弹窗[0m
[33m2025-10-10 13:35:20 - WARNING - 已切换至 中泰证券 账户已登录[0m
[32m2025-10-10 13:35:21 - INFO - 正在切换至: 账户页[0m
[32m2025-10-10 13:35:21 - INFO - 当前页面: 交易入口页[0m
[31m2025-10-10 13:35:21 - ERROR - 无法返回账户页[0m
[32m2025-10-10 13:43:26 - INFO - 正在切换至: 交易入口页[0m
[32m2025-10-10 13:51:08 - INFO - 正在切换至: 交易入口页[0m
[32m2025-10-10 13:51:08 - INFO - 已切换至: 交易入口页[0m
[32m2025-10-10 13:51:09 - INFO - 当前已是 中泰证券 账户，无需切换[0m
[32m2025-10-10 14:38:57 - INFO - 正在切换至: 交易入口页[0m
[32m2025-10-10 14:38:59 - INFO - 已切换至: 交易入口页[0m
[32m2025-10-10 14:39:02 - INFO - 点击账户切换弹窗[0m
[33m2025-10-10 14:39:02 - WARNING - 已切换至 中泰证券 账户已登录[0m
[32m2025-10-10 14:39:03 - INFO - 正在切换至: 账户页[0m
[32m2025-10-10 14:39:03 - INFO - 当前页面: 交易入口页[0m
[31m2025-10-10 14:39:03 - ERROR - 无法返回账户页[0m
[32m2025-10-10 14:39:22 - INFO - 正在切换至: 交易入口页[0m
[32m2025-10-10 14:39:24 - INFO - 已切换至: 交易入口页[0m
[32m2025-10-10 14:39:24 - INFO - 当前已是 中泰证券 账户，无需切换[0m
[32m2025-10-10 14:39:26 - INFO - 正在切换至: 账户页[0m
[32m2025-10-10 14:39:26 - INFO - 当前页面: 账户页[0m
[32m2025-10-10 14:41:12 - INFO - 正在切换至: 交易页[0m
[32m2025-10-10 14:41:13 - INFO - 已切换至: 交易页[0m
[32m2025-10-10 14:41:13 - INFO - 账户定位失败[0m
[32m2025-10-10 14:47:27 - INFO - 正在切换至: 交易入口页[0m
[32m2025-10-10 14:56:13 - INFO - 正在切换至: 交易入口页[0m
[32m2025-10-10 15:00:08 - INFO - 正在切换至: 交易入口页[0m
[32m2025-10-10 15:00:10 - INFO - 已切换至: 交易入口页[0m
[32m2025-10-10 15:09:41 - INFO - 正在切换至: 交易入口页[0m
[32m2025-10-10 15:09:41 - INFO - 已切换至: 交易入口页[0m
[32m2025-10-10 15:09:44 - INFO - 点击账户切换弹窗[0m
[33m2025-10-10 15:09:44 - WARNING - 已切换至 中泰证券 账户已登录[0m
[32m2025-10-10 15:09:45 - INFO - 正在切换至: 账户页[0m
[32m2025-10-10 15:09:45 - INFO - 当前页面: 交易入口页[0m
[31m2025-10-10 15:09:45 - ERROR - 无法返回账户页[0m
[32m2025-10-10 15:31:26 - INFO - 正在切换至: 交易入口页[0m
[32m2025-10-10 15:31:28 - INFO - 已切换至: 交易入口页[0m
[32m2025-10-10 15:31:29 - INFO - 当前已是 中泰证券 账户，无需切换[0m
[32m2025-10-10 15:31:30 - INFO - 正在切换至: 账户页[0m
[32m2025-10-10 15:31:30 - INFO - 当前页面: 账户页[0m
[32m2025-10-10 15:32:00 - INFO - 正在切换至: 交易入口页[0m
[32m2025-10-10 15:32:01 - INFO - 已切换至: 交易入口页[0m
[32m2025-10-10 15:32:02 - INFO - 当前已是 中泰证券 账户，无需切换[0m
[32m2025-10-10 15:32:03 - INFO - 正在切换至: 账户页[0m
[32m2025-10-10 15:32:04 - INFO - 当前页面: 账户页[0m
[32m2025-10-10 15:32:18 - INFO - 正在切换至: 交易入口页[0m
[32m2025-10-10 15:32:20 - INFO - 已切换至: 交易入口页[0m
[32m2025-10-10 15:32:20 - INFO - 当前已是 中泰证券 账户，无需切换[0m
[32m2025-10-10 15:32:21 - INFO - 正在切换至: 账户页[0m
[32m2025-10-10 15:32:22 - INFO - 当前页面: 账户页[0m
[32m2025-10-10 15:57:11 - INFO - 正在切换至: 交易入口页[0m
[32m2025-10-10 15:57:13 - INFO - 已切换至: 交易入口页[0m
[32m2025-10-10 15:57:13 - INFO - 当前已是 中泰证券 账户，无需切换[0m
[32m2025-10-10 15:57:15 - INFO - 正在切换至: 账户页[0m
[32m2025-10-10 15:57:15 - INFO - 当前页面: 账户页[0m
[32m2025-10-10 16:19:50 - INFO - 正在切换至: 交易入口页[0m
[32m2025-10-10 16:19:52 - INFO - 已切换至: 交易入口页[0m
[32m2025-10-10 16:19:52 - INFO - 当前已是 中泰证券 账户，无需切换[0m
[32m2025-10-10 16:19:54 - INFO - 正在切换至: 账户页[0m
[32m2025-10-10 16:19:54 - INFO - 当前页面: 账户页[0m
[32m2025-10-10 16:33:28 - INFO - 正在切换至: 交易入口页[0m
[32m2025-10-13 09:25:09 - INFO - 正在切换至: 交易入口页[0m
[32m2025-10-13 09:31:22 - INFO - 正在切换至: 交易入口页[0m
[32m2025-10-13 09:31:59 - INFO - 正在切换至: 交易入口页[0m
[32m2025-10-13 09:33:08 - INFO - 正在切换至: 交易入口页[0m
[32m2025-10-13 09:34:07 - INFO - 正在切换至: 交易入口页[0m
[32m2025-10-13 09:35:19 - INFO - 正在切换至: 交易入口页[0m
[32m2025-10-13 09:35:19 - INFO - 已切换至: 交易入口页[0m
[32m2025-10-13 09:35:19 - INFO - 当前已是 中山证券 账户，无需切换[0m
[32m2025-10-13 09:35:28 - INFO - 正在切换至: 交易入口页[0m
[32m2025-10-13 09:35:30 - INFO - 已切换至: 交易入口页[0m
[32m2025-10-13 09:35:30 - INFO - 当前已是 中山证券 账户，无需切换[0m
[32m2025-10-13 09:35:32 - INFO - 正在切换至: 账户页[0m
[32m2025-10-13 09:35:32 - INFO - 当前页面: 账户页[0m
[32m2025-10-13 10:10:39 - INFO - 正在切换至: 交易入口页[0m
[32m2025-10-13 10:10:41 - INFO - 已切换至: 交易入口页[0m
[32m2025-10-13 10:10:41 - INFO - 当前已是 中山证券 账户，无需切换[0m
[32m2025-10-13 10:10:50 - INFO - 正在切换至: 交易入口页[0m
[32m2025-10-13 10:10:50 - INFO - 已切换至: 交易入口页[0m
[32m2025-10-13 10:10:50 - INFO - 当前已是 中山证券 账户，无需切换[0m
[32m2025-10-13 10:10:52 - INFO - 正在切换至: 账户页[0m
[32m2025-10-13 10:10:52 - INFO - 当前页面: 交易入口页[0m
[31m2025-10-13 10:10:52 - ERROR - 无法返回账户页[0m
[32m2025-10-13 10:10:59 - INFO - 正在切换至: 交易入口页[0m
[32m2025-10-13 10:21:01 - INFO - 正在切换至: 交易入口页[0m
[32m2025-10-13 10:21:27 - INFO - 已切换至: 交易入口页[0m
[32m2025-10-13 10:21:28 - INFO - 当前已是 中山证券 账户，无需切换[0m
[32m2025-10-13 10:21:36 - INFO - 正在切换至: 交易入口页[0m
[32m2025-10-13 10:21:38 - INFO - 已切换至: 交易入口页[0m
[32m2025-10-13 10:21:39 - INFO - 当前已是 中山证券 账户，无需切换[0m
[32m2025-10-13 10:21:39 - INFO - 正在切换至: 交易入口页[0m
[32m2025-10-13 10:21:40 - INFO - 正在切换至: 账户页[0m
[32m2025-10-13 10:21:40 - INFO - 当前页面: 交易入口页[0m
[31m2025-10-13 10:21:40 - ERROR - 无法返回账户页[0m
[31m2025-10-13 10:21:45 - ERROR - 多次尝试后仍无法进入交易页[0m
[32m2025-10-13 10:21:48 - INFO - 点击账户切换弹窗[0m
[32m2025-10-13 10:22:09 - INFO - 正在切换至: 交易入口页[0m
[32m2025-10-13 10:22:09 - INFO - 已切换至: 交易入口页[0m
[32m2025-10-13 10:22:09 - INFO - 当前已是 中山证券 账户，无需切换[0m
[32m2025-10-13 10:22:11 - INFO - 正在切换至: 账户页[0m
[32m2025-10-13 10:22:11 - INFO - 当前页面: 账户页[0m
[32m2025-10-13 11:01:33 - INFO - 正在切换至: 交易入口页[0m
[32m2025-10-13 11:01:47 - INFO - 正在切换至: 交易入口页[0m
[32m2025-10-13 11:03:09 - INFO - 正在切换至: 交易入口页[0m
[32m2025-10-13 11:04:17 - INFO - 正在切换至: 交易入口页[0m
[32m2025-10-13 11:05:16 - INFO - 正在切换至: 交易入口页[0m
[32m2025-10-13 11:06:32 - INFO - 正在切换至: 交易入口页[0m
[32m2025-10-13 11:07:37 - INFO - 正在切换至: 交易入口页[0m
[32m2025-10-13 11:08:51 - INFO - 正在切换至: 交易入口页[0m
[32m2025-10-13 11:10:05 - INFO - 正在切换至: 交易入口页[0m
[32m2025-10-13 11:11:11 - INFO - 正在切换至: 交易入口页[0m
[32m2025-10-13 11:12:26 - INFO - 正在切换至: 交易入口页[0m
[32m2025-10-13 11:13:30 - INFO - 正在切换至: 交易入口页[0m
[32m2025-10-13 11:14:44 - INFO - 正在切换至: 交易入口页[0m
[32m2025-10-13 11:15:56 - INFO - 正在切换至: 交易入口页[0m
[32m2025-10-13 11:17:05 - INFO - 正在切换至: 交易入口页[0m
[32m2025-10-13 11:18:16 - INFO - 正在切换至: 交易入口页[0m
[32m2025-10-13 11:19:30 - INFO - 正在切换至: 交易入口页[0m
[32m2025-10-13 11:20:46 - INFO - 正在切换至: 交易入口页[0m
[32m2025-10-13 11:21:45 - INFO - 正在切换至: 交易入口页[0m
[32m2025-10-13 11:22:54 - INFO - 正在切换至: 交易入口页[0m
[32m2025-10-13 11:23:57 - INFO - 正在切换至: 交易入口页[0m
[32m2025-10-13 11:24:59 - INFO - 正在切换至: 交易入口页[0m
[32m2025-10-13 11:26:01 - INFO - 正在切换至: 交易入口页[0m
[32m2025-10-13 11:27:10 - INFO - 正在切换至: 交易入口页[0m
[32m2025-10-13 11:28:19 - INFO - 正在切换至: 交易入口页[0m
[32m2025-10-13 11:29:15 - INFO - 正在切换至: 交易入口页[0m
[32m2025-10-13 13:00:37 - INFO - 正在切换至: 交易入口页[0m
[32m2025-10-13 13:01:40 - INFO - 正在切换至: 交易入口页[0m
[32m2025-10-13 13:02:53 - INFO - 正在切换至: 交易入口页[0m
[32m2025-10-13 13:03:58 - INFO - 正在切换至: 交易入口页[0m
[32m2025-10-13 13:05:13 - INFO - 正在切换至: 交易入口页[0m
[32m2025-10-13 13:06:23 - INFO - 正在切换至: 交易入口页[0m
[32m2025-10-13 13:07:35 - INFO - 正在切换至: 交易入口页[0m
[32m2025-10-13 13:08:47 - INFO - 正在切换至: 交易入口页[0m
[32m2025-10-13 13:09:46 - INFO - 正在切换至: 交易入口页[0m
[32m2025-10-13 13:10:54 - INFO - 正在切换至: 交易入口页[0m
[32m2025-10-13 13:11:55 - INFO - 正在切换至: 交易入口页[0m
[32m2025-10-13 13:13:07 - INFO - 正在切换至: 交易入口页[0m
[32m2025-10-13 13:14:05 - INFO - 正在切换至: 交易入口页[0m
[32m2025-10-13 13:15:05 - INFO - 正在切换至: 交易入口页[0m
[32m2025-10-13 13:16:02 - INFO - 正在切换至: 交易入口页[0m
[32m2025-10-13 13:17:08 - INFO - 正在切换至: 交易入口页[0m
[32m2025-10-13 13:18:07 - INFO - 正在切换至: 交易入口页[0m
[32m2025-10-13 13:19:07 - INFO - 正在切换至: 交易入口页[0m
[32m2025-10-13 13:20:03 - INFO - 正在切换至: 交易入口页[0m
[32m2025-10-13 13:21:02 - INFO - 正在切换至: 交易入口页[0m
[32m2025-10-13 13:21:59 - INFO - 正在切换至: 交易入口页[0m
[32m2025-10-13 13:22:55 - INFO - 正在切换至: 交易入口页[0m
[32m2025-10-13 13:23:52 - INFO - 正在切换至: 交易入口页[0m
[32m2025-10-13 13:24:58 - INFO - 正在切换至: 交易入口页[0m
[32m2025-10-13 13:26:12 - INFO - 正在切换至: 交易入口页[0m
[32m2025-10-13 13:27:21 - INFO - 正在切换至: 交易入口页[0m
[32m2025-10-13 13:28:30 - INFO - 正在切换至: 交易入口页[0m
[32m2025-10-13 13:29:28 - INFO - 正在切换至: 交易入口页[0m
[32m2025-10-13 13:30:40 - INFO - 正在切换至: 交易入口页[0m
[32m2025-10-13 13:31:49 - INFO - 正在切换至: 交易入口页[0m
[32m2025-10-13 13:33:04 - INFO - 正在切换至: 交易入口页[0m
[32m2025-10-13 13:34:10 - INFO - 正在切换至: 交易入口页[0m
[32m2025-10-13 13:35:06 - INFO - 正在切换至: 交易入口页[0m
[32m2025-10-13 13:36:09 - INFO - 正在切换至: 交易入口页[0m
[32m2025-10-13 13:37:24 - INFO - 正在切换至: 交易入口页[0m
[32m2025-10-13 13:38:30 - INFO - 正在切换至: 交易入口页[0m
[32m2025-10-13 13:39:28 - INFO - 正在切换至: 交易入口页[0m
[32m2025-10-13 13:40:34 - INFO - 正在切换至: 交易入口页[0m
[32m2025-10-13 13:41:39 - INFO - 正在切换至: 交易入口页[0m
[32m2025-10-13 13:42:35 - INFO - 正在切换至: 交易入口页[0m
[32m2025-10-13 13:43:45 - INFO - 正在切换至: 交易入口页[0m
[32m2025-10-13 13:44:45 - INFO - 正在切换至: 交易入口页[0m
[32m2025-10-13 13:45:54 - INFO - 正在切换至: 交易入口页[0m
[32m2025-10-13 13:47:06 - INFO - 正在切换至: 交易入口页[0m
[32m2025-10-13 13:48:04 - INFO - 正在切换至: 交易入口页[0m
[32m2025-10-13 13:49:19 - INFO - 正在切换至: 交易入口页[0m
[32m2025-10-13 13:50:16 - INFO - 正在切换至: 交易入口页[0m
[32m2025-10-13 13:51:20 - INFO - 正在切换至: 交易入口页[0m
[32m2025-10-13 13:52:22 - INFO - 正在切换至: 交易入口页[0m
[32m2025-10-13 13:53:26 - INFO - 正在切换至: 交易入口页[0m
[32m2025-10-13 13:54:37 - INFO - 正在切换至: 交易入口页[0m
[32m2025-10-13 13:55:44 - INFO - 正在切换至: 交易入口页[0m
[32m2025-10-13 13:56:48 - INFO - 正在切换至: 交易入口页[0m
[32m2025-10-13 13:57:55 - INFO - 正在切换至: 交易入口页[0m
[32m2025-10-13 13:57:55 - INFO - 已切换至: 交易入口页[0m
[32m2025-10-13 13:58:47 - INFO - 正在切换至: 交易入口页[0m
[32m2025-10-13 13:58:49 - INFO - 已切换至: 交易入口页[0m
[32m2025-10-13 13:58:53 - INFO - 点击账户切换弹窗[0m
[33m2025-10-13 13:58:53 - WARNING - 已切换至 中山证券 账户已登录[0m
[32m2025-10-13 14:01:52 - INFO - 正在切换至: 交易入口页[0m
[32m2025-10-13 14:02:49 - INFO - 正在切换至: 交易入口页[0m
[32m2025-10-13 14:03:54 - INFO - 正在切换至: 交易入口页[0m
[32m2025-10-13 14:05:03 - INFO - 正在切换至: 交易入口页[0m
[32m2025-10-13 14:06:15 - INFO - 正在切换至: 交易入口页[0m
[32m2025-10-13 14:06:26 - INFO - 已切换至: 交易入口页[0m
[32m2025-10-13 14:06:26 - INFO - 当前已是 中山证券 账户，无需切换[0m
[32m2025-10-13 14:43:50 - INFO - 正在切换至: 交易入口页[0m
[32m2025-10-13 14:43:51 - INFO - 已切换至: 交易入口页[0m
[32m2025-10-13 14:43:53 - INFO - 点击账户切换弹窗[0m
[32m2025-10-13 14:43:54 - INFO - 点击登录按钮[0m
[32m2025-10-13 14:43:54 - INFO - 输入密码: 170212[0m
[32m2025-10-13 14:43:55 - INFO - 勾选24小时登录[0m
[32m2025-10-13 14:43:55 - INFO - 点击登录按钮[0m
[31m2025-10-13 14:43:55 - ERROR - 登录失败[0m
[32m2025-10-13 14:43:56 - INFO - 正在切换至: 账户页[0m
[32m2025-10-13 14:43:56 - INFO - 当前页面: 交易入口页[0m
[31m2025-10-13 14:43:56 - ERROR - 无法返回账户页[0m
[32m2025-10-13 14:45:11 - INFO - 正在切换至: 交易入口页[0m
[32m2025-10-13 14:45:57 - INFO - 正在切换至: 交易入口页[0m
[32m2025-10-13 14:46:15 - INFO - 已切换至: 交易入口页[0m
[32m2025-10-13 14:46:17 - INFO - 点击账户切换弹窗[0m
[33m2025-10-13 14:46:17 - WARNING - 已切换至 川财证券 账户已登录[0m
[32m2025-10-13 14:46:39 - INFO - 正在切换至: 交易入口页[0m
[32m2025-10-13 14:46:40 - INFO - 已切换至: 交易入口页[0m
[32m2025-10-13 14:46:41 - INFO - 当前已是 川财证券 账户，无需切换[0m
[32m2025-10-13 14:47:20 - INFO - 正在切换至: 交易入口页[0m
[32m2025-10-13 14:47:21 - INFO - 已切换至: 交易入口页[0m
[32m2025-10-13 14:47:21 - INFO - 当前已是 川财证券 账户，无需切换[0m
[32m2025-10-13 14:48:07 - INFO - 正在切换至: 交易入口页[0m
[32m2025-10-13 14:48:09 - INFO - 已切换至: 交易入口页[0m
[32m2025-10-13 14:48:09 - INFO - 当前已是 川财证券 账户，无需切换[0m
[32m2025-10-13 14:48:56 - INFO - 正在切换至: 交易入口页[0m
[32m2025-10-13 14:48:57 - INFO - 已切换至: 交易入口页[0m
[32m2025-10-13 14:48:57 - INFO - 当前已是 川财证券 账户，无需切换[0m
[32m2025-10-14 09:27:53 - INFO - 正在切换至: 交易入口页[0m
[32m2025-10-14 09:28:03 - INFO - 已切换至: 交易入口页[0m
[32m2025-10-14 09:28:05 - INFO - 点击账户切换弹窗[0m
[33m2025-10-14 09:28:05 - WARNING - 已切换至 川财证券 账户已登录[0m
[32m2025-10-14 09:28:36 - INFO - 正在切换至: 交易入口页[0m
[32m2025-10-14 09:28:36 - INFO - 已切换至: 交易入口页[0m
[32m2025-10-14 09:28:36 - INFO - 当前已是 川财证券 账户，无需切换[0m
[32m2025-10-14 09:29:24 - INFO - 正在切换至: 交易入口页[0m
[32m2025-10-14 09:29:25 - INFO - 已切换至: 交易入口页[0m
[32m2025-10-14 09:29:26 - INFO - 当前已是 川财证券 账户，无需切换[0m
[32m2025-10-14 09:33:36 - INFO - 正在切换至: 交易入口页[0m
[32m2025-10-14 09:33:53 - INFO - 正在切换至: 交易入口页[0m
[32m2025-10-14 09:34:17 - INFO - 正在切换至: 交易入口页[0m
[32m2025-10-14 09:34:26 - INFO - 已切换至: 交易入口页[0m
[32m2025-10-14 09:34:28 - INFO - 点击账户切换弹窗[0m
[33m2025-10-14 09:34:28 - WARNING - 已切换至 中泰证券 账户已登录[0m
[32m2025-10-14 09:34:29 - INFO - 正在切换至: 账户页[0m
[32m2025-10-14 09:34:29 - INFO - 当前页面: 交易入口页[0m
[31m2025-10-14 09:34:29 - ERROR - 无法返回账户页[0m
[32m2025-10-14 09:34:43 - INFO - 正在切换至: 交易入口页[0m
[32m2025-10-14 09:34:54 - INFO - 正在切换至: 交易入口页[0m
[32m2025-10-14 09:36:41 - INFO - 正在切换至: 交易入口页[0m
[32m2025-10-14 09:37:26 - INFO - 正在切换至: 交易入口页[0m
[32m2025-10-14 09:38:26 - INFO - 正在切换至: 交易入口页[0m
[32m2025-10-14 09:39:03 - INFO - 正在切换至: 交易入口页[0m
[32m2025-10-14 09:39:20 - INFO - 已切换至: 交易入口页[0m
[32m2025-10-14 09:39:20 - INFO - 当前已是 中泰证券 账户，无需切换[0m
[32m2025-10-14 09:39:22 - INFO - 正在切换至: 账户页[0m
[32m2025-10-14 09:39:22 - INFO - 当前页面: 账户页[0m
[32m2025-10-14 09:39:27 - INFO - 正在切换至: 交易入口页[0m
[32m2025-10-14 09:39:29 - INFO - 已切换至: 交易入口页[0m
[32m2025-10-14 09:39:31 - INFO - 点击账户切换弹窗[0m
[33m2025-10-14 09:39:31 - WARNING - 已切换至 川财证券 账户已登录[0m
[32m2025-10-14 09:45:43 - INFO - 正在切换至: 交易入口页[0m
[32m2025-10-14 09:47:13 - INFO - 正在切换至: 交易入口页[0m
[32m2025-10-14 09:48:04 - INFO - 正在切换至: 交易入口页[0m
[32m2025-10-14 09:49:00 - INFO - 正在切换至: 交易入口页[0m
[32m2025-10-14 09:50:01 - INFO - 正在切换至: 交易入口页[0m
[32m2025-10-14 09:51:15 - INFO - 正在切换至: 交易入口页[0m
[32m2025-10-14 09:52:25 - INFO - 正在切换至: 交易入口页[0m
[32m2025-10-14 09:53:36 - INFO - 正在切换至: 交易入口页[0m
[32m2025-10-14 09:54:51 - INFO - 正在切换至: 交易入口页[0m
[32m2025-10-14 09:56:04 - INFO - 正在切换至: 交易入口页[0m
[32m2025-10-14 09:57:19 - INFO - 正在切换至: 交易入口页[0m
[32m2025-10-14 11:16:21 - INFO - 正在切换至: 交易入口页[0m
[32m2025-10-14 11:17:29 - INFO - 正在切换至: 交易入口页[0m
[32m2025-10-14 11:18:37 - INFO - 正在切换至: 交易入口页[0m
[32m2025-10-14 11:19:46 - INFO - 正在切换至: 交易入口页[0m
[32m2025-10-14 11:20:50 - INFO - 正在切换至: 交易入口页[0m
[32m2025-10-14 11:21:59 - INFO - 正在切换至: 交易入口页[0m
[32m2025-10-14 11:23:07 - INFO - 正在切换至: 交易入口页[0m
[32m2025-10-14 11:24:16 - INFO - 正在切换至: 交易入口页[0m
[32m2025-10-14 11:25:27 - INFO - 正在切换至: 交易入口页[0m
[32m2025-10-14 11:26:40 - INFO - 正在切换至: 交易入口页[0m
[32m2025-10-14 11:27:51 - INFO - 正在切换至: 交易入口页[0m
[32m2025-10-14 11:28:48 - INFO - 正在切换至: 交易入口页[0m
[32m2025-10-14 11:29:59 - INFO - 正在切换至: 交易入口页[0m
[32m2025-10-14 13:33:33 - INFO - 正在切换至: 交易入口页[0m
[32m2025-10-14 13:34:40 - INFO - 正在切换至: 交易入口页[0m
[32m2025-10-14 13:35:53 - INFO - 正在切换至: 交易入口页[0m
[32m2025-10-14 13:36:25 - INFO - 正在切换至: 交易入口页[0m
[32m2025-10-14 13:37:00 - INFO - 正在切换至: 交易入口页[0m
[32m2025-10-14 13:37:23 - INFO - 已切换至: 交易入口页[0m
[32m2025-10-14 13:37:25 - INFO - 点击账户切换弹窗[0m
[33m2025-10-14 13:37:25 - WARNING - 已切换至 川财证券 账户已登录[0m
[32m2025-10-14 13:38:38 - INFO - 正在切换至: 交易入口页[0m
[32m2025-10-14 13:38:40 - INFO - 已切换至: 交易入口页[0m
[32m2025-10-14 13:38:40 - INFO - 当前已是 川财证券 账户，无需切换[0m
[32m2025-10-14 13:39:22 - INFO - 正在切换至: 交易入口页[0m
[32m2025-10-14 13:39:24 - INFO - 已切换至: 交易入口页[0m
[32m2025-10-14 13:39:24 - INFO - 当前已是 川财证券 账户，无需切换[0m
[32m2025-10-14 13:40:18 - INFO - 正在切换至: 交易入口页[0m
[32m2025-10-14 13:40:20 - INFO - 已切换至: 交易入口页[0m
[32m2025-10-14 13:40:20 - INFO - 当前已是 川财证券 账户，无需切换[0m
[32m2025-10-14 13:41:11 - INFO - 正在切换至: 交易入口页[0m
[32m2025-10-14 13:41:13 - INFO - 已切换至: 交易入口页[0m
[32m2025-10-14 13:41:13 - INFO - 当前已是 川财证券 账户，无需切换[0m
[32m2025-10-14 13:42:06 - INFO - 正在切换至: 交易入口页[0m
[32m2025-10-14 13:42:07 - INFO - 已切换至: 交易入口页[0m
[32m2025-10-14 13:42:07 - INFO - 当前已是 川财证券 账户，无需切换[0m
[32m2025-10-14 13:42:59 - INFO - 正在切换至: 交易入口页[0m
[32m2025-10-14 13:43:00 - INFO - 已切换至: 交易入口页[0m
[32m2025-10-14 13:43:00 - INFO - 当前已是 川财证券 账户，无需切换[0m
[32m2025-10-14 13:51:49 - INFO - 正在切换至: 交易入口页[0m
[32m2025-10-14 13:51:51 - INFO - 已切换至: 交易入口页[0m
[32m2025-10-14 13:51:51 - INFO - 当前已是 川财证券 账户，无需切换[0m
[32m2025-10-14 14:06:48 - INFO - 正在切换至: 交易入口页[0m
[32m2025-10-14 14:06:49 - INFO - 已切换至: 交易入口页[0m
[32m2025-10-14 14:06:49 - INFO - 当前已是 川财证券 账户，无需切换[0m
[32m2025-10-14 14:17:36 - INFO - 正在切换至: 交易入口页[0m
[32m2025-10-14 14:17:38 - INFO - 已切换至: 交易入口页[0m
[32m2025-10-14 14:17:38 - INFO - 当前已是 川财证券 账户，无需切换[0m
[32m2025-10-14 14:24:26 - INFO - 正在切换至: 交易入口页[0m
[32m2025-10-14 14:24:28 - INFO - 已切换至: 交易入口页[0m
[32m2025-10-14 14:24:28 - INFO - 当前已是 川财证券 账户，无需切换[0m
[32m2025-10-14 14:27:31 - INFO - 正在切换至: 交易入口页[0m
[32m2025-10-14 14:27:32 - INFO - 已切换至: 交易入口页[0m
[32m2025-10-14 14:27:32 - INFO - 当前已是 川财证券 账户，无需切换[0m
[32m2025-10-14 14:35:58 - INFO - 正在切换至: 交易入口页[0m
[32m2025-10-14 14:35:59 - INFO - 已切换至: 交易入口页[0m
[32m2025-10-14 14:35:59 - INFO - 当前已是 川财证券 账户，无需切换[0m
[32m2025-10-14 14:36:10 - INFO - 正在切换至: 交易入口页[0m
[32m2025-10-14 14:36:12 - INFO - 已切换至: 交易入口页[0m
[32m2025-10-14 14:36:12 - INFO - 当前已是 川财证券 账户，无需切换[0m
[32m2025-10-14 14:36:13 - INFO - 正在切换至: 账户页[0m
[32m2025-10-14 14:36:13 - INFO - 当前页面: 账户页[0m
[32m2025-10-14 15:12:11 - INFO - 正在切换至: 交易入口页[0m
[32m2025-10-14 15:12:13 - INFO - 已切换至: 交易入口页[0m
[32m2025-10-14 15:12:13 - INFO - 当前已是 川财证券 账户，无需切换[0m
[32m2025-10-14 15:12:23 - INFO - 正在切换至: 交易入口页[0m
[32m2025-10-14 15:12:25 - INFO - 已切换至: 交易入口页[0m
[32m2025-10-14 15:12:25 - INFO - 当前已是 川财证券 账户，无需切换[0m
[32m2025-10-14 15:12:26 - INFO - 正在切换至: 账户页[0m
[32m2025-10-14 15:12:26 - INFO - 当前页面: 账户页[0m
[32m2025-10-14 15:19:04 - INFO - 正在切换至: 交易入口页[0m
[32m2025-10-14 15:19:05 - INFO - 已切换至: 交易入口页[0m
[32m2025-10-14 15:19:05 - INFO - 当前已是 川财证券 账户，无需切换[0m
[32m2025-10-14 15:19:16 - INFO - 正在切换至: 交易入口页[0m
[32m2025-10-14 15:19:18 - INFO - 已切换至: 交易入口页[0m
[32m2025-10-14 15:19:18 - INFO - 当前已是 川财证券 账户，无需切换[0m
[32m2025-10-14 15:19:19 - INFO - 正在切换至: 账户页[0m
[32m2025-10-14 15:19:19 - INFO - 当前页面: 账户页[0m
[32m2025-10-14 15:52:30 - INFO - 正在切换至: 交易入口页[0m
[32m2025-10-14 15:52:31 - INFO - 已切换至: 交易入口页[0m
[32m2025-10-14 15:52:31 - INFO - 当前已是 川财证券 账户，无需切换[0m
[32m2025-10-14 15:52:42 - INFO - 正在切换至: 交易入口页[0m
[32m2025-10-14 15:52:43 - INFO - 已切换至: 交易入口页[0m
[32m2025-10-14 15:52:44 - INFO - 当前已是 川财证券 账户，无需切换[0m
[32m2025-10-14 15:52:45 - INFO - 正在切换至: 账户页[0m
[32m2025-10-14 15:52:45 - INFO - 当前页面: 账户页[0m
[32m2025-10-14 15:59:21 - INFO - 正在切换至: 交易入口页[0m
[32m2025-10-14 15:59:22 - INFO - 已切换至: 交易入口页[0m
[32m2025-10-14 15:59:22 - INFO - 当前已是 川财证券 账户，无需切换[0m
[32m2025-10-14 15:59:32 - INFO - 正在切换至: 交易入口页[0m
[32m2025-10-14 15:59:33 - INFO - 已切换至: 交易入口页[0m
[32m2025-10-14 15:59:34 - INFO - 当前已是 川财证券 账户，无需切换[0m
[32m2025-10-14 15:59:35 - INFO - 正在切换至: 账户页[0m
[32m2025-10-14 15:59:35 - INFO - 当前页面: 账户页[0m
[32m2025-10-14 16:05:21 - INFO - 正在切换至: 交易入口页[0m
[32m2025-10-14 16:06:11 - INFO - 正在切换至: 交易入口页[0m
[32m2025-10-14 16:06:12 - INFO - 已切换至: 交易入口页[0m
[32m2025-10-14 16:06:12 - INFO - 当前已是 川财证券 账户，无需切换[0m
[32m2025-10-14 16:06:22 - INFO - 正在切换至: 交易入口页[0m
[32m2025-10-14 16:06:24 - INFO - 已切换至: 交易入口页[0m
[32m2025-10-14 16:06:24 - INFO - 当前已是 川财证券 账户，无需切换[0m
[32m2025-10-14 16:06:25 - INFO - 正在切换至: 账户页[0m
[32m2025-10-14 16:06:25 - INFO - 当前页面: 账户页[0m
[32m2025-10-15 09:31:45 - INFO - 正在切换至: 交易入口页[0m
[32m2025-10-15 09:31:47 - INFO - 已切换至: 交易入口页[0m
[32m2025-10-15 09:31:47 - INFO - 当前已是 川财证券 账户，无需切换[0m
[32m2025-10-15 09:51:51 - INFO - 正在切换至: 交易入口页[0m
[32m2025-10-15 09:58:02 - INFO - 正在切换至: 交易入口页[0m
[32m2025-10-15 11:11:01 - INFO - 正在切换至: 交易入口页[0m
[32m2025-10-15 13:34:10 - INFO - 正在切换至: 交易入口页[0m
[32m2025-10-15 13:35:19 - INFO - 正在切换至: 交易入口页[0m
[32m2025-10-15 13:36:22 - INFO - 正在切换至: 交易入口页[0m
[32m2025-10-15 13:58:36 - INFO - 正在切换至: 交易入口页[0m
[32m2025-10-15 14:40:50 - INFO - 正在切换至: 交易入口页[0m
[32m2025-10-15 14:42:32 - INFO - 正在切换至: 交易入口页[0m
[32m2025-10-15 14:43:33 - INFO - 正在切换至: 交易入口页[0m
[32m2025-10-15 14:44:33 - INFO - 正在切换至: 交易入口页[0m
[32m2025-10-15 14:45:41 - INFO - 正在切换至: 交易入口页[0m
[32m2025-10-15 14:46:52 - INFO - 正在切换至: 交易入口页[0m
[32m2025-10-15 14:48:04 - INFO - 正在切换至: 交易入口页[0m
[32m2025-10-15 14:49:05 - INFO - 正在切换至: 交易入口页[0m
[32m2025-10-15 14:50:14 - INFO - 正在切换至: 交易入口页[0m
[32m2025-10-15 14:51:27 - INFO - 正在切换至: 交易入口页[0m
[32m2025-10-15 14:52:31 - INFO - 正在切换至: 交易入口页[0m
[32m2025-10-15 14:53:32 - INFO - 正在切换至: 交易入口页[0m
[32m2025-10-15 14:54:40 - INFO - 正在切换至: 交易入口页[0m
[32m2025-10-15 14:55:40 - INFO - 正在切换至: 交易入口页[0m
[32m2025-10-15 14:56:42 - INFO - 正在切换至: 交易入口页[0m
[32m2025-10-15 14:57:10 - INFO - 正在切换至: 账户页[0m
[32m2025-10-15 14:57:15 - INFO - 正在切换至: 交易入口页[0m
[32m2025-10-16 09:28:22 - INFO - 正在切换至: 交易入口页[0m
[32m2025-10-16 09:29:31 - INFO - 正在切换至: 交易入口页[0m
[32m2025-10-16 09:34:23 - INFO - 正在切换至: 交易入口页[0m
[32m2025-10-16 09:34:24 - INFO - 已切换至: 交易入口页[0m
[32m2025-10-16 09:34:25 - INFO - 当前已是 川财证券 账户，无需切换[0m
[32m2025-10-16 09:34:31 - INFO - 正在切换至: 交易入口页[0m
[32m2025-10-16 09:34:33 - INFO - 已切换至: 交易入口页[0m
[32m2025-10-16 09:34:33 - INFO - 当前已是 川财证券 账户，无需切换[0m
[32m2025-10-16 09:39:48 - INFO - 正在切换至: 交易入口页[0m
[32m2025-10-16 09:39:49 - INFO - 已切换至: 交易入口页[0m
[32m2025-10-16 09:39:49 - INFO - 当前已是 川财证券 账户，无需切换[0m
[32m2025-10-16 09:40:19 - INFO - 正在切换至: 交易入口页[0m
[32m2025-10-16 09:40:20 - INFO - 已切换至: 交易入口页[0m
[32m2025-10-16 09:40:20 - INFO - 当前已是 川财证券 账户，无需切换[0m
[32m2025-10-16 09:41:07 - INFO - 正在切换至: 交易入口页[0m
[32m2025-10-16 09:41:09 - INFO - 已切换至: 交易入口页[0m
[32m2025-10-16 09:41:09 - INFO - 当前已是 川财证券 账户，无需切换[0m
[32m2025-10-16 09:55:23 - INFO - 正在切换至: 交易入口页[0m
[32m2025-10-16 09:55:25 - INFO - 已切换至: 交易入口页[0m
[32m2025-10-16 09:55:25 - INFO - 当前已是 川财证券 账户，无需切换[0m
[32m2025-10-16 09:57:07 - INFO - 正在切换至: 交易入口页[0m
[32m2025-10-16 09:57:08 - INFO - 已切换至: 交易入口页[0m
[32m2025-10-16 09:57:08 - INFO - 当前已是 川财证券 账户，无需切换[0m
[32m2025-10-16 09:59:59 - INFO - 正在切换至: 交易入口页[0m
[32m2025-10-16 10:00:00 - INFO - 已切换至: 交易入口页[0m
[32m2025-10-16 10:00:00 - INFO - 当前已是 川财证券 账户，无需切换[0m
[32m2025-10-16 10:04:25 - INFO - 正在切换至: 交易入口页[0m
[32m2025-10-16 10:04:26 - INFO - 已切换至: 交易入口页[0m
[32m2025-10-16 10:04:26 - INFO - 当前已是 川财证券 账户，无需切换[0m
[32m2025-10-16 10:06:33 - INFO - 正在切换至: 交易入口页[0m
[32m2025-10-16 10:06:34 - INFO - 已切换至: 交易入口页[0m
[32m2025-10-16 10:06:34 - INFO - 当前已是 川财证券 账户，无需切换[0m
[32m2025-10-16 10:20:24 - INFO - 正在切换至: 交易入口页[0m
[32m2025-10-16 10:20:25 - INFO - 已切换至: 交易入口页[0m
[32m2025-10-16 10:20:25 - INFO - 当前已是 川财证券 账户，无需切换[0m
[32m2025-10-16 10:21:17 - INFO - 正在切换至: 交易入口页[0m
[32m2025-10-16 10:21:18 - INFO - 已切换至: 交易入口页[0m
[32m2025-10-16 10:21:18 - INFO - 当前已是 川财证券 账户，无需切换[0m
[32m2025-10-16 10:22:33 - INFO - 正在切换至: 交易入口页[0m
[32m2025-10-16 10:22:34 - INFO - 已切换至: 交易入口页[0m
[32m2025-10-16 10:22:34 - INFO - 当前已是 川财证券 账户，无需切换[0m
[32m2025-10-16 10:24:05 - INFO - 正在切换至: 交易入口页[0m
[32m2025-10-16 10:24:07 - INFO - 已切换至: 交易入口页[0m
[32m2025-10-16 10:24:07 - INFO - 当前已是 川财证券 账户，无需切换[0m
[32m2025-10-16 10:25:00 - INFO - 正在切换至: 交易入口页[0m
[32m2025-10-16 10:25:01 - INFO - 已切换至: 交易入口页[0m
[32m2025-10-16 10:25:01 - INFO - 当前已是 川财证券 账户，无需切换[0m
[32m2025-10-16 10:25:42 - INFO - 正在切换至: 交易入口页[0m
[32m2025-10-16 10:25:44 - INFO - 已切换至: 交易入口页[0m
[32m2025-10-16 10:25:44 - INFO - 当前已是 川财证券 账户，无需切换[0m
[32m2025-10-16 10:26:34 - INFO - 正在切换至: 交易入口页[0m
[32m2025-10-16 10:26:35 - INFO - 已切换至: 交易入口页[0m
[32m2025-10-16 10:26:35 - INFO - 当前已是 川财证券 账户，无需切换[0m
[32m2025-10-16 10:27:18 - INFO - 正在切换至: 交易入口页[0m
[32m2025-10-16 10:27:20 - INFO - 已切换至: 交易入口页[0m
[32m2025-10-16 10:27:20 - INFO - 当前已是 川财证券 账户，无需切换[0m
[32m2025-10-16 10:27:59 - INFO - 正在切换至: 交易入口页[0m
[32m2025-10-16 10:28:00 - INFO - 已切换至: 交易入口页[0m
[32m2025-10-16 10:28:00 - INFO - 当前已是 川财证券 账户，无需切换[0m
[32m2025-10-16 10:28:54 - INFO - 正在切换至: 交易入口页[0m
[32m2025-10-16 10:28:55 - INFO - 已切换至: 交易入口页[0m
[32m2025-10-16 10:28:55 - INFO - 当前已是 川财证券 账户，无需切换[0m
[32m2025-10-16 10:29:43 - INFO - 正在切换至: 交易入口页[0m
[32m2025-10-16 10:29:45 - INFO - 已切换至: 交易入口页[0m
[32m2025-10-16 10:29:45 - INFO - 当前已是 川财证券 账户，无需切换[0m
[32m2025-10-16 10:30:24 - INFO - 正在切换至: 交易入口页[0m
[32m2025-10-16 10:30:26 - INFO - 已切换至: 交易入口页[0m
[32m2025-10-16 10:30:26 - INFO - 当前已是 川财证券 账户，无需切换[0m
[32m2025-10-16 10:31:10 - INFO - 正在切换至: 交易入口页[0m
[32m2025-10-16 10:31:11 - INFO - 已切换至: 交易入口页[0m
[32m2025-10-16 10:31:12 - INFO - 当前已是 川财证券 账户，无需切换[0m
[32m2025-10-16 10:31:48 - INFO - 正在切换至: 交易入口页[0m
[32m2025-10-16 10:31:49 - INFO - 已切换至: 交易入口页[0m
[32m2025-10-16 10:31:49 - INFO - 当前已是 川财证券 账户，无需切换[0m
[32m2025-10-16 10:32:41 - INFO - 正在切换至: 交易入口页[0m
[32m2025-10-16 10:32:43 - INFO - 已切换至: 交易入口页[0m
[32m2025-10-16 10:32:43 - INFO - 当前已是 川财证券 账户，无需切换[0m
[32m2025-10-16 10:33:27 - INFO - 正在切换至: 交易入口页[0m
[32m2025-10-16 10:33:28 - INFO - 已切换至: 交易入口页[0m
[32m2025-10-16 10:33:28 - INFO - 当前已是 川财证券 账户，无需切换[0m
[32m2025-10-16 10:34:25 - INFO - 正在切换至: 交易入口页[0m
[32m2025-10-16 10:34:26 - INFO - 已切换至: 交易入口页[0m
[32m2025-10-16 10:34:26 - INFO - 当前已是 川财证券 账户，无需切换[0m
[32m2025-10-16 10:35:20 - INFO - 正在切换至: 交易入口页[0m
[32m2025-10-16 10:35:21 - INFO - 已切换至: 交易入口页[0m
[32m2025-10-16 10:35:21 - INFO - 当前已是 川财证券 账户，无需切换[0m
[32m2025-10-16 10:36:08 - INFO - 正在切换至: 交易入口页[0m
[32m2025-10-16 10:36:10 - INFO - 已切换至: 交易入口页[0m
[32m2025-10-16 10:36:10 - INFO - 当前已是 川财证券 账户，无需切换[0m
[32m2025-10-16 10:37:00 - INFO - 正在切换至: 交易入口页[0m
[32m2025-10-16 10:37:01 - INFO - 已切换至: 交易入口页[0m
[32m2025-10-16 10:37:01 - INFO - 当前已是 川财证券 账户，无需切换[0m
[32m2025-10-16 10:37:53 - INFO - 正在切换至: 交易入口页[0m
[32m2025-10-16 10:37:55 - INFO - 已切换至: 交易入口页[0m
[32m2025-10-16 10:37:55 - INFO - 当前已是 川财证券 账户，无需切换[0m
[32m2025-10-16 10:38:40 - INFO - 正在切换至: 交易入口页[0m
[32m2025-10-16 10:38:41 - INFO - 已切换至: 交易入口页[0m
[32m2025-10-16 10:38:41 - INFO - 当前已是 川财证券 账户，无需切换[0m
[32m2025-10-16 10:39:23 - INFO - 正在切换至: 交易入口页[0m
[32m2025-10-16 10:39:24 - INFO - 已切换至: 交易入口页[0m
[32m2025-10-16 10:39:24 - INFO - 当前已是 川财证券 账户，无需切换[0m
[32m2025-10-16 10:40:10 - INFO - 正在切换至: 交易入口页[0m
[32m2025-10-16 10:40:11 - INFO - 已切换至: 交易入口页[0m
[32m2025-10-16 10:40:11 - INFO - 当前已是 川财证券 账户，无需切换[0m
[32m2025-10-16 10:41:07 - INFO - 正在切换至: 交易入口页[0m
[32m2025-10-16 10:41:09 - INFO - 已切换至: 交易入口页[0m
[32m2025-10-16 10:41:09 - INFO - 当前已是 川财证券 账户，无需切换[0m
[32m2025-10-16 10:41:52 - INFO - 正在切换至: 交易入口页[0m
[32m2025-10-16 10:41:53 - INFO - 已切换至: 交易入口页[0m
[32m2025-10-16 10:41:53 - INFO - 当前已是 川财证券 账户，无需切换[0m
[32m2025-10-16 10:42:39 - INFO - 正在切换至: 交易入口页[0m
[32m2025-10-16 10:42:41 - INFO - 已切换至: 交易入口页[0m
[32m2025-10-16 10:42:41 - INFO - 当前已是 川财证券 账户，无需切换[0m
[32m2025-10-16 10:43:23 - INFO - 正在切换至: 交易入口页[0m
[32m2025-10-16 10:43:24 - INFO - 已切换至: 交易入口页[0m
[32m2025-10-16 10:43:24 - INFO - 当前已是 川财证券 账户，无需切换[0m
[32m2025-10-16 10:44:18 - INFO - 正在切换至: 交易入口页[0m
[32m2025-10-16 10:44:19 - INFO - 已切换至: 交易入口页[0m
[32m2025-10-16 10:44:19 - INFO - 当前已是 川财证券 账户，无需切换[0m
[32m2025-10-16 10:45:11 - INFO - 正在切换至: 交易入口页[0m
[32m2025-10-16 10:45:12 - INFO - 已切换至: 交易入口页[0m
[32m2025-10-16 10:45:13 - INFO - 当前已是 川财证券 账户，无需切换[0m
[32m2025-10-16 10:45:51 - INFO - 正在切换至: 交易入口页[0m
[32m2025-10-16 10:45:52 - INFO - 已切换至: 交易入口页[0m
[32m2025-10-16 10:45:52 - INFO - 当前已是 川财证券 账户，无需切换[0m
[32m2025-10-16 10:46:43 - INFO - 正在切换至: 交易入口页[0m
[32m2025-10-16 10:46:44 - INFO - 已切换至: 交易入口页[0m
[32m2025-10-16 10:46:44 - INFO - 当前已是 川财证券 账户，无需切换[0m
[32m2025-10-16 10:47:22 - INFO - 正在切换至: 交易入口页[0m
[32m2025-10-16 10:47:23 - INFO - 已切换至: 交易入口页[0m
[32m2025-10-16 10:47:23 - INFO - 当前已是 川财证券 账户，无需切换[0m
[32m2025-10-16 10:48:07 - INFO - 正在切换至: 交易入口页[0m
[32m2025-10-16 10:48:08 - INFO - 已切换至: 交易入口页[0m
[32m2025-10-16 10:48:08 - INFO - 当前已是 川财证券 账户，无需切换[0m
[32m2025-10-16 10:49:02 - INFO - 正在切换至: 交易入口页[0m
[32m2025-10-16 10:49:03 - INFO - 已切换至: 交易入口页[0m
[32m2025-10-16 10:49:03 - INFO - 当前已是 川财证券 账户，无需切换[0m
[32m2025-10-16 10:49:50 - INFO - 正在切换至: 交易入口页[0m
[32m2025-10-16 10:49:51 - INFO - 已切换至: 交易入口页[0m
[32m2025-10-16 10:49:51 - INFO - 当前已是 川财证券 账户，无需切换[0m
[32m2025-10-16 10:50:44 - INFO - 正在切换至: 交易入口页[0m
[32m2025-10-16 10:50:46 - INFO - 已切换至: 交易入口页[0m
[32m2025-10-16 10:50:46 - INFO - 当前已是 川财证券 账户，无需切换[0m
[32m2025-10-16 10:51:42 - INFO - 正在切换至: 交易入口页[0m
[32m2025-10-16 10:51:43 - INFO - 已切换至: 交易入口页[0m
[32m2025-10-16 10:51:43 - INFO - 当前已是 川财证券 账户，无需切换[0m
[32m2025-10-16 10:52:19 - INFO - 正在切换至: 交易入口页[0m
[32m2025-10-16 10:52:20 - INFO - 已切换至: 交易入口页[0m
[32m2025-10-16 10:52:20 - INFO - 当前已是 川财证券 账户，无需切换[0m
[32m2025-10-16 10:53:10 - INFO - 正在切换至: 交易入口页[0m
[32m2025-10-16 10:53:11 - INFO - 已切换至: 交易入口页[0m
[32m2025-10-16 10:53:11 - INFO - 当前已是 川财证券 账户，无需切换[0m
[32m2025-10-16 10:54:03 - INFO - 正在切换至: 交易入口页[0m
[32m2025-10-16 10:54:04 - INFO - 已切换至: 交易入口页[0m
[32m2025-10-16 10:54:04 - INFO - 当前已是 川财证券 账户，无需切换[0m
[32m2025-10-16 10:54:41 - INFO - 正在切换至: 交易入口页[0m
[32m2025-10-16 10:54:42 - INFO - 已切换至: 交易入口页[0m
[32m2025-10-16 10:54:42 - INFO - 当前已是 川财证券 账户，无需切换[0m
[32m2025-10-16 10:55:22 - INFO - 正在切换至: 交易入口页[0m
[32m2025-10-16 10:55:23 - INFO - 已切换至: 交易入口页[0m
[32m2025-10-16 10:55:23 - INFO - 当前已是 川财证券 账户，无需切换[0m
[32m2025-10-16 10:56:13 - INFO - 正在切换至: 交易入口页[0m
[32m2025-10-16 10:56:14 - INFO - 已切换至: 交易入口页[0m
[32m2025-10-16 10:56:14 - INFO - 当前已是 川财证券 账户，无需切换[0m
[32m2025-10-16 10:57:06 - INFO - 正在切换至: 交易入口页[0m
[32m2025-10-16 10:57:08 - INFO - 已切换至: 交易入口页[0m
[32m2025-10-16 10:57:08 - INFO - 当前已是 川财证券 账户，无需切换[0m
[32m2025-10-16 10:57:13 - INFO - 正在切换至: 交易入口页[0m
[32m2025-10-16 10:57:15 - INFO - 已切换至: 交易入口页[0m
[32m2025-10-16 10:57:15 - INFO - 当前已是 川财证券 账户，无需切换[0m
[32m2025-10-16 10:57:16 - INFO - 正在切换至: 账户页[0m
[32m2025-10-16 10:57:16 - INFO - 当前页面: 账户页[0m
[32m2025-10-16 10:58:15 - INFO - 正在切换至: 交易入口页[0m
[32m2025-10-16 10:58:16 - INFO - 已切换至: 交易入口页[0m
[32m2025-10-16 10:58:16 - INFO - 当前已是 川财证券 账户，无需切换[0m
[32m2025-10-16 10:59:10 - INFO - 正在切换至: 交易入口页[0m
[32m2025-10-16 10:59:11 - INFO - 已切换至: 交易入口页[0m
[32m2025-10-16 10:59:11 - INFO - 当前已是 川财证券 账户，无需切换[0m
[32m2025-10-16 11:00:05 - INFO - 正在切换至: 交易入口页[0m
[32m2025-10-16 11:00:06 - INFO - 已切换至: 交易入口页[0m
[32m2025-10-16 11:00:06 - INFO - 当前已是 川财证券 账户，无需切换[0m
[32m2025-10-16 11:00:54 - INFO - 正在切换至: 交易入口页[0m
[32m2025-10-16 11:00:56 - INFO - 已切换至: 交易入口页[0m
[32m2025-10-16 11:00:56 - INFO - 当前已是 川财证券 账户，无需切换[0m
[32m2025-10-16 11:01:51 - INFO - 正在切换至: 交易入口页[0m
[32m2025-10-16 11:01:53 - INFO - 已切换至: 交易入口页[0m
[32m2025-10-16 11:01:53 - INFO - 当前已是 川财证券 账户，无需切换[0m
[32m2025-10-16 11:02:32 - INFO - 正在切换至: 交易入口页[0m
[32m2025-10-16 11:02:33 - INFO - 已切换至: 交易入口页[0m
[32m2025-10-16 11:02:33 - INFO - 当前已是 川财证券 账户，无需切换[0m
[32m2025-10-16 11:03:15 - INFO - 正在切换至: 交易入口页[0m
[32m2025-10-16 11:03:17 - INFO - 已切换至: 交易入口页[0m
[32m2025-10-16 11:03:17 - INFO - 当前已是 川财证券 账户，无需切换[0m
[32m2025-10-16 11:04:00 - INFO - 正在切换至: 交易入口页[0m
[32m2025-10-16 11:04:01 - INFO - 已切换至: 交易入口页[0m
[32m2025-10-16 11:04:01 - INFO - 当前已是 川财证券 账户，无需切换[0m
[32m2025-10-16 11:04:52 - INFO - 正在切换至: 交易入口页[0m
[32m2025-10-16 11:04:54 - INFO - 已切换至: 交易入口页[0m
[32m2025-10-16 11:04:54 - INFO - 当前已是 川财证券 账户，无需切换[0m
[32m2025-10-16 11:05:37 - INFO - 正在切换至: 交易入口页[0m
[32m2025-10-16 11:05:38 - INFO - 已切换至: 交易入口页[0m
[32m2025-10-16 11:05:38 - INFO - 当前已是 川财证券 账户，无需切换[0m
[32m2025-10-16 11:06:33 - INFO - 正在切换至: 交易入口页[0m
[32m2025-10-16 11:06:35 - INFO - 已切换至: 交易入口页[0m
[32m2025-10-16 11:06:35 - INFO - 当前已是 川财证券 账户，无需切换[0m
[32m2025-10-16 11:07:24 - INFO - 正在切换至: 交易入口页[0m
[32m2025-10-16 11:07:25 - INFO - 已切换至: 交易入口页[0m
[32m2025-10-16 11:07:25 - INFO - 当前已是 川财证券 账户，无需切换[0m
[32m2025-10-16 11:08:19 - INFO - 正在切换至: 交易入口页[0m
[32m2025-10-16 11:08:21 - INFO - 已切换至: 交易入口页[0m
[32m2025-10-16 11:08:21 - INFO - 当前已是 川财证券 账户，无需切换[0m
[32m2025-10-16 11:09:16 - INFO - 正在切换至: 交易入口页[0m
[32m2025-10-16 11:09:18 - INFO - 已切换至: 交易入口页[0m
[32m2025-10-16 11:09:18 - INFO - 当前已是 川财证券 账户，无需切换[0m
[32m2025-10-16 11:10:03 - INFO - 正在切换至: 交易入口页[0m
[32m2025-10-16 11:10:04 - INFO - 已切换至: 交易入口页[0m
[32m2025-10-16 11:10:04 - INFO - 当前已是 川财证券 账户，无需切换[0m
[32m2025-10-16 11:10:57 - INFO - 正在切换至: 交易入口页[0m
[32m2025-10-16 11:10:58 - INFO - 已切换至: 交易入口页[0m
[32m2025-10-16 11:10:58 - INFO - 当前已是 川财证券 账户，无需切换[0m
[32m2025-10-16 11:11:54 - INFO - 正在切换至: 交易入口页[0m
[32m2025-10-16 11:11:55 - INFO - 已切换至: 交易入口页[0m
[32m2025-10-16 11:11:55 - INFO - 当前已是 川财证券 账户，无需切换[0m
[32m2025-10-16 11:12:38 - INFO - 正在切换至: 交易入口页[0m
[32m2025-10-16 11:12:39 - INFO - 已切换至: 交易入口页[0m
[32m2025-10-16 11:12:39 - INFO - 当前已是 川财证券 账户，无需切换[0m
[32m2025-10-16 11:13:34 - INFO - 正在切换至: 交易入口页[0m
[32m2025-10-16 11:13:35 - INFO - 已切换至: 交易入口页[0m
[32m2025-10-16 11:13:35 - INFO - 当前已是 川财证券 账户，无需切换[0m
[32m2025-10-16 11:14:12 - INFO - 正在切换至: 交易入口页[0m
[32m2025-10-16 11:14:13 - INFO - 已切换至: 交易入口页[0m
[32m2025-10-16 11:14:13 - INFO - 当前已是 川财证券 账户，无需切换[0m
[32m2025-10-16 11:15:06 - INFO - 正在切换至: 交易入口页[0m
[32m2025-10-16 11:15:07 - INFO - 已切换至: 交易入口页[0m
[32m2025-10-16 11:15:07 - INFO - 当前已是 川财证券 账户，无需切换[0m
[32m2025-10-16 11:16:00 - INFO - 正在切换至: 交易入口页[0m
[32m2025-10-16 11:16:01 - INFO - 已切换至: 交易入口页[0m
[32m2025-10-16 11:16:01 - INFO - 当前已是 川财证券 账户，无需切换[0m
[32m2025-10-16 11:16:53 - INFO - 正在切换至: 交易入口页[0m
[32m2025-10-16 11:16:55 - INFO - 已切换至: 交易入口页[0m
[32m2025-10-16 11:16:55 - INFO - 当前已是 川财证券 账户，无需切换[0m
[32m2025-10-16 11:17:41 - INFO - 正在切换至: 交易入口页[0m
[32m2025-10-16 11:17:42 - INFO - 已切换至: 交易入口页[0m
[32m2025-10-16 11:17:42 - INFO - 当前已是 川财证券 账户，无需切换[0m
[32m2025-10-16 11:18:36 - INFO - 正在切换至: 交易入口页[0m
[32m2025-10-16 11:18:37 - INFO - 已切换至: 交易入口页[0m
[32m2025-10-16 11:18:37 - INFO - 当前已是 川财证券 账户，无需切换[0m
[32m2025-10-16 11:19:32 - INFO - 正在切换至: 交易入口页[0m
[32m2025-10-16 11:19:34 - INFO - 已切换至: 交易入口页[0m
[32m2025-10-16 11:19:34 - INFO - 当前已是 川财证券 账户，无需切换[0m
[32m2025-10-16 11:20:15 - INFO - 正在切换至: 交易入口页[0m
[32m2025-10-16 11:20:17 - INFO - 已切换至: 交易入口页[0m
[32m2025-10-16 11:20:17 - INFO - 当前已是 川财证券 账户，无需切换[0m
[32m2025-10-16 11:20:59 - INFO - 正在切换至: 交易入口页[0m
[32m2025-10-16 11:21:00 - INFO - 已切换至: 交易入口页[0m
[32m2025-10-16 11:21:00 - INFO - 当前已是 川财证券 账户，无需切换[0m
[32m2025-10-16 11:21:46 - INFO - 正在切换至: 交易入口页[0m
[32m2025-10-16 11:21:48 - INFO - 已切换至: 交易入口页[0m
[32m2025-10-16 11:21:48 - INFO - 当前已是 川财证券 账户，无需切换[0m
[32m2025-10-16 11:22:40 - INFO - 正在切换至: 交易入口页[0m
[32m2025-10-16 11:22:41 - INFO - 已切换至: 交易入口页[0m
[32m2025-10-16 11:22:41 - INFO - 当前已是 川财证券 账户，无需切换[0m
[32m2025-10-16 11:23:30 - INFO - 正在切换至: 交易入口页[0m
[32m2025-10-16 11:23:31 - INFO - 已切换至: 交易入口页[0m
[32m2025-10-16 11:23:31 - INFO - 当前已是 川财证券 账户，无需切换[0m
[32m2025-10-16 11:24:27 - INFO - 正在切换至: 交易入口页[0m
[32m2025-10-16 11:24:28 - INFO - 已切换至: 交易入口页[0m
[32m2025-10-16 11:24:28 - INFO - 当前已是 川财证券 账户，无需切换[0m
[32m2025-10-16 11:25:26 - INFO - 正在切换至: 交易入口页[0m
[32m2025-10-16 11:25:28 - INFO - 已切换至: 交易入口页[0m
[32m2025-10-16 11:25:28 - INFO - 当前已是 川财证券 账户，无需切换[0m
[32m2025-10-16 11:25:38 - INFO - 正在切换至: 交易入口页[0m
[32m2025-10-16 11:25:39 - INFO - 已切换至: 交易入口页[0m
[32m2025-10-16 11:25:39 - INFO - 当前已是 川财证券 账户，无需切换[0m
[32m2025-10-16 11:25:41 - INFO - 正在切换至: 账户页[0m
[32m2025-10-16 11:25:41 - INFO - 当前页面: 账户页[0m
[32m2025-10-16 11:26:32 - INFO - 正在切换至: 交易入口页[0m
[32m2025-10-16 11:26:33 - INFO - 已切换至: 交易入口页[0m
[32m2025-10-16 11:26:33 - INFO - 当前已是 川财证券 账户，无需切换[0m
[32m2025-10-16 11:27:22 - INFO - 正在切换至: 交易入口页[0m
[32m2025-10-16 11:27:23 - INFO - 已切换至: 交易入口页[0m
[32m2025-10-16 11:27:23 - INFO - 当前已是 川财证券 账户，无需切换[0m
[32m2025-10-16 11:28:08 - INFO - 正在切换至: 交易入口页[0m
[32m2025-10-16 11:28:09 - INFO - 已切换至: 交易入口页[0m
[32m2025-10-16 11:28:09 - INFO - 当前已是 川财证券 账户，无需切换[0m
[32m2025-10-16 11:28:54 - INFO - 正在切换至: 交易入口页[0m
[32m2025-10-16 11:28:55 - INFO - 已切换至: 交易入口页[0m
[32m2025-10-16 11:28:55 - INFO - 当前已是 川财证券 账户，无需切换[0m
[32m2025-10-16 11:29:36 - INFO - 正在切换至: 交易入口页[0m
[32m2025-10-16 11:29:37 - INFO - 已切换至: 交易入口页[0m
[32m2025-10-16 11:29:38 - INFO - 当前已是 川财证券 账户，无需切换[0m
[32m2025-10-16 13:00:15 - INFO - 正在切换至: 交易入口页[0m
[32m2025-10-16 13:00:17 - INFO - 已切换至: 交易入口页[0m
[32m2025-10-16 13:00:17 - INFO - 当前已是 川财证券 账户，无需切换[0m
[32m2025-10-16 13:01:07 - INFO - 正在切换至: 交易入口页[0m
[32m2025-10-16 13:01:09 - INFO - 已切换至: 交易入口页[0m
[32m2025-10-16 13:01:09 - INFO - 当前已是 川财证券 账户，无需切换[0m
[32m2025-10-16 13:01:48 - INFO - 正在切换至: 交易入口页[0m
[32m2025-10-16 13:01:50 - INFO - 已切换至: 交易入口页[0m
[32m2025-10-16 13:01:50 - INFO - 当前已是 川财证券 账户，无需切换[0m
[32m2025-10-16 13:02:45 - INFO - 正在切换至: 交易入口页[0m
[32m2025-10-16 13:02:46 - INFO - 已切换至: 交易入口页[0m
[32m2025-10-16 13:02:46 - INFO - 当前已是 川财证券 账户，无需切换[0m
[32m2025-10-16 13:03:24 - INFO - 正在切换至: 交易入口页[0m
[32m2025-10-16 13:03:26 - INFO - 已切换至: 交易入口页[0m
[32m2025-10-16 13:03:26 - INFO - 当前已是 川财证券 账户，无需切换[0m
[32m2025-10-16 13:04:12 - INFO - 正在切换至: 交易入口页[0m
[32m2025-10-16 13:04:13 - INFO - 已切换至: 交易入口页[0m
[32m2025-10-16 13:04:13 - INFO - 当前已是 川财证券 账户，无需切换[0m
[32m2025-10-16 13:04:57 - INFO - 正在切换至: 交易入口页[0m
[32m2025-10-16 13:04:58 - INFO - 已切换至: 交易入口页[0m
[32m2025-10-16 13:04:58 - INFO - 当前已是 川财证券 账户，无需切换[0m
[32m2025-10-16 13:05:45 - INFO - 正在切换至: 交易入口页[0m
[32m2025-10-16 13:05:47 - INFO - 已切换至: 交易入口页[0m
[32m2025-10-16 13:05:47 - INFO - 当前已是 川财证券 账户，无需切换[0m
[32m2025-10-16 13:06:32 - INFO - 正在切换至: 交易入口页[0m
[32m2025-10-16 13:06:34 - INFO - 已切换至: 交易入口页[0m
[32m2025-10-16 13:06:34 - INFO - 当前已是 川财证券 账户，无需切换[0m
[32m2025-10-16 13:07:14 - INFO - 正在切换至: 交易入口页[0m
[32m2025-10-16 13:07:15 - INFO - 已切换至: 交易入口页[0m
[32m2025-10-16 13:07:15 - INFO - 当前已是 川财证券 账户，无需切换[0m
[32m2025-10-16 13:08:02 - INFO - 正在切换至: 交易入口页[0m
[32m2025-10-16 13:08:03 - INFO - 已切换至: 交易入口页[0m
[32m2025-10-16 13:08:03 - INFO - 当前已是 川财证券 账户，无需切换[0m
[32m2025-10-16 13:08:58 - INFO - 正在切换至: 交易入口页[0m
[32m2025-10-16 13:08:59 - INFO - 已切换至: 交易入口页[0m
[32m2025-10-16 13:09:00 - INFO - 当前已是 川财证券 账户，无需切换[0m
[32m2025-10-16 13:09:52 - INFO - 正在切换至: 交易入口页[0m
[32m2025-10-16 13:09:54 - INFO - 已切换至: 交易入口页[0m
[32m2025-10-16 13:09:54 - INFO - 当前已是 川财证券 账户，无需切换[0m
[32m2025-10-16 13:10:49 - INFO - 正在切换至: 交易入口页[0m
[32m2025-10-16 13:10:51 - INFO - 已切换至: 交易入口页[0m
[32m2025-10-16 13:10:51 - INFO - 当前已是 川财证券 账户，无需切换[0m
[32m2025-10-16 13:11:37 - INFO - 正在切换至: 交易入口页[0m
[32m2025-10-16 13:11:39 - INFO - 已切换至: 交易入口页[0m
[32m2025-10-16 13:11:39 - INFO - 当前已是 川财证券 账户，无需切换[0m
[32m2025-10-16 13:12:27 - INFO - 正在切换至: 交易入口页[0m
[32m2025-10-16 13:12:28 - INFO - 已切换至: 交易入口页[0m
[32m2025-10-16 13:12:28 - INFO - 当前已是 川财证券 账户，无需切换[0m
[32m2025-10-16 13:13:09 - INFO - 正在切换至: 交易入口页[0m
[32m2025-10-16 13:13:11 - INFO - 已切换至: 交易入口页[0m
[32m2025-10-16 13:13:11 - INFO - 当前已是 川财证券 账户，无需切换[0m
[32m2025-10-16 13:13:52 - INFO - 正在切换至: 交易入口页[0m
[32m2025-10-16 13:13:53 - INFO - 已切换至: 交易入口页[0m
[32m2025-10-16 13:13:53 - INFO - 当前已是 川财证券 账户，无需切换[0m
[32m2025-10-16 13:14:41 - INFO - 正在切换至: 交易入口页[0m
[32m2025-10-16 13:14:42 - INFO - 已切换至: 交易入口页[0m
[32m2025-10-16 13:14:42 - INFO - 当前已是 川财证券 账户，无需切换[0m
[32m2025-10-16 13:15:37 - INFO - 正在切换至: 交易入口页[0m
[32m2025-10-16 13:15:38 - INFO - 已切换至: 交易入口页[0m
[32m2025-10-16 13:15:38 - INFO - 当前已是 川财证券 账户，无需切换[0m
[32m2025-10-16 13:16:30 - INFO - 正在切换至: 交易入口页[0m
[32m2025-10-16 13:16:31 - INFO - 已切换至: 交易入口页[0m
[32m2025-10-16 13:16:31 - INFO - 当前已是 川财证券 账户，无需切换[0m
[32m2025-10-16 13:17:19 - INFO - 正在切换至: 交易入口页[0m
[32m2025-10-16 13:17:20 - INFO - 已切换至: 交易入口页[0m
[32m2025-10-16 13:17:20 - INFO - 当前已是 川财证券 账户，无需切换[0m
[32m2025-10-16 13:18:11 - INFO - 正在切换至: 交易入口页[0m
[32m2025-10-16 13:18:13 - INFO - 已切换至: 交易入口页[0m
[32m2025-10-16 13:18:13 - INFO - 当前已是 川财证券 账户，无需切换[0m
[32m2025-10-16 13:19:09 - INFO - 正在切换至: 交易入口页[0m
[32m2025-10-16 13:19:10 - INFO - 已切换至: 交易入口页[0m
[32m2025-10-16 13:19:10 - INFO - 当前已是 川财证券 账户，无需切换[0m
[32m2025-10-16 13:19:48 - INFO - 正在切换至: 交易入口页[0m
[32m2025-10-16 13:19:50 - INFO - 已切换至: 交易入口页[0m
[32m2025-10-16 13:19:50 - INFO - 当前已是 川财证券 账户，无需切换[0m
[32m2025-10-16 13:20:39 - INFO - 正在切换至: 交易入口页[0m
[32m2025-10-16 13:20:41 - INFO - 已切换至: 交易入口页[0m
[32m2025-10-16 13:20:41 - INFO - 当前已是 川财证券 账户，无需切换[0m
[32m2025-10-16 13:21:20 - INFO - 正在切换至: 交易入口页[0m
[32m2025-10-16 13:21:21 - INFO - 已切换至: 交易入口页[0m
[32m2025-10-16 13:21:21 - INFO - 当前已是 川财证券 账户，无需切换[0m
[32m2025-10-16 13:22:00 - INFO - 正在切换至: 交易入口页[0m
[32m2025-10-16 13:22:02 - INFO - 已切换至: 交易入口页[0m
[32m2025-10-16 13:22:02 - INFO - 当前已是 川财证券 账户，无需切换[0m
[32m2025-10-16 13:22:39 - INFO - 正在切换至: 交易入口页[0m
[32m2025-10-16 13:22:41 - INFO - 已切换至: 交易入口页[0m
[32m2025-10-16 13:22:41 - INFO - 当前已是 川财证券 账户，无需切换[0m
[32m2025-10-16 13:23:28 - INFO - 正在切换至: 交易入口页[0m
[32m2025-10-16 13:23:29 - INFO - 已切换至: 交易入口页[0m
[32m2025-10-16 13:23:29 - INFO - 当前已是 川财证券 账户，无需切换[0m
[32m2025-10-16 13:24:26 - INFO - 正在切换至: 交易入口页[0m
[32m2025-10-16 13:24:27 - INFO - 已切换至: 交易入口页[0m
[32m2025-10-16 13:24:27 - INFO - 当前已是 川财证券 账户，无需切换[0m
[32m2025-10-16 13:25:17 - INFO - 正在切换至: 交易入口页[0m
[32m2025-10-16 13:25:18 - INFO - 已切换至: 交易入口页[0m
[32m2025-10-16 13:25:18 - INFO - 当前已是 川财证券 账户，无需切换[0m
[32m2025-10-16 13:25:58 - INFO - 正在切换至: 交易入口页[0m
[32m2025-10-16 13:25:59 - INFO - 已切换至: 交易入口页[0m
[32m2025-10-16 13:25:59 - INFO - 当前已是 川财证券 账户，无需切换[0m
[32m2025-10-16 13:26:44 - INFO - 正在切换至: 交易入口页[0m
[32m2025-10-16 13:26:45 - INFO - 已切换至: 交易入口页[0m
[32m2025-10-16 13:26:45 - INFO - 当前已是 川财证券 账户，无需切换[0m
[32m2025-10-16 13:27:32 - INFO - 正在切换至: 交易入口页[0m
[32m2025-10-16 13:27:33 - INFO - 已切换至: 交易入口页[0m
[32m2025-10-16 13:27:33 - INFO - 当前已是 川财证券 账户，无需切换[0m
[32m2025-10-16 13:28:28 - INFO - 正在切换至: 交易入口页[0m
[32m2025-10-16 13:28:29 - INFO - 已切换至: 交易入口页[0m
[32m2025-10-16 13:28:29 - INFO - 当前已是 川财证券 账户，无需切换[0m
[32m2025-10-16 13:29:15 - INFO - 正在切换至: 交易入口页[0m
[32m2025-10-16 13:29:17 - INFO - 已切换至: 交易入口页[0m
[32m2025-10-16 13:29:17 - INFO - 当前已是 川财证券 账户，无需切换[0m
[32m2025-10-16 13:29:56 - INFO - 正在切换至: 交易入口页[0m
[32m2025-10-16 13:29:57 - INFO - 已切换至: 交易入口页[0m
[32m2025-10-16 13:29:57 - INFO - 当前已是 川财证券 账户，无需切换[0m
[32m2025-10-16 13:30:36 - INFO - 正在切换至: 交易入口页[0m
[32m2025-10-16 13:30:37 - INFO - 已切换至: 交易入口页[0m
[32m2025-10-16 13:30:37 - INFO - 当前已是 川财证券 账户，无需切换[0m
[32m2025-10-16 13:31:15 - INFO - 正在切换至: 交易入口页[0m
[32m2025-10-16 13:31:17 - INFO - 已切换至: 交易入口页[0m
[32m2025-10-16 13:31:17 - INFO - 当前已是 川财证券 账户，无需切换[0m
[32m2025-10-16 13:32:02 - INFO - 正在切换至: 交易入口页[0m
[32m2025-10-16 13:32:03 - INFO - 已切换至: 交易入口页[0m
[32m2025-10-16 13:32:03 - INFO - 当前已是 川财证券 账户，无需切换[0m
[32m2025-10-16 13:32:57 - INFO - 正在切换至: 交易入口页[0m
[32m2025-10-16 13:32:59 - INFO - 已切换至: 交易入口页[0m
[32m2025-10-16 13:32:59 - INFO - 当前已是 川财证券 账户，无需切换[0m
[32m2025-10-16 13:33:38 - INFO - 正在切换至: 交易入口页[0m
[32m2025-10-16 13:33:40 - INFO - 已切换至: 交易入口页[0m
[32m2025-10-16 13:33:40 - INFO - 当前已是 川财证券 账户，无需切换[0m
[32m2025-10-16 13:34:19 - INFO - 正在切换至: 交易入口页[0m
[32m2025-10-16 13:34:20 - INFO - 已切换至: 交易入口页[0m
[32m2025-10-16 13:34:20 - INFO - 当前已是 川财证券 账户，无需切换[0m
[32m2025-10-16 13:35:10 - INFO - 正在切换至: 交易入口页[0m
[32m2025-10-16 13:35:12 - INFO - 已切换至: 交易入口页[0m
[32m2025-10-16 13:35:12 - INFO - 当前已是 川财证券 账户，无需切换[0m
[32m2025-10-16 13:36:06 - INFO - 正在切换至: 交易入口页[0m
[32m2025-10-16 13:36:07 - INFO - 已切换至: 交易入口页[0m
[32m2025-10-16 13:36:07 - INFO - 当前已是 川财证券 账户，无需切换[0m
[32m2025-10-16 13:36:44 - INFO - 正在切换至: 交易入口页[0m
[32m2025-10-16 13:36:45 - INFO - 已切换至: 交易入口页[0m
[32m2025-10-16 13:36:45 - INFO - 当前已是 川财证券 账户，无需切换[0m
[32m2025-10-16 13:37:24 - INFO - 正在切换至: 交易入口页[0m
[32m2025-10-16 13:37:25 - INFO - 已切换至: 交易入口页[0m
[32m2025-10-16 13:37:25 - INFO - 当前已是 川财证券 账户，无需切换[0m
[32m2025-10-16 13:38:08 - INFO - 正在切换至: 交易入口页[0m
[32m2025-10-16 13:38:09 - INFO - 已切换至: 交易入口页[0m
[32m2025-10-16 13:38:09 - INFO - 当前已是 川财证券 账户，无需切换[0m
[32m2025-10-16 13:39:04 - INFO - 正在切换至: 交易入口页[0m
[32m2025-10-16 13:39:06 - INFO - 已切换至: 交易入口页[0m
[32m2025-10-16 13:39:06 - INFO - 当前已是 川财证券 账户，无需切换[0m
[32m2025-10-16 13:39:54 - INFO - 正在切换至: 交易入口页[0m
[32m2025-10-16 13:39:56 - INFO - 已切换至: 交易入口页[0m
[32m2025-10-16 13:39:56 - INFO - 当前已是 川财证券 账户，无需切换[0m
[32m2025-10-16 13:40:34 - INFO - 正在切换至: 交易入口页[0m
[32m2025-10-16 13:40:35 - INFO - 已切换至: 交易入口页[0m
[32m2025-10-16 13:40:35 - INFO - 当前已是 川财证券 账户，无需切换[0m
[32m2025-10-16 13:41:13 - INFO - 正在切换至: 交易入口页[0m
[32m2025-10-16 13:41:15 - INFO - 已切换至: 交易入口页[0m
[32m2025-10-16 13:41:15 - INFO - 当前已是 川财证券 账户，无需切换[0m
[32m2025-10-16 13:42:03 - INFO - 正在切换至: 交易入口页[0m
[32m2025-10-16 13:42:05 - INFO - 已切换至: 交易入口页[0m
[32m2025-10-16 13:42:05 - INFO - 当前已是 川财证券 账户，无需切换[0m
[32m2025-10-16 13:42:57 - INFO - 正在切换至: 交易入口页[0m
[32m2025-10-16 13:42:59 - INFO - 已切换至: 交易入口页[0m
[32m2025-10-16 13:42:59 - INFO - 当前已是 川财证券 账户，无需切换[0m
[32m2025-10-16 13:43:48 - INFO - 正在切换至: 交易入口页[0m
[32m2025-10-16 13:43:49 - INFO - 已切换至: 交易入口页[0m
[32m2025-10-16 13:43:49 - INFO - 当前已是 川财证券 账户，无需切换[0m
[32m2025-10-16 13:44:42 - INFO - 正在切换至: 交易入口页[0m
[32m2025-10-16 13:44:43 - INFO - 已切换至: 交易入口页[0m
[32m2025-10-16 13:44:43 - INFO - 当前已是 川财证券 账户，无需切换[0m
[32m2025-10-16 13:45:31 - INFO - 正在切换至: 交易入口页[0m
[32m2025-10-16 13:45:32 - INFO - 已切换至: 交易入口页[0m
[32m2025-10-16 13:45:32 - INFO - 当前已是 川财证券 账户，无需切换[0m
[32m2025-10-16 13:46:20 - INFO - 正在切换至: 交易入口页[0m
[32m2025-10-16 13:46:21 - INFO - 已切换至: 交易入口页[0m
[32m2025-10-16 13:46:21 - INFO - 当前已是 川财证券 账户，无需切换[0m
[32m2025-10-16 13:46:59 - INFO - 正在切换至: 交易入口页[0m
[32m2025-10-16 13:47:00 - INFO - 已切换至: 交易入口页[0m
[32m2025-10-16 13:47:01 - INFO - 当前已是 川财证券 账户，无需切换[0m
[32m2025-10-16 13:47:41 - INFO - 正在切换至: 交易入口页[0m
[32m2025-10-16 13:47:42 - INFO - 已切换至: 交易入口页[0m
[32m2025-10-16 13:47:42 - INFO - 当前已是 川财证券 账户，无需切换[0m
[32m2025-10-16 13:48:37 - INFO - 正在切换至: 交易入口页[0m
[32m2025-10-16 13:48:39 - INFO - 已切换至: 交易入口页[0m
[32m2025-10-16 13:48:39 - INFO - 当前已是 川财证券 账户，无需切换[0m
[32m2025-10-16 13:49:19 - INFO - 正在切换至: 交易入口页[0m
[32m2025-10-16 13:49:20 - INFO - 已切换至: 交易入口页[0m
[32m2025-10-16 13:49:20 - INFO - 当前已是 川财证券 账户，无需切换[0m
[32m2025-10-16 13:50:13 - INFO - 正在切换至: 交易入口页[0m
[32m2025-10-16 13:50:15 - INFO - 已切换至: 交易入口页[0m
[32m2025-10-16 13:50:15 - INFO - 当前已是 川财证券 账户，无需切换[0m
[32m2025-10-16 13:51:06 - INFO - 正在切换至: 交易入口页[0m
[32m2025-10-16 13:51:07 - INFO - 已切换至: 交易入口页[0m
[32m2025-10-16 13:51:07 - INFO - 当前已是 川财证券 账户，无需切换[0m
[32m2025-10-16 13:51:58 - INFO - 正在切换至: 交易入口页[0m
[32m2025-10-16 13:51:59 - INFO - 已切换至: 交易入口页[0m
[32m2025-10-16 13:51:59 - INFO - 当前已是 川财证券 账户，无需切换[0m
[32m2025-10-16 13:52:44 - INFO - 正在切换至: 交易入口页[0m
[32m2025-10-16 13:52:45 - INFO - 已切换至: 交易入口页[0m
[32m2025-10-16 13:52:46 - INFO - 当前已是 川财证券 账户，无需切换[0m
[32m2025-10-16 13:53:38 - INFO - 正在切换至: 交易入口页[0m
[32m2025-10-16 13:53:40 - INFO - 已切换至: 交易入口页[0m
[32m2025-10-16 13:53:40 - INFO - 当前已是 川财证券 账户，无需切换[0m
[32m2025-10-16 13:54:16 - INFO - 正在切换至: 交易入口页[0m
[32m2025-10-16 13:54:18 - INFO - 已切换至: 交易入口页[0m
[32m2025-10-16 13:54:18 - INFO - 当前已是 川财证券 账户，无需切换[0m
[32m2025-10-16 13:54:55 - INFO - 正在切换至: 交易入口页[0m
[32m2025-10-16 13:54:57 - INFO - 已切换至: 交易入口页[0m
[32m2025-10-16 13:54:57 - INFO - 当前已是 川财证券 账户，无需切换[0m
[32m2025-10-16 13:55:48 - INFO - 正在切换至: 交易入口页[0m
[32m2025-10-16 13:55:49 - INFO - 已切换至: 交易入口页[0m
[32m2025-10-16 13:55:49 - INFO - 当前已是 川财证券 账户，无需切换[0m
[32m2025-10-16 13:56:35 - INFO - 正在切换至: 交易入口页[0m
[32m2025-10-16 13:56:36 - INFO - 已切换至: 交易入口页[0m
[32m2025-10-16 13:56:36 - INFO - 当前已是 川财证券 账户，无需切换[0m
[32m2025-10-16 13:57:24 - INFO - 正在切换至: 交易入口页[0m
[32m2025-10-16 13:57:26 - INFO - 已切换至: 交易入口页[0m
[32m2025-10-16 13:57:26 - INFO - 当前已是 川财证券 账户，无需切换[0m
[32m2025-10-16 13:58:10 - INFO - 正在切换至: 交易入口页[0m
[32m2025-10-16 13:58:11 - INFO - 已切换至: 交易入口页[0m
[32m2025-10-16 13:58:11 - INFO - 当前已是 川财证券 账户，无需切换[0m
[32m2025-10-16 13:58:58 - INFO - 正在切换至: 交易入口页[0m
[32m2025-10-16 13:59:00 - INFO - 已切换至: 交易入口页[0m
[32m2025-10-16 13:59:00 - INFO - 当前已是 川财证券 账户，无需切换[0m
[32m2025-10-16 13:59:47 - INFO - 正在切换至: 交易入口页[0m
[32m2025-10-16 13:59:49 - INFO - 已切换至: 交易入口页[0m
[32m2025-10-16 13:59:49 - INFO - 当前已是 川财证券 账户，无需切换[0m
[32m2025-10-16 14:00:31 - INFO - 正在切换至: 交易入口页[0m
[32m2025-10-16 14:00:32 - INFO - 已切换至: 交易入口页[0m
[32m2025-10-16 14:00:32 - INFO - 当前已是 川财证券 账户，无需切换[0m
[32m2025-10-16 14:01:14 - INFO - 正在切换至: 交易入口页[0m
[32m2025-10-16 14:01:16 - INFO - 已切换至: 交易入口页[0m
[32m2025-10-16 14:01:16 - INFO - 当前已是 川财证券 账户，无需切换[0m
[32m2025-10-16 14:01:59 - INFO - 正在切换至: 交易入口页[0m
[32m2025-10-16 14:02:00 - INFO - 已切换至: 交易入口页[0m
[32m2025-10-16 14:02:00 - INFO - 当前已是 川财证券 账户，无需切换[0m
[32m2025-10-16 14:02:39 - INFO - 正在切换至: 交易入口页[0m
[32m2025-10-16 14:02:40 - INFO - 已切换至: 交易入口页[0m
[32m2025-10-16 14:02:40 - INFO - 当前已是 川财证券 账户，无需切换[0m
[32m2025-10-16 14:03:19 - INFO - 正在切换至: 交易入口页[0m
[32m2025-10-16 14:03:21 - INFO - 已切换至: 交易入口页[0m
[32m2025-10-16 14:03:21 - INFO - 当前已是 川财证券 账户，无需切换[0m
[32m2025-10-16 14:04:01 - INFO - 正在切换至: 交易入口页[0m
[32m2025-10-16 14:04:02 - INFO - 已切换至: 交易入口页[0m
[32m2025-10-16 14:04:02 - INFO - 当前已是 川财证券 账户，无需切换[0m
[32m2025-10-16 14:04:58 - INFO - 正在切换至: 交易入口页[0m
[32m2025-10-16 14:04:59 - INFO - 已切换至: 交易入口页[0m
[32m2025-10-16 14:04:59 - INFO - 当前已是 川财证券 账户，无需切换[0m
[32m2025-10-16 14:05:46 - INFO - 正在切换至: 交易入口页[0m
[32m2025-10-16 14:05:47 - INFO - 已切换至: 交易入口页[0m
[32m2025-10-16 14:05:47 - INFO - 当前已是 川财证券 账户，无需切换[0m
[32m2025-10-16 14:06:27 - INFO - 正在切换至: 交易入口页[0m
[32m2025-10-16 14:06:29 - INFO - 已切换至: 交易入口页[0m
[32m2025-10-16 14:06:29 - INFO - 当前已是 川财证券 账户，无需切换[0m
[32m2025-10-16 14:07:18 - INFO - 正在切换至: 交易入口页[0m
[32m2025-10-16 14:07:20 - INFO - 已切换至: 交易入口页[0m
[32m2025-10-16 14:07:20 - INFO - 当前已是 川财证券 账户，无需切换[0m
[32m2025-10-16 14:08:14 - INFO - 正在切换至: 交易入口页[0m
[32m2025-10-16 14:08:15 - INFO - 已切换至: 交易入口页[0m
[32m2025-10-16 14:08:16 - INFO - 当前已是 川财证券 账户，无需切换[0m
[32m2025-10-16 14:09:10 - INFO - 正在切换至: 交易入口页[0m
[32m2025-10-16 14:09:11 - INFO - 已切换至: 交易入口页[0m
[32m2025-10-16 14:09:11 - INFO - 当前已是 川财证券 账户，无需切换[0m
[32m2025-10-16 14:10:03 - INFO - 正在切换至: 交易入口页[0m
[32m2025-10-16 14:10:04 - INFO - 已切换至: 交易入口页[0m
[32m2025-10-16 14:10:04 - INFO - 当前已是 川财证券 账户，无需切换[0m
[32m2025-10-16 14:10:42 - INFO - 正在切换至: 交易入口页[0m
[32m2025-10-16 14:10:43 - INFO - 已切换至: 交易入口页[0m
[32m2025-10-16 14:10:43 - INFO - 当前已是 川财证券 账户，无需切换[0m
[32m2025-10-16 14:11:28 - INFO - 正在切换至: 交易入口页[0m
[32m2025-10-16 14:11:30 - INFO - 已切换至: 交易入口页[0m
[32m2025-10-16 14:11:30 - INFO - 当前已是 川财证券 账户，无需切换[0m
[32m2025-10-16 14:12:11 - INFO - 正在切换至: 交易入口页[0m
[32m2025-10-16 14:12:12 - INFO - 已切换至: 交易入口页[0m
[32m2025-10-16 14:12:13 - INFO - 当前已是 川财证券 账户，无需切换[0m
[32m2025-10-16 14:13:05 - INFO - 正在切换至: 交易入口页[0m
[32m2025-10-16 14:13:06 - INFO - 已切换至: 交易入口页[0m
[32m2025-10-16 14:13:06 - INFO - 当前已是 川财证券 账户，无需切换[0m
[32m2025-10-16 14:13:48 - INFO - 正在切换至: 交易入口页[0m
[32m2025-10-16 14:13:49 - INFO - 已切换至: 交易入口页[0m
[32m2025-10-16 14:13:49 - INFO - 当前已是 川财证券 账户，无需切换[0m
[32m2025-10-16 14:14:41 - INFO - 正在切换至: 交易入口页[0m
[32m2025-10-16 14:14:43 - INFO - 已切换至: 交易入口页[0m
[32m2025-10-16 14:14:43 - INFO - 当前已是 川财证券 账户，无需切换[0m
[32m2025-10-16 14:15:32 - INFO - 正在切换至: 交易入口页[0m
[32m2025-10-16 14:15:33 - INFO - 已切换至: 交易入口页[0m
[32m2025-10-16 14:15:33 - INFO - 当前已是 川财证券 账户，无需切换[0m
[32m2025-10-16 14:16:25 - INFO - 正在切换至: 交易入口页[0m
[32m2025-10-16 14:16:27 - INFO - 已切换至: 交易入口页[0m
[32m2025-10-16 14:16:27 - INFO - 当前已是 川财证券 账户，无需切换[0m
[32m2025-10-16 14:17:09 - INFO - 正在切换至: 交易入口页[0m
[32m2025-10-16 14:17:10 - INFO - 已切换至: 交易入口页[0m
[32m2025-10-16 14:17:10 - INFO - 当前已是 川财证券 账户，无需切换[0m
[32m2025-10-16 14:17:54 - INFO - 正在切换至: 交易入口页[0m
[32m2025-10-16 14:17:56 - INFO - 已切换至: 交易入口页[0m
[32m2025-10-16 14:17:56 - INFO - 当前已是 川财证券 账户，无需切换[0m
[32m2025-10-16 14:18:48 - INFO - 正在切换至: 交易入口页[0m
[32m2025-10-16 14:18:49 - INFO - 已切换至: 交易入口页[0m
[32m2025-10-16 14:18:49 - INFO - 当前已是 川财证券 账户，无需切换[0m
[32m2025-10-16 14:19:31 - INFO - 正在切换至: 交易入口页[0m
[32m2025-10-16 14:19:32 - INFO - 已切换至: 交易入口页[0m
[32m2025-10-16 14:19:33 - INFO - 当前已是 川财证券 账户，无需切换[0m
[32m2025-10-16 14:20:12 - INFO - 正在切换至: 交易入口页[0m
[32m2025-10-16 14:20:13 - INFO - 已切换至: 交易入口页[0m
[32m2025-10-16 14:20:13 - INFO - 当前已是 川财证券 账户，无需切换[0m
[32m2025-10-16 14:20:58 - INFO - 正在切换至: 交易入口页[0m
[32m2025-10-16 14:20:59 - INFO - 已切换至: 交易入口页[0m
[32m2025-10-16 14:20:59 - INFO - 当前已是 川财证券 账户，无需切换[0m
[32m2025-10-16 14:21:49 - INFO - 正在切换至: 交易入口页[0m
[32m2025-10-16 14:21:51 - INFO - 已切换至: 交易入口页[0m
[32m2025-10-16 14:21:51 - INFO - 当前已是 川财证券 账户，无需切换[0m
[32m2025-10-16 14:22:33 - INFO - 正在切换至: 交易入口页[0m
[32m2025-10-16 14:22:35 - INFO - 已切换至: 交易入口页[0m
[32m2025-10-16 14:22:35 - INFO - 当前已是 川财证券 账户，无需切换[0m
[32m2025-10-16 14:23:14 - INFO - 正在切换至: 交易入口页[0m
[32m2025-10-16 14:23:16 - INFO - 已切换至: 交易入口页[0m
[32m2025-10-16 14:23:16 - INFO - 当前已是 川财证券 账户，无需切换[0m
[32m2025-10-16 14:24:03 - INFO - 正在切换至: 交易入口页[0m
[32m2025-10-16 14:24:04 - INFO - 已切换至: 交易入口页[0m
[32m2025-10-16 14:24:05 - INFO - 当前已是 川财证券 账户，无需切换[0m
[32m2025-10-16 14:24:44 - INFO - 正在切换至: 交易入口页[0m
[32m2025-10-16 14:24:46 - INFO - 已切换至: 交易入口页[0m
[32m2025-10-16 14:24:46 - INFO - 当前已是 川财证券 账户，无需切换[0m
[32m2025-10-16 14:25:31 - INFO - 正在切换至: 交易入口页[0m
[32m2025-10-16 14:25:32 - INFO - 已切换至: 交易入口页[0m
[32m2025-10-16 14:25:32 - INFO - 当前已是 川财证券 账户，无需切换[0m
[32m2025-10-16 14:26:18 - INFO - 正在切换至: 交易入口页[0m
[32m2025-10-16 14:26:19 - INFO - 已切换至: 交易入口页[0m
[32m2025-10-16 14:26:19 - INFO - 当前已是 川财证券 账户，无需切换[0m
[32m2025-10-16 14:27:01 - INFO - 正在切换至: 交易入口页[0m
[32m2025-10-16 14:27:02 - INFO - 已切换至: 交易入口页[0m
[32m2025-10-16 14:27:02 - INFO - 当前已是 川财证券 账户，无需切换[0m
[32m2025-10-16 14:27:42 - INFO - 正在切换至: 交易入口页[0m
[32m2025-10-16 14:27:43 - INFO - 已切换至: 交易入口页[0m
[32m2025-10-16 14:27:43 - INFO - 当前已是 川财证券 账户，无需切换[0m
[32m2025-10-16 14:28:30 - INFO - 正在切换至: 交易入口页[0m
[32m2025-10-16 14:28:31 - INFO - 已切换至: 交易入口页[0m
[32m2025-10-16 14:28:32 - INFO - 当前已是 川财证券 账户，无需切换[0m
[32m2025-10-16 14:29:25 - INFO - 正在切换至: 交易入口页[0m
[32m2025-10-16 14:29:26 - INFO - 已切换至: 交易入口页[0m
[32m2025-10-16 14:29:26 - INFO - 当前已是 川财证券 账户，无需切换[0m
[32m2025-10-16 14:30:22 - INFO - 正在切换至: 交易入口页[0m
[32m2025-10-16 14:30:23 - INFO - 已切换至: 交易入口页[0m
[32m2025-10-16 14:30:23 - INFO - 当前已是 川财证券 账户，无需切换[0m
[32m2025-10-16 14:31:14 - INFO - 正在切换至: 交易入口页[0m
[32m2025-10-16 14:31:15 - INFO - 已切换至: 交易入口页[0m
[32m2025-10-16 14:31:15 - INFO - 当前已是 川财证券 账户，无需切换[0m
[32m2025-10-16 14:32:03 - INFO - 正在切换至: 交易入口页[0m
[32m2025-10-16 14:32:05 - INFO - 已切换至: 交易入口页[0m
[32m2025-10-16 14:32:05 - INFO - 当前已是 川财证券 账户，无需切换[0m
[32m2025-10-16 14:32:54 - INFO - 正在切换至: 交易入口页[0m
[32m2025-10-16 14:32:56 - INFO - 已切换至: 交易入口页[0m
[32m2025-10-16 14:32:56 - INFO - 当前已是 川财证券 账户，无需切换[0m
[32m2025-10-16 14:33:36 - INFO - 正在切换至: 交易入口页[0m
[32m2025-10-16 14:33:37 - INFO - 已切换至: 交易入口页[0m
[32m2025-10-16 14:33:37 - INFO - 当前已是 川财证券 账户，无需切换[0m
[32m2025-10-16 14:34:14 - INFO - 正在切换至: 交易入口页[0m
[32m2025-10-16 14:34:16 - INFO - 已切换至: 交易入口页[0m
[32m2025-10-16 14:34:16 - INFO - 当前已是 川财证券 账户，无需切换[0m
[32m2025-10-16 14:35:04 - INFO - 正在切换至: 交易入口页[0m
[32m2025-10-16 14:35:05 - INFO - 已切换至: 交易入口页[0m
[32m2025-10-16 14:35:05 - INFO - 当前已是 川财证券 账户，无需切换[0m
[32m2025-10-16 14:36:03 - INFO - 正在切换至: 交易入口页[0m
[32m2025-10-16 14:36:04 - INFO - 已切换至: 交易入口页[0m
[32m2025-10-16 14:36:04 - INFO - 当前已是 川财证券 账户，无需切换[0m
[32m2025-10-16 14:36:57 - INFO - 正在切换至: 交易入口页[0m
[32m2025-10-16 14:36:58 - INFO - 已切换至: 交易入口页[0m
[32m2025-10-16 14:36:58 - INFO - 当前已是 川财证券 账户，无需切换[0m
[32m2025-10-16 14:37:44 - INFO - 正在切换至: 交易入口页[0m
[32m2025-10-16 14:37:45 - INFO - 已切换至: 交易入口页[0m
[32m2025-10-16 14:37:45 - INFO - 当前已是 川财证券 账户，无需切换[0m
[32m2025-10-16 14:38:37 - INFO - 正在切换至: 交易入口页[0m
[32m2025-10-16 14:38:38 - INFO - 已切换至: 交易入口页[0m
[32m2025-10-16 14:38:38 - INFO - 当前已是 川财证券 账户，无需切换[0m
[32m2025-10-16 14:39:31 - INFO - 正在切换至: 交易入口页[0m
[32m2025-10-16 14:39:32 - INFO - 已切换至: 交易入口页[0m
[32m2025-10-16 14:39:32 - INFO - 当前已是 川财证券 账户，无需切换[0m
[32m2025-10-16 14:40:21 - INFO - 正在切换至: 交易入口页[0m
[32m2025-10-16 14:40:22 - INFO - 已切换至: 交易入口页[0m
[32m2025-10-16 14:40:22 - INFO - 当前已是 川财证券 账户，无需切换[0m
[32m2025-10-16 14:41:03 - INFO - 正在切换至: 交易入口页[0m
[32m2025-10-16 14:41:05 - INFO - 已切换至: 交易入口页[0m
[32m2025-10-16 14:41:05 - INFO - 当前已是 川财证券 账户，无需切换[0m
[32m2025-10-16 14:41:45 - INFO - 正在切换至: 交易入口页[0m
[32m2025-10-16 14:41:46 - INFO - 已切换至: 交易入口页[0m
[32m2025-10-16 14:41:46 - INFO - 当前已是 川财证券 账户，无需切换[0m
[32m2025-10-16 14:42:25 - INFO - 正在切换至: 交易入口页[0m
[32m2025-10-16 14:42:27 - INFO - 已切换至: 交易入口页[0m
[32m2025-10-16 14:42:27 - INFO - 当前已是 川财证券 账户，无需切换[0m
[32m2025-10-16 14:43:07 - INFO - 正在切换至: 交易入口页[0m
[32m2025-10-16 14:43:08 - INFO - 已切换至: 交易入口页[0m
[32m2025-10-16 14:43:08 - INFO - 当前已是 川财证券 账户，无需切换[0m
[32m2025-10-16 14:43:52 - INFO - 正在切换至: 交易入口页[0m
[32m2025-10-16 14:43:53 - INFO - 已切换至: 交易入口页[0m
[32m2025-10-16 14:43:53 - INFO - 当前已是 川财证券 账户，无需切换[0m
[32m2025-10-16 14:44:48 - INFO - 正在切换至: 交易入口页[0m
[32m2025-10-16 14:44:49 - INFO - 已切换至: 交易入口页[0m
[32m2025-10-16 14:44:49 - INFO - 当前已是 川财证券 账户，无需切换[0m
[32m2025-10-16 14:45:33 - INFO - 正在切换至: 交易入口页[0m
[32m2025-10-16 14:45:34 - INFO - 已切换至: 交易入口页[0m
[32m2025-10-16 14:45:34 - INFO - 当前已是 川财证券 账户，无需切换[0m
[32m2025-10-16 14:46:14 - INFO - 正在切换至: 交易入口页[0m
[32m2025-10-16 14:46:15 - INFO - 已切换至: 交易入口页[0m
[32m2025-10-16 14:46:15 - INFO - 当前已是 川财证券 账户，无需切换[0m
[32m2025-10-16 14:47:01 - INFO - 正在切换至: 交易入口页[0m
[32m2025-10-16 14:47:02 - INFO - 已切换至: 交易入口页[0m
[32m2025-10-16 14:47:02 - INFO - 当前已是 川财证券 账户，无需切换[0m
[32m2025-10-16 14:47:40 - INFO - 正在切换至: 交易入口页[0m
[32m2025-10-16 14:47:42 - INFO - 已切换至: 交易入口页[0m
[32m2025-10-16 14:47:42 - INFO - 当前已是 川财证券 账户，无需切换[0m
[32m2025-10-16 14:48:28 - INFO - 正在切换至: 交易入口页[0m
[32m2025-10-16 14:48:29 - INFO - 已切换至: 交易入口页[0m
[32m2025-10-16 14:48:30 - INFO - 当前已是 川财证券 账户，无需切换[0m
[32m2025-10-16 14:49:18 - INFO - 正在切换至: 交易入口页[0m
[32m2025-10-16 14:49:19 - INFO - 已切换至: 交易入口页[0m
[32m2025-10-16 14:49:19 - INFO - 当前已是 川财证券 账户，无需切换[0m
[32m2025-10-16 14:50:08 - INFO - 正在切换至: 交易入口页[0m
[32m2025-10-16 14:50:09 - INFO - 已切换至: 交易入口页[0m
[32m2025-10-16 14:50:09 - INFO - 当前已是 川财证券 账户，无需切换[0m
[32m2025-10-16 14:51:00 - INFO - 正在切换至: 交易入口页[0m
[32m2025-10-16 14:51:01 - INFO - 已切换至: 交易入口页[0m
[32m2025-10-16 14:51:01 - INFO - 当前已是 川财证券 账户，无需切换[0m
[32m2025-10-16 14:51:44 - INFO - 正在切换至: 交易入口页[0m
[32m2025-10-16 14:51:46 - INFO - 已切换至: 交易入口页[0m
[32m2025-10-16 14:51:46 - INFO - 当前已是 川财证券 账户，无需切换[0m
[32m2025-10-16 14:52:40 - INFO - 正在切换至: 交易入口页[0m
[32m2025-10-16 14:52:42 - INFO - 已切换至: 交易入口页[0m
[32m2025-10-16 14:52:42 - INFO - 当前已是 川财证券 账户，无需切换[0m
[32m2025-10-16 14:53:22 - INFO - 正在切换至: 交易入口页[0m
[32m2025-10-16 14:53:23 - INFO - 已切换至: 交易入口页[0m
[32m2025-10-16 14:53:23 - INFO - 当前已是 川财证券 账户，无需切换[0m
[32m2025-10-16 14:54:18 - INFO - 正在切换至: 交易入口页[0m
[32m2025-10-16 14:54:19 - INFO - 已切换至: 交易入口页[0m
[32m2025-10-16 14:54:19 - INFO - 当前已是 川财证券 账户，无需切换[0m
[32m2025-10-16 14:54:58 - INFO - 正在切换至: 交易入口页[0m
[32m2025-10-16 14:54:59 - INFO - 已切换至: 交易入口页[0m
[32m2025-10-16 14:54:59 - INFO - 当前已是 川财证券 账户，无需切换[0m
[32m2025-10-16 14:55:52 - INFO - 正在切换至: 交易入口页[0m
[32m2025-10-16 14:55:53 - INFO - 已切换至: 交易入口页[0m
[32m2025-10-16 14:55:53 - INFO - 当前已是 川财证券 账户，无需切换[0m
[32m2025-10-16 14:56:46 - INFO - 正在切换至: 交易入口页[0m
[32m2025-10-16 14:56:47 - INFO - 已切换至: 交易入口页[0m
[32m2025-10-16 14:56:47 - INFO - 当前已是 川财证券 账户，无需切换[0m
[32m2025-10-16 14:56:53 - INFO - 正在切换至: 账户页[0m
[32m2025-10-16 14:56:53 - INFO - 当前页面: 账户页[0m
[32m2025-10-16 14:56:55 - INFO - 正在切换至: 交易入口页[0m
[32m2025-10-16 14:56:56 - INFO - 已切换至: 交易入口页[0m
[32m2025-10-16 14:56:59 - INFO - 点击账户切换弹窗[0m
[32m2025-10-16 14:56:59 - INFO - 点击登录按钮[0m
[32m2025-10-16 14:56:59 - INFO - 输入密码: 170212[0m
[32m2025-10-16 14:57:22 - INFO - 正在切换至: 交易入口页[0m
[32m2025-10-16 14:57:47 - INFO - 正在切换至: 账户页[0m
[32m2025-10-16 14:58:12 - INFO - 正在切换至: 交易入口页[0m
[32m2025-10-16 14:58:12 - INFO - 已切换至: 交易入口页[0m
[32m2025-10-16 14:58:14 - INFO - 点击账户切换弹窗[0m
[32m2025-10-16 14:58:14 - INFO - 点击登录按钮[0m
[32m2025-10-16 14:58:14 - INFO - 输入密码: 660493[0m
[32m2025-10-16 14:58:15 - INFO - 勾选24小时登录[0m
[32m2025-10-16 14:58:15 - INFO - 点击登录按钮[0m
[31m2025-10-16 14:58:16 - ERROR - 登录失败[0m
[32m2025-10-16 14:58:18 - INFO - 正在切换至: 交易入口页[0m
