[32m2025-08-13 09:31:41 - INFO - 今天日期: 2025-08-13[0m
[32m2025-08-13 09:31:41 - INFO - 策略 获取数据成功id:156275 AI市场追踪策略 [0m
[32m2025-08-13 09:31:41 - INFO - 策略 获取数据成功id:155680 GPT定期精选 [0m
[32m2025-08-13 09:32:54 - INFO - 今天日期: 2025-08-13[0m
[32m2025-08-13 09:32:56 - INFO - 策略 获取数据成功id:156275 AI市场追踪策略 [0m
[32m2025-08-13 09:32:56 - INFO - 策略 获取数据成功id:155680 GPT定期精选 [0m
[32m2025-08-13 09:32:56 - INFO - 今日交易数据：2条 
        名称  操作  标的名称      代码    最新价   新比例%    交易数量    市场                时间
1  GPT定期精选  卖出  超讯通信  603322  37.23 -17.75 -110000  沪深A股  2025-08-13 09:31
2  GPT定期精选  买入  紫光股份  000938  24.91  18.32  169800  沪深A股  2025-08-13 09:31[0m
[32m2025-08-13 09:32:56 - INFO - 保存今日持仓数据:
          名称   标的名称      代码    市场  ...  盈亏比例%  持仓比例%                 持仓时间       行业
0   AI市场追踪策略   胜利股份  000407  沪深A股  ...   1.98   2.01  2025-08-12 16:10:00       燃气
1   AI市场追踪策略   湖南投资  000548  沪深A股  ...  -0.18   2.01  2025-08-12 16:10:00   公路铁路运输
2   AI市场追踪策略   德龙汇能  000593  沪深A股  ...   2.62   1.98  2025-08-12 16:10:00       燃气
3   AI市场追踪策略   三木集团  000632  沪深A股  ...   1.72   2.00  2025-08-12 16:10:00       综合
4   AI市场追踪策略   茂化实华  000637  沪深A股  ...  -0.46   2.00  2025-08-12 16:10:00   石油加工贸易
5   AI市场追踪策略   永安林业  000663  沪深A股  ...   0.70   1.97  2025-08-12 16:10:00   种植业与林业
6   AI市场追踪策略   浩物股份  000757  沪深A股  ...   0.40   1.99  2025-08-12 16:10:00  汽车服务及其他
7   AI市场追踪策略   农心科技  001231  沪深A股  ...  11.84   1.97  2025-08-12 16:10:00     农化制品
8   AI市场追踪策略   利仁科技  001259  沪深A股  ...   8.17   1.70  2025-08-12 16:10:00      小家电
9   AI市场追踪策略   坤泰股份  001260  沪深A股  ...  14.52   1.99  2025-08-12 16:10:00    汽车零部件
10  AI市场追踪策略   箭牌家居  001322  沪深A股  ...   5.61   2.06  2025-08-12 16:10:00     家居用品
11  AI市场追踪策略   光华股份  001333  沪深A股  ...  13.08   1.90  2025-08-12 16:10:00     塑料制品
12  AI市场追踪策略   楚环科技  001336  沪深A股  ...  13.99   0.69  2025-08-12 16:10:00     环保设备
13  AI市场追踪策略   播恩集团  001366  沪深A股  ...  -0.88   2.01  2025-08-12 16:10:00    农产品加工
14  AI市场追踪策略   中天服务  002188  沪深A股  ...   0.67   1.97  2025-08-12 16:10:00      房地产
15  AI市场追踪策略  *ST交投  002200  沪深A股  ...   4.16   0.57  2025-08-12 16:10:00     建筑装饰
16  AI市场追踪策略   合兴包装  002228  沪深A股  ...  -0.29   2.00  2025-08-12 16:10:00     包装印刷
17  AI市场追踪策略   双箭股份  002381  沪深A股  ...   2.28   1.07  2025-08-12 16:10:00     橡胶制品
18  AI市场追踪策略   龙星科技  002442  沪深A股  ...  -2.70   0.29  2025-08-12 16:10:00     橡胶制品
19  AI市场追踪策略   华斯股份  002494  沪深A股  ...   5.65   2.01  2025-08-12 16:10:00     服装家纺
20  AI市场追踪策略    乔治白  002687  沪深A股  ...   6.52   1.56  2025-08-12 16:10:00     服装家纺
21  AI市场追踪策略   世龙实业  002748  沪深A股  ...  -0.39   2.01  2025-08-12 16:10:00     化学原料
22  AI市场追踪策略   众兴菌业  002772  沪深A股  ...   3.07   1.97  2025-08-12 16:10:00   种植业与林业
23  AI市场追踪策略    瑞尔特  002790  沪深A股  ...   0.39   1.99  2025-08-12 16:10:00     家居用品
24  AI市场追踪策略   嘉美包装  002969  沪深A股  ...  -0.27   1.98  2025-08-12 16:10:00     包装印刷
25  AI市场追踪策略   顶固集创  300749   创业板  ...   3.16   2.03  2025-08-12 16:10:00     家居用品
26  AI市场追踪策略   浙江力诺  300838   创业板  ...   4.56   1.97  2025-08-12 16:10:00     通用设备
27  AI市场追踪策略   冠中生态  300948   创业板  ...   4.08   1.98  2025-08-12 16:10:00     环境治理
28  AI市场追踪策略    新巨丰  301296   创业板  ...  -1.04   0.70  2025-08-12 16:10:00     包装印刷
29  AI市场追踪策略   森泰股份  301429   创业板  ...  16.07   1.75  2025-08-12 16:10:00     建筑材料
30  AI市场追踪策略   美新科技  301588   创业板  ...  -0.55   2.01  2025-08-12 16:10:00     家居用品
31  AI市场追踪策略   宁波联合  600051  沪深A股  ...   6.82   1.38  2025-08-12 16:10:00       综合
32  AI市场追踪策略   大龙地产  600159  沪深A股  ...   5.30   2.01  2025-08-12 16:10:00      房地产
33  AI市场追踪策略   民丰特纸  600235  沪深A股  ...   4.55   1.89  2025-08-12 16:10:00       造纸
34  AI市场追踪策略   广东明珠  600382  沪深A股  ...  -0.68   2.02  2025-08-12 16:10:00       钢铁
35  AI市场追踪策略   栖霞建设  600533  沪深A股  ...  -0.72   2.00  2025-08-12 16:10:00      房地产
36  AI市场追踪策略   申华控股  600653  沪深A股  ...   0.00   1.14  2025-08-12 16:10:00  汽车服务及其他
37  AI市场追踪策略   欧亚集团  600697  沪深A股  ...   3.65   1.93  2025-08-12 16:10:00       零售
38  AI市场追踪策略   宁波富邦  600768  沪深A股  ...   8.54   2.02  2025-08-12 16:10:00     电网设备
39  AI市场追踪策略   京能置业  600791  沪深A股  ...   0.99   1.02  2025-08-12 16:10:00      房地产
40  AI市场追踪策略   钱江生化  600796  沪深A股  ...  -0.65   1.34  2025-08-12 16:10:00     环境治理
41  AI市场追踪策略   百大集团  600865  沪深A股  ...   1.88   1.35  2025-08-12 16:10:00       零售
42  AI市场追踪策略   广电电气  601616  沪深A股  ...   1.02   2.01  2025-08-12 16:10:00     电网设备
43  AI市场追踪策略   三峰环境  601827  沪深A股  ...  -0.12   2.01  2025-08-12 16:10:00     环境治理
44  AI市场追踪策略   丰林集团  601996  沪深A股  ...   0.43   1.99  2025-08-12 16:10:00   种植业与林业
45  AI市场追踪策略   彩蝶实业  603073  沪深A股  ...   4.59   1.37  2025-08-12 16:10:00     纺织制造
46  AI市场追踪策略   万丰股份  603172  沪深A股  ...  -0.28   1.97  2025-08-12 16:10:00     化学制品
47  AI市场追踪策略    建研院  603183  沪深A股  ...   1.54   1.98  2025-08-12 16:10:00   其他社会服务
48  AI市场追踪策略   惠达卫浴  603385  沪深A股  ...   3.60   1.96  2025-08-12 16:10:00     家居用品
49  AI市场追踪策略   宁水集团  603700  沪深A股  ...   0.63   1.99  2025-08-12 16:10:00     通用设备
50  AI市场追踪策略    歌力思  603808  沪深A股  ...  -0.47   1.98  2025-08-12 16:10:00     服装家纺
51  AI市场追踪策略   美腾科技  688420   科创板  ...   0.26   0.82  2025-08-12 16:10:00     专用设备
52   GPT定期精选   顺网科技  300113   创业板  ...   5.72  47.61        1755048660000     通信服务
53   GPT定期精选   中科金财  002657  沪深A股  ...   0.67  32.21        1755048660000     IT服务
54   GPT定期精选   紫光股份  000938  沪深A股  ...   0.30  18.38        1755048660000     IT服务

[55 rows x 9 columns][0m
[32m2025-08-13 09:35:34 - INFO - 今天日期: 2025-08-13[0m
[32m2025-08-13 09:35:36 - INFO - 策略 获取数据成功id:156275 AI市场追踪策略 [0m
[32m2025-08-13 09:35:36 - INFO - 策略 获取数据成功id:155680 GPT定期精选 [0m
[32m2025-08-13 09:35:36 - INFO - 今日交易数据：2条 
        名称  操作  标的名称      代码    最新价   新比例%    交易数量    市场                时间
1  GPT定期精选  卖出  超讯通信  603322  37.23 -17.75 -110000  沪深A股  2025-08-13 09:31
2  GPT定期精选  买入  紫光股份  000938  24.91  18.32  169800  沪深A股  2025-08-13 09:31[0m
[32m2025-08-13 09:35:36 - INFO - ---------------策略 无新增交易数据----------------[0m
[32m2025-08-13 09:37:01 - INFO - 今天日期: 2025-08-13[0m
[32m2025-08-13 09:37:02 - INFO - 策略 获取数据成功id:156275 AI市场追踪策略 [0m
[32m2025-08-13 09:37:02 - INFO - 策略 获取数据成功id:155680 GPT定期精选 [0m
[32m2025-08-13 09:37:02 - INFO - 今日交易数据：2条 
        名称  操作  标的名称      代码    最新价   新比例%    交易数量    市场                时间
1  GPT定期精选  卖出  超讯通信  603322  37.23 -17.75 -110000  沪深A股  2025-08-13 09:31
2  GPT定期精选  买入  紫光股份  000938  24.91  18.32  169800  沪深A股  2025-08-13 09:31[0m
[32m2025-08-13 09:37:02 - INFO - ---------------策略 无新增交易数据----------------[0m
[32m2025-08-13 09:38:05 - INFO - 今天日期: 2025-08-13[0m
[32m2025-08-13 09:38:05 - INFO - 策略 获取数据成功id:156275 AI市场追踪策略 [0m
[32m2025-08-13 09:38:05 - INFO - 策略 获取数据成功id:155680 GPT定期精选 [0m
[32m2025-08-13 09:38:05 - INFO - 今日交易数据：2条 
        名称  操作  标的名称      代码    最新价   新比例%    交易数量    市场                时间
1  GPT定期精选  卖出  超讯通信  603322  37.23 -17.75 -110000  沪深A股  2025-08-13 09:31
2  GPT定期精选  买入  紫光股份  000938  24.91  18.32  169800  沪深A股  2025-08-13 09:31[0m
[32m2025-08-13 09:38:05 - INFO - ---------------策略 无新增交易数据----------------[0m
[32m2025-08-13 09:39:20 - INFO - 今天日期: 2025-08-13[0m
[32m2025-08-13 09:39:23 - INFO - 策略 获取数据成功id:156275 AI市场追踪策略 [0m
[32m2025-08-13 09:39:23 - INFO - 策略 获取数据成功id:155680 GPT定期精选 [0m
[32m2025-08-13 09:39:23 - INFO - 今日交易数据：2条 
        名称  操作  标的名称      代码    最新价   新比例%    交易数量    市场                时间
1  GPT定期精选  卖出  超讯通信  603322  37.23 -17.75 -110000  沪深A股  2025-08-13 09:31
2  GPT定期精选  买入  紫光股份  000938  24.91  18.32  169800  沪深A股  2025-08-13 09:31[0m
[32m2025-08-13 09:39:23 - INFO - ---------------策略 无新增交易数据----------------[0m
[32m2025-08-13 09:40:36 - INFO - 今天日期: 2025-08-13[0m
[32m2025-08-13 09:40:36 - INFO - 策略 获取数据成功id:156275 AI市场追踪策略 [0m
[32m2025-08-13 09:40:36 - INFO - 策略 获取数据成功id:155680 GPT定期精选 [0m
[32m2025-08-13 09:40:36 - INFO - 今日交易数据：2条 
        名称  操作  标的名称      代码    最新价   新比例%    交易数量    市场                时间
1  GPT定期精选  卖出  超讯通信  603322  37.23 -17.75 -110000  沪深A股  2025-08-13 09:31
2  GPT定期精选  买入  紫光股份  000938  24.91  18.32  169800  沪深A股  2025-08-13 09:31[0m
[32m2025-08-13 09:40:36 - INFO - ---------------策略 无新增交易数据----------------[0m
[32m2025-08-13 09:42:23 - INFO - 今天日期: 2025-08-13[0m
[32m2025-08-13 09:42:31 - INFO - 策略 获取数据成功id:156275 AI市场追踪策略 [0m
[32m2025-08-13 09:42:31 - INFO - 策略 获取数据成功id:155680 GPT定期精选 [0m
[32m2025-08-13 09:42:31 - INFO - 今日交易数据：2条 
        名称  操作  标的名称      代码    最新价   新比例%    交易数量    市场                时间
1  GPT定期精选  卖出  超讯通信  603322  37.23 -17.75 -110000  沪深A股  2025-08-13 09:31
2  GPT定期精选  买入  紫光股份  000938  24.91  18.32  169800  沪深A股  2025-08-13 09:31[0m
[32m2025-08-13 09:42:31 - INFO - ---------------策略 无新增交易数据----------------[0m
[32m2025-08-13 09:43:34 - INFO - 今天日期: 2025-08-13[0m
[31m2025-08-13 09:43:46 - ERROR - 请求失败 (Strategy ID: 156275): HTTPSConnectionPool(host='ms.10jqka.com.cn', port=443): Max retries exceeded with url: /iwencai/iwc-web-business-center/strategy_unify/strategy_profit?strategyId=156275 (Caused by NameResolutionError("<urllib3.connection.HTTPSConnection object at 0x000001E597BE1D10>: Failed to resolve 'ms.10jqka.com.cn' ([Errno 11002] getaddrinfo failed)"))[0m
[32m2025-08-13 09:45:29 - INFO - 今天日期: 2025-08-13[0m
[31m2025-08-13 09:45:41 - ERROR - 请求失败 (Strategy ID: 156275): HTTPSConnectionPool(host='ms.10jqka.com.cn', port=443): Max retries exceeded with url: /iwencai/iwc-web-business-center/strategy_unify/strategy_profit?strategyId=156275 (Caused by NameResolutionError("<urllib3.connection.HTTPSConnection object at 0x000001FEE783ACF0>: Failed to resolve 'ms.10jqka.com.cn' ([Errno 11002] getaddrinfo failed)"))[0m
[32m2025-08-13 09:46:20 - INFO - 今天日期: 2025-08-13[0m
[32m2025-08-13 09:46:20 - INFO - 策略 获取数据成功id:156275 AI市场追踪策略 [0m
[32m2025-08-13 09:46:20 - INFO - 策略 获取数据成功id:155680 GPT定期精选 [0m
[32m2025-08-13 09:46:20 - INFO - 今日交易数据：2条 
        名称  操作  标的名称      代码    最新价   新比例%    交易数量    市场                时间
1  GPT定期精选  卖出  超讯通信  603322  37.23 -17.75 -110000  沪深A股  2025-08-13 09:31
2  GPT定期精选  买入  紫光股份  000938  24.91  18.32  169800  沪深A股  2025-08-13 09:31[0m
[32m2025-08-13 09:46:20 - INFO - ---------------策略 无新增交易数据----------------[0m
[32m2025-08-13 09:47:28 - INFO - 今天日期: 2025-08-13[0m
[32m2025-08-13 09:47:30 - INFO - 策略 获取数据成功id:156275 AI市场追踪策略 [0m
[32m2025-08-13 09:47:31 - INFO - 策略 获取数据成功id:155680 GPT定期精选 [0m
[32m2025-08-13 09:47:31 - INFO - 今日交易数据：2条 
        名称  操作  标的名称      代码    最新价   新比例%    交易数量    市场                时间
1  GPT定期精选  卖出  超讯通信  603322  37.23 -17.75 -110000  沪深A股  2025-08-13 09:31
2  GPT定期精选  买入  紫光股份  000938  24.91  18.32  169800  沪深A股  2025-08-13 09:31[0m
[32m2025-08-13 09:47:31 - INFO - ---------------策略 无新增交易数据----------------[0m
[32m2025-08-13 09:48:41 - INFO - 今天日期: 2025-08-13[0m
[32m2025-08-13 09:48:42 - INFO - 策略 获取数据成功id:156275 AI市场追踪策略 [0m
[32m2025-08-13 09:48:42 - INFO - 策略 获取数据成功id:155680 GPT定期精选 [0m
[32m2025-08-13 09:48:42 - INFO - 今日交易数据：2条 
        名称  操作  标的名称      代码    最新价   新比例%    交易数量    市场                时间
1  GPT定期精选  卖出  超讯通信  603322  37.23 -17.75 -110000  沪深A股  2025-08-13 09:31
2  GPT定期精选  买入  紫光股份  000938  24.91  18.32  169800  沪深A股  2025-08-13 09:31[0m
[32m2025-08-13 09:48:42 - INFO - ---------------策略 无新增交易数据----------------[0m
[32m2025-08-13 09:49:47 - INFO - 今天日期: 2025-08-13[0m
[32m2025-08-13 09:49:47 - INFO - 策略 获取数据成功id:156275 AI市场追踪策略 [0m
[32m2025-08-13 09:49:47 - INFO - 策略 获取数据成功id:155680 GPT定期精选 [0m
[32m2025-08-13 09:49:47 - INFO - 今日交易数据：2条 
        名称  操作  标的名称      代码    最新价   新比例%    交易数量    市场                时间
1  GPT定期精选  卖出  超讯通信  603322  37.23 -17.75 -110000  沪深A股  2025-08-13 09:31
2  GPT定期精选  买入  紫光股份  000938  24.91  18.32  169800  沪深A股  2025-08-13 09:31[0m
[32m2025-08-13 09:49:47 - INFO - ---------------策略 无新增交易数据----------------[0m
[32m2025-08-13 09:50:47 - INFO - 今天日期: 2025-08-13[0m
[32m2025-08-13 09:50:49 - INFO - 策略 获取数据成功id:156275 AI市场追踪策略 [0m
[32m2025-08-13 09:50:49 - INFO - 策略 获取数据成功id:155680 GPT定期精选 [0m
[32m2025-08-13 09:50:49 - INFO - 今日交易数据：2条 
        名称  操作  标的名称      代码    最新价   新比例%    交易数量    市场                时间
1  GPT定期精选  卖出  超讯通信  603322  37.23 -17.75 -110000  沪深A股  2025-08-13 09:31
2  GPT定期精选  买入  紫光股份  000938  24.91  18.32  169800  沪深A股  2025-08-13 09:31[0m
[32m2025-08-13 09:50:49 - INFO - ---------------策略 无新增交易数据----------------[0m
[32m2025-08-13 09:51:53 - INFO - 今天日期: 2025-08-13[0m
[32m2025-08-13 09:51:55 - INFO - 策略 获取数据成功id:156275 AI市场追踪策略 [0m
[32m2025-08-13 09:51:55 - INFO - 策略 获取数据成功id:155680 GPT定期精选 [0m
[32m2025-08-13 09:51:55 - INFO - 今日交易数据：2条 
        名称  操作  标的名称      代码    最新价   新比例%    交易数量    市场                时间
1  GPT定期精选  卖出  超讯通信  603322  37.23 -17.75 -110000  沪深A股  2025-08-13 09:31
2  GPT定期精选  买入  紫光股份  000938  24.91  18.32  169800  沪深A股  2025-08-13 09:31[0m
[32m2025-08-13 09:51:55 - INFO - ---------------策略 无新增交易数据----------------[0m
[32m2025-08-13 09:52:54 - INFO - 今天日期: 2025-08-13[0m
[32m2025-08-13 09:52:54 - INFO - 策略 获取数据成功id:156275 AI市场追踪策略 [0m
[32m2025-08-13 09:52:54 - INFO - 策略 获取数据成功id:155680 GPT定期精选 [0m
[32m2025-08-13 09:52:54 - INFO - 今日交易数据：2条 
        名称  操作  标的名称      代码    最新价   新比例%    交易数量    市场                时间
1  GPT定期精选  卖出  超讯通信  603322  37.23 -17.75 -110000  沪深A股  2025-08-13 09:31
2  GPT定期精选  买入  紫光股份  000938  24.91  18.32  169800  沪深A股  2025-08-13 09:31[0m
[32m2025-08-13 09:52:54 - INFO - ---------------策略 无新增交易数据----------------[0m
[32m2025-08-13 09:54:01 - INFO - 今天日期: 2025-08-13[0m
[32m2025-08-13 09:54:03 - INFO - 策略 获取数据成功id:156275 AI市场追踪策略 [0m
[32m2025-08-13 09:54:03 - INFO - 策略 获取数据成功id:155680 GPT定期精选 [0m
[32m2025-08-13 09:54:03 - INFO - 今日交易数据：2条 
        名称  操作  标的名称      代码    最新价   新比例%    交易数量    市场                时间
1  GPT定期精选  卖出  超讯通信  603322  37.23 -17.75 -110000  沪深A股  2025-08-13 09:31
2  GPT定期精选  买入  紫光股份  000938  24.91  18.32  169800  沪深A股  2025-08-13 09:31[0m
[32m2025-08-13 09:54:03 - INFO - ---------------策略 无新增交易数据----------------[0m
[32m2025-08-13 09:55:01 - INFO - 今天日期: 2025-08-13[0m
[31m2025-08-13 09:55:13 - ERROR - 请求失败 (Strategy ID: 156275): HTTPSConnectionPool(host='ms.10jqka.com.cn', port=443): Max retries exceeded with url: /iwencai/iwc-web-business-center/strategy_unify/strategy_profit?strategyId=156275 (Caused by NameResolutionError("<urllib3.connection.HTTPSConnection object at 0x0000018C71C61310>: Failed to resolve 'ms.10jqka.com.cn' ([Errno 11002] getaddrinfo failed)"))[0m
[32m2025-08-13 10:20:29 - INFO - 今天日期: 2025-08-13[0m
[32m2025-08-13 10:20:29 - INFO - 策略 获取数据成功id:156275 AI市场追踪策略 [0m
[32m2025-08-13 10:20:29 - INFO - 策略 获取数据成功id:155680 GPT定期精选 [0m
[32m2025-08-13 10:20:29 - INFO - 今日交易数据：2条 
        名称  操作  标的名称      代码    最新价   新比例%    交易数量    市场                时间
1  GPT定期精选  卖出  超讯通信  603322  37.23 -17.75 -110000  沪深A股  2025-08-13 09:31
2  GPT定期精选  买入  紫光股份  000938  24.91  18.32  169800  沪深A股  2025-08-13 09:31[0m
[32m2025-08-13 10:20:29 - INFO - ---------------策略 无新增交易数据----------------[0m
[32m2025-08-13 10:22:06 - INFO - 今天日期: 2025-08-13[0m
[32m2025-08-13 10:22:06 - INFO - 策略 获取数据成功id:156275 AI市场追踪策略 [0m
[32m2025-08-13 10:22:06 - INFO - 策略 获取数据成功id:155680 GPT定期精选 [0m
[32m2025-08-13 10:22:06 - INFO - 今日交易数据：2条 
        名称  操作  标的名称      代码    最新价   新比例%    交易数量    市场                时间
1  GPT定期精选  卖出  超讯通信  603322  37.23 -17.75 -110000  沪深A股  2025-08-13 09:31
2  GPT定期精选  买入  紫光股份  000938  24.91  18.32  169800  沪深A股  2025-08-13 09:31[0m
[32m2025-08-13 10:22:06 - INFO - ---------------策略 无新增交易数据----------------[0m
[32m2025-08-13 10:23:07 - INFO - 今天日期: 2025-08-13[0m
[32m2025-08-13 10:23:07 - INFO - 策略 获取数据成功id:156275 AI市场追踪策略 [0m
[32m2025-08-13 10:23:07 - INFO - 策略 获取数据成功id:155680 GPT定期精选 [0m
[32m2025-08-13 10:23:07 - INFO - 今日交易数据：2条 
        名称  操作  标的名称      代码    最新价   新比例%    交易数量    市场                时间
1  GPT定期精选  卖出  超讯通信  603322  37.23 -17.75 -110000  沪深A股  2025-08-13 09:31
2  GPT定期精选  买入  紫光股份  000938  24.91  18.32  169800  沪深A股  2025-08-13 09:31[0m
[32m2025-08-13 10:23:07 - INFO - ---------------策略 无新增交易数据----------------[0m
[32m2025-08-13 10:24:22 - INFO - 今天日期: 2025-08-13[0m
[32m2025-08-13 10:24:24 - INFO - 策略 获取数据成功id:156275 AI市场追踪策略 [0m
[32m2025-08-13 10:24:24 - INFO - 策略 获取数据成功id:155680 GPT定期精选 [0m
[32m2025-08-13 10:24:24 - INFO - 今日交易数据：2条 
        名称  操作  标的名称      代码    最新价   新比例%    交易数量    市场                时间
1  GPT定期精选  卖出  超讯通信  603322  37.23 -17.75 -110000  沪深A股  2025-08-13 09:31
2  GPT定期精选  买入  紫光股份  000938  24.91  18.32  169800  沪深A股  2025-08-13 09:31[0m
[32m2025-08-13 10:24:24 - INFO - ---------------策略 无新增交易数据----------------[0m
[32m2025-08-13 10:25:37 - INFO - 今天日期: 2025-08-13[0m
[31m2025-08-13 10:25:49 - ERROR - 请求失败 (Strategy ID: 156275): HTTPSConnectionPool(host='ms.10jqka.com.cn', port=443): Max retries exceeded with url: /iwencai/iwc-web-business-center/strategy_unify/strategy_profit?strategyId=156275 (Caused by NameResolutionError("<urllib3.connection.HTTPSConnection object at 0x0000014447E53ED0>: Failed to resolve 'ms.10jqka.com.cn' ([Errno 11002] getaddrinfo failed)"))[0m
[32m2025-08-13 10:30:09 - INFO - 今天日期: 2025-08-13[0m
[31m2025-08-13 10:30:22 - ERROR - 请求失败 (Strategy ID: 156275): HTTPSConnectionPool(host='ms.10jqka.com.cn', port=443): Max retries exceeded with url: /iwencai/iwc-web-business-center/strategy_unify/strategy_profit?strategyId=156275 (Caused by NameResolutionError("<urllib3.connection.HTTPSConnection object at 0x0000017719632BA0>: Failed to resolve 'ms.10jqka.com.cn' ([Errno 11002] getaddrinfo failed)"))[0m
[32m2025-08-13 10:30:46 - INFO - 今天日期: 2025-08-13[0m
[32m2025-08-13 10:30:48 - INFO - 策略 获取数据成功id:156275 AI市场追踪策略 [0m
[32m2025-08-13 10:30:49 - INFO - 策略 获取数据成功id:155680 GPT定期精选 [0m
[32m2025-08-13 10:30:49 - INFO - 今日交易数据：2条 
        名称  操作  标的名称      代码    最新价   新比例%    交易数量    市场                时间
1  GPT定期精选  卖出  超讯通信  603322  37.23 -17.75 -110000  沪深A股  2025-08-13 09:31
2  GPT定期精选  买入  紫光股份  000938  24.91  18.32  169800  沪深A股  2025-08-13 09:31[0m
[32m2025-08-13 10:30:49 - INFO - ---------------策略 无新增交易数据----------------[0m
[32m2025-08-13 10:31:48 - INFO - 今天日期: 2025-08-13[0m
[32m2025-08-13 10:31:48 - INFO - 策略 获取数据成功id:156275 AI市场追踪策略 [0m
[32m2025-08-13 10:31:48 - INFO - 策略 获取数据成功id:155680 GPT定期精选 [0m
[32m2025-08-13 10:31:48 - INFO - 今日交易数据：2条 
        名称  操作  标的名称      代码    最新价   新比例%    交易数量    市场                时间
1  GPT定期精选  卖出  超讯通信  603322  37.23 -17.75 -110000  沪深A股  2025-08-13 09:31
2  GPT定期精选  买入  紫光股份  000938  24.91  18.32  169800  沪深A股  2025-08-13 09:31[0m
[32m2025-08-13 10:31:48 - INFO - ---------------策略 无新增交易数据----------------[0m
[32m2025-08-13 10:32:56 - INFO - 今天日期: 2025-08-13[0m
[31m2025-08-13 10:33:08 - ERROR - 请求失败 (Strategy ID: 156275): HTTPSConnectionPool(host='ms.10jqka.com.cn', port=443): Max retries exceeded with url: /iwencai/iwc-web-business-center/strategy_unify/strategy_profit?strategyId=156275 (Caused by NameResolutionError("<urllib3.connection.HTTPSConnection object at 0x0000015BF6F7F4D0>: Failed to resolve 'ms.10jqka.com.cn' ([Errno 11002] getaddrinfo failed)"))[0m
[32m2025-08-13 10:55:14 - INFO - 今天日期: 2025-08-13[0m
[32m2025-08-13 10:55:14 - INFO - 策略 获取数据成功id:156275 AI市场追踪策略 [0m
[32m2025-08-13 10:55:14 - INFO - 策略 获取数据成功id:155680 GPT定期精选 [0m
[32m2025-08-13 10:55:14 - INFO - 今日交易数据：2条 
        名称  操作  标的名称      代码    最新价   新比例%    交易数量    市场                时间
1  GPT定期精选  卖出  超讯通信  603322  37.23 -17.75 -110000  沪深A股  2025-08-13 09:31
2  GPT定期精选  买入  紫光股份  000938  24.91  18.32  169800  沪深A股  2025-08-13 09:31[0m
[32m2025-08-13 10:55:14 - INFO - ---------------策略 无新增交易数据----------------[0m
[32m2025-08-13 10:55:25 - INFO - 今天日期: 2025-08-13[0m
[32m2025-08-13 10:55:25 - INFO - 策略 获取数据成功id:156275 AI市场追踪策略 [0m
[32m2025-08-13 10:55:25 - INFO - 策略 获取数据成功id:155680 GPT定期精选 [0m
[32m2025-08-13 10:55:25 - INFO - 今日交易数据：2条 
        名称  操作  标的名称      代码    最新价   新比例%    交易数量    市场                时间
1  GPT定期精选  卖出  超讯通信  603322  37.23 -17.75 -110000  沪深A股  2025-08-13 09:31
2  GPT定期精选  买入  紫光股份  000938  24.91  18.32  169800  沪深A股  2025-08-13 09:31[0m
[32m2025-08-13 10:55:25 - INFO - ---------------策略 无新增交易数据----------------[0m
[32m2025-08-13 11:00:02 - INFO - 今天日期: 2025-08-13[0m
[32m2025-08-13 11:00:04 - INFO - 策略 获取数据成功id:156275 AI市场追踪策略 [0m
[32m2025-08-13 11:00:04 - INFO - 策略 获取数据成功id:155680 GPT定期精选 [0m
[32m2025-08-13 11:00:04 - INFO - 今日交易数据：2条 
        名称  操作  标的名称      代码    最新价   新比例%    交易数量    市场                时间
1  GPT定期精选  卖出  超讯通信  603322  37.23 -17.75 -110000  沪深A股  2025-08-13 09:31
2  GPT定期精选  买入  紫光股份  000938  24.91  18.32  169800  沪深A股  2025-08-13 09:31[0m
[32m2025-08-13 11:00:04 - INFO - ---------------策略 无新增交易数据----------------[0m
