[32m2025-08-13 09:33:09 - INFO - 点击持仓按钮(里)[0m
[32m2025-08-13 09:33:25 - INFO - 点击持仓按钮(里)[0m
[32m2025-08-13 09:33:27 - INFO - 点击买入按钮(里)[0m
[32m2025-08-13 09:33:28 - INFO - 点击股票搜索框[0m
[32m2025-08-13 09:33:29 - INFO - 输入股票名称: 紫光股份[0m
[32m2025-08-13 09:33:33 - INFO - 点击匹配的第一个股票[0m
[32m2025-08-13 09:33:44 - INFO - 点击持仓按钮(里)[0m
[32m2025-08-13 09:33:50 - INFO - 点击卖出按钮(里)[0m
[32m2025-08-13 09:33:50 - INFO - 点击股票搜索框[0m
[32m2025-08-13 09:33:51 - INFO - 输入股票名称: 大业股份[0m
[32m2025-08-13 09:33:55 - INFO - 输入数量: 400手[0m
[32m2025-08-13 09:33:55 - INFO - 点击按钮: 卖出 (提交)[0m
[32m2025-08-13 09:33:55 - INFO - 开始处理弹窗[0m
[32m2025-08-13 09:33:55 - INFO - 检测到'委托确认'提示[0m
[32m2025-08-13 09:33:56 - INFO - 点击确认按钮[0m
[32m2025-08-13 09:33:56 - INFO - 提示信息：委托已提交，合同号为：155404[0m
[32m2025-08-13 09:33:56 - INFO - 委托已提交[0m
[32m2025-08-13 09:34:00 - INFO - 点击持仓按钮(里)[0m
[32m2025-08-13 09:34:17 - INFO - 点击持仓按钮(里)[0m
[32m2025-08-13 09:34:30 - INFO - 点击持仓按钮(里)[0m
[32m2025-08-13 09:34:33 - INFO - 点击买入按钮(里)[0m
[32m2025-08-13 09:34:33 - INFO - 点击股票搜索框[0m
[32m2025-08-13 09:34:35 - INFO - 输入股票名称: 卫光生物[0m
[32m2025-08-13 09:34:38 - INFO - 输入数量: 100手[0m
[32m2025-08-13 09:34:39 - INFO - 点击按钮: 买入 (提交)[0m
[32m2025-08-13 09:34:39 - INFO - 开始处理弹窗[0m
[32m2025-08-13 09:34:39 - INFO - 检测到'委托确认'提示[0m
[32m2025-08-13 09:34:39 - INFO - 点击确认按钮[0m
[32m2025-08-13 09:34:40 - INFO - 提示信息：委托已提交，合同号为：70663[0m
[32m2025-08-13 09:34:40 - INFO - 委托已提交[0m
[32m2025-08-13 09:40:53 - INFO - 点击持仓按钮(里)[0m
[32m2025-08-13 09:41:01 - INFO - 点击卖出按钮(里)[0m
[32m2025-08-13 09:41:02 - INFO - 点击股票搜索框[0m
[32m2025-08-13 09:41:03 - INFO - 输入股票名称: 银轮股份[0m
[32m2025-08-13 10:20:40 - INFO - 点击持仓按钮(里)[0m
[32m2025-08-13 10:20:48 - INFO - 点击卖出按钮(里)[0m
[32m2025-08-13 10:20:48 - INFO - 点击股票搜索框[0m
[32m2025-08-13 10:20:50 - INFO - 输入股票名称: 神州数码[0m
[32m2025-08-13 10:20:53 - INFO - 点击匹配的第一个股票[0m
[32m2025-08-13 10:20:57 - INFO - 输入数量: 200手[0m
[32m2025-08-13 10:20:57 - INFO - 点击按钮: 卖出 (提交)[0m
[32m2025-08-13 10:20:57 - INFO - 开始处理弹窗[0m
[32m2025-08-13 10:20:57 - INFO - 检测到'委托确认'提示[0m
[32m2025-08-13 10:20:57 - INFO - 点击确认按钮[0m
[32m2025-08-13 10:20:58 - INFO - 提示信息：委托已提交，合同号为：222908[0m
[32m2025-08-13 10:20:58 - INFO - 委托已提交[0m
[32m2025-08-13 10:21:00 - INFO - 点击持仓按钮(里)[0m
[32m2025-08-13 10:21:01 - INFO - 点击买入按钮(里)[0m
[32m2025-08-13 10:21:02 - INFO - 点击股票搜索框[0m
[32m2025-08-13 10:21:03 - INFO - 输入股票名称: 科达利[0m
[32m2025-08-13 13:37:27 - INFO - 点击持仓按钮(里)[0m
[32m2025-08-13 13:37:31 - INFO - 点击买入按钮(里)[0m
[32m2025-08-13 13:37:31 - INFO - 点击股票搜索框[0m
[32m2025-08-13 13:37:33 - INFO - 输入股票名称: 顺络电子[0m
[32m2025-08-13 13:37:36 - INFO - 输入数量: 100手[0m
[32m2025-08-13 13:37:36 - INFO - 点击按钮: 买入 (提交)[0m
[32m2025-08-13 13:37:36 - INFO - 开始处理弹窗[0m
[32m2025-08-13 13:37:37 - INFO - 检测到'委托确认'提示[0m
[32m2025-08-13 13:37:37 - INFO - 点击确认按钮[0m
[32m2025-08-13 13:37:37 - INFO - 提示信息：委托已提交，合同号为：392560[0m
[32m2025-08-13 13:37:38 - INFO - 委托已提交[0m
[32m2025-08-14 09:31:58 - INFO - 点击持仓按钮(里)[0m
[32m2025-08-14 09:32:03 - INFO - 点击卖出按钮(里)[0m
[32m2025-08-14 09:32:04 - INFO - 点击股票搜索框[0m
[32m2025-08-14 09:32:05 - INFO - 输入股票名称: 顺络电子[0m
[32m2025-08-14 09:32:08 - INFO - 输入数量: 100手[0m
[32m2025-08-14 09:32:09 - INFO - 点击按钮: 卖出 (提交)[0m
[32m2025-08-14 09:32:09 - INFO - 开始处理弹窗[0m
[32m2025-08-14 09:32:09 - INFO - 检测到'委托确认'提示[0m
[32m2025-08-14 09:32:09 - INFO - 点击确认按钮[0m
[32m2025-08-14 09:32:10 - INFO - 提示信息：委托已提交，合同号为：59629[0m
[32m2025-08-14 09:32:10 - INFO - 委托已提交[0m
[32m2025-08-14 09:54:35 - INFO - 点击持仓按钮(里)[0m
[32m2025-08-14 09:55:51 - INFO - 点击持仓按钮(里)[0m
[32m2025-08-14 09:55:54 - INFO - 点击买入按钮(里)[0m
[32m2025-08-14 09:55:55 - INFO - 点击股票搜索框[0m
[32m2025-08-14 09:55:56 - INFO - 输入股票名称: 弘业期货[0m
[32m2025-08-14 09:56:00 - INFO - 点击匹配的第一个股票[0m
[32m2025-08-14 09:56:03 - INFO - 输入数量: 300手[0m
[32m2025-08-14 09:56:04 - INFO - 点击按钮: 买入 (提交)[0m
[32m2025-08-14 09:56:04 - INFO - 开始处理弹窗[0m
[32m2025-08-14 09:56:04 - INFO - 检测到'委托确认'提示[0m
[32m2025-08-14 09:56:04 - INFO - 点击确认按钮[0m
[32m2025-08-14 09:56:04 - INFO - 提示信息：委托已提交，合同号为：178320[0m
[32m2025-08-14 09:56:05 - INFO - 委托已提交[0m
[32m2025-08-14 10:31:07 - INFO - 点击持仓按钮(里)[0m
[32m2025-08-14 10:31:15 - INFO - 点击卖出按钮(里)[0m
[32m2025-08-14 10:31:16 - INFO - 点击股票搜索框[0m
[32m2025-08-14 10:31:17 - INFO - 输入股票名称: 鲁西化工[0m
[32m2025-08-14 10:31:21 - INFO - 输入数量: 400手[0m
[32m2025-08-14 10:31:21 - INFO - 点击按钮: 卖出 (提交)[0m
[32m2025-08-14 10:31:21 - INFO - 开始处理弹窗[0m
[32m2025-08-14 10:31:21 - INFO - 检测到'委托确认'提示[0m
[32m2025-08-14 10:31:22 - INFO - 点击确认按钮[0m
[32m2025-08-14 10:31:22 - INFO - 提示信息：委托已提交，合同号为：268019[0m
[32m2025-08-14 10:31:23 - INFO - 委托已提交[0m
[32m2025-08-15 10:34:21 - INFO - 点击持仓按钮(里)[0m
[32m2025-08-15 10:34:24 - INFO - 点击买入按钮(里)[0m
[32m2025-08-15 10:34:25 - INFO - 点击股票搜索框[0m
[32m2025-08-15 10:34:26 - INFO - 输入股票名称: 东睦股份[0m
[32m2025-08-15 10:34:30 - INFO - 输入数量: 100手[0m
[32m2025-08-15 10:34:30 - INFO - 点击按钮: 买入 (提交)[0m
[32m2025-08-15 10:34:30 - INFO - 开始处理弹窗[0m
[32m2025-08-15 10:34:31 - INFO - 检测到'委托确认'提示[0m
[32m2025-08-15 10:34:31 - INFO - 点击确认按钮[0m
[32m2025-08-15 10:34:31 - INFO - 提示信息：委托已提交，合同号为：270777[0m
[32m2025-08-15 10:34:32 - INFO - 委托已提交[0m
[32m2025-08-15 10:34:34 - INFO - 点击持仓按钮(里)[0m
[32m2025-08-15 10:34:42 - INFO - 点击持仓按钮(里)[0m
[32m2025-08-15 10:34:43 - INFO - 点击买入按钮(里)[0m
[32m2025-08-15 10:34:44 - INFO - 点击股票搜索框[0m
[32m2025-08-15 10:34:45 - INFO - 输入股票名称: 广宇集团[0m
[32m2025-08-15 10:34:51 - INFO - 点击持仓按钮(里)[0m
[32m2025-08-15 10:42:21 - INFO - 点击持仓按钮(里)[0m
[32m2025-08-15 10:42:28 - INFO - 点击持仓按钮(里)[0m
[32m2025-08-15 11:14:50 - INFO - 点击持仓按钮(里)[0m
[32m2025-08-15 11:14:52 - INFO - 点击买入按钮(里)[0m
[32m2025-08-15 11:14:53 - INFO - 点击股票搜索框[0m
[32m2025-08-15 11:14:54 - INFO - 输入股票名称: 金安国纪[0m
[32m2025-08-15 11:14:58 - INFO - 输入数量: 300手[0m
[32m2025-08-15 11:14:58 - INFO - 点击按钮: 买入 (提交)[0m
[32m2025-08-15 11:14:58 - INFO - 开始处理弹窗[0m
[32m2025-08-15 11:14:59 - INFO - 检测到'委托确认'提示[0m
[32m2025-08-15 11:14:59 - INFO - 点击确认按钮[0m
[32m2025-08-15 11:14:59 - INFO - 提示信息：委托已提交，合同号为：335034[0m
[32m2025-08-15 11:15:00 - INFO - 委托已提交[0m
[32m2025-08-15 13:20:28 - INFO - 点击持仓按钮(里)[0m
[32m2025-08-15 13:20:30 - INFO - 点击买入按钮(里)[0m
[32m2025-08-15 13:20:30 - INFO - 点击股票搜索框[0m
[32m2025-08-15 13:20:33 - INFO - 输入股票名称: 多氟多[0m
[32m2025-08-15 17:41:30 - INFO - 点击持仓按钮(里)[0m
[32m2025-08-15 17:41:32 - INFO - 点击买入按钮(里)[0m
[32m2025-08-15 17:41:33 - INFO - 点击股票搜索框[0m
[32m2025-08-15 17:41:35 - INFO - 输入股票名称: 长江电力[0m
[32m2025-08-15 17:41:36 - INFO - 点击匹配的第一个股票[0m
[32m2025-08-15 17:41:40 - INFO - 输入数量: 200手[0m
[32m2025-08-15 17:41:40 - INFO - 点击按钮: 买入 (提交)[0m
[32m2025-08-15 17:41:40 - INFO - 开始处理弹窗[0m
[32m2025-08-15 17:41:40 - INFO - 检测到'委托确认'提示[0m
[32m2025-08-15 17:41:41 - INFO - 点击确认按钮[0m
[32m2025-08-15 17:42:03 - INFO - 点击持仓按钮(里)[0m
[32m2025-08-18 09:31:51 - INFO - 点击持仓按钮(里)[0m
[32m2025-08-18 09:32:00 - INFO - 点击卖出按钮(里)[0m
[32m2025-08-18 09:32:01 - INFO - 点击股票搜索框[0m
[32m2025-08-18 09:32:02 - INFO - 输入股票名称: 金安国纪[0m
[32m2025-08-18 09:32:05 - INFO - 输入数量: 300手[0m
[32m2025-08-18 09:32:06 - INFO - 点击按钮: 卖出 (提交)[0m
[32m2025-08-18 09:32:06 - INFO - 开始处理弹窗[0m
[32m2025-08-18 09:32:06 - INFO - 检测到'委托确认'提示[0m
[32m2025-08-18 09:32:07 - INFO - 点击确认按钮[0m
[32m2025-08-18 09:32:07 - INFO - 提示信息：委托已提交，合同号为：66509[0m
[32m2025-08-18 09:32:07 - INFO - 委托已提交[0m
[32m2025-08-18 09:32:10 - INFO - 点击持仓按钮(里)[0m
[32m2025-08-18 09:32:26 - INFO - 点击持仓按钮(里)[0m
[32m2025-08-18 09:32:29 - INFO - 点击买入按钮(里)[0m
[32m2025-08-18 09:32:29 - INFO - 点击股票搜索框[0m
[32m2025-08-18 09:32:31 - INFO - 输入股票名称: 百隆东方[0m
[32m2025-08-18 09:32:34 - INFO - 输入数量: 800手[0m
[32m2025-08-18 09:32:35 - INFO - 点击按钮: 买入 (提交)[0m
[32m2025-08-18 09:32:35 - INFO - 开始处理弹窗[0m
[32m2025-08-18 09:32:35 - INFO - 检测到'委托确认'提示[0m
[32m2025-08-18 09:32:36 - INFO - 点击确认按钮[0m
[32m2025-08-18 09:32:36 - INFO - 提示信息：委托已提交，合同号为：70770[0m
[32m2025-08-18 09:32:36 - INFO - 委托已提交[0m
[32m2025-08-18 09:41:24 - INFO - 点击持仓按钮(里)[0m
[32m2025-08-18 09:48:09 - INFO - 点击持仓按钮(里)[0m
[32m2025-08-18 09:48:11 - INFO - 点击买入按钮(里)[0m
[32m2025-08-18 09:48:11 - INFO - 点击股票搜索框[0m
[32m2025-08-18 09:48:13 - INFO - 输入股票名称: 神州信息[0m
[32m2025-08-18 09:48:14 - INFO - 点击匹配的第一个股票[0m
[32m2025-08-18 09:48:18 - INFO - 输入数量: 200手[0m
[32m2025-08-18 09:48:18 - INFO - 点击按钮: 买入 (提交)[0m
[32m2025-08-18 09:48:18 - INFO - 开始处理弹窗[0m
[32m2025-08-18 09:48:18 - INFO - 检测到'委托确认'提示[0m
[32m2025-08-18 09:48:19 - INFO - 点击确认按钮[0m
[32m2025-08-18 09:48:19 - INFO - 提示信息：委托已提交，合同号为：159848[0m
[32m2025-08-18 09:48:19 - INFO - 委托已提交[0m
[32m2025-08-18 09:48:22 - INFO - 点击持仓按钮(里)[0m
[32m2025-08-18 09:48:23 - INFO - 点击买入按钮(里)[0m
[32m2025-08-18 09:48:24 - INFO - 点击股票搜索框[0m
[32m2025-08-18 09:48:25 - INFO - 输入股票名称: 湖南投资[0m
[32m2025-08-18 09:48:28 - INFO - 输入数量: 200手[0m
[32m2025-08-18 09:48:29 - INFO - 点击按钮: 买入 (提交)[0m
[32m2025-08-18 09:48:29 - INFO - 开始处理弹窗[0m
[32m2025-08-18 09:48:29 - INFO - 检测到'委托确认'提示[0m
[32m2025-08-18 09:48:29 - INFO - 点击确认按钮[0m
[32m2025-08-18 09:48:30 - INFO - 提示信息：委托已提交，合同号为：160571[0m
[32m2025-08-18 09:48:30 - INFO - 委托已提交[0m
[32m2025-08-18 09:48:32 - INFO - 点击持仓按钮(里)[0m
[32m2025-08-18 09:48:34 - INFO - 点击买入按钮(里)[0m
[32m2025-08-18 09:48:34 - INFO - 点击股票搜索框[0m
[32m2025-08-18 09:48:36 - INFO - 输入股票名称: 双枪科技[0m
[32m2025-08-18 09:48:42 - INFO - 输入数量: 200手[0m
[32m2025-08-18 09:48:42 - INFO - 点击按钮: 买入 (提交)[0m
[32m2025-08-18 09:48:42 - INFO - 开始处理弹窗[0m
[32m2025-08-18 09:48:43 - INFO - 检测到'委托确认'提示[0m
[32m2025-08-18 09:48:43 - INFO - 点击确认按钮[0m
[32m2025-08-18 09:49:05 - INFO - 点击持仓按钮(里)[0m
[32m2025-08-18 09:49:08 - INFO - 点击买入按钮(里)[0m
[32m2025-08-18 09:49:08 - INFO - 点击股票搜索框[0m
[32m2025-08-18 09:49:09 - INFO - 清除股票代码[0m
[32m2025-08-18 09:49:10 - INFO - 输入股票名称: 新大正[0m
[32m2025-08-18 09:49:13 - INFO - 输入数量: 200手[0m
[32m2025-08-18 09:49:14 - INFO - 点击按钮: 买入 (提交)[0m
[32m2025-08-18 09:49:14 - INFO - 开始处理弹窗[0m
[32m2025-08-18 09:49:14 - INFO - 检测到'委托确认'提示[0m
[32m2025-08-18 09:49:15 - INFO - 点击确认按钮[0m
[32m2025-08-18 09:49:15 - INFO - 提示信息：委托已提交，合同号为：26550[0m
[32m2025-08-18 09:49:15 - INFO - 委托已提交[0m
[32m2025-08-18 09:49:18 - INFO - 点击持仓按钮(里)[0m
[32m2025-08-18 09:49:19 - INFO - 点击买入按钮(里)[0m
[32m2025-08-18 09:49:20 - INFO - 点击股票搜索框[0m
[32m2025-08-18 09:49:21 - INFO - 输入股票名称: 钱江生化[0m
[32m2025-08-18 09:49:25 - INFO - 输入数量: 200手[0m
[32m2025-08-18 09:49:25 - INFO - 点击按钮: 买入 (提交)[0m
[32m2025-08-18 09:49:25 - INFO - 开始处理弹窗[0m
[32m2025-08-18 09:49:25 - INFO - 检测到'委托确认'提示[0m
[32m2025-08-18 09:49:26 - INFO - 点击确认按钮[0m
[32m2025-08-18 09:49:26 - INFO - 提示信息：委托已提交，合同号为：26676[0m
[32m2025-08-18 09:49:26 - INFO - 委托已提交[0m
[32m2025-08-18 09:49:29 - INFO - 点击持仓按钮(里)[0m
[32m2025-08-18 09:49:30 - INFO - 点击买入按钮(里)[0m
[32m2025-08-18 09:49:31 - INFO - 点击股票搜索框[0m
[32m2025-08-18 09:49:32 - INFO - 输入股票名称: 醋化股份[0m
[32m2025-08-18 09:49:35 - INFO - 输入数量: 200手[0m
[32m2025-08-18 09:49:36 - INFO - 点击按钮: 买入 (提交)[0m
[32m2025-08-18 09:49:36 - INFO - 开始处理弹窗[0m
[32m2025-08-18 09:49:36 - INFO - 检测到'委托确认'提示[0m
[32m2025-08-18 09:49:36 - INFO - 点击确认按钮[0m
[32m2025-08-18 09:49:37 - INFO - 提示信息：委托已提交，合同号为：26803[0m
[32m2025-08-18 09:49:37 - INFO - 委托已提交[0m
[32m2025-08-18 09:49:39 - INFO - 点击持仓按钮(里)[0m
[32m2025-08-18 09:49:56 - INFO - 点击卖出按钮(里)[0m
[32m2025-08-18 09:49:56 - INFO - 点击股票搜索框[0m
[32m2025-08-18 09:49:57 - INFO - 输入股票名称: 中科金财[0m
[32m2025-08-18 09:50:01 - INFO - 输入数量: 100手[0m
[32m2025-08-18 09:50:01 - INFO - 点击按钮: 卖出 (提交)[0m
[32m2025-08-18 09:50:01 - INFO - 开始处理弹窗[0m
[32m2025-08-18 09:50:01 - INFO - 检测到'委托确认'提示[0m
[32m2025-08-18 09:50:02 - INFO - 点击确认按钮[0m
[32m2025-08-18 09:50:02 - INFO - 提示信息：委托已提交，合同号为：27081[0m
[32m2025-08-18 09:50:02 - INFO - 委托已提交[0m
[32m2025-08-18 09:50:05 - INFO - 点击持仓按钮(里)[0m
[32m2025-08-18 09:50:18 - INFO - 点击持仓按钮(里)[0m
[32m2025-08-18 09:50:31 - INFO - 点击持仓按钮(里)[0m
[32m2025-08-18 09:50:43 - INFO - 点击持仓按钮(里)[0m
[32m2025-08-18 09:50:56 - INFO - 点击持仓按钮(里)[0m
[32m2025-08-18 09:51:12 - INFO - 点击持仓按钮(里)[0m
[32m2025-08-18 10:10:06 - INFO - 点击持仓按钮(里)[0m
[32m2025-08-18 10:10:18 - INFO - 点击卖出按钮(里)[0m
[32m2025-08-18 10:10:18 - INFO - 点击股票搜索框[0m
[32m2025-08-18 10:10:20 - INFO - 输入股票名称: 东睦股份[0m
[32m2025-08-18 10:10:23 - INFO - 输入数量: 100手[0m
[32m2025-08-18 10:10:23 - INFO - 点击按钮: 卖出 (提交)[0m
[32m2025-08-18 10:10:23 - INFO - 开始处理弹窗[0m
[32m2025-08-18 10:10:24 - INFO - 检测到'委托确认'提示[0m
[32m2025-08-18 10:10:24 - INFO - 点击确认按钮[0m
[32m2025-08-18 10:10:24 - INFO - 提示信息：委托已提交，合同号为：234022[0m
[32m2025-08-18 10:10:25 - INFO - 委托已提交[0m
[32m2025-08-18 10:57:08 - INFO - 点击持仓按钮(里)[0m
[32m2025-08-18 10:57:10 - INFO - 点击买入按钮(里)[0m
[32m2025-08-18 10:57:11 - INFO - 点击股票搜索框[0m
[32m2025-08-18 10:57:13 - INFO - 输入股票名称: 恒立液压[0m
[32m2025-08-18 11:10:15 - INFO - 点击持仓按钮(里)[0m
[32m2025-08-18 11:10:18 - INFO - 点击买入按钮(里)[0m
[32m2025-08-18 11:10:18 - INFO - 点击股票搜索框[0m
[32m2025-08-18 11:10:20 - INFO - 输入股票名称: 法拉电子[0m
[32m2025-08-18 14:25:34 - INFO - 点击持仓按钮(里)[0m
[32m2025-08-19 09:32:47 - INFO - 点击持仓按钮(里)[0m
[32m2025-08-19 09:32:49 - INFO - 点击买入按钮(里)[0m
[32m2025-08-19 09:32:50 - INFO - 点击股票搜索框[0m
[32m2025-08-19 09:32:51 - INFO - 输入股票名称: 三柏硕[0m
[32m2025-08-19 09:32:55 - INFO - 输入数量: 200手[0m
[32m2025-08-19 09:32:55 - INFO - 点击按钮: 买入 (提交)[0m
[32m2025-08-19 09:32:55 - INFO - 开始处理弹窗[0m
[32m2025-08-19 09:32:55 - INFO - 检测到'委托确认'提示[0m
[32m2025-08-19 09:32:56 - INFO - 点击确认按钮[0m
[32m2025-08-19 09:32:56 - INFO - 提示信息：委托已提交，合同号为：161409[0m
[32m2025-08-19 09:32:56 - INFO - 委托已提交[0m
[32m2025-08-19 09:32:59 - INFO - 点击持仓按钮(里)[0m
[32m2025-08-19 09:33:00 - INFO - 点击买入按钮(里)[0m
[32m2025-08-19 09:33:01 - INFO - 点击股票搜索框[0m
[32m2025-08-19 09:33:02 - INFO - 输入股票名称: 楚环科技[0m
[32m2025-08-19 09:33:05 - INFO - 输入数量: 200手[0m
[32m2025-08-19 09:33:06 - INFO - 点击按钮: 买入 (提交)[0m
[32m2025-08-19 09:33:06 - INFO - 开始处理弹窗[0m
[32m2025-08-19 09:33:06 - INFO - 检测到'委托确认'提示[0m
[32m2025-08-19 09:33:06 - INFO - 点击确认按钮[0m
[32m2025-08-19 09:33:07 - INFO - 提示信息：委托已提交，合同号为：164998[0m
[32m2025-08-19 09:33:07 - INFO - 委托已提交[0m
[32m2025-08-19 09:33:10 - INFO - 点击持仓按钮(里)[0m
[32m2025-08-19 09:33:11 - INFO - 点击买入按钮(里)[0m
[32m2025-08-19 09:33:11 - INFO - 点击股票搜索框[0m
[32m2025-08-19 09:33:13 - INFO - 输入股票名称: 益盛药业[0m
[32m2025-08-19 09:33:16 - INFO - 输入数量: 200手[0m
[32m2025-08-19 09:33:16 - INFO - 点击按钮: 买入 (提交)[0m
[32m2025-08-19 09:33:16 - INFO - 开始处理弹窗[0m
[32m2025-08-19 09:33:17 - INFO - 检测到'委托确认'提示[0m
[32m2025-08-19 09:33:17 - INFO - 点击确认按钮[0m
[32m2025-08-19 09:33:17 - INFO - 提示信息：委托已提交，合同号为：168466[0m
[32m2025-08-19 09:33:18 - INFO - 委托已提交[0m
[32m2025-08-19 09:33:20 - INFO - 点击持仓按钮(里)[0m
[32m2025-08-19 09:33:22 - INFO - 点击买入按钮(里)[0m
[32m2025-08-19 09:33:23 - INFO - 点击股票搜索框[0m
[32m2025-08-19 09:33:23 - INFO - 清除股票代码[0m
[32m2025-08-19 09:33:24 - INFO - 输入股票名称: 恒大高新[0m
[32m2025-08-19 09:33:28 - INFO - 输入数量: 200手[0m
[32m2025-08-19 09:33:28 - INFO - 点击按钮: 买入 (提交)[0m
[32m2025-08-19 09:33:28 - INFO - 开始处理弹窗[0m
[32m2025-08-19 09:33:28 - INFO - 检测到'委托确认'提示[0m
[32m2025-08-19 09:33:29 - INFO - 点击确认按钮[0m
[32m2025-08-19 09:33:29 - INFO - 提示信息：委托已提交，合同号为：172339[0m
[32m2025-08-19 09:33:29 - INFO - 委托已提交[0m
[32m2025-08-19 09:33:32 - INFO - 点击持仓按钮(里)[0m
[32m2025-08-19 09:33:33 - INFO - 点击买入按钮(里)[0m
[32m2025-08-19 09:33:34 - INFO - 点击股票搜索框[0m
[32m2025-08-19 09:33:35 - INFO - 输入股票名称: 金花股份[0m
[32m2025-08-19 09:33:38 - INFO - 输入数量: 200手[0m
[32m2025-08-19 09:33:39 - INFO - 点击按钮: 买入 (提交)[0m
[32m2025-08-19 09:33:39 - INFO - 开始处理弹窗[0m
[32m2025-08-19 09:33:39 - INFO - 检测到'委托确认'提示[0m
[32m2025-08-19 09:33:39 - INFO - 点击确认按钮[0m
[32m2025-08-19 09:33:40 - INFO - 提示信息：委托已提交，合同号为：175780[0m
[32m2025-08-19 09:33:40 - INFO - 委托已提交[0m
[32m2025-08-19 09:33:42 - INFO - 点击持仓按钮(里)[0m
[32m2025-08-19 09:33:44 - INFO - 点击买入按钮(里)[0m
[32m2025-08-19 09:33:44 - INFO - 点击股票搜索框[0m
[32m2025-08-19 09:33:45 - INFO - 输入股票名称: 凤竹纺织[0m
[32m2025-08-19 09:33:49 - INFO - 输入数量: 200手[0m
[32m2025-08-19 09:33:49 - INFO - 点击按钮: 买入 (提交)[0m
[32m2025-08-19 09:33:49 - INFO - 开始处理弹窗[0m
[32m2025-08-19 09:33:49 - INFO - 检测到'委托确认'提示[0m
[32m2025-08-19 09:33:50 - INFO - 点击确认按钮[0m
[32m2025-08-19 09:33:50 - INFO - 提示信息：委托已提交，合同号为：179093[0m
[32m2025-08-19 09:33:50 - INFO - 委托已提交[0m
[32m2025-08-19 09:33:53 - INFO - 点击持仓按钮(里)[0m
[32m2025-08-19 09:33:54 - INFO - 点击买入按钮(里)[0m
[32m2025-08-19 09:33:55 - INFO - 点击股票搜索框[0m
[32m2025-08-19 09:33:56 - INFO - 输入股票名称: 百大集团[0m
[32m2025-08-19 09:33:59 - INFO - 输入数量: 200手[0m
[32m2025-08-19 09:34:00 - INFO - 点击按钮: 买入 (提交)[0m
[32m2025-08-19 09:34:00 - INFO - 开始处理弹窗[0m
[32m2025-08-19 09:34:00 - INFO - 检测到'委托确认'提示[0m
[32m2025-08-19 09:34:00 - INFO - 点击确认按钮[0m
[32m2025-08-19 09:34:00 - INFO - 提示信息：委托已提交，合同号为：182272[0m
[32m2025-08-19 09:34:01 - INFO - 委托已提交[0m
[32m2025-08-19 09:34:03 - INFO - 点击持仓按钮(里)[0m
[32m2025-08-19 09:34:05 - INFO - 点击买入按钮(里)[0m
[32m2025-08-19 09:34:05 - INFO - 点击股票搜索框[0m
[32m2025-08-19 09:34:06 - INFO - 输入股票名称: 宁水集团[0m
[32m2025-08-19 09:34:10 - INFO - 输入数量: 200手[0m
[32m2025-08-19 09:34:10 - INFO - 点击按钮: 买入 (提交)[0m
[32m2025-08-19 09:34:10 - INFO - 开始处理弹窗[0m
[32m2025-08-19 09:34:10 - INFO - 检测到'委托确认'提示[0m
[32m2025-08-19 09:34:11 - INFO - 点击确认按钮[0m
[32m2025-08-19 09:34:11 - INFO - 提示信息：委托已提交，合同号为：185464[0m
[32m2025-08-19 09:34:11 - INFO - 委托已提交[0m
[32m2025-08-19 09:34:14 - INFO - 点击持仓按钮(里)[0m
[32m2025-08-19 09:34:27 - INFO - 点击持仓按钮(里)[0m
[32m2025-08-19 09:34:37 - INFO - 点击持仓按钮(里)[0m
[32m2025-08-19 09:34:48 - INFO - 点击持仓按钮(里)[0m
[32m2025-08-19 09:34:58 - INFO - 点击持仓按钮(里)[0m
[32m2025-08-19 09:35:08 - INFO - 点击持仓按钮(里)[0m
[32m2025-08-19 09:35:19 - INFO - 点击持仓按钮(里)[0m
[32m2025-08-19 09:35:29 - INFO - 点击持仓按钮(里)[0m
[32m2025-08-19 09:35:39 - INFO - 点击持仓按钮(里)[0m
[32m2025-08-19 09:38:01 - INFO - 点击持仓按钮(里)[0m
[32m2025-08-19 09:41:27 - INFO - 点击持仓按钮(里)[0m
[32m2025-08-19 09:41:29 - INFO - 点击买入按钮(里)[0m
[32m2025-08-19 09:41:29 - INFO - 点击股票搜索框[0m
[32m2025-08-19 09:41:31 - INFO - 输入股票名称: 海南华铁[0m
[32m2025-08-19 09:41:32 - INFO - 点击匹配的第一个股票[0m
[32m2025-08-19 09:41:36 - INFO - 输入数量: 400手[0m
[32m2025-08-19 09:41:36 - INFO - 点击按钮: 买入 (提交)[0m
[32m2025-08-19 09:41:36 - INFO - 开始处理弹窗[0m
[32m2025-08-19 09:41:36 - INFO - 检测到'委托确认'提示[0m
[32m2025-08-19 09:41:37 - INFO - 点击确认按钮[0m
[32m2025-08-19 09:41:37 - INFO - 提示信息：委托已提交，合同号为：132052[0m
[32m2025-08-19 09:41:38 - INFO - 委托已提交[0m
[32m2025-08-19 10:14:26 - INFO - 点击持仓按钮(里)[0m
[32m2025-08-19 10:14:28 - INFO - 点击买入按钮(里)[0m
[32m2025-08-19 10:14:29 - INFO - 点击股票搜索框[0m
[32m2025-08-19 10:14:30 - INFO - 清除股票代码[0m
[32m2025-08-19 10:14:31 - INFO - 输入股票名称: 三柏硕[0m
[32m2025-08-19 10:14:35 - INFO - 输入数量: 200手[0m
[32m2025-08-19 10:14:35 - INFO - 点击按钮: 买入 (提交)[0m
[32m2025-08-19 10:14:35 - INFO - 开始处理弹窗[0m
[32m2025-08-19 10:14:35 - INFO - 检测到'委托确认'提示[0m
[32m2025-08-19 10:14:36 - INFO - 点击确认按钮[0m
[32m2025-08-19 10:14:36 - INFO - 提示信息：委托已提交，合同号为：591964[0m
[32m2025-08-19 10:14:37 - INFO - 委托已提交[0m
[32m2025-08-19 10:14:39 - INFO - 点击持仓按钮(里)[0m
[32m2025-08-19 10:14:40 - INFO - 点击买入按钮(里)[0m
[32m2025-08-19 10:14:41 - INFO - 点击股票搜索框[0m
[32m2025-08-19 10:14:42 - INFO - 输入股票名称: 楚环科技[0m
[32m2025-08-19 10:14:46 - INFO - 输入数量: 200手[0m
[32m2025-08-19 10:15:08 - INFO - 点击持仓按钮(里)[0m
[32m2025-08-19 10:15:11 - INFO - 点击买入按钮(里)[0m
[32m2025-08-19 10:15:11 - INFO - 点击股票搜索框[0m
[32m2025-08-19 10:15:12 - INFO - 清除股票代码[0m
[32m2025-08-19 10:15:13 - INFO - 输入股票名称: 益盛药业[0m
[32m2025-08-19 10:15:16 - INFO - 输入数量: 200手[0m
[32m2025-08-19 10:15:17 - INFO - 点击按钮: 买入 (提交)[0m
[32m2025-08-19 10:15:17 - INFO - 开始处理弹窗[0m
[32m2025-08-19 10:15:17 - INFO - 检测到'委托确认'提示[0m
[32m2025-08-19 10:15:17 - INFO - 点击确认按钮[0m
[32m2025-08-19 10:15:39 - INFO - 点击持仓按钮(里)[0m
[32m2025-08-19 10:15:41 - INFO - 点击买入按钮(里)[0m
[32m2025-08-19 10:15:42 - INFO - 点击股票搜索框[0m
[32m2025-08-19 10:15:43 - INFO - 清除股票代码[0m
[32m2025-08-19 10:15:44 - INFO - 输入股票名称: 恒大高新[0m
[32m2025-08-19 10:16:10 - INFO - 点击持仓按钮(里)[0m
[32m2025-08-19 10:16:12 - INFO - 点击买入按钮(里)[0m
[32m2025-08-19 10:16:13 - INFO - 点击股票搜索框[0m
[32m2025-08-19 10:16:13 - INFO - 清除股票代码[0m
[32m2025-08-19 10:16:15 - INFO - 输入股票名称: 金花股份[0m
[32m2025-08-19 10:16:41 - INFO - 点击持仓按钮(里)[0m
[32m2025-08-19 10:16:43 - INFO - 点击买入按钮(里)[0m
[32m2025-08-19 10:16:44 - INFO - 点击股票搜索框[0m
[32m2025-08-19 10:16:44 - INFO - 清除股票代码[0m
[32m2025-08-19 10:16:46 - INFO - 输入股票名称: 凤竹纺织[0m
[32m2025-08-20 09:55:32 - INFO - 点击持仓按钮(里)[0m
[32m2025-08-20 09:55:34 - INFO - 点击买入按钮(里)[0m
[32m2025-08-20 09:55:35 - INFO - 点击股票搜索框[0m
[32m2025-08-20 09:55:37 - INFO - 输入股票名称: 川发龙蟒[0m
[32m2025-08-20 09:55:40 - INFO - 输入数量: 100手[0m
[32m2025-08-20 09:55:41 - INFO - 点击按钮: 买入 (提交)[0m
[32m2025-08-20 09:55:41 - INFO - 开始处理弹窗[0m
[32m2025-08-20 09:55:41 - INFO - 检测到'委托确认'提示[0m
[32m2025-08-20 09:55:41 - INFO - 点击确认按钮[0m
[32m2025-08-20 09:55:42 - INFO - 提示信息：委托已提交，合同号为：198897[0m
[32m2025-08-20 09:55:42 - INFO - 委托已提交[0m
[32m2025-08-20 09:59:46 - INFO - 点击持仓按钮(里)[0m
[32m2025-08-20 09:59:49 - INFO - 点击买入按钮(里)[0m
[32m2025-08-20 09:59:49 - INFO - 点击股票搜索框[0m
[32m2025-08-20 09:59:50 - INFO - 清除股票代码[0m
[32m2025-08-20 09:59:51 - INFO - 输入股票名称: 超讯通信[0m
[32m2025-08-20 09:59:54 - INFO - 输入数量: 200手[0m
[32m2025-08-20 09:59:55 - INFO - 点击按钮: 买入 (提交)[0m
[32m2025-08-20 09:59:55 - INFO - 开始处理弹窗[0m
[32m2025-08-20 09:59:55 - INFO - 检测到'委托确认'提示[0m
[32m2025-08-20 09:59:55 - INFO - 点击确认按钮[0m
[32m2025-08-20 09:59:56 - INFO - 提示信息：委托已提交，合同号为：34893[0m
[32m2025-08-20 09:59:56 - INFO - 委托已提交[0m
[32m2025-08-20 09:59:59 - INFO - 点击持仓按钮(里)[0m
[32m2025-08-20 10:00:00 - INFO - 点击买入按钮(里)[0m
[32m2025-08-20 10:00:00 - INFO - 点击股票搜索框[0m
[32m2025-08-20 10:00:02 - INFO - 输入股票名称: 德龙汇能[0m
[32m2025-08-20 10:00:05 - INFO - 输入数量: 200手[0m
[32m2025-08-20 10:00:05 - INFO - 点击按钮: 买入 (提交)[0m
[32m2025-08-20 10:00:05 - INFO - 开始处理弹窗[0m
[32m2025-08-20 10:00:06 - INFO - 检测到'委托确认'提示[0m
[32m2025-08-20 10:00:06 - INFO - 点击确认按钮[0m
[32m2025-08-20 10:00:06 - INFO - 提示信息：委托已提交，合同号为：35018[0m
[32m2025-08-20 10:00:07 - INFO - 委托已提交[0m
[32m2025-08-20 10:00:09 - INFO - 点击持仓按钮(里)[0m
[32m2025-08-20 10:00:10 - INFO - 点击买入按钮(里)[0m
[32m2025-08-20 10:00:11 - INFO - 点击股票搜索框[0m
[32m2025-08-20 10:00:12 - INFO - 输入股票名称: 双枪科技[0m
[32m2025-08-20 10:00:16 - INFO - 输入数量: 200手[0m
[32m2025-08-20 10:00:16 - INFO - 点击按钮: 买入 (提交)[0m
[32m2025-08-20 10:00:16 - INFO - 开始处理弹窗[0m
[32m2025-08-20 10:00:16 - INFO - 检测到'委托确认'提示[0m
[32m2025-08-20 10:00:17 - INFO - 点击确认按钮[0m
[32m2025-08-20 10:00:17 - INFO - 提示信息：委托已提交，合同号为：35110[0m
[32m2025-08-20 10:00:17 - INFO - 委托已提交[0m
[32m2025-08-20 10:00:20 - INFO - 点击持仓按钮(里)[0m
[32m2025-08-20 10:00:22 - INFO - 点击买入按钮(里)[0m
[32m2025-08-20 10:00:23 - INFO - 点击股票搜索框[0m
[32m2025-08-20 10:00:23 - INFO - 清除股票代码[0m
[32m2025-08-20 10:00:24 - INFO - 输入股票名称: 美能能源[0m
[32m2025-08-20 10:00:28 - INFO - 输入数量: 200手[0m
[32m2025-08-20 10:00:28 - INFO - 点击按钮: 买入 (提交)[0m
[32m2025-08-20 10:00:28 - INFO - 开始处理弹窗[0m
[32m2025-08-20 10:00:28 - INFO - 检测到'委托确认'提示[0m
[32m2025-08-20 10:00:29 - INFO - 点击确认按钮[0m
[32m2025-08-20 10:00:29 - INFO - 提示信息：委托已提交，合同号为：35222[0m
[32m2025-08-20 10:00:29 - INFO - 委托已提交[0m
[32m2025-08-20 10:00:32 - INFO - 点击持仓按钮(里)[0m
[32m2025-08-20 10:00:33 - INFO - 点击买入按钮(里)[0m
[32m2025-08-20 10:00:34 - INFO - 点击股票搜索框[0m
[32m2025-08-20 10:00:35 - INFO - 输入股票名称: 汇洁股份[0m
[32m2025-08-20 10:00:39 - INFO - 输入数量: 200手[0m
[32m2025-08-20 10:00:39 - INFO - 点击按钮: 买入 (提交)[0m
[32m2025-08-20 10:00:39 - INFO - 开始处理弹窗[0m
[32m2025-08-20 10:00:39 - INFO - 检测到'委托确认'提示[0m
[32m2025-08-20 10:00:40 - INFO - 点击确认按钮[0m
[32m2025-08-20 10:01:02 - INFO - 点击持仓按钮(里)[0m
[32m2025-08-20 10:01:05 - INFO - 点击买入按钮(里)[0m
[32m2025-08-20 10:01:05 - INFO - 点击股票搜索框[0m
[32m2025-08-20 10:01:06 - INFO - 清除股票代码[0m
[32m2025-08-20 10:01:07 - INFO - 输入股票名称: 扬州金泉[0m
[32m2025-08-20 10:01:10 - INFO - 输入数量: 200手[0m
[32m2025-08-20 10:01:11 - INFO - 点击按钮: 买入 (提交)[0m
[32m2025-08-20 10:01:11 - INFO - 开始处理弹窗[0m
[32m2025-08-20 10:01:11 - INFO - 检测到'委托确认'提示[0m
[32m2025-08-20 10:01:11 - INFO - 点击确认按钮[0m
[32m2025-08-20 10:01:34 - INFO - 点击持仓按钮(里)[0m
[32m2025-08-20 10:01:36 - INFO - 点击买入按钮(里)[0m
[32m2025-08-20 10:01:36 - INFO - 点击股票搜索框[0m
[32m2025-08-20 10:01:37 - INFO - 清除股票代码[0m
[32m2025-08-20 10:01:38 - INFO - 输入股票名称: 金海高科[0m
[32m2025-08-20 10:01:42 - INFO - 输入数量: 200手[0m
[32m2025-08-20 10:01:42 - INFO - 点击按钮: 买入 (提交)[0m
[32m2025-08-20 10:01:42 - INFO - 开始处理弹窗[0m
[32m2025-08-20 10:01:42 - INFO - 检测到'委托确认'提示[0m
[32m2025-08-20 10:01:43 - INFO - 点击确认按钮[0m
[32m2025-08-20 10:02:05 - INFO - 点击持仓按钮(里)[0m
[32m2025-08-20 10:02:19 - INFO - 点击卖出按钮(里)[0m
[32m2025-08-20 10:02:20 - INFO - 点击股票搜索框[0m
[32m2025-08-20 10:02:21 - INFO - 输入股票名称: 紫光股份[0m
[32m2025-08-20 10:02:23 - INFO - 点击匹配的第一个股票[0m
[32m2025-08-20 10:02:26 - INFO - 输入数量: 100手[0m
[32m2025-08-20 10:02:26 - INFO - 点击按钮: 卖出 (提交)[0m
[32m2025-08-20 10:02:26 - INFO - 开始处理弹窗[0m
[32m2025-08-20 10:02:27 - INFO - 检测到'委托确认'提示[0m
[32m2025-08-20 10:02:27 - INFO - 点击确认按钮[0m
[32m2025-08-20 10:02:27 - INFO - 提示信息：委托已提交，合同号为：36272[0m
[32m2025-08-20 10:02:28 - INFO - 委托已提交[0m
[32m2025-08-20 10:02:30 - INFO - 点击持仓按钮(里)[0m
[32m2025-08-20 10:02:46 - INFO - 点击持仓按钮(里)[0m
[32m2025-08-20 10:03:01 - INFO - 点击持仓按钮(里)[0m
[32m2025-08-20 10:03:16 - INFO - 点击持仓按钮(里)[0m
[32m2025-08-20 10:03:30 - INFO - 点击持仓按钮(里)[0m
[32m2025-08-20 10:03:35 - INFO - 点击持仓按钮(里)[0m
[32m2025-08-20 10:03:43 - INFO - 点击持仓按钮(里)[0m
[32m2025-08-20 10:03:53 - INFO - 点击持仓按钮(里)[0m
[32m2025-08-20 10:04:03 - INFO - 点击持仓按钮(里)[0m
[32m2025-08-20 10:04:14 - INFO - 点击持仓按钮(里)[0m
[32m2025-08-20 10:04:24 - INFO - 点击持仓按钮(里)[0m
[32m2025-08-20 10:04:34 - INFO - 点击持仓按钮(里)[0m
[32m2025-08-20 10:04:45 - INFO - 点击持仓按钮(里)[0m
[32m2025-08-20 10:04:55 - INFO - 点击持仓按钮(里)[0m
[32m2025-08-20 10:05:03 - INFO - 点击卖出按钮(里)[0m
[32m2025-08-20 10:05:04 - INFO - 点击股票搜索框[0m
[32m2025-08-20 10:05:05 - INFO - 清除股票代码[0m
[32m2025-08-20 10:05:06 - INFO - 输入股票名称: 金花股份[0m
[32m2025-08-20 10:05:09 - INFO - 输入数量: 200手[0m
[32m2025-08-20 10:05:10 - INFO - 点击按钮: 卖出 (提交)[0m
[32m2025-08-20 10:05:10 - INFO - 开始处理弹窗[0m
[32m2025-08-20 10:05:10 - INFO - 检测到'委托确认'提示[0m
[32m2025-08-20 10:05:10 - INFO - 点击确认按钮[0m
[32m2025-08-20 10:05:10 - INFO - 提示信息：委托已提交，合同号为：511169[0m
[32m2025-08-20 10:05:11 - INFO - 委托已提交[0m
[32m2025-08-20 10:05:13 - INFO - 点击持仓按钮(里)[0m
[32m2025-08-20 10:05:30 - INFO - 点击持仓按钮(里)[0m
[32m2025-08-20 11:16:10 - INFO - 点击持仓按钮(里)[0m
[32m2025-08-20 11:16:12 - INFO - 点击买入按钮(里)[0m
[32m2025-08-20 11:16:13 - INFO - 点击股票搜索框[0m
[32m2025-08-20 11:16:14 - INFO - 输入股票名称: 川发龙蟒[0m
[32m2025-08-20 11:28:55 - INFO - 点击持仓按钮(里)[0m
[32m2025-08-20 11:28:57 - INFO - 点击买入按钮(里)[0m
[32m2025-08-20 11:28:58 - INFO - 点击股票搜索框[0m
[32m2025-08-20 11:28:59 - INFO - 输入股票名称: 川发龙蟒[0m
[32m2025-08-20 13:00:13 - INFO - 点击持仓按钮(里)[0m
[32m2025-08-20 13:00:15 - INFO - 点击买入按钮(里)[0m
[32m2025-08-20 13:00:15 - INFO - 点击股票搜索框[0m
[32m2025-08-20 13:00:17 - INFO - 输入股票名称: 川发龙蟒[0m
[32m2025-08-20 13:00:18 - INFO - 点击匹配的第一个股票[0m
[32m2025-08-20 17:17:12 - INFO - 点击持仓按钮(里)[0m
[32m2025-08-21 09:31:16 - INFO - 持仓按钮(里)已处于选中状态[0m
[32m2025-08-21 09:31:17 - INFO - 点击买入按钮(里)[0m
[32m2025-08-21 09:31:18 - INFO - 点击股票搜索框[0m
[32m2025-08-21 09:31:19 - INFO - 输入股票名称: 双箭股份[0m
[32m2025-08-21 09:31:23 - INFO - 输入数量: 200手[0m
[32m2025-08-21 09:31:23 - INFO - 点击按钮: 买入 (提交)[0m
[32m2025-08-21 09:31:23 - INFO - 开始处理弹窗[0m
[32m2025-08-21 09:31:23 - INFO - 检测到'委托确认'提示[0m
[32m2025-08-21 09:31:24 - INFO - 点击确认按钮[0m
[32m2025-08-21 09:31:24 - INFO - 提示信息：[0m
[33m2025-08-21 09:31:25 - WARNING - 委托已提交，合同号为：9854[0m
[32m2025-08-21 09:35:00 - INFO - 持仓按钮(里)已处于选中状态[0m
[32m2025-08-21 09:35:02 - INFO - 点击买入按钮(里)[0m
[32m2025-08-21 09:36:56 - INFO - 持仓按钮(里)已处于选中状态[0m
[32m2025-08-21 09:36:58 - INFO - 点击买入按钮(里)[0m
[32m2025-08-21 09:36:58 - INFO - 点击股票搜索框[0m
[32m2025-08-21 09:36:59 - INFO - 清除股票代码[0m
[32m2025-08-21 09:37:00 - INFO - 输入股票名称: 双箭股份[0m
[32m2025-08-21 09:37:03 - INFO - 输入数量: 200手[0m
[32m2025-08-21 09:37:04 - INFO - 点击按钮: 买入 (提交)[0m
[32m2025-08-21 09:37:04 - INFO - 开始处理弹窗[0m
[32m2025-08-21 09:37:04 - INFO - 检测到'委托确认'提示[0m
[32m2025-08-21 09:37:05 - INFO - 点击确认按钮[0m
[32m2025-08-21 09:37:05 - INFO - 提示信息：[0m
[33m2025-08-21 09:37:05 - WARNING - 未找到确认按钮[0m
[32m2025-08-21 09:40:39 - INFO - 持仓按钮(里)已处于选中状态[0m
[32m2025-08-21 09:40:41 - INFO - 点击买入按钮(里)[0m
[32m2025-08-21 09:40:42 - INFO - 点击股票搜索框[0m
[32m2025-08-21 09:40:43 - INFO - 输入股票名称: 双箭股份[0m
[32m2025-08-21 09:43:44 - INFO - 持仓按钮(里)已处于选中状态[0m
[32m2025-08-21 09:43:47 - INFO - 点击买入按钮(里)[0m
[32m2025-08-21 09:43:48 - INFO - 点击股票搜索框[0m
[32m2025-08-21 09:43:49 - INFO - 输入股票名称: 双箭股份[0m
[32m2025-08-21 09:43:52 - INFO - 输入数量: 200手[0m
[32m2025-08-21 09:43:53 - INFO - 点击按钮: 买入 (提交)[0m
[32m2025-08-21 09:43:53 - INFO - 开始处理弹窗[0m
[32m2025-08-21 09:43:53 - INFO - 检测到'委托确认'提示[0m
[32m2025-08-21 09:43:54 - INFO - 点击确认按钮[0m
[32m2025-08-21 09:43:54 - INFO - 提示信息：[0m
[33m2025-08-21 09:43:55 - WARNING - 无提示信息[0m
[32m2025-08-21 09:44:07 - INFO - 持仓按钮(里)已处于选中状态[0m
[32m2025-08-21 09:44:10 - INFO - 点击买入按钮(里)[0m
[32m2025-08-21 09:44:10 - INFO - 点击股票搜索框[0m
[32m2025-08-21 09:44:12 - INFO - 输入股票名称: 药明康德[0m
[32m2025-08-21 09:44:14 - INFO - 点击匹配的第一个股票[0m
[32m2025-08-21 10:33:22 - INFO - 持仓按钮(里)已处于选中状态[0m
[32m2025-08-21 10:33:25 - INFO - 点击买入按钮(里)[0m
[32m2025-08-21 10:33:26 - INFO - 点击股票搜索框[0m
[32m2025-08-21 10:33:27 - INFO - 输入股票名称: 药明康德[0m
[32m2025-08-21 10:33:29 - INFO - 点击匹配的第一个股票[0m
[32m2025-08-21 11:14:15 - INFO - 点击持仓按钮(里)[0m
[32m2025-08-21 11:14:18 - INFO - 点击买入按钮(里)[0m
[32m2025-08-21 11:14:19 - INFO - 点击股票搜索框[0m
[32m2025-08-21 11:16:16 - INFO - 持仓按钮(里)已处于选中状态[0m
[32m2025-08-21 11:16:19 - INFO - 点击买入按钮(里)[0m
[32m2025-08-21 11:16:19 - INFO - 点击股票搜索框[0m
[32m2025-08-21 11:16:20 - INFO - 清除股票代码[0m
[32m2025-08-21 11:16:21 - INFO - 输入股票名称: 双箭股份[0m
[32m2025-08-21 11:16:24 - INFO - 输入数量: 200手[0m
[32m2025-08-21 11:16:25 - INFO - 点击按钮: 买入 (提交)[0m
[32m2025-08-21 11:16:25 - INFO - 开始处理弹窗[0m
[32m2025-08-21 11:16:25 - INFO - 检测到'委托确认'提示[0m
[32m2025-08-21 11:16:26 - INFO - 点击确认按钮[0m
[32m2025-08-21 11:16:26 - INFO - 提示信息：[0m
[33m2025-08-21 11:16:26 - WARNING - 委托已提交，合同号为：362047[0m
[32m2025-08-21 11:18:32 - INFO - 持仓按钮(里)已处于选中状态[0m
[32m2025-08-21 11:18:36 - INFO - 点击买入按钮(里)[0m
[32m2025-08-21 11:18:36 - INFO - 点击股票搜索框[0m
[32m2025-08-21 11:18:37 - INFO - 清除股票代码[0m
[32m2025-08-21 11:18:38 - INFO - 输入股票名称: 双箭股份[0m
[32m2025-08-21 11:18:42 - INFO - 输入数量: 200手[0m
[32m2025-08-21 11:18:42 - INFO - 点击按钮: 买入 (提交)[0m
[32m2025-08-21 11:18:42 - INFO - 开始处理弹窗[0m
[32m2025-08-21 11:18:42 - INFO - 检测到'委托确认'提示[0m
[32m2025-08-21 11:18:43 - INFO - 点击确认按钮[0m
[32m2025-08-21 11:18:43 - INFO - 提示信息：委托已提交，合同号为：61757[0m
[32m2025-08-21 11:18:44 - INFO - 委托已提交[0m
[32m2025-08-21 13:47:14 - INFO - 持仓按钮(里)已处于选中状态[0m
[32m2025-08-21 13:55:35 - INFO - 持仓按钮(里)已处于选中状态[0m
[32m2025-08-21 13:56:59 - INFO - 持仓按钮(里)已处于选中状态[0m
[32m2025-08-21 14:03:37 - INFO - 持仓按钮(里)已处于选中状态[0m
[32m2025-08-21 14:17:17 - INFO - 持仓按钮(里)已处于选中状态[0m
[32m2025-08-22 09:40:28 - INFO - 持仓按钮(里)已处于选中状态[0m
[32m2025-08-22 09:40:33 - INFO - 点击买入按钮(里)[0m
[32m2025-08-22 09:40:34 - INFO - 点击股票搜索框[0m
[32m2025-08-22 09:40:35 - INFO - 输入股票名称: 居然智家[0m
[32m2025-08-22 09:40:39 - INFO - 输入数量: 200手[0m
[32m2025-08-22 09:40:39 - INFO - 点击按钮: 买入 (提交)[0m
[32m2025-08-22 09:40:39 - INFO - 开始处理弹窗[0m
[32m2025-08-22 09:40:39 - INFO - 检测到'委托确认'提示[0m
[32m2025-08-22 09:40:40 - INFO - 点击确认按钮[0m
[32m2025-08-22 09:40:40 - INFO - 提示信息：[0m
[33m2025-08-22 09:40:41 - WARNING - 无提示信息[0m
[32m2025-08-22 09:40:47 - INFO - 持仓按钮(里)已处于选中状态[0m
[32m2025-08-22 09:40:51 - INFO - 点击买入按钮(里)[0m
[32m2025-08-22 09:40:51 - INFO - 点击股票搜索框[0m
[32m2025-08-22 09:40:53 - INFO - 输入股票名称: 梦网科技[0m
[32m2025-08-22 09:40:56 - INFO - 输入数量: 200手[0m
[32m2025-08-22 09:40:57 - INFO - 点击按钮: 买入 (提交)[0m
[32m2025-08-22 09:40:57 - INFO - 开始处理弹窗[0m
[32m2025-08-22 09:40:57 - INFO - 检测到'委托确认'提示[0m
[32m2025-08-22 09:40:57 - INFO - 点击确认按钮[0m
[32m2025-08-22 09:40:58 - INFO - 提示信息：[0m
[33m2025-08-22 09:40:59 - WARNING - 无提示信息[0m
[32m2025-08-22 09:41:05 - INFO - 持仓按钮(里)已处于选中状态[0m
[32m2025-08-22 09:41:08 - INFO - 点击买入按钮(里)[0m
[32m2025-08-22 09:41:09 - INFO - 点击股票搜索框[0m
[32m2025-08-22 09:41:10 - INFO - 输入股票名称: 德龙汇能[0m
[32m2025-08-22 09:41:40 - INFO - 持仓按钮(里)已处于选中状态[0m
[32m2025-08-22 09:41:44 - INFO - 点击买入按钮(里)[0m
[32m2025-08-22 09:41:44 - INFO - 点击股票搜索框[0m
[32m2025-08-22 09:41:46 - INFO - 输入股票名称: 永安林业[0m
[32m2025-08-22 09:41:49 - INFO - 输入数量: 200手[0m
[32m2025-08-22 09:41:50 - INFO - 点击按钮: 买入 (提交)[0m
[32m2025-08-22 09:41:50 - INFO - 开始处理弹窗[0m
[32m2025-08-22 09:41:50 - INFO - 检测到'委托确认'提示[0m
[32m2025-08-22 09:41:51 - INFO - 点击确认按钮[0m
[32m2025-08-22 09:41:51 - INFO - 提示信息：[0m
[33m2025-08-22 09:41:52 - WARNING - 无提示信息[0m
[32m2025-08-22 09:41:58 - INFO - 持仓按钮(里)已处于选中状态[0m
[32m2025-08-22 09:42:01 - INFO - 点击买入按钮(里)[0m
[32m2025-08-22 09:42:02 - INFO - 点击股票搜索框[0m
[32m2025-08-22 09:42:04 - INFO - 输入股票名称: 湖北能源[0m
[32m2025-08-22 09:42:07 - INFO - 输入数量: 200手[0m
[32m2025-08-22 09:42:08 - INFO - 点击按钮: 买入 (提交)[0m
[32m2025-08-22 09:42:08 - INFO - 开始处理弹窗[0m
[32m2025-08-22 09:42:08 - INFO - 检测到'委托确认'提示[0m
[32m2025-08-22 09:42:08 - INFO - 点击确认按钮[0m
[32m2025-08-22 09:42:08 - INFO - 提示信息：[0m
[33m2025-08-22 09:42:10 - WARNING - 无提示信息[0m
[32m2025-08-22 09:42:15 - INFO - 持仓按钮(里)已处于选中状态[0m
[32m2025-08-22 09:42:19 - INFO - 点击买入按钮(里)[0m
[32m2025-08-22 09:42:20 - INFO - 点击股票搜索框[0m
[32m2025-08-22 09:42:21 - INFO - 输入股票名称: 金房能源[0m
[32m2025-08-22 09:42:24 - INFO - 输入数量: 200手[0m
[32m2025-08-22 09:42:25 - INFO - 点击按钮: 买入 (提交)[0m
[32m2025-08-22 09:42:25 - INFO - 开始处理弹窗[0m
[32m2025-08-22 09:42:25 - INFO - 检测到'委托确认'提示[0m
[32m2025-08-22 09:42:26 - INFO - 点击确认按钮[0m
[32m2025-08-22 09:42:26 - INFO - 提示信息：[0m
[33m2025-08-22 09:42:27 - WARNING - 无提示信息[0m
[32m2025-08-22 09:42:33 - INFO - 持仓按钮(里)已处于选中状态[0m
[32m2025-08-22 09:42:36 - INFO - 点击买入按钮(里)[0m
[32m2025-08-22 09:42:36 - INFO - 点击股票搜索框[0m
[32m2025-08-22 09:42:38 - INFO - 输入股票名称: 摩恩电气[0m
[32m2025-08-22 09:42:41 - INFO - 输入数量: 200手[0m
[32m2025-08-22 09:42:42 - INFO - 点击按钮: 买入 (提交)[0m
[32m2025-08-22 09:42:42 - INFO - 开始处理弹窗[0m
[32m2025-08-22 09:42:42 - INFO - 检测到'委托确认'提示[0m
[32m2025-08-22 09:42:42 - INFO - 点击确认按钮[0m
[32m2025-08-22 09:42:42 - INFO - 提示信息：[0m
[33m2025-08-22 09:42:44 - WARNING - 无提示信息[0m
[32m2025-08-22 09:42:50 - INFO - 持仓按钮(里)已处于选中状态[0m
[32m2025-08-22 09:42:53 - INFO - 点击买入按钮(里)[0m
[32m2025-08-22 09:42:54 - INFO - 点击股票搜索框[0m
[32m2025-08-22 09:42:55 - INFO - 输入股票名称: 世龙实业[0m
[32m2025-08-22 09:42:58 - INFO - 输入数量: 200手[0m
[32m2025-08-22 09:42:59 - INFO - 点击按钮: 买入 (提交)[0m
[32m2025-08-22 09:42:59 - INFO - 开始处理弹窗[0m
[32m2025-08-22 09:42:59 - INFO - 检测到'委托确认'提示[0m
[32m2025-08-22 09:43:00 - INFO - 点击确认按钮[0m
[32m2025-08-22 09:43:00 - INFO - 提示信息：[0m
[33m2025-08-22 09:43:01 - WARNING - 无提示信息[0m
[32m2025-08-22 09:43:07 - INFO - 持仓按钮(里)已处于选中状态[0m
[32m2025-08-22 09:43:10 - INFO - 点击买入按钮(里)[0m
[32m2025-08-22 09:43:10 - INFO - 点击股票搜索框[0m
[32m2025-08-22 09:43:12 - INFO - 输入股票名称: 汇洁股份[0m
[32m2025-08-22 09:43:15 - INFO - 输入数量: 200手[0m
[32m2025-08-22 09:43:16 - INFO - 点击按钮: 买入 (提交)[0m
[32m2025-08-22 09:43:16 - INFO - 开始处理弹窗[0m
[32m2025-08-22 09:43:16 - INFO - 检测到'委托确认'提示[0m
[32m2025-08-22 09:43:16 - INFO - 点击确认按钮[0m
[32m2025-08-22 09:46:33 - INFO - 持仓按钮(里)已处于选中状态[0m
[32m2025-08-22 09:46:50 - INFO - 持仓按钮(里)已处于选中状态[0m
[32m2025-08-22 09:47:08 - INFO - 持仓按钮(里)已处于选中状态[0m
[32m2025-08-22 09:47:25 - INFO - 持仓按钮(里)已处于选中状态[0m
[32m2025-08-22 09:47:42 - INFO - 持仓按钮(里)已处于选中状态[0m
[32m2025-08-22 09:48:00 - INFO - 持仓按钮(里)已处于选中状态[0m
[32m2025-08-22 09:48:17 - INFO - 持仓按钮(里)已处于选中状态[0m
[32m2025-08-22 09:48:35 - INFO - 持仓按钮(里)已处于选中状态[0m
[32m2025-08-22 09:48:53 - INFO - 持仓按钮(里)已处于选中状态[0m
[32m2025-08-22 09:49:10 - INFO - 持仓按钮(里)已处于选中状态[0m
[32m2025-08-22 09:49:28 - INFO - 持仓按钮(里)已处于选中状态[0m
[32m2025-08-22 09:49:45 - INFO - 持仓按钮(里)已处于选中状态[0m
[32m2025-08-22 09:49:48 - INFO - 点击买入按钮(里)[0m
[32m2025-08-22 09:49:49 - INFO - 点击股票搜索框[0m
[32m2025-08-22 09:49:51 - INFO - 输入股票名称: 居然智家[0m
[32m2025-08-22 09:49:54 - INFO - 输入数量: 200手[0m
[32m2025-08-22 09:49:55 - INFO - 点击按钮: 买入 (提交)[0m
[32m2025-08-22 09:49:55 - INFO - 开始处理弹窗[0m
[32m2025-08-22 09:49:55 - INFO - 检测到'委托确认'提示[0m
[32m2025-08-22 09:49:55 - INFO - 点击确认按钮[0m
[32m2025-08-22 09:49:55 - INFO - 提示信息：[0m
[33m2025-08-22 09:49:56 - WARNING - 委托已提交，合同号为：25175[0m
[32m2025-08-22 09:50:04 - INFO - 持仓按钮(里)已处于选中状态[0m
[32m2025-08-22 09:50:08 - INFO - 点击买入按钮(里)[0m
[32m2025-08-22 09:50:08 - INFO - 点击股票搜索框[0m
[32m2025-08-22 09:50:10 - INFO - 输入股票名称: 梦网科技[0m
[32m2025-08-22 09:50:13 - INFO - 输入数量: 200手[0m
[32m2025-08-22 09:50:14 - INFO - 点击按钮: 买入 (提交)[0m
[32m2025-08-22 09:50:14 - INFO - 开始处理弹窗[0m
[32m2025-08-22 09:50:14 - INFO - 检测到'委托确认'提示[0m
[32m2025-08-22 09:50:15 - INFO - 点击确认按钮[0m
[32m2025-08-22 09:50:15 - INFO - 提示信息：[0m
[33m2025-08-22 09:50:15 - WARNING - 委托已提交，合同号为：25369[0m
[32m2025-08-22 09:50:21 - INFO - 持仓按钮(里)已处于选中状态[0m
[32m2025-08-22 09:50:25 - INFO - 点击买入按钮(里)[0m
[32m2025-08-22 09:50:25 - INFO - 点击股票搜索框[0m
[32m2025-08-22 09:50:27 - INFO - 输入股票名称: 德龙汇能[0m
[32m2025-08-22 09:50:30 - INFO - 输入数量: 200手[0m
[32m2025-08-22 09:50:31 - INFO - 点击按钮: 买入 (提交)[0m
[32m2025-08-22 09:50:31 - INFO - 开始处理弹窗[0m
[32m2025-08-22 09:50:31 - INFO - 检测到'委托确认'提示[0m
[32m2025-08-22 09:50:31 - INFO - 点击确认按钮[0m
[32m2025-08-22 09:50:31 - INFO - 提示信息：[0m
[33m2025-08-22 09:50:32 - WARNING - 委托已提交，合同号为：25550[0m
[32m2025-08-22 10:06:18 - INFO - 持仓按钮(里)已处于选中状态[0m
[32m2025-08-22 10:06:41 - INFO - 持仓按钮(里)已处于选中状态[0m
[32m2025-08-22 10:07:04 - INFO - 持仓按钮(里)已处于选中状态[0m
[32m2025-08-22 10:10:16 - INFO - 持仓按钮(里)已处于选中状态[0m
[32m2025-08-22 10:10:40 - INFO - 持仓按钮(里)已处于选中状态[0m
[32m2025-08-22 10:27:42 - INFO - 持仓按钮(里)已处于选中状态[0m
[32m2025-08-22 13:00:36 - INFO - 持仓按钮(里)已处于选中状态[0m
[32m2025-08-22 13:00:39 - INFO - 点击买入按钮(里)[0m
[32m2025-08-22 13:00:40 - INFO - 点击股票搜索框[0m
[32m2025-08-22 13:00:41 - INFO - 输入股票名称: 钧达股份[0m
[32m2025-08-22 13:00:43 - INFO - 点击匹配的第一个股票[0m
[32m2025-08-25 09:31:57 - INFO - 持仓按钮(里)已处于选中状态[0m
[32m2025-08-25 09:32:01 - INFO - 点击买入按钮(里)[0m
[32m2025-08-25 09:32:02 - INFO - 点击股票搜索框[0m
[32m2025-08-25 09:32:03 - INFO - 输入股票名称: 中山公用[0m
[32m2025-08-25 09:32:06 - INFO - 输入数量: 100手[0m
[32m2025-08-25 09:32:07 - INFO - 点击按钮: 买入 (提交)[0m
[32m2025-08-25 09:32:07 - INFO - 开始处理弹窗[0m
[32m2025-08-25 09:32:07 - INFO - 检测到'委托确认'提示[0m
[32m2025-08-25 09:32:08 - INFO - 点击确认按钮[0m
[32m2025-08-25 09:32:08 - INFO - 提示信息：[0m
[33m2025-08-25 09:32:09 - WARNING - 委托已提交，合同号为：78317[0m
[32m2025-08-25 09:32:11 - INFO - 点击持仓按钮(里)[0m
[32m2025-08-25 09:32:14 - INFO - 点击买入按钮(里)[0m
[32m2025-08-25 09:32:14 - INFO - 点击股票搜索框[0m
[32m2025-08-25 09:32:15 - INFO - 输入股票名称: 吉林敖东[0m
[32m2025-08-25 09:35:35 - INFO - 持仓按钮(里)已处于选中状态[0m
[32m2025-08-25 09:35:50 - INFO - 点击卖出按钮(里)[0m
[32m2025-08-25 09:35:50 - INFO - 点击股票搜索框[0m
[32m2025-08-25 09:35:52 - INFO - 输入股票名称: 共进股份[0m
[32m2025-08-25 09:35:55 - INFO - 输入数量: 100手[0m
[32m2025-08-25 09:35:55 - INFO - 点击按钮: 卖出 (提交)[0m
[32m2025-08-25 09:35:55 - INFO - 开始处理弹窗[0m
[32m2025-08-25 09:35:56 - INFO - 检测到'委托确认'提示[0m
[32m2025-08-25 09:35:56 - INFO - 点击确认按钮[0m
[32m2025-08-25 09:35:56 - INFO - 提示信息：委托已提交，合同号为：117028[0m
[32m2025-08-25 09:35:57 - INFO - 委托已提交[0m
[32m2025-08-25 09:38:30 - INFO - 持仓按钮(里)已处于选中状态[0m
[32m2025-08-25 09:38:34 - INFO - 点击买入按钮(里)[0m
[32m2025-08-25 09:38:35 - INFO - 点击股票搜索框[0m
[32m2025-08-25 09:38:36 - INFO - 输入股票名称: 居然智家[0m
[32m2025-08-25 09:38:40 - INFO - 输入数量: 200手[0m
[32m2025-08-25 09:38:40 - INFO - 点击按钮: 买入 (提交)[0m
[32m2025-08-25 09:38:40 - INFO - 开始处理弹窗[0m
[32m2025-08-25 09:38:40 - INFO - 检测到'委托确认'提示[0m
[32m2025-08-25 09:38:41 - INFO - 点击确认按钮[0m
[32m2025-08-25 09:38:41 - INFO - 提示信息：[0m
[33m2025-08-25 09:38:42 - WARNING - 无提示信息[0m
[32m2025-08-25 09:38:49 - INFO - 持仓按钮(里)已处于选中状态[0m
[32m2025-08-25 09:38:53 - INFO - 点击买入按钮(里)[0m
[32m2025-08-25 09:38:54 - INFO - 点击股票搜索框[0m
[32m2025-08-25 09:38:55 - INFO - 输入股票名称: 梦网科技[0m
[32m2025-08-25 09:42:40 - INFO - 持仓按钮(里)已处于选中状态[0m
[32m2025-08-25 09:42:56 - INFO - 点击卖出按钮(里)[0m
[32m2025-08-25 09:42:57 - INFO - 点击股票搜索框[0m
[32m2025-08-25 09:42:58 - INFO - 输入股票名称: 湖北能源[0m
[32m2025-08-25 09:43:01 - INFO - 输入数量: 100手[0m
[32m2025-08-25 09:43:02 - INFO - 点击按钮: 卖出 (提交)[0m
[32m2025-08-25 09:43:02 - INFO - 开始处理弹窗[0m
[32m2025-08-25 09:43:02 - INFO - 检测到'委托确认'提示[0m
[32m2025-08-25 09:43:03 - INFO - 点击确认按钮[0m
[32m2025-08-25 09:43:03 - INFO - 提示信息：[0m
[33m2025-08-25 09:43:03 - WARNING - 委托已提交，合同号为：25987[0m
[32m2025-08-25 09:43:12 - INFO - 持仓按钮(里)已处于选中状态[0m
[32m2025-08-25 09:43:36 - INFO - 持仓按钮(里)已处于选中状态[0m
[32m2025-08-25 09:44:01 - INFO - 持仓按钮(里)已处于选中状态[0m
[32m2025-08-25 09:44:21 - INFO - 点击卖出按钮(里)[0m
[32m2025-08-25 09:44:21 - INFO - 点击股票搜索框[0m
[32m2025-08-25 09:44:22 - INFO - 输入股票名称: 双箭股份[0m
[32m2025-08-25 09:44:26 - INFO - 输入数量: 400手[0m
[32m2025-08-25 09:44:26 - INFO - 点击按钮: 卖出 (提交)[0m
[32m2025-08-25 09:44:26 - INFO - 开始处理弹窗[0m
[32m2025-08-25 09:44:27 - INFO - 检测到'委托确认'提示[0m
[32m2025-08-25 09:44:27 - INFO - 点击确认按钮[0m
[32m2025-08-25 09:44:27 - INFO - 提示信息：[0m
[33m2025-08-25 09:44:28 - WARNING - 委托已提交，合同号为：27283[0m
[32m2025-08-25 09:44:36 - INFO - 持仓按钮(里)已处于选中状态[0m
[32m2025-08-25 09:45:01 - INFO - 持仓按钮(里)已处于选中状态[0m
[32m2025-08-25 09:45:25 - INFO - 持仓按钮(里)已处于选中状态[0m
[32m2025-08-25 09:45:50 - INFO - 持仓按钮(里)已处于选中状态[0m
[32m2025-08-25 09:46:15 - INFO - 持仓按钮(里)已处于选中状态[0m
[32m2025-08-25 09:46:40 - INFO - 持仓按钮(里)已处于选中状态[0m
[32m2025-08-25 09:47:05 - INFO - 持仓按钮(里)已处于选中状态[0m
[32m2025-08-25 09:47:30 - INFO - 持仓按钮(里)已处于选中状态[0m
[32m2025-08-25 09:47:55 - INFO - 持仓按钮(里)已处于选中状态[0m
[32m2025-08-25 09:48:14 - INFO - 点击卖出按钮(里)[0m
[32m2025-08-25 09:48:15 - INFO - 点击股票搜索框[0m
[32m2025-08-25 09:48:16 - INFO - 输入股票名称: 百川能源[0m
[32m2025-08-25 09:48:19 - INFO - 输入数量: 100手[0m
[32m2025-08-25 09:48:20 - INFO - 点击按钮: 卖出 (提交)[0m
[32m2025-08-25 09:48:20 - INFO - 开始处理弹窗[0m
[32m2025-08-25 09:48:20 - INFO - 检测到'委托确认'提示[0m
[32m2025-08-25 09:48:21 - INFO - 点击确认按钮[0m
[32m2025-08-25 09:48:21 - INFO - 提示信息：[0m
[33m2025-08-25 09:48:22 - WARNING - 委托已提交，合同号为：30480[0m
[32m2025-08-25 09:48:29 - INFO - 持仓按钮(里)已处于选中状态[0m
[32m2025-08-25 09:48:54 - INFO - 持仓按钮(里)已处于选中状态[0m
[32m2025-08-25 09:49:14 - INFO - 点击卖出按钮(里)[0m
[32m2025-08-25 09:49:14 - INFO - 点击股票搜索框[0m
[32m2025-08-25 09:49:16 - INFO - 输入股票名称: 中持股份[0m
[32m2025-08-25 09:49:19 - INFO - 输入数量: 100手[0m
[32m2025-08-25 09:49:20 - INFO - 点击按钮: 卖出 (提交)[0m
[32m2025-08-25 09:49:20 - INFO - 开始处理弹窗[0m
[32m2025-08-25 09:49:20 - INFO - 检测到'委托确认'提示[0m
[32m2025-08-25 09:49:21 - INFO - 点击确认按钮[0m
[32m2025-08-25 09:49:21 - INFO - 提示信息：[0m
[33m2025-08-25 09:49:21 - WARNING - 未找到确认按钮[0m
[32m2025-08-25 09:49:40 - INFO - 持仓按钮(里)已处于选中状态[0m
[32m2025-08-25 09:50:05 - INFO - 持仓按钮(里)已处于选中状态[0m
[32m2025-08-25 09:50:29 - INFO - 持仓按钮(里)已处于选中状态[0m
[32m2025-08-25 09:50:54 - INFO - 持仓按钮(里)已处于选中状态[0m
[32m2025-08-25 09:50:58 - INFO - 点击买入按钮(里)[0m
[32m2025-08-25 09:50:59 - INFO - 点击股票搜索框[0m
[32m2025-08-25 09:51:00 - INFO - 输入股票名称: 三木集团[0m
[32m2025-08-25 09:51:03 - INFO - 输入数量: 200手[0m
[32m2025-08-25 09:51:04 - INFO - 点击按钮: 买入 (提交)[0m
[32m2025-08-25 09:51:04 - INFO - 开始处理弹窗[0m
[32m2025-08-25 09:51:04 - INFO - 检测到'委托确认'提示[0m
[32m2025-08-25 09:51:05 - INFO - 点击确认按钮[0m
[32m2025-08-25 09:51:05 - INFO - 提示信息：[0m
[33m2025-08-25 09:51:06 - WARNING - 委托已提交，合同号为：32525[0m
[32m2025-08-25 09:51:13 - INFO - 持仓按钮(里)已处于选中状态[0m
[32m2025-08-25 09:51:18 - INFO - 点击买入按钮(里)[0m
[32m2025-08-25 09:51:18 - INFO - 点击股票搜索框[0m
[32m2025-08-25 09:51:20 - INFO - 输入股票名称: 茂化实华[0m
[32m2025-08-25 09:51:23 - INFO - 输入数量: 200手[0m
[32m2025-08-25 09:51:24 - INFO - 点击按钮: 买入 (提交)[0m
[32m2025-08-25 09:51:24 - INFO - 开始处理弹窗[0m
[32m2025-08-25 09:51:24 - INFO - 检测到'委托确认'提示[0m
[32m2025-08-25 09:51:24 - INFO - 点击确认按钮[0m
[32m2025-08-25 09:51:24 - INFO - 提示信息：[0m
[33m2025-08-25 09:51:25 - WARNING - 未找到确认按钮[0m
[32m2025-08-25 09:51:43 - INFO - 持仓按钮(里)已处于选中状态[0m
[32m2025-08-25 09:51:47 - INFO - 点击买入按钮(里)[0m
[32m2025-08-25 09:51:48 - INFO - 点击股票搜索框[0m
[32m2025-08-25 09:51:49 - INFO - 输入股票名称: 光华股份[0m
[32m2025-08-25 09:51:52 - INFO - 输入数量: 200手[0m
[32m2025-08-25 09:51:53 - INFO - 点击按钮: 买入 (提交)[0m
[32m2025-08-25 09:51:53 - INFO - 开始处理弹窗[0m
[32m2025-08-25 09:51:53 - INFO - 检测到'委托确认'提示[0m
[32m2025-08-25 09:51:54 - INFO - 点击确认按钮[0m
[32m2025-08-25 09:51:54 - INFO - 提示信息：[0m
[31m2025-08-25 09:51:54 - ERROR - 点击确认按钮失败: (-32001, 'androidx.test.uiautomator.UiObjectNotFoundException', ({'mask': 2097152, 'childOrSibling': [], 'childOrSiblingSelector': [], 'resourceId': 'com.hexin.plat.android:id/prompt_content'},))[0m
[32m2025-08-25 09:52:04 - INFO - 持仓按钮(里)已处于选中状态[0m
[32m2025-08-25 09:52:08 - INFO - 点击买入按钮(里)[0m
[32m2025-08-25 09:52:09 - INFO - 点击股票搜索框[0m
[32m2025-08-25 09:52:10 - INFO - 输入股票名称: 蓝丰生化[0m
[32m2025-08-25 09:52:13 - INFO - 输入数量: 200手[0m
[32m2025-08-25 09:52:14 - INFO - 点击按钮: 买入 (提交)[0m
[32m2025-08-25 09:52:14 - INFO - 开始处理弹窗[0m
[32m2025-08-25 09:52:14 - INFO - 检测到'委托确认'提示[0m
[32m2025-08-25 09:52:14 - INFO - 点击确认按钮[0m
[32m2025-08-25 09:52:15 - INFO - 提示信息：[0m
[33m2025-08-25 09:52:15 - WARNING - 未找到确认按钮[0m
[32m2025-08-25 09:52:27 - INFO - 持仓按钮(里)已处于选中状态[0m
[32m2025-08-25 09:52:31 - INFO - 点击买入按钮(里)[0m
[32m2025-08-25 09:52:32 - INFO - 点击股票搜索框[0m
[32m2025-08-25 09:52:33 - INFO - 输入股票名称: 豪尔赛[0m
[32m2025-08-25 09:52:37 - INFO - 输入数量: 200手[0m
[32m2025-08-25 09:52:37 - INFO - 点击按钮: 买入 (提交)[0m
[32m2025-08-25 09:52:37 - INFO - 开始处理弹窗[0m
[32m2025-08-25 09:52:37 - INFO - 检测到'委托确认'提示[0m
[32m2025-08-25 09:52:38 - INFO - 点击确认按钮[0m
[32m2025-08-25 09:52:38 - INFO - 提示信息：[0m
[33m2025-08-25 09:52:39 - WARNING - 委托已提交，合同号为：33577[0m
[32m2025-08-25 09:52:47 - INFO - 持仓按钮(里)已处于选中状态[0m
[32m2025-08-25 09:52:51 - INFO - 点击买入按钮(里)[0m
[32m2025-08-25 09:52:52 - INFO - 点击股票搜索框[0m
[32m2025-08-25 09:52:53 - INFO - 输入股票名称: 万里股份[0m
[32m2025-08-25 09:52:56 - INFO - 输入数量: 200手[0m
[32m2025-08-25 09:52:57 - INFO - 点击按钮: 买入 (提交)[0m
[32m2025-08-25 09:52:57 - INFO - 开始处理弹窗[0m
[32m2025-08-25 09:52:57 - INFO - 检测到'委托确认'提示[0m
[32m2025-08-25 09:52:58 - INFO - 点击确认按钮[0m
[32m2025-08-25 09:52:58 - INFO - 提示信息：[0m
[33m2025-08-25 09:52:58 - WARNING - 未找到确认按钮[0m
[32m2025-08-25 09:53:04 - INFO - 持仓按钮(里)已处于选中状态[0m
[32m2025-08-25 09:53:09 - INFO - 点击买入按钮(里)[0m
[32m2025-08-25 09:53:09 - INFO - 点击股票搜索框[0m
[32m2025-08-25 09:53:10 - INFO - 输入股票名称: 三峰环境[0m
[32m2025-08-25 09:53:14 - INFO - 输入数量: 200手[0m
[32m2025-08-25 09:53:14 - INFO - 点击按钮: 买入 (提交)[0m
[32m2025-08-25 09:53:14 - INFO - 开始处理弹窗[0m
[32m2025-08-25 09:53:15 - INFO - 检测到'委托确认'提示[0m
[32m2025-08-25 09:53:15 - INFO - 点击确认按钮[0m
[32m2025-08-25 09:53:15 - INFO - 提示信息：[0m
[33m2025-08-25 09:53:16 - WARNING - 无提示信息[0m
[32m2025-08-25 09:53:22 - INFO - 持仓按钮(里)已处于选中状态[0m
[32m2025-08-25 09:53:27 - INFO - 点击买入按钮(里)[0m
[32m2025-08-25 09:53:27 - INFO - 点击股票搜索框[0m
[32m2025-08-25 09:53:29 - INFO - 输入股票名称: 爱普股份[0m
[32m2025-08-25 09:53:32 - INFO - 输入数量: 200手[0m
[32m2025-08-25 09:53:32 - INFO - 点击按钮: 买入 (提交)[0m
[32m2025-08-25 09:53:32 - INFO - 开始处理弹窗[0m
[32m2025-08-25 09:53:33 - INFO - 检测到'委托确认'提示[0m
[32m2025-08-25 09:53:33 - INFO - 点击确认按钮[0m
[32m2025-08-25 09:53:33 - INFO - 提示信息：[0m
[33m2025-08-25 09:53:34 - WARNING - 无提示信息[0m
[32m2025-08-25 09:53:40 - INFO - 持仓按钮(里)已处于选中状态[0m
[32m2025-08-25 09:53:45 - INFO - 点击买入按钮(里)[0m
[32m2025-08-25 09:53:45 - INFO - 点击股票搜索框[0m
[32m2025-08-25 09:53:47 - INFO - 输入股票名称: 金海高科[0m
[32m2025-08-25 09:53:50 - INFO - 输入数量: 200手[0m
[32m2025-08-25 09:53:51 - INFO - 点击按钮: 买入 (提交)[0m
[32m2025-08-25 09:53:51 - INFO - 开始处理弹窗[0m
[32m2025-08-25 09:53:51 - INFO - 检测到'委托确认'提示[0m
[32m2025-08-25 09:53:51 - INFO - 点击确认按钮[0m
[32m2025-08-25 09:53:51 - INFO - 提示信息：[0m
[33m2025-08-25 09:53:52 - WARNING - 无提示信息[0m
[32m2025-08-25 09:53:58 - INFO - 持仓按钮(里)已处于选中状态[0m
[32m2025-08-25 09:54:03 - INFO - 点击买入按钮(里)[0m
[32m2025-08-25 09:54:03 - INFO - 点击股票搜索框[0m
[32m2025-08-25 09:54:04 - INFO - 输入股票名称: 威奥股份[0m
[32m2025-08-25 09:54:08 - INFO - 输入数量: 200手[0m
[32m2025-08-25 09:54:08 - INFO - 点击按钮: 买入 (提交)[0m
[32m2025-08-25 09:54:08 - INFO - 开始处理弹窗[0m
[32m2025-08-25 09:54:08 - INFO - 检测到'委托确认'提示[0m
[32m2025-08-25 09:54:09 - INFO - 点击确认按钮[0m
[32m2025-08-25 09:54:09 - INFO - 提示信息：[0m
[33m2025-08-25 09:54:10 - WARNING - 无提示信息[0m
[32m2025-08-26 09:30:32 - INFO - 持仓按钮(里)已处于选中状态[0m
[32m2025-08-26 09:30:53 - INFO - 持仓按钮(里)已处于选中状态[0m
[32m2025-08-26 09:32:19 - INFO - 持仓按钮(里)已处于选中状态[0m
[32m2025-08-26 09:32:40 - INFO - 持仓按钮(里)已处于选中状态[0m
[32m2025-08-26 09:33:00 - INFO - 持仓按钮(里)已处于选中状态[0m
[32m2025-08-26 09:33:21 - INFO - 持仓按钮(里)已处于选中状态[0m
[32m2025-08-26 09:43:53 - INFO - 持仓按钮(里)已处于选中状态[0m
[32m2025-08-26 09:44:06 - INFO - 点击卖出按钮(里)[0m
[32m2025-08-26 09:44:06 - INFO - 点击股票搜索框[0m
[32m2025-08-26 09:44:08 - INFO - 输入股票名称: 锐明技术[0m
[32m2025-08-26 09:44:11 - INFO - 输入数量: 100手[0m
[32m2025-08-26 09:44:12 - INFO - 点击按钮: 卖出 (提交)[0m
[32m2025-08-26 09:44:12 - INFO - 开始处理弹窗[0m
[32m2025-08-26 09:44:12 - INFO - 检测到'委托确认'提示[0m
[32m2025-08-26 09:44:12 - INFO - 点击确认按钮[0m
[32m2025-08-26 09:44:13 - INFO - 提示信息：委托已提交，合同号为：151469[0m
[32m2025-08-26 09:44:13 - INFO - 委托已提交[0m
[32m2025-08-26 09:45:10 - INFO - 持仓按钮(里)已处于选中状态[0m
[32m2025-08-26 09:45:15 - INFO - 点击买入按钮(里)[0m
[32m2025-08-26 09:45:16 - INFO - 点击股票搜索框[0m
[32m2025-08-26 09:45:17 - INFO - 输入股票名称: 御银股份[0m
[32m2025-08-26 09:45:19 - INFO - 点击匹配的第一个股票[0m
[33m2025-08-26 09:45:22 - WARNING - 解析价格失败: could not convert string to float: '价格'[0m
[33m2025-08-26 09:45:23 - WARNING - 解析价格失败: could not convert string to float: '价格'[0m
[32m2025-08-26 09:45:24 - INFO - 输入数量: 500手[0m
[32m2025-08-26 09:45:25 - INFO - 点击按钮: 买入 (提交)[0m
[32m2025-08-26 09:45:25 - INFO - 开始处理弹窗[0m
[32m2025-08-26 09:45:25 - INFO - 检测到'委托确认'提示[0m
[32m2025-08-26 09:45:26 - INFO - 点击确认按钮[0m
[32m2025-08-26 09:45:26 - INFO - 提示信息：[0m
[33m2025-08-26 09:45:26 - WARNING - 委托已提交，合同号为：157055[0m
[32m2025-08-26 10:45:32 - INFO - 持仓按钮(里)已处于选中状态[0m
[32m2025-08-26 10:45:36 - INFO - 点击买入按钮(里)[0m
[32m2025-08-26 10:45:37 - INFO - 点击股票搜索框[0m
[32m2025-08-26 10:45:38 - INFO - 输入股票名称: 爱婴室[0m
[32m2025-08-26 10:45:42 - INFO - 输入数量: 200手[0m
[32m2025-08-26 10:45:42 - INFO - 点击按钮: 买入 (提交)[0m
[32m2025-08-26 10:45:42 - INFO - 开始处理弹窗[0m
[32m2025-08-26 10:45:42 - INFO - 检测到'委托确认'提示[0m
[32m2025-08-26 10:45:43 - INFO - 点击确认按钮[0m
[32m2025-08-26 10:45:43 - INFO - 提示信息：[0m
[33m2025-08-26 10:45:44 - WARNING - 委托已提交，合同号为：320189[0m
[32m2025-08-26 13:34:34 - INFO - 持仓按钮(里)已处于选中状态[0m
[32m2025-08-26 13:34:55 - INFO - 持仓按钮(里)已处于选中状态[0m
[32m2025-08-26 13:35:16 - INFO - 持仓按钮(里)已处于选中状态[0m
[32m2025-08-26 13:35:37 - INFO - 持仓按钮(里)已处于选中状态[0m
[32m2025-08-26 13:35:58 - INFO - 持仓按钮(里)已处于选中状态[0m
[32m2025-08-26 13:36:19 - INFO - 持仓按钮(里)已处于选中状态[0m
[32m2025-08-26 13:36:40 - INFO - 持仓按钮(里)已处于选中状态[0m
[32m2025-08-26 13:37:01 - INFO - 持仓按钮(里)已处于选中状态[0m
[32m2025-08-26 13:37:22 - INFO - 持仓按钮(里)已处于选中状态[0m
[32m2025-08-26 13:37:41 - INFO - 持仓按钮(里)已处于选中状态[0m
[32m2025-08-26 13:38:02 - INFO - 持仓按钮(里)已处于选中状态[0m
[32m2025-08-26 13:38:23 - INFO - 持仓按钮(里)已处于选中状态[0m
[32m2025-08-26 13:38:44 - INFO - 持仓按钮(里)已处于选中状态[0m
[32m2025-08-26 13:39:05 - INFO - 持仓按钮(里)已处于选中状态[0m
[32m2025-08-26 13:39:25 - INFO - 持仓按钮(里)已处于选中状态[0m
[32m2025-08-26 13:39:46 - INFO - 持仓按钮(里)已处于选中状态[0m
[32m2025-08-26 13:40:07 - INFO - 持仓按钮(里)已处于选中状态[0m
[32m2025-08-26 13:40:27 - INFO - 持仓按钮(里)已处于选中状态[0m
[32m2025-08-26 13:40:48 - INFO - 持仓按钮(里)已处于选中状态[0m
[32m2025-08-26 13:41:09 - INFO - 持仓按钮(里)已处于选中状态[0m
[32m2025-08-26 13:41:30 - INFO - 持仓按钮(里)已处于选中状态[0m
[32m2025-08-26 13:41:50 - INFO - 持仓按钮(里)已处于选中状态[0m
[32m2025-08-26 13:42:11 - INFO - 持仓按钮(里)已处于选中状态[0m
[32m2025-08-26 13:42:31 - INFO - 持仓按钮(里)已处于选中状态[0m
[32m2025-08-26 13:42:52 - INFO - 持仓按钮(里)已处于选中状态[0m
[32m2025-08-26 13:56:45 - INFO - 点击卖出按钮(里)[0m
[32m2025-08-26 13:58:38 - INFO - 持仓按钮(里)已处于选中状态[0m
[32m2025-08-26 13:58:51 - INFO - 持仓按钮(里)已处于选中状态[0m
[32m2025-08-26 13:58:55 - INFO - 点击买入按钮(里)[0m
[32m2025-08-26 13:58:56 - INFO - 点击股票搜索框[0m
[32m2025-08-26 13:58:57 - INFO - 输入股票名称: 均胜电子[0m
[32m2025-08-26 13:58:59 - INFO - 点击匹配的第一个股票[0m
[32m2025-08-26 13:59:02 - INFO - 输入数量: 200手[0m
[32m2025-08-26 13:59:03 - INFO - 点击按钮: 买入 (提交)[0m
[32m2025-08-26 13:59:03 - INFO - 开始处理弹窗[0m
[32m2025-08-26 13:59:03 - INFO - 检测到'委托确认'提示[0m
[32m2025-08-26 13:59:04 - INFO - 点击确认按钮[0m
[32m2025-08-26 13:59:04 - INFO - 提示信息：委托已提交，合同号为：486973[0m
[32m2025-08-26 13:59:04 - INFO - 委托已提交[0m
[32m2025-08-26 13:59:24 - INFO - 持仓按钮(里)已处于选中状态[0m
[32m2025-08-26 13:59:45 - INFO - 持仓按钮(里)已处于选中状态[0m
[32m2025-08-26 14:00:06 - INFO - 持仓按钮(里)已处于选中状态[0m
[32m2025-08-26 14:00:27 - INFO - 持仓按钮(里)已处于选中状态[0m
[32m2025-08-26 14:00:47 - INFO - 持仓按钮(里)已处于选中状态[0m
[32m2025-08-26 14:01:08 - INFO - 持仓按钮(里)已处于选中状态[0m
[32m2025-08-26 14:01:28 - INFO - 持仓按钮(里)已处于选中状态[0m
[32m2025-08-26 14:01:48 - INFO - 持仓按钮(里)已处于选中状态[0m
[32m2025-08-26 14:02:09 - INFO - 持仓按钮(里)已处于选中状态[0m
[32m2025-08-26 14:02:30 - INFO - 持仓按钮(里)已处于选中状态[0m
[32m2025-08-26 14:02:52 - INFO - 持仓按钮(里)已处于选中状态[0m
[32m2025-08-26 14:03:12 - INFO - 持仓按钮(里)已处于选中状态[0m
[32m2025-08-26 14:03:33 - INFO - 持仓按钮(里)已处于选中状态[0m
[32m2025-08-26 14:03:54 - INFO - 持仓按钮(里)已处于选中状态[0m
[32m2025-08-26 14:04:15 - INFO - 持仓按钮(里)已处于选中状态[0m
[32m2025-08-26 14:04:36 - INFO - 持仓按钮(里)已处于选中状态[0m
[32m2025-08-26 14:04:51 - INFO - 点击卖出按钮(里)[0m
[32m2025-08-26 14:04:52 - INFO - 点击股票搜索框[0m
[32m2025-08-26 14:04:53 - INFO - 输入股票名称: 豪尔赛[0m
[32m2025-08-26 14:04:57 - INFO - 输入数量: 200手[0m
[32m2025-08-26 14:04:57 - INFO - 点击按钮: 卖出 (提交)[0m
[32m2025-08-26 14:04:57 - INFO - 开始处理弹窗[0m
[32m2025-08-26 14:04:57 - INFO - 未检测到'委托确认'提示[0m
[32m2025-08-26 14:05:09 - INFO - 持仓按钮(里)已处于选中状态[0m
[32m2025-08-26 14:05:30 - INFO - 持仓按钮(里)已处于选中状态[0m
[32m2025-08-26 14:05:51 - INFO - 持仓按钮(里)已处于选中状态[0m
[32m2025-08-26 14:06:11 - INFO - 持仓按钮(里)已处于选中状态[0m
[32m2025-08-26 14:06:16 - INFO - 点击买入按钮(里)[0m
[32m2025-08-26 14:06:16 - INFO - 点击股票搜索框[0m
[32m2025-08-26 14:06:18 - INFO - 输入股票名称: 居然智家[0m
[32m2025-08-26 14:06:21 - INFO - 输入数量: 100手[0m
[32m2025-08-26 14:06:22 - INFO - 点击按钮: 买入 (提交)[0m
[32m2025-08-26 14:06:22 - INFO - 开始处理弹窗[0m
[32m2025-08-26 14:06:22 - INFO - 检测到'委托确认'提示[0m
[32m2025-08-26 14:06:22 - INFO - 点击确认按钮[0m
[32m2025-08-26 14:06:22 - INFO - 提示信息：委托已提交，合同号为：85978[0m
[32m2025-08-26 14:06:23 - INFO - 委托已提交[0m
[32m2025-08-26 14:06:31 - INFO - 持仓按钮(里)已处于选中状态[0m
[32m2025-08-26 14:06:35 - INFO - 点击买入按钮(里)[0m
[32m2025-08-26 14:06:35 - INFO - 点击股票搜索框[0m
[32m2025-08-26 14:06:37 - INFO - 输入股票名称: 梦网科技[0m
[32m2025-08-26 14:07:07 - INFO - 持仓按钮(里)已处于选中状态[0m
[32m2025-08-26 14:07:11 - INFO - 点击买入按钮(里)[0m
[32m2025-08-26 14:07:12 - INFO - 点击股票搜索框[0m
[32m2025-08-26 14:07:13 - INFO - 输入股票名称: 湖南投资[0m
[32m2025-08-26 14:07:16 - INFO - 输入数量: 100手[0m
[32m2025-08-26 14:07:17 - INFO - 点击按钮: 买入 (提交)[0m
[32m2025-08-26 14:07:17 - INFO - 开始处理弹窗[0m
[32m2025-08-26 14:07:17 - INFO - 检测到'委托确认'提示[0m
[32m2025-08-26 14:07:18 - INFO - 点击确认按钮[0m
[32m2025-08-26 14:07:18 - INFO - 提示信息：[0m
[33m2025-08-26 14:07:19 - WARNING - 委托已提交，合同号为：86265[0m
[32m2025-08-26 14:07:27 - INFO - 持仓按钮(里)已处于选中状态[0m
[32m2025-08-26 14:07:30 - INFO - 点击买入按钮(里)[0m
[32m2025-08-26 14:07:31 - INFO - 点击股票搜索框[0m
[32m2025-08-26 14:07:32 - INFO - 输入股票名称: 德龙汇能[0m
[32m2025-08-26 14:07:35 - INFO - 输入数量: 100手[0m
[32m2025-08-26 14:07:36 - INFO - 点击按钮: 买入 (提交)[0m
[32m2025-08-26 14:07:36 - INFO - 开始处理弹窗[0m
[32m2025-08-26 14:07:36 - INFO - 检测到'委托确认'提示[0m
[32m2025-08-26 14:07:36 - INFO - 点击确认按钮[0m
[32m2025-08-26 14:07:37 - INFO - 提示信息：[0m
[33m2025-08-26 14:07:38 - WARNING - 无提示信息[0m
[32m2025-08-26 14:07:44 - INFO - 持仓按钮(里)已处于选中状态[0m
[32m2025-08-26 14:07:48 - INFO - 点击买入按钮(里)[0m
[32m2025-08-26 14:07:48 - INFO - 点击股票搜索框[0m
[32m2025-08-26 14:07:50 - INFO - 输入股票名称: 永安林业[0m
[32m2025-08-26 14:07:53 - INFO - 输入数量: 100手[0m
[32m2025-08-26 14:07:54 - INFO - 点击按钮: 买入 (提交)[0m
[32m2025-08-26 14:07:54 - INFO - 开始处理弹窗[0m
[32m2025-08-26 14:07:54 - INFO - 检测到'委托确认'提示[0m
[32m2025-08-26 14:07:54 - INFO - 点击确认按钮[0m
[32m2025-08-26 14:07:55 - INFO - 提示信息：[0m
[33m2025-08-26 14:07:56 - WARNING - 无提示信息[0m
[32m2025-08-26 14:08:02 - INFO - 持仓按钮(里)已处于选中状态[0m
[32m2025-08-26 14:08:06 - INFO - 点击买入按钮(里)[0m
[32m2025-08-26 14:08:06 - INFO - 点击股票搜索框[0m
[32m2025-08-26 14:08:08 - INFO - 输入股票名称: 利仁科技[0m
[32m2025-08-26 14:08:11 - INFO - 输入数量: 100手[0m
[32m2025-08-26 14:08:12 - INFO - 点击按钮: 买入 (提交)[0m
[32m2025-08-26 14:08:12 - INFO - 开始处理弹窗[0m
[32m2025-08-26 14:08:12 - INFO - 检测到'委托确认'提示[0m
[32m2025-08-26 14:08:12 - INFO - 点击确认按钮[0m
[32m2025-08-26 14:08:12 - INFO - 提示信息：[0m
[33m2025-08-26 14:08:14 - WARNING - 无提示信息[0m
[32m2025-08-26 14:08:20 - INFO - 持仓按钮(里)已处于选中状态[0m
[32m2025-08-26 14:08:24 - INFO - 点击买入按钮(里)[0m
[32m2025-08-26 14:08:24 - INFO - 点击股票搜索框[0m
[32m2025-08-26 14:08:26 - INFO - 输入股票名称: 坤泰股份[0m
[32m2025-08-26 14:08:29 - INFO - 输入数量: 100手[0m
[32m2025-08-26 14:08:29 - INFO - 点击按钮: 买入 (提交)[0m
[32m2025-08-26 14:08:29 - INFO - 开始处理弹窗[0m
[32m2025-08-26 14:08:30 - INFO - 检测到'委托确认'提示[0m
[32m2025-08-26 14:08:30 - INFO - 点击确认按钮[0m
[32m2025-08-26 14:08:30 - INFO - 提示信息：[0m
[33m2025-08-26 14:08:31 - WARNING - 无提示信息[0m
[32m2025-08-26 14:08:37 - INFO - 持仓按钮(里)已处于选中状态[0m
[32m2025-08-26 14:08:42 - INFO - 点击买入按钮(里)[0m
[32m2025-08-26 14:08:42 - INFO - 点击股票搜索框[0m
[32m2025-08-26 14:08:44 - INFO - 输入股票名称: 美能能源[0m
[32m2025-08-26 14:08:47 - INFO - 输入数量: 100手[0m
[32m2025-08-26 14:08:48 - INFO - 点击按钮: 买入 (提交)[0m
[32m2025-08-26 14:08:48 - INFO - 开始处理弹窗[0m
[32m2025-08-26 14:08:48 - INFO - 检测到'委托确认'提示[0m
[32m2025-08-26 14:08:48 - INFO - 点击确认按钮[0m
[32m2025-08-26 14:08:48 - INFO - 提示信息：[0m
[33m2025-08-26 14:08:50 - WARNING - 无提示信息[0m
[32m2025-08-26 14:08:56 - INFO - 持仓按钮(里)已处于选中状态[0m
[32m2025-08-26 14:09:00 - INFO - 点击买入按钮(里)[0m
[32m2025-08-26 14:09:01 - INFO - 点击股票搜索框[0m
[32m2025-08-26 14:09:02 - INFO - 输入股票名称: 箭牌家居[0m
[32m2025-08-26 14:09:05 - INFO - 输入数量: 100手[0m
[32m2025-08-26 14:09:06 - INFO - 点击按钮: 买入 (提交)[0m
[32m2025-08-26 14:09:06 - INFO - 开始处理弹窗[0m
[32m2025-08-26 14:09:06 - INFO - 检测到'委托确认'提示[0m
[32m2025-08-26 14:09:07 - INFO - 点击确认按钮[0m
[32m2025-08-26 14:09:07 - INFO - 提示信息：[0m
[33m2025-08-26 14:09:08 - WARNING - 无提示信息[0m
[32m2025-08-26 14:09:14 - INFO - 持仓按钮(里)已处于选中状态[0m
[32m2025-08-26 14:09:18 - INFO - 点击买入按钮(里)[0m
[32m2025-08-26 14:09:19 - INFO - 点击股票搜索框[0m
[32m2025-08-26 14:09:20 - INFO - 输入股票名称: 楚环科技[0m
[32m2025-08-26 14:09:24 - INFO - 输入数量: 100手[0m
[32m2025-08-26 14:09:24 - INFO - 点击按钮: 买入 (提交)[0m
[32m2025-08-26 14:09:24 - INFO - 开始处理弹窗[0m
[32m2025-08-26 14:09:24 - INFO - 检测到'委托确认'提示[0m
[32m2025-08-26 14:09:25 - INFO - 点击确认按钮[0m
[32m2025-08-26 14:09:25 - INFO - 提示信息：[0m
[33m2025-08-26 14:09:26 - WARNING - 未找到确认按钮[0m
[32m2025-08-26 14:12:25 - INFO - 持仓按钮(里)已处于选中状态[0m
[32m2025-08-26 14:19:57 - INFO - 持仓按钮(里)已处于选中状态[0m
[32m2025-08-26 14:47:23 - INFO - 持仓按钮(里)已处于选中状态[0m
[32m2025-08-26 14:47:43 - INFO - 持仓按钮(里)已处于选中状态[0m
[32m2025-08-26 14:48:04 - INFO - 持仓按钮(里)已处于选中状态[0m
[32m2025-08-26 14:48:25 - INFO - 持仓按钮(里)已处于选中状态[0m
[32m2025-08-26 14:48:45 - INFO - 持仓按钮(里)已处于选中状态[0m
[32m2025-08-26 14:49:06 - INFO - 持仓按钮(里)已处于选中状态[0m
[32m2025-08-26 14:49:24 - INFO - 持仓按钮(里)已处于选中状态[0m
[32m2025-08-26 14:49:45 - INFO - 持仓按钮(里)已处于选中状态[0m
[32m2025-08-26 14:50:05 - INFO - 持仓按钮(里)已处于选中状态[0m
[32m2025-08-26 14:50:26 - INFO - 持仓按钮(里)已处于选中状态[0m
[32m2025-08-26 14:50:47 - INFO - 持仓按钮(里)已处于选中状态[0m
[32m2025-08-26 14:51:08 - INFO - 持仓按钮(里)已处于选中状态[0m
[32m2025-08-26 14:51:28 - INFO - 持仓按钮(里)已处于选中状态[0m
[32m2025-08-26 14:51:53 - INFO - 持仓按钮(里)已处于选中状态[0m
[32m2025-08-26 14:52:13 - INFO - 持仓按钮(里)已处于选中状态[0m
[32m2025-08-26 14:52:34 - INFO - 持仓按钮(里)已处于选中状态[0m
[32m2025-08-26 14:52:55 - INFO - 持仓按钮(里)已处于选中状态[0m
[32m2025-08-26 15:07:36 - INFO - 持仓按钮(里)已处于选中状态[0m
[32m2025-08-26 15:07:57 - INFO - 持仓按钮(里)已处于选中状态[0m
[32m2025-08-26 15:08:17 - INFO - 持仓按钮(里)已处于选中状态[0m
[32m2025-08-26 15:08:37 - INFO - 持仓按钮(里)已处于选中状态[0m
[32m2025-08-26 15:08:57 - INFO - 持仓按钮(里)已处于选中状态[0m
[32m2025-08-26 15:09:18 - INFO - 持仓按钮(里)已处于选中状态[0m
[32m2025-08-26 15:09:33 - INFO - 持仓按钮(里)已处于选中状态[0m
[32m2025-08-26 15:09:53 - INFO - 持仓按钮(里)已处于选中状态[0m
[32m2025-08-26 15:10:14 - INFO - 持仓按钮(里)已处于选中状态[0m
[32m2025-08-26 15:10:35 - INFO - 持仓按钮(里)已处于选中状态[0m
[32m2025-08-26 15:10:56 - INFO - 持仓按钮(里)已处于选中状态[0m
[32m2025-08-26 15:11:17 - INFO - 持仓按钮(里)已处于选中状态[0m
[32m2025-08-26 15:11:39 - INFO - 持仓按钮(里)已处于选中状态[0m
[32m2025-08-26 15:12:00 - INFO - 持仓按钮(里)已处于选中状态[0m
[32m2025-08-26 15:12:25 - INFO - 持仓按钮(里)已处于选中状态[0m
[32m2025-08-26 15:12:46 - INFO - 持仓按钮(里)已处于选中状态[0m
[32m2025-08-26 15:13:07 - INFO - 持仓按钮(里)已处于选中状态[0m
[32m2025-08-26 15:13:28 - INFO - 持仓按钮(里)已处于选中状态[0m
[32m2025-08-26 15:13:51 - INFO - 持仓按钮(里)已处于选中状态[0m
[32m2025-08-26 15:14:12 - INFO - 持仓按钮(里)已处于选中状态[0m
[32m2025-08-26 15:14:34 - INFO - 持仓按钮(里)已处于选中状态[0m
[32m2025-08-26 15:14:55 - INFO - 持仓按钮(里)已处于选中状态[0m
[32m2025-08-26 15:15:10 - INFO - 点击卖出按钮(里)[0m
[32m2025-08-26 15:15:11 - INFO - 点击股票搜索框[0m
[32m2025-08-26 15:15:12 - INFO - 输入股票名称: 豪尔赛[0m
[32m2025-08-26 15:15:16 - INFO - 输入数量: 200手[0m
[32m2025-08-26 15:15:16 - INFO - 点击按钮: 卖出 (提交)[0m
[32m2025-08-26 15:15:16 - INFO - 开始处理弹窗[0m
[32m2025-08-26 15:15:17 - INFO - 检测到'委托确认'提示[0m
[32m2025-08-26 15:15:17 - INFO - 点击确认按钮[0m
[32m2025-08-26 15:15:17 - INFO - 提示信息：[0m
[33m2025-08-26 15:15:18 - WARNING - [120144][当前时间不允许此类证券交易][entrust_prop=0,en_entrust_prop=,4,8,Z,f,][0m
[32m2025-08-26 15:15:24 - INFO - 持仓按钮(里)已处于选中状态[0m
[32m2025-08-26 15:21:32 - INFO - 持仓按钮(里)已处于选中状态[0m
[32m2025-08-26 15:26:54 - INFO - 持仓按钮(里)已处于选中状态[0m
[32m2025-08-26 15:27:15 - INFO - 持仓按钮(里)已处于选中状态[0m
[32m2025-08-26 15:27:35 - INFO - 持仓按钮(里)已处于选中状态[0m
[32m2025-08-26 15:27:56 - INFO - 持仓按钮(里)已处于选中状态[0m
[32m2025-08-26 15:28:17 - INFO - 持仓按钮(里)已处于选中状态[0m
[32m2025-08-27 09:31:03 - INFO - 持仓按钮(里)已处于选中状态[0m
[32m2025-08-27 09:31:08 - INFO - 点击买入按钮(里)[0m
[32m2025-08-27 09:31:09 - INFO - 点击股票搜索框[0m
[32m2025-08-27 09:31:10 - INFO - 输入股票名称: 双枪科技[0m
[32m2025-08-27 09:31:14 - INFO - 输入数量: 100手[0m
[32m2025-08-27 09:31:14 - INFO - 点击按钮: 买入 (提交)[0m
[32m2025-08-27 09:31:14 - INFO - 开始处理弹窗[0m
[32m2025-08-27 09:31:15 - INFO - 检测到'委托确认'提示[0m
[32m2025-08-27 09:31:15 - INFO - 点击确认按钮[0m
[32m2025-08-27 09:31:15 - INFO - 提示信息：[0m
[33m2025-08-27 09:31:16 - WARNING - 无提示信息[0m
[32m2025-08-27 09:31:47 - INFO - 持仓按钮(里)已处于选中状态[0m
[32m2025-08-27 09:31:51 - INFO - 点击买入按钮(里)[0m
[32m2025-08-27 09:31:52 - INFO - 点击股票搜索框[0m
[32m2025-08-27 09:31:53 - INFO - 输入股票名称: 双枪科技[0m
[32m2025-08-27 09:31:56 - INFO - 输入数量: 100手[0m
[32m2025-08-27 09:31:57 - INFO - 点击按钮: 买入 (提交)[0m
[32m2025-08-27 09:31:57 - INFO - 开始处理弹窗[0m
[32m2025-08-27 09:31:57 - INFO - 检测到'委托确认'提示[0m
[32m2025-08-27 09:31:58 - INFO - 点击确认按钮[0m
[32m2025-08-27 09:31:58 - INFO - 提示信息：[0m
[33m2025-08-27 09:31:59 - WARNING - 无提示信息[0m
[32m2025-08-27 09:32:05 - INFO - 持仓按钮(里)已处于选中状态[0m
[32m2025-08-27 09:32:09 - INFO - 点击买入按钮(里)[0m
[32m2025-08-27 09:32:10 - INFO - 点击股票搜索框[0m
[32m2025-08-27 09:32:11 - INFO - 输入股票名称: 农心科技[0m
[32m2025-08-27 09:32:15 - INFO - 输入数量: 100手[0m
[32m2025-08-27 09:32:15 - INFO - 点击按钮: 买入 (提交)[0m
[32m2025-08-27 09:32:15 - INFO - 开始处理弹窗[0m
[32m2025-08-27 09:32:15 - INFO - 检测到'委托确认'提示[0m
[32m2025-08-27 09:32:16 - INFO - 点击确认按钮[0m
[32m2025-08-27 09:32:16 - INFO - 提示信息：[0m
[33m2025-08-27 09:32:17 - WARNING - 无提示信息[0m
[32m2025-08-27 09:32:23 - INFO - 持仓按钮(里)已处于选中状态[0m
[32m2025-08-27 09:32:28 - INFO - 点击买入按钮(里)[0m
[32m2025-08-27 09:32:28 - INFO - 点击股票搜索框[0m
[32m2025-08-27 09:32:29 - INFO - 输入股票名称: 双箭股份[0m
[32m2025-08-27 09:32:33 - INFO - 输入数量: 100手[0m
[32m2025-08-27 09:32:33 - INFO - 点击按钮: 买入 (提交)[0m
[32m2025-08-27 09:32:33 - INFO - 开始处理弹窗[0m
[32m2025-08-27 09:32:34 - INFO - 检测到'委托确认'提示[0m
[32m2025-08-27 09:32:34 - INFO - 点击确认按钮[0m
[32m2025-08-27 09:32:34 - INFO - 提示信息：[0m
[33m2025-08-27 09:32:35 - WARNING - 无提示信息[0m
[32m2025-08-27 09:32:41 - INFO - 持仓按钮(里)已处于选中状态[0m
[32m2025-08-27 09:32:45 - INFO - 点击买入按钮(里)[0m
[32m2025-08-27 09:32:46 - INFO - 点击股票搜索框[0m
[32m2025-08-27 09:32:48 - INFO - 输入股票名称: 摩恩电气[0m
[32m2025-08-27 09:32:51 - INFO - 输入数量: 100手[0m
[32m2025-08-27 09:32:52 - INFO - 点击按钮: 买入 (提交)[0m
[32m2025-08-27 09:32:52 - INFO - 开始处理弹窗[0m
[32m2025-08-27 09:32:52 - INFO - 检测到'委托确认'提示[0m
[32m2025-08-27 09:32:53 - INFO - 点击确认按钮[0m
[32m2025-08-27 09:32:53 - INFO - 提示信息：[0m
[33m2025-08-27 09:32:54 - WARNING - 无提示信息[0m
[32m2025-08-27 09:33:00 - INFO - 持仓按钮(里)已处于选中状态[0m
[32m2025-08-27 09:33:04 - INFO - 点击买入按钮(里)[0m
[32m2025-08-27 09:33:05 - INFO - 点击股票搜索框[0m
[32m2025-08-27 09:33:06 - INFO - 输入股票名称: ST瑞和[0m
[32m2025-08-27 09:33:09 - INFO - 输入数量: 100手[0m
[32m2025-08-27 09:33:10 - INFO - 点击按钮: 买入 (提交)[0m
[32m2025-08-27 09:33:10 - INFO - 开始处理弹窗[0m
[32m2025-08-27 09:33:10 - INFO - 检测到'委托确认'提示[0m
[32m2025-08-27 09:33:11 - INFO - 点击确认按钮[0m
[32m2025-08-27 09:33:11 - INFO - 提示信息：该股票为风险警示股票 ,请谨慎购买!当日通过竞价交易、大宗交易和盘后定价累计买入的单只风险警示股票 ,委托买入数量与当日已买入数量及已申报买入但尚未成交、也未撤销的数量之和 ,不得超过50万股。上市公司回购、5%以上股东根据已披露的增持计划增持股份等情形除外。[0m
[33m2025-08-27 09:33:12 - WARNING - 该股票为风险警示股票 ,请谨慎购买!当日通过竞价交易、大宗交易和盘后定价累计买入的单只风险警示股票 ,委托买入数量与当日已买入数量及已申报买入但尚未成交、也未撤销的数量之和 ,不得超过50万股。上市公司回购、5%以上股东根据已披露的增持计划增持股份等情形除外。[0m
[32m2025-08-27 09:38:01 - INFO - 持仓按钮(里)已处于选中状态[0m
[32m2025-08-27 09:38:17 - INFO - 点击卖出按钮(里)[0m
[32m2025-08-27 09:38:17 - INFO - 点击股票搜索框[0m
[32m2025-08-27 09:38:19 - INFO - 输入股票名称: 三木集团[0m
[32m2025-08-27 09:38:22 - INFO - 输入数量: 200手[0m
[32m2025-08-27 09:38:22 - INFO - 点击按钮: 卖出 (提交)[0m
[32m2025-08-27 09:38:22 - INFO - 开始处理弹窗[0m
[32m2025-08-27 09:38:23 - INFO - 检测到'委托确认'提示[0m
[32m2025-08-27 09:38:23 - INFO - 点击确认按钮[0m
[32m2025-08-27 09:38:23 - INFO - 提示信息：[0m
[33m2025-08-27 09:38:24 - WARNING - 委托已提交，合同号为：18513[0m
[32m2025-08-27 09:38:32 - INFO - 持仓按钮(里)已处于选中状态[0m
[32m2025-08-27 09:38:48 - INFO - 点击卖出按钮(里)[0m
[32m2025-08-27 09:38:48 - INFO - 点击股票搜索框[0m
[32m2025-08-27 09:38:50 - INFO - 输入股票名称: 永安林业[0m
[32m2025-08-27 09:38:53 - INFO - 输入数量: 100手[0m
[32m2025-08-27 09:38:53 - INFO - 点击按钮: 卖出 (提交)[0m
[32m2025-08-27 09:38:53 - INFO - 开始处理弹窗[0m
[32m2025-08-27 09:38:54 - INFO - 检测到'委托确认'提示[0m
[32m2025-08-27 09:38:54 - INFO - 点击确认按钮[0m
[32m2025-08-27 09:38:55 - INFO - 提示信息：委托已提交，合同号为：18981[0m
[32m2025-08-27 09:38:55 - INFO - 委托已提交[0m
[32m2025-08-27 09:39:03 - INFO - 持仓按钮(里)已处于选中状态[0m
[32m2025-08-27 09:39:23 - INFO - 持仓按钮(里)已处于选中状态[0m
[32m2025-08-27 09:39:39 - INFO - 点击卖出按钮(里)[0m
[32m2025-08-27 09:39:39 - INFO - 点击股票搜索框[0m
[32m2025-08-27 09:39:41 - INFO - 输入股票名称: 瑞尔特[0m
[32m2025-08-27 09:39:44 - INFO - 输入数量: 200手[0m
[32m2025-08-27 09:39:45 - INFO - 点击按钮: 卖出 (提交)[0m
[32m2025-08-27 09:39:45 - INFO - 开始处理弹窗[0m
[32m2025-08-27 09:39:45 - INFO - 检测到'委托确认'提示[0m
[32m2025-08-27 09:39:45 - INFO - 点击确认按钮[0m
[32m2025-08-27 09:39:45 - INFO - 提示信息：委托已提交，合同号为：19769[0m
[32m2025-08-27 09:39:46 - INFO - 委托已提交[0m
[32m2025-08-27 09:39:54 - INFO - 持仓按钮(里)已处于选中状态[0m
[32m2025-08-27 09:40:18 - INFO - 持仓按钮(里)已处于选中状态[0m
[32m2025-08-27 09:40:43 - INFO - 持仓按钮(里)已处于选中状态[0m
[32m2025-08-27 09:41:08 - INFO - 持仓按钮(里)已处于选中状态[0m
[32m2025-08-27 09:41:12 - INFO - 点击买入按钮(里)[0m
[32m2025-08-27 09:41:13 - INFO - 点击股票搜索框[0m
[32m2025-08-27 09:41:14 - INFO - 输入股票名称: 双枪科技[0m
[32m2025-08-27 09:41:17 - INFO - 输入数量: 100手[0m
[32m2025-08-27 09:41:18 - INFO - 点击按钮: 买入 (提交)[0m
[32m2025-08-27 09:41:18 - INFO - 开始处理弹窗[0m
[32m2025-08-27 09:41:18 - INFO - 检测到'委托确认'提示[0m
[32m2025-08-27 09:41:19 - INFO - 点击确认按钮[0m
[32m2025-08-27 09:41:19 - INFO - 提示信息：[0m
[33m2025-08-27 09:41:19 - WARNING - 委托已提交，合同号为：21179[0m
[32m2025-08-27 09:41:27 - INFO - 持仓按钮(里)已处于选中状态[0m
[32m2025-08-27 09:41:31 - INFO - 点击买入按钮(里)[0m
[32m2025-08-27 09:41:32 - INFO - 点击股票搜索框[0m
[32m2025-08-27 09:41:33 - INFO - 输入股票名称: 农心科技[0m
[32m2025-08-27 09:41:36 - INFO - 输入数量: 100手[0m
[32m2025-08-27 09:41:37 - INFO - 点击按钮: 买入 (提交)[0m
[32m2025-08-27 09:41:37 - INFO - 开始处理弹窗[0m
[32m2025-08-27 09:41:37 - INFO - 检测到'委托确认'提示[0m
[32m2025-08-27 09:41:37 - INFO - 点击确认按钮[0m
[32m2025-08-27 09:41:38 - INFO - 提示信息：[0m
[33m2025-08-27 09:41:39 - WARNING - 无提示信息[0m
[32m2025-08-27 09:41:45 - INFO - 持仓按钮(里)已处于选中状态[0m
[32m2025-08-27 09:41:49 - INFO - 点击买入按钮(里)[0m
[32m2025-08-27 09:41:50 - INFO - 点击股票搜索框[0m
[32m2025-08-27 09:41:51 - INFO - 输入股票名称: 双箭股份[0m
[32m2025-08-27 09:41:54 - INFO - 输入数量: 100手[0m
[32m2025-08-27 09:41:55 - INFO - 点击按钮: 买入 (提交)[0m
[32m2025-08-27 09:41:55 - INFO - 开始处理弹窗[0m
[32m2025-08-27 09:41:55 - INFO - 检测到'委托确认'提示[0m
[32m2025-08-27 09:41:55 - INFO - 点击确认按钮[0m
[32m2025-08-27 09:41:56 - INFO - 提示信息：[0m
[33m2025-08-27 09:41:56 - WARNING - 委托已提交，合同号为：21715[0m
[32m2025-08-27 09:42:04 - INFO - 持仓按钮(里)已处于选中状态[0m
[32m2025-08-27 09:42:08 - INFO - 点击买入按钮(里)[0m
[32m2025-08-27 09:42:09 - INFO - 点击股票搜索框[0m
[32m2025-08-27 09:42:10 - INFO - 输入股票名称: 摩恩电气[0m
[32m2025-08-27 09:42:13 - INFO - 输入数量: 100手[0m
[32m2025-08-27 09:42:14 - INFO - 点击按钮: 买入 (提交)[0m
[32m2025-08-27 09:42:14 - INFO - 开始处理弹窗[0m
[32m2025-08-27 09:42:14 - INFO - 检测到'委托确认'提示[0m
[32m2025-08-27 09:42:15 - INFO - 点击确认按钮[0m
[32m2025-08-27 09:42:15 - INFO - 提示信息：[0m
[33m2025-08-27 09:42:16 - WARNING - 无提示信息[0m
[32m2025-08-27 09:42:22 - INFO - 持仓按钮(里)已处于选中状态[0m
[32m2025-08-27 09:42:26 - INFO - 点击买入按钮(里)[0m
[32m2025-08-27 09:42:26 - INFO - 点击股票搜索框[0m
[32m2025-08-27 09:42:28 - INFO - 输入股票名称: ST瑞和[0m
[32m2025-08-27 09:42:31 - INFO - 输入数量: 100手[0m
[32m2025-08-27 09:42:31 - INFO - 点击按钮: 买入 (提交)[0m
[32m2025-08-27 09:42:31 - INFO - 开始处理弹窗[0m
[32m2025-08-27 09:42:32 - INFO - 检测到'委托确认'提示[0m
[32m2025-08-27 09:42:32 - INFO - 点击确认按钮[0m
[32m2025-08-27 09:42:32 - INFO - 提示信息：该股票为风险警示股票 ,请谨慎购买!当日通过竞价交易、大宗交易和盘后定价累计买入的单只风险警示股票 ,委托买入数量与当日已买入数量及已申报买入但尚未成交、也未撤销的数量之和 ,不得超过50万股。上市公司回购、5%以上股东根据已披露的增持计划增持股份等情形除外。[0m
[33m2025-08-27 09:42:33 - WARNING - 该股票为风险警示股票 ,请谨慎购买!当日通过竞价交易、大宗交易和盘后定价累计买入的单只风险警示股票 ,委托买入数量与当日已买入数量及已申报买入但尚未成交、也未撤销的数量之和 ,不得超过50万股。上市公司回购、5%以上股东根据已披露的增持计划增持股份等情形除外。[0m
[32m2025-08-27 09:42:45 - INFO - 持仓按钮(里)已处于选中状态[0m
[32m2025-08-27 09:42:50 - INFO - 点击买入按钮(里)[0m
[32m2025-08-27 09:42:50 - INFO - 点击股票搜索框[0m
[32m2025-08-27 09:42:52 - INFO - 输入股票名称: 永东股份[0m
[32m2025-08-27 09:51:53 - INFO - 持仓按钮(里)已处于选中状态[0m
[32m2025-08-27 09:52:13 - INFO - 持仓按钮(里)已处于选中状态[0m
[32m2025-08-27 09:52:34 - INFO - 持仓按钮(里)已处于选中状态[0m
[32m2025-08-27 09:52:54 - INFO - 持仓按钮(里)已处于选中状态[0m
[32m2025-08-27 09:53:15 - INFO - 持仓按钮(里)已处于选中状态[0m
[32m2025-08-27 09:53:35 - INFO - 持仓按钮(里)已处于选中状态[0m
[32m2025-08-27 09:53:55 - INFO - 持仓按钮(里)已处于选中状态[0m
[32m2025-08-27 09:54:15 - INFO - 持仓按钮(里)已处于选中状态[0m
[32m2025-08-27 09:54:19 - INFO - 点击买入按钮(里)[0m
[32m2025-08-27 09:54:20 - INFO - 点击股票搜索框[0m
[32m2025-08-27 09:54:21 - INFO - 输入股票名称: 双枪科技[0m
[32m2025-08-27 09:54:25 - INFO - 输入数量: 100手[0m
[32m2025-08-27 09:54:25 - INFO - 点击按钮: 买入 (提交)[0m
[32m2025-08-27 09:54:25 - INFO - 开始处理弹窗[0m
[32m2025-08-27 09:54:25 - INFO - 检测到'委托确认'提示[0m
[32m2025-08-27 09:54:26 - INFO - 点击确认按钮[0m
[32m2025-08-27 09:54:26 - INFO - 提示信息：[0m
[33m2025-08-27 09:54:27 - WARNING - 无提示信息[0m
[32m2025-08-27 09:54:33 - INFO - 持仓按钮(里)已处于选中状态[0m
[32m2025-08-27 09:54:37 - INFO - 点击买入按钮(里)[0m
[32m2025-08-27 09:54:37 - INFO - 点击股票搜索框[0m
[32m2025-08-27 09:54:39 - INFO - 输入股票名称: 农心科技[0m
[32m2025-08-27 09:54:42 - INFO - 输入数量: 100手[0m
[32m2025-08-27 09:54:43 - INFO - 点击按钮: 买入 (提交)[0m
[32m2025-08-27 09:54:43 - INFO - 开始处理弹窗[0m
[32m2025-08-27 09:54:43 - INFO - 未检测到'委托确认'提示[0m
[32m2025-08-27 09:54:49 - INFO - 持仓按钮(里)已处于选中状态[0m
[32m2025-08-27 09:54:51 - INFO - 点击买入按钮(里)[0m
[32m2025-08-27 09:55:17 - INFO - 持仓按钮(里)已处于选中状态[0m
[32m2025-08-27 09:55:21 - INFO - 点击买入按钮(里)[0m
[32m2025-08-27 09:55:21 - INFO - 点击股票搜索框[0m
[32m2025-08-27 09:55:23 - INFO - 输入股票名称: 摩恩电气[0m
[32m2025-08-27 09:55:26 - INFO - 输入数量: 100手[0m
[32m2025-08-27 09:55:27 - INFO - 点击按钮: 买入 (提交)[0m
[32m2025-08-27 09:55:27 - INFO - 开始处理弹窗[0m
[32m2025-08-27 09:55:27 - INFO - 检测到'委托确认'提示[0m
[32m2025-08-27 09:55:27 - INFO - 点击确认按钮[0m
[32m2025-08-27 09:55:27 - INFO - 提示信息：[0m
[33m2025-08-27 09:55:28 - WARNING - 无提示信息[0m
[32m2025-08-27 09:55:34 - INFO - 持仓按钮(里)已处于选中状态[0m
[32m2025-08-27 09:55:38 - INFO - 点击买入按钮(里)[0m
[32m2025-08-27 09:55:38 - INFO - 点击股票搜索框[0m
[32m2025-08-27 09:55:40 - INFO - 输入股票名称: ST瑞和[0m
[32m2025-08-27 09:55:43 - INFO - 输入数量: 100手[0m
[32m2025-08-27 09:55:43 - INFO - 点击按钮: 买入 (提交)[0m
[32m2025-08-27 09:55:43 - INFO - 开始处理弹窗[0m
[32m2025-08-27 09:55:44 - INFO - 检测到'委托确认'提示[0m
[32m2025-08-27 09:55:44 - INFO - 点击确认按钮[0m
[32m2025-08-27 09:55:44 - INFO - 提示信息：该股票为风险警示股票 ,请谨慎购买!当日通过竞价交易、大宗交易和盘后定价累计买入的单只风险警示股票 ,委托买入数量与当日已买入数量及已申报买入但尚未成交、也未撤销的数量之和 ,不得超过50万股。上市公司回购、5%以上股东根据已披露的增持计划增持股份等情形除外。[0m
[33m2025-08-27 09:55:45 - WARNING - 该股票为风险警示股票 ,请谨慎购买!当日通过竞价交易、大宗交易和盘后定价累计买入的单只风险警示股票 ,委托买入数量与当日已买入数量及已申报买入但尚未成交、也未撤销的数量之和 ,不得超过50万股。上市公司回购、5%以上股东根据已披露的增持计划增持股份等情形除外。[0m
[32m2025-08-27 09:57:20 - INFO - 持仓按钮(里)已处于选中状态[0m
[32m2025-08-27 09:57:36 - INFO - 持仓按钮(里)已处于选中状态[0m
[32m2025-08-27 09:57:40 - INFO - 点击买入按钮(里)[0m
[32m2025-08-27 09:57:41 - INFO - 点击股票搜索框[0m
[32m2025-08-27 09:57:42 - INFO - 输入股票名称: 飞龙股份[0m
[32m2025-08-27 09:57:48 - INFO - 点击持仓按钮(里)[0m
[32m2025-08-27 09:57:52 - INFO - 点击买入按钮(里)[0m
[32m2025-08-27 09:57:53 - INFO - 点击股票搜索框[0m
[32m2025-08-27 09:57:53 - INFO - 清除股票代码[0m
[32m2025-08-27 09:57:54 - INFO - 输入股票名称: 天润乳业[0m
[32m2025-08-27 09:58:00 - INFO - 点击持仓按钮(里)[0m
[32m2025-08-27 09:58:04 - INFO - 点击买入按钮(里)[0m
[32m2025-08-27 09:58:05 - INFO - 点击股票搜索框[0m
[32m2025-08-27 09:58:05 - INFO - 清除股票代码[0m
[32m2025-08-27 09:58:06 - INFO - 输入股票名称: 丰元股份[0m
[32m2025-08-27 09:58:12 - INFO - 点击持仓按钮(里)[0m
[32m2025-08-27 09:59:27 - INFO - 持仓按钮(里)已处于选中状态[0m
[32m2025-08-27 09:59:43 - INFO - 点击卖出按钮(里)[0m
[32m2025-08-27 09:59:44 - INFO - 点击股票搜索框[0m
[32m2025-08-27 09:59:45 - INFO - 输入股票名称: 均胜电子[0m
[32m2025-08-27 09:59:47 - INFO - 点击匹配的第一个股票[0m
[32m2025-08-27 09:59:50 - INFO - 输入数量: 200手[0m
[32m2025-08-27 09:59:51 - INFO - 点击按钮: 卖出 (提交)[0m
[32m2025-08-27 09:59:51 - INFO - 开始处理弹窗[0m
[32m2025-08-27 09:59:51 - INFO - 检测到'委托确认'提示[0m
[32m2025-08-27 09:59:51 - INFO - 点击确认按钮[0m
[32m2025-08-27 09:59:52 - INFO - 提示信息：委托已提交，合同号为：206231[0m
[32m2025-08-27 09:59:52 - INFO - 委托已提交[0m
[32m2025-08-27 10:14:18 - INFO - 持仓按钮(里)已处于选中状态[0m
[32m2025-08-27 10:14:23 - INFO - 点击买入按钮(里)[0m
[32m2025-08-27 10:14:23 - INFO - 点击股票搜索框[0m
[32m2025-08-27 10:14:25 - INFO - 输入股票名称: 三花智控[0m
[32m2025-08-27 10:14:26 - INFO - 点击匹配的第一个股票[0m
[32m2025-08-27 10:14:30 - INFO - 输入数量: 100手[0m
[32m2025-08-27 10:14:30 - INFO - 点击按钮: 买入 (提交)[0m
[32m2025-08-27 10:14:30 - INFO - 开始处理弹窗[0m
[32m2025-08-27 10:14:30 - INFO - 检测到'委托确认'提示[0m
[32m2025-08-27 10:14:31 - INFO - 点击确认按钮[0m
[32m2025-08-27 10:14:31 - INFO - 提示信息：[0m
[33m2025-08-27 10:14:32 - WARNING - 委托已提交，合同号为：251505[0m
[32m2025-08-27 10:15:31 - INFO - 持仓按钮(里)已处于选中状态[0m
[32m2025-08-27 10:15:51 - INFO - 持仓按钮(里)已处于选中状态[0m
[32m2025-08-27 10:16:12 - INFO - 持仓按钮(里)已处于选中状态[0m
[32m2025-08-27 10:16:32 - INFO - 持仓按钮(里)已处于选中状态[0m
[32m2025-08-27 10:16:52 - INFO - 持仓按钮(里)已处于选中状态[0m
[32m2025-08-27 10:17:12 - INFO - 持仓按钮(里)已处于选中状态[0m
[32m2025-08-27 10:17:32 - INFO - 持仓按钮(里)已处于选中状态[0m
[32m2025-08-27 10:17:53 - INFO - 持仓按钮(里)已处于选中状态[0m
[32m2025-08-27 10:17:57 - INFO - 点击买入按钮(里)[0m
[32m2025-08-27 10:17:57 - INFO - 点击股票搜索框[0m
[32m2025-08-27 10:17:59 - INFO - 输入股票名称: 嘉美包装[0m
[32m2025-08-27 10:18:02 - INFO - 输入数量: 100手[0m
[32m2025-08-27 10:18:03 - INFO - 点击按钮: 买入 (提交)[0m
[32m2025-08-27 10:18:03 - INFO - 开始处理弹窗[0m
[32m2025-08-27 10:18:03 - INFO - 检测到'委托确认'提示[0m
[32m2025-08-27 10:18:03 - INFO - 点击确认按钮[0m
[32m2025-08-27 10:18:03 - INFO - 提示信息：[0m
[33m2025-08-27 10:18:05 - WARNING - 无提示信息[0m
[32m2025-08-27 10:18:10 - INFO - 持仓按钮(里)已处于选中状态[0m
[32m2025-08-27 10:18:14 - INFO - 点击买入按钮(里)[0m
[32m2025-08-27 10:18:15 - INFO - 点击股票搜索框[0m
[32m2025-08-27 10:18:16 - INFO - 输入股票名称: ST瑞和[0m
[32m2025-08-27 10:18:20 - INFO - 输入数量: 100手[0m
[32m2025-08-27 10:18:20 - INFO - 点击按钮: 买入 (提交)[0m
[32m2025-08-27 10:18:20 - INFO - 开始处理弹窗[0m
[32m2025-08-27 10:18:20 - INFO - 检测到'委托确认'提示[0m
[32m2025-08-27 10:18:21 - INFO - 点击确认按钮[0m
[32m2025-08-27 10:18:21 - INFO - 提示信息：该股票为风险警示股票 ,请谨慎购买!当日通过竞价交易、大宗交易和盘后定价累计买入的单只风险警示股票 ,委托买入数量与当日已买入数量及已申报买入但尚未成交、也未撤销的数量之和 ,不得超过50万股。上市公司回购、5%以上股东根据已披露的增持计划增持股份等情形除外。[0m
[33m2025-08-27 10:18:22 - WARNING - 该股票为风险警示股票 ,请谨慎购买!当日通过竞价交易、大宗交易和盘后定价累计买入的单只风险警示股票 ,委托买入数量与当日已买入数量及已申报买入但尚未成交、也未撤销的数量之和 ,不得超过50万股。上市公司回购、5%以上股东根据已披露的增持计划增持股份等情形除外。[0m
[32m2025-08-27 10:18:36 - INFO - 持仓按钮(里)已处于选中状态[0m
[32m2025-08-27 10:18:41 - INFO - 点击买入按钮(里)[0m
[32m2025-08-27 10:18:42 - INFO - 点击股票搜索框[0m
[32m2025-08-27 10:18:43 - INFO - 输入股票名称: 钱江生化[0m
[32m2025-08-27 10:18:46 - INFO - 输入数量: 100手[0m
[32m2025-08-27 10:18:47 - INFO - 点击按钮: 买入 (提交)[0m
[32m2025-08-27 10:18:47 - INFO - 开始处理弹窗[0m
[32m2025-08-27 10:18:47 - INFO - 检测到'委托确认'提示[0m
[32m2025-08-27 10:18:48 - INFO - 点击确认按钮[0m
[32m2025-08-27 10:18:48 - INFO - 提示信息：[0m
[33m2025-08-27 10:18:49 - WARNING - 无提示信息[0m
[32m2025-08-27 10:18:55 - INFO - 持仓按钮(里)已处于选中状态[0m
[32m2025-08-27 10:18:59 - INFO - 点击买入按钮(里)[0m
[32m2025-08-27 10:19:00 - INFO - 点击股票搜索框[0m
[32m2025-08-27 10:19:01 - INFO - 输入股票名称: 摩恩电气[0m
[32m2025-08-27 10:19:04 - INFO - 输入数量: 100手[0m
[32m2025-08-27 10:19:05 - INFO - 点击按钮: 买入 (提交)[0m
[32m2025-08-27 10:19:05 - INFO - 开始处理弹窗[0m
[32m2025-08-27 10:19:05 - INFO - 检测到'委托确认'提示[0m
[32m2025-08-27 10:19:06 - INFO - 点击确认按钮[0m
[32m2025-08-27 10:19:06 - INFO - 提示信息：[0m
[33m2025-08-27 10:19:07 - WARNING - 无提示信息[0m
[32m2025-08-27 10:19:12 - INFO - 持仓按钮(里)已处于选中状态[0m
[32m2025-08-27 10:19:17 - INFO - 点击买入按钮(里)[0m
[32m2025-08-27 10:19:17 - INFO - 点击股票搜索框[0m
[32m2025-08-27 10:19:18 - INFO - 输入股票名称: 双箭股份[0m
[32m2025-08-27 10:19:22 - INFO - 输入数量: 100手[0m
[32m2025-08-27 10:19:22 - INFO - 点击按钮: 买入 (提交)[0m
[32m2025-08-27 10:19:22 - INFO - 开始处理弹窗[0m
[32m2025-08-27 10:19:23 - INFO - 检测到'委托确认'提示[0m
[32m2025-08-27 10:19:23 - INFO - 点击确认按钮[0m
[32m2025-08-27 10:19:23 - INFO - 提示信息：[0m
[33m2025-08-27 10:19:24 - WARNING - 无提示信息[0m
[32m2025-08-27 10:19:30 - INFO - 持仓按钮(里)已处于选中状态[0m
[32m2025-08-27 10:19:34 - INFO - 点击买入按钮(里)[0m
[32m2025-08-27 10:19:35 - INFO - 点击股票搜索框[0m
[32m2025-08-27 10:19:36 - INFO - 输入股票名称: 永东股份[0m
[32m2025-08-27 10:19:40 - INFO - 输入数量: 100手[0m
[32m2025-08-27 10:19:40 - INFO - 点击按钮: 买入 (提交)[0m
[32m2025-08-27 10:19:40 - INFO - 开始处理弹窗[0m
[32m2025-08-27 10:19:40 - INFO - 检测到'委托确认'提示[0m
[32m2025-08-27 10:19:41 - INFO - 点击确认按钮[0m
[32m2025-08-27 10:19:41 - INFO - 提示信息：[0m
[33m2025-08-27 10:19:42 - WARNING - 无提示信息[0m
[32m2025-08-27 10:19:48 - INFO - 持仓按钮(里)已处于选中状态[0m
[32m2025-08-27 10:19:52 - INFO - 点击买入按钮(里)[0m
[32m2025-08-27 10:19:52 - INFO - 点击股票搜索框[0m
[32m2025-08-27 10:19:54 - INFO - 输入股票名称: 万丰股份[0m
[32m2025-08-27 10:19:57 - INFO - 输入数量: 100手[0m
[32m2025-08-27 10:19:58 - INFO - 点击按钮: 买入 (提交)[0m
[32m2025-08-27 10:19:58 - INFO - 开始处理弹窗[0m
[32m2025-08-27 10:19:58 - INFO - 检测到'委托确认'提示[0m
[32m2025-08-27 10:19:58 - INFO - 点击确认按钮[0m
[32m2025-08-27 10:19:59 - INFO - 提示信息：[0m
[33m2025-08-27 10:20:00 - WARNING - 无提示信息[0m
[32m2025-08-27 10:20:06 - INFO - 持仓按钮(里)已处于选中状态[0m
[32m2025-08-27 10:20:10 - INFO - 点击买入按钮(里)[0m
[32m2025-08-27 10:20:10 - INFO - 点击股票搜索框[0m
[32m2025-08-27 10:20:12 - INFO - 输入股票名称: 农心科技[0m
[32m2025-08-27 10:20:15 - INFO - 输入数量: 100手[0m
[32m2025-08-27 10:20:16 - INFO - 点击按钮: 买入 (提交)[0m
[32m2025-08-27 10:20:16 - INFO - 开始处理弹窗[0m
[32m2025-08-27 10:20:16 - INFO - 检测到'委托确认'提示[0m
[32m2025-08-27 10:20:16 - INFO - 点击确认按钮[0m
[32m2025-08-27 10:20:17 - INFO - 提示信息：[0m
[33m2025-08-27 10:20:18 - WARNING - 无提示信息[0m
[32m2025-08-27 10:20:23 - INFO - 持仓按钮(里)已处于选中状态[0m
[32m2025-08-27 10:20:27 - INFO - 点击买入按钮(里)[0m
[32m2025-08-27 10:20:28 - INFO - 点击股票搜索框[0m
[32m2025-08-27 10:20:30 - INFO - 输入股票名称: 双枪科技[0m
[32m2025-08-27 10:20:33 - INFO - 输入数量: 100手[0m
[32m2025-08-27 10:20:33 - INFO - 点击按钮: 买入 (提交)[0m
[32m2025-08-27 10:20:33 - INFO - 开始处理弹窗[0m
[32m2025-08-27 10:20:34 - INFO - 检测到'委托确认'提示[0m
[32m2025-08-27 10:20:34 - INFO - 点击确认按钮[0m
[32m2025-08-27 10:20:34 - INFO - 提示信息：[0m
[33m2025-08-27 10:20:35 - WARNING - 无提示信息[0m
[32m2025-08-27 10:27:13 - INFO - 持仓按钮(里)已处于选中状态[0m
[32m2025-08-27 10:27:34 - INFO - 持仓按钮(里)已处于选中状态[0m
[32m2025-08-27 10:27:55 - INFO - 持仓按钮(里)已处于选中状态[0m
[32m2025-08-27 10:28:15 - INFO - 持仓按钮(里)已处于选中状态[0m
[32m2025-08-27 10:28:36 - INFO - 持仓按钮(里)已处于选中状态[0m
[32m2025-08-27 10:28:57 - INFO - 持仓按钮(里)已处于选中状态[0m
[32m2025-08-27 10:29:18 - INFO - 持仓按钮(里)已处于选中状态[0m
[32m2025-08-27 10:29:39 - INFO - 持仓按钮(里)已处于选中状态[0m
[32m2025-08-27 10:29:43 - INFO - 点击买入按钮(里)[0m
[32m2025-08-27 10:29:44 - INFO - 点击股票搜索框[0m
[32m2025-08-27 10:29:45 - INFO - 输入股票名称: 嘉美包装[0m
[32m2025-08-27 10:29:48 - INFO - 输入数量: 100手[0m
[32m2025-08-27 10:29:49 - INFO - 点击按钮: 买入 (提交)[0m
[32m2025-08-27 10:29:49 - INFO - 开始处理弹窗[0m
[32m2025-08-27 10:29:50 - INFO - 检测到'委托确认'提示[0m
[32m2025-08-27 10:29:50 - INFO - 点击确认按钮[0m
[32m2025-08-27 10:29:50 - INFO - 提示信息：[0m
[33m2025-08-27 10:29:51 - WARNING - 无提示信息[0m
[32m2025-08-27 10:29:57 - INFO - 持仓按钮(里)已处于选中状态[0m
[32m2025-08-27 10:30:01 - INFO - 点击买入按钮(里)[0m
[32m2025-08-27 10:30:02 - INFO - 点击股票搜索框[0m
[32m2025-08-27 10:30:03 - INFO - 输入股票名称: ST瑞和[0m
[32m2025-08-27 10:30:07 - INFO - 输入数量: 100手[0m
[32m2025-08-27 10:30:07 - INFO - 点击按钮: 买入 (提交)[0m
[32m2025-08-27 10:30:07 - INFO - 开始处理弹窗[0m
[32m2025-08-27 10:30:07 - INFO - 检测到'委托确认'提示[0m
[32m2025-08-27 10:30:08 - INFO - 点击确认按钮[0m
[32m2025-08-27 10:30:08 - INFO - 提示信息：该股票为风险警示股票 ,请谨慎购买!当日通过竞价交易、大宗交易和盘后定价累计买入的单只风险警示股票 ,委托买入数量与当日已买入数量及已申报买入但尚未成交、也未撤销的数量之和 ,不得超过50万股。上市公司回购、5%以上股东根据已披露的增持计划增持股份等情形除外。[0m
[33m2025-08-27 10:30:09 - WARNING - 该股票为风险警示股票 ,请谨慎购买!当日通过竞价交易、大宗交易和盘后定价累计买入的单只风险警示股票 ,委托买入数量与当日已买入数量及已申报买入但尚未成交、也未撤销的数量之和 ,不得超过50万股。上市公司回购、5%以上股东根据已披露的增持计划增持股份等情形除外。[0m
[32m2025-08-27 10:30:21 - INFO - 持仓按钮(里)已处于选中状态[0m
[32m2025-08-27 10:30:25 - INFO - 点击买入按钮(里)[0m
[32m2025-08-27 10:30:26 - INFO - 点击股票搜索框[0m
[32m2025-08-27 10:30:27 - INFO - 输入股票名称: 钱江生化[0m
[32m2025-08-27 10:30:31 - INFO - 输入数量: 100手[0m
[32m2025-08-27 10:30:31 - INFO - 点击按钮: 买入 (提交)[0m
[32m2025-08-27 10:30:31 - INFO - 开始处理弹窗[0m
[32m2025-08-27 10:30:32 - INFO - 检测到'委托确认'提示[0m
[32m2025-08-27 10:30:32 - INFO - 点击确认按钮[0m
[32m2025-08-27 10:30:32 - INFO - 提示信息：[0m
[33m2025-08-27 10:30:33 - WARNING - 无提示信息[0m
[32m2025-08-27 10:30:39 - INFO - 持仓按钮(里)已处于选中状态[0m
[32m2025-08-27 10:30:41 - INFO - 点击买入按钮(里)[0m
[32m2025-08-27 10:30:42 - INFO - 点击股票搜索框[0m
[32m2025-08-27 10:30:43 - INFO - 输入股票名称: 摩恩电气[0m
[32m2025-08-27 10:30:46 - INFO - 输入数量: 100手[0m
[32m2025-08-27 10:30:47 - INFO - 点击按钮: 买入 (提交)[0m
[32m2025-08-27 10:30:47 - INFO - 开始处理弹窗[0m
[32m2025-08-27 10:30:47 - INFO - 检测到'委托确认'提示[0m
[32m2025-08-27 10:30:48 - INFO - 点击确认按钮[0m
[32m2025-08-27 10:30:48 - INFO - 提示信息：[0m
[33m2025-08-27 10:30:49 - WARNING - 无提示信息[0m
[32m2025-08-27 10:30:55 - INFO - 持仓按钮(里)已处于选中状态[0m
[32m2025-08-27 10:31:00 - INFO - 持仓按钮(里)已处于选中状态[0m
[32m2025-08-27 10:31:03 - INFO - 点击买入按钮(里)[0m
[32m2025-08-27 10:31:03 - INFO - 点击股票搜索框[0m
[32m2025-08-27 10:31:05 - INFO - 输入股票名称: 双箭股份[0m
[32m2025-08-27 10:31:08 - INFO - 输入数量: 100手[0m
[32m2025-08-27 10:31:08 - INFO - 点击按钮: 买入 (提交)[0m
[32m2025-08-27 10:31:08 - INFO - 开始处理弹窗[0m
[32m2025-08-27 10:31:09 - INFO - 未检测到'委托确认'提示[0m
[32m2025-08-27 10:31:10 - INFO - 点击卖出按钮(里)[0m
[32m2025-08-27 10:31:14 - INFO - 持仓按钮(里)已处于选中状态[0m
[32m2025-08-27 10:31:18 - INFO - 点击买入按钮(里)[0m
[32m2025-08-27 10:31:19 - INFO - 点击股票搜索框[0m
[32m2025-08-27 10:31:19 - INFO - 点击股票搜索框[0m
[32m2025-08-27 10:31:21 - INFO - 输入股票名称: 弘业期货[0m
[32m2025-08-27 10:31:21 - INFO - 输入股票名称: 永东股份[0m
[32m2025-08-27 10:31:24 - INFO - 输入数量: 100手[0m
[32m2025-08-27 10:31:24 - INFO - 输入数量: 100手[0m
[31m2025-08-27 10:31:24 - ERROR - 提交按钮 卖出 未找到[0m
[32m2025-08-27 10:31:24 - INFO - 开始处理弹窗[0m
[32m2025-08-27 10:31:24 - INFO - 未检测到'委托确认'提示[0m
[32m2025-08-27 10:31:24 - INFO - 点击按钮: 买入 (提交)[0m
[32m2025-08-27 10:31:24 - INFO - 开始处理弹窗[0m
[32m2025-08-27 10:31:25 - INFO - 检测到'委托确认'提示[0m
[32m2025-08-27 10:31:25 - INFO - 点击确认按钮[0m
[32m2025-08-27 10:31:25 - INFO - 提示信息：[0m
[33m2025-08-27 10:31:26 - WARNING - 委托已提交，合同号为：293235[0m
[32m2025-08-27 10:31:34 - INFO - 持仓按钮(里)已处于选中状态[0m
[32m2025-08-27 10:31:38 - INFO - 点击买入按钮(里)[0m
[32m2025-08-27 10:31:38 - INFO - 点击股票搜索框[0m
[32m2025-08-27 10:31:40 - INFO - 输入股票名称: 万丰股份[0m
[32m2025-08-27 10:31:43 - INFO - 输入数量: 100手[0m
[32m2025-08-27 10:31:43 - INFO - 点击按钮: 买入 (提交)[0m
[32m2025-08-27 10:31:43 - INFO - 开始处理弹窗[0m
[32m2025-08-27 10:31:44 - INFO - 检测到'委托确认'提示[0m
[32m2025-08-27 10:31:44 - INFO - 点击确认按钮[0m
[32m2025-08-27 10:31:44 - INFO - 提示信息：[0m
[33m2025-08-27 10:31:45 - WARNING - 无提示信息[0m
[32m2025-08-27 10:31:51 - INFO - 持仓按钮(里)已处于选中状态[0m
[32m2025-08-27 10:31:56 - INFO - 点击买入按钮(里)[0m
[32m2025-08-27 10:31:56 - INFO - 点击股票搜索框[0m
[32m2025-08-27 10:31:57 - INFO - 输入股票名称: 农心科技[0m
[32m2025-08-27 10:32:01 - INFO - 输入数量: 100手[0m
[32m2025-08-27 10:32:01 - INFO - 点击按钮: 买入 (提交)[0m
[32m2025-08-27 10:32:01 - INFO - 开始处理弹窗[0m
[32m2025-08-27 10:32:02 - INFO - 检测到'委托确认'提示[0m
[32m2025-08-27 10:32:02 - INFO - 点击确认按钮[0m
[32m2025-08-27 10:32:02 - INFO - 提示信息：[0m
[33m2025-08-27 10:32:03 - WARNING - 无提示信息[0m
[32m2025-08-27 10:32:09 - INFO - 持仓按钮(里)已处于选中状态[0m
[32m2025-08-27 10:32:13 - INFO - 点击买入按钮(里)[0m
[32m2025-08-27 10:32:14 - INFO - 点击股票搜索框[0m
[32m2025-08-27 10:32:15 - INFO - 输入股票名称: 双枪科技[0m
[32m2025-08-27 10:32:19 - INFO - 输入数量: 100手[0m
[32m2025-08-27 10:32:19 - INFO - 点击按钮: 买入 (提交)[0m
[32m2025-08-27 10:32:19 - INFO - 开始处理弹窗[0m
[32m2025-08-27 10:32:20 - INFO - 检测到'委托确认'提示[0m
[32m2025-08-27 10:32:20 - INFO - 点击确认按钮[0m
[32m2025-08-27 10:32:20 - INFO - 提示信息：[0m
[33m2025-08-27 10:32:21 - WARNING - 无提示信息[0m
[32m2025-08-27 10:32:26 - INFO - 持仓按钮(里)已处于选中状态[0m
[32m2025-08-27 10:32:30 - INFO - 点击买入按钮(里)[0m
[32m2025-08-27 10:32:31 - INFO - 点击股票搜索框[0m
[32m2025-08-27 10:32:32 - INFO - 输入股票名称: 御银股份[0m
[32m2025-08-27 10:38:43 - INFO - 持仓按钮(里)已处于选中状态[0m
[32m2025-08-27 10:38:48 - INFO - 点击买入按钮(里)[0m
[32m2025-08-27 10:38:48 - INFO - 点击股票搜索框[0m
[32m2025-08-27 10:38:50 - INFO - 输入股票名称: 通富微电[0m
[32m2025-08-27 13:06:09 - INFO - 持仓按钮(里)已处于选中状态[0m
