[32m2025-07-12 08:11:37 - INFO - ⏰ 调度器已启动，等待执行时间窗口...[0m
[32m2025-07-12 08:11:37 - INFO - 连接设备: 127.0.0.1:21503[0m
[32m2025-07-12 08:11:38 - INFO - 启动App成功: com.hexin.plat.android[0m
[32m2025-07-12 08:12:44 - INFO - ⏰ 调度器已启动，等待执行时间窗口...[0m
[32m2025-07-12 08:12:44 - INFO - 连接设备: 127.0.0.1:21503[0m
[32m2025-07-12 08:12:45 - INFO - 启动App成功: com.hexin.plat.android[0m
[32m2025-07-12 08:12:45 - INFO - ---------------------策略任务开始执行---------------------[0m
[32m2025-07-12 08:12:49 - INFO - 策略是否有新增数据: True
---------------------策略任务执行结束---------------------[0m
[32m2025-07-12 08:12:49 - INFO - ---------------------组合任务开始执行---------------------[0m
[32m2025-07-12 08:12:54 - INFO - 组合是否有新增数据: True
---------------------组合任务执行结束---------------------[0m
[32m2025-07-12 08:13:54 - INFO - 当前时间不在国债逆回购任务执行窗口内 (14:56-15:30)，跳过 国债逆回购 任务执行[0m
[32m2025-07-12 08:13:54 - INFO - ---------------------策略任务开始执行---------------------[0m
[32m2025-07-12 08:13:56 - INFO - 策略是否有新增数据: False
---------------------策略任务执行结束---------------------[0m
[32m2025-07-12 08:13:56 - INFO - ---------------------组合任务开始执行---------------------[0m
[32m2025-07-12 08:14:01 - INFO - 组合是否有新增数据: False
---------------------组合任务执行结束---------------------[0m
[32m2025-07-12 08:15:01 - INFO - 当前时间不在国债逆回购任务执行窗口内 (14:56-15:30)，跳过 国债逆回购 任务执行[0m
[32m2025-07-12 08:15:01 - INFO - ---------------------策略任务开始执行---------------------[0m
[32m2025-07-12 08:15:03 - INFO - 策略是否有新增数据: False
---------------------策略任务执行结束---------------------[0m
[32m2025-07-12 08:15:03 - INFO - ---------------------组合任务开始执行---------------------[0m
[32m2025-07-12 08:15:06 - INFO - 组合是否有新增数据: False
---------------------组合任务执行结束---------------------[0m
[32m2025-07-12 08:16:09 - INFO - ⏰ 调度器已启动，等待执行时间窗口...[0m
[32m2025-07-12 08:16:09 - INFO - 连接设备: 127.0.0.1:21503[0m
[32m2025-07-12 08:16:09 - INFO - 启动App成功: com.hexin.plat.android[0m
[32m2025-07-12 08:16:09 - INFO - ---------------------策略任务开始执行---------------------[0m
[32m2025-07-12 08:16:12 - INFO - 策略是否有新增数据: False
---------------------策略任务执行结束---------------------[0m
[32m2025-07-12 08:16:12 - INFO - ---------------------组合任务开始执行---------------------[0m
[32m2025-07-12 08:16:15 - INFO - 组合是否有新增数据: False
---------------------组合任务执行结束---------------------[0m
[32m2025-07-12 08:17:15 - INFO - 当前时间不在国债逆回购任务执行窗口内 (14:56-15:30)，跳过 国债逆回购 任务执行[0m
[32m2025-07-12 08:17:15 - INFO - ---------------------策略任务开始执行---------------------[0m
[32m2025-07-12 08:19:13 - INFO - ⏰ 调度器已启动，等待执行时间窗口...[0m
[32m2025-07-12 08:19:14 - INFO - 连接设备: 127.0.0.1:21503[0m
[32m2025-07-12 08:19:14 - INFO - 启动App成功: com.hexin.plat.android[0m
[32m2025-07-12 08:19:14 - INFO - ---------------------策略任务开始执行---------------------[0m
[32m2025-07-12 08:20:31 - INFO - ⏰ 调度器已启动，等待执行时间窗口...[0m
[32m2025-07-12 08:20:31 - INFO - 连接设备: 127.0.0.1:21503[0m
[32m2025-07-12 08:20:31 - INFO - 启动App成功: com.hexin.plat.android[0m
[32m2025-07-12 08:20:31 - INFO - ---------------------策略任务开始执行---------------------[0m
[32m2025-07-12 08:21:39 - INFO - ⏰ 调度器已启动，等待执行时间窗口...[0m
[32m2025-07-12 08:21:39 - INFO - 连接设备: 127.0.0.1:21503[0m
[32m2025-07-12 08:21:40 - INFO - 启动App成功: com.hexin.plat.android[0m
[32m2025-07-12 08:21:40 - INFO - ---------------------策略任务开始执行---------------------[0m
[32m2025-07-12 08:21:42 - INFO - 策略是否有新增数据: True
---------------------策略任务执行结束---------------------[0m
[32m2025-07-12 08:21:42 - INFO - ---------------------组合任务开始执行---------------------[0m
[32m2025-07-12 08:21:48 - INFO - 组合是否有新增数据: True
---------------------组合任务执行结束---------------------[0m
[32m2025-07-12 08:25:43 - INFO - 当前时间不在国债逆回购任务执行窗口内 (14:56-15:30)，跳过 国债逆回购 任务执行[0m
[32m2025-07-12 08:25:43 - INFO - ---------------------策略任务开始执行---------------------[0m
[32m2025-07-12 08:25:46 - INFO - 策略是否有新增数据: False
---------------------策略任务执行结束---------------------[0m
[32m2025-07-12 08:25:46 - INFO - ---------------------组合任务开始执行---------------------[0m
[32m2025-07-12 08:25:50 - INFO - 组合是否有新增数据: False
---------------------组合任务执行结束---------------------[0m
[32m2025-07-12 08:26:50 - INFO - 当前时间不在国债逆回购任务执行窗口内 (14:56-15:30)，跳过 国债逆回购 任务执行[0m
[32m2025-07-12 08:26:50 - INFO - ---------------------策略任务开始执行---------------------[0m
[32m2025-07-12 08:26:53 - INFO - 策略是否有新增数据: False
---------------------策略任务执行结束---------------------[0m
[32m2025-07-12 08:26:53 - INFO - ---------------------组合任务开始执行---------------------[0m
[32m2025-07-12 08:26:57 - INFO - 组合是否有新增数据: False
---------------------组合任务执行结束---------------------[0m
[32m2025-07-12 08:27:57 - INFO - 当前时间不在国债逆回购任务执行窗口内 (14:56-15:30)，跳过 国债逆回购 任务执行[0m
[32m2025-07-12 08:27:57 - INFO - ---------------------策略任务开始执行---------------------[0m
[32m2025-07-12 08:28:01 - INFO - 策略是否有新增数据: False
---------------------策略任务执行结束---------------------[0m
[32m2025-07-12 08:28:01 - INFO - ---------------------组合任务开始执行---------------------[0m
[32m2025-07-12 08:28:06 - INFO - 组合是否有新增数据: True
---------------------组合任务执行结束---------------------[0m
[32m2025-07-12 08:33:57 - INFO - 当前时间不在国债逆回购任务执行窗口内 (14:56-15:30)，跳过 国债逆回购 任务执行[0m
[32m2025-07-12 08:33:57 - INFO - ---------------------策略任务开始执行---------------------[0m
[32m2025-07-12 08:34:02 - INFO - 策略是否有新增数据: False
---------------------策略任务执行结束---------------------[0m
[32m2025-07-12 08:34:02 - INFO - ---------------------组合任务开始执行---------------------[0m
[32m2025-07-12 08:34:06 - INFO - 组合是否有新增数据: False
---------------------组合任务执行结束---------------------[0m
[32m2025-07-12 08:35:06 - INFO - 当前时间不在国债逆回购任务执行窗口内 (14:56-15:30)，跳过 国债逆回购 任务执行[0m
[32m2025-07-12 08:35:06 - INFO - ---------------------策略任务开始执行---------------------[0m
[32m2025-07-12 08:35:08 - INFO - 策略是否有新增数据: False
---------------------策略任务执行结束---------------------[0m
[32m2025-07-12 08:35:08 - INFO - ---------------------组合任务开始执行---------------------[0m
[32m2025-07-12 08:35:12 - INFO - 组合是否有新增数据: False
---------------------组合任务执行结束---------------------[0m
[32m2025-07-12 08:36:12 - INFO - 当前时间不在国债逆回购任务执行窗口内 (14:56-15:30)，跳过 国债逆回购 任务执行[0m
[32m2025-07-12 08:36:12 - INFO - ---------------------策略任务开始执行---------------------[0m
[32m2025-07-12 08:36:14 - INFO - 策略是否有新增数据: False
---------------------策略任务执行结束---------------------[0m
[32m2025-07-12 08:36:14 - INFO - ---------------------组合任务开始执行---------------------[0m
[32m2025-07-12 08:36:19 - INFO - 组合是否有新增数据: False
---------------------组合任务执行结束---------------------[0m
[32m2025-07-12 08:37:19 - INFO - 当前时间不在国债逆回购任务执行窗口内 (14:56-15:30)，跳过 国债逆回购 任务执行[0m
[32m2025-07-12 08:37:19 - INFO - ---------------------策略任务开始执行---------------------[0m
[32m2025-07-12 08:37:22 - INFO - 策略是否有新增数据: False
---------------------策略任务执行结束---------------------[0m
[32m2025-07-12 08:37:22 - INFO - ---------------------组合任务开始执行---------------------[0m
[32m2025-07-12 08:37:26 - INFO - 组合是否有新增数据: False
---------------------组合任务执行结束---------------------[0m
[32m2025-07-12 08:38:26 - INFO - 当前时间不在国债逆回购任务执行窗口内 (14:56-15:30)，跳过 国债逆回购 任务执行[0m
[32m2025-07-12 08:38:26 - INFO - ---------------------策略任务开始执行---------------------[0m
[32m2025-07-12 08:38:28 - INFO - 策略是否有新增数据: False
---------------------策略任务执行结束---------------------[0m
[32m2025-07-12 08:38:28 - INFO - ---------------------组合任务开始执行---------------------[0m
[32m2025-07-12 08:38:32 - INFO - 组合是否有新增数据: False
---------------------组合任务执行结束---------------------[0m
[32m2025-07-12 08:39:32 - INFO - 当前时间不在国债逆回购任务执行窗口内 (14:56-15:30)，跳过 国债逆回购 任务执行[0m
[32m2025-07-12 08:39:32 - INFO - ---------------------策略任务开始执行---------------------[0m
[32m2025-07-12 08:39:34 - INFO - 策略是否有新增数据: False
---------------------策略任务执行结束---------------------[0m
[32m2025-07-12 08:39:34 - INFO - ---------------------组合任务开始执行---------------------[0m
[32m2025-07-12 08:39:37 - INFO - 组合是否有新增数据: False
---------------------组合任务执行结束---------------------[0m
[32m2025-07-12 08:40:37 - INFO - 当前时间不在国债逆回购任务执行窗口内 (14:56-15:30)，跳过 国债逆回购 任务执行[0m
[32m2025-07-12 08:40:37 - INFO - ---------------------策略任务开始执行---------------------[0m
[32m2025-07-12 08:40:39 - INFO - 策略是否有新增数据: False
---------------------策略任务执行结束---------------------[0m
[32m2025-07-12 08:40:39 - INFO - ---------------------组合任务开始执行---------------------[0m
[32m2025-07-12 08:40:42 - INFO - 组合是否有新增数据: False
---------------------组合任务执行结束---------------------[0m
[32m2025-07-12 08:41:42 - INFO - 当前时间不在国债逆回购任务执行窗口内 (14:56-15:30)，跳过 国债逆回购 任务执行[0m
[32m2025-07-12 08:41:42 - INFO - ---------------------策略任务开始执行---------------------[0m
[32m2025-07-12 08:41:44 - INFO - 策略是否有新增数据: False
---------------------策略任务执行结束---------------------[0m
[32m2025-07-12 08:41:44 - INFO - ---------------------组合任务开始执行---------------------[0m
[32m2025-07-12 08:41:48 - INFO - 组合是否有新增数据: False
---------------------组合任务执行结束---------------------[0m
[32m2025-07-12 08:42:48 - INFO - 当前时间不在国债逆回购任务执行窗口内 (14:56-15:30)，跳过 国债逆回购 任务执行[0m
[32m2025-07-12 08:42:48 - INFO - ---------------------策略任务开始执行---------------------[0m
[32m2025-07-12 08:42:54 - INFO - 策略是否有新增数据: False
---------------------策略任务执行结束---------------------[0m
[32m2025-07-12 08:42:54 - INFO - ---------------------组合任务开始执行---------------------[0m
[32m2025-07-12 08:42:59 - INFO - 组合是否有新增数据: False
---------------------组合任务执行结束---------------------[0m
[32m2025-07-12 08:43:59 - INFO - 当前时间不在国债逆回购任务执行窗口内 (14:56-15:30)，跳过 国债逆回购 任务执行[0m
[32m2025-07-12 08:43:59 - INFO - ---------------------策略任务开始执行---------------------[0m
[32m2025-07-12 08:44:01 - INFO - 策略是否有新增数据: False
---------------------策略任务执行结束---------------------[0m
[32m2025-07-12 08:44:01 - INFO - ---------------------组合任务开始执行---------------------[0m
[32m2025-07-12 08:44:05 - INFO - 组合是否有新增数据: False
---------------------组合任务执行结束---------------------[0m
[32m2025-07-12 08:45:05 - INFO - 当前时间不在国债逆回购任务执行窗口内 (14:56-15:30)，跳过 国债逆回购 任务执行[0m
[32m2025-07-12 08:45:05 - INFO - ---------------------策略任务开始执行---------------------[0m
[32m2025-07-12 08:45:07 - INFO - 策略是否有新增数据: False
---------------------策略任务执行结束---------------------[0m
[32m2025-07-12 08:45:07 - INFO - ---------------------组合任务开始执行---------------------[0m
[32m2025-07-12 08:45:11 - INFO - 组合是否有新增数据: False
---------------------组合任务执行结束---------------------[0m
[32m2025-07-12 08:46:11 - INFO - 当前时间不在国债逆回购任务执行窗口内 (14:56-15:30)，跳过 国债逆回购 任务执行[0m
[32m2025-07-12 08:46:11 - INFO - ---------------------策略任务开始执行---------------------[0m
[32m2025-07-12 08:46:12 - INFO - 策略是否有新增数据: False
---------------------策略任务执行结束---------------------[0m
[32m2025-07-12 08:46:12 - INFO - ---------------------组合任务开始执行---------------------[0m
[32m2025-07-12 08:46:18 - INFO - 组合是否有新增数据: True
---------------------组合任务执行结束---------------------[0m
[32m2025-07-12 08:47:33 - INFO - 当前时间不在国债逆回购任务执行窗口内 (14:56-15:30)，跳过 国债逆回购 任务执行[0m
[32m2025-07-12 08:47:33 - INFO - ---------------------策略任务开始执行---------------------[0m
[32m2025-07-12 08:47:34 - INFO - 策略是否有新增数据: False
---------------------策略任务执行结束---------------------[0m
[32m2025-07-12 08:47:34 - INFO - ---------------------组合任务开始执行---------------------[0m
[32m2025-07-12 08:47:38 - INFO - 组合是否有新增数据: False
---------------------组合任务执行结束---------------------[0m
[32m2025-07-12 08:48:38 - INFO - 当前时间不在国债逆回购任务执行窗口内 (14:56-15:30)，跳过 国债逆回购 任务执行[0m
[32m2025-07-12 08:48:38 - INFO - ---------------------策略任务开始执行---------------------[0m
[32m2025-07-12 08:48:40 - INFO - 策略是否有新增数据: False
---------------------策略任务执行结束---------------------[0m
[32m2025-07-12 08:48:40 - INFO - ---------------------组合任务开始执行---------------------[0m
[32m2025-07-12 08:48:43 - INFO - 组合是否有新增数据: False
---------------------组合任务执行结束---------------------[0m
[32m2025-07-12 08:49:43 - INFO - 当前时间不在国债逆回购任务执行窗口内 (14:56-15:30)，跳过 国债逆回购 任务执行[0m
[32m2025-07-12 08:49:43 - INFO - ---------------------策略任务开始执行---------------------[0m
[32m2025-07-12 08:49:45 - INFO - 策略是否有新增数据: False
---------------------策略任务执行结束---------------------[0m
[32m2025-07-12 08:49:45 - INFO - ---------------------组合任务开始执行---------------------[0m
[32m2025-07-12 08:49:49 - INFO - 组合是否有新增数据: False
---------------------组合任务执行结束---------------------[0m
[32m2025-07-12 08:50:49 - INFO - 当前时间不在国债逆回购任务执行窗口内 (14:56-15:30)，跳过 国债逆回购 任务执行[0m
[32m2025-07-12 08:50:49 - INFO - ---------------------策略任务开始执行---------------------[0m
[32m2025-07-12 08:50:51 - INFO - 策略是否有新增数据: False
---------------------策略任务执行结束---------------------[0m
[32m2025-07-12 08:50:51 - INFO - ---------------------组合任务开始执行---------------------[0m
[32m2025-07-12 08:50:54 - INFO - 组合是否有新增数据: False
---------------------组合任务执行结束---------------------[0m
[32m2025-07-12 08:51:17 - INFO - ⏰ 调度器已启动，等待执行时间窗口...[0m
[32m2025-07-12 08:51:17 - INFO - 连接设备: 127.0.0.1:21503[0m
[32m2025-07-12 08:51:18 - INFO - 启动App成功: com.hexin.plat.android[0m
[32m2025-07-12 08:51:18 - INFO - ---------------------策略任务开始执行---------------------[0m
[32m2025-07-12 08:51:20 - INFO - 策略是否有新增数据: False
---------------------策略任务执行结束---------------------[0m
[32m2025-07-12 08:51:20 - INFO - ---------------------组合任务开始执行---------------------[0m
[32m2025-07-12 08:51:26 - INFO - 组合是否有新增数据: True
---------------------组合任务执行结束---------------------[0m
[32m2025-07-12 08:53:53 - INFO - 当前时间不在国债逆回购任务执行窗口内 (14:56-15:30)，跳过 国债逆回购 任务执行[0m
[32m2025-07-12 08:53:53 - INFO - ---------------------策略任务开始执行---------------------[0m
[32m2025-07-12 08:53:55 - INFO - 策略是否有新增数据: False
---------------------策略任务执行结束---------------------[0m
[32m2025-07-12 08:53:55 - INFO - ---------------------组合任务开始执行---------------------[0m
[32m2025-07-12 08:53:58 - INFO - 组合是否有新增数据: False
---------------------组合任务执行结束---------------------[0m
[32m2025-07-12 08:54:58 - INFO - 当前时间不在国债逆回购任务执行窗口内 (14:56-15:30)，跳过 国债逆回购 任务执行[0m
[32m2025-07-12 08:54:58 - INFO - ---------------------策略任务开始执行---------------------[0m
[32m2025-07-12 08:54:59 - INFO - 策略是否有新增数据: False
---------------------策略任务执行结束---------------------[0m
[32m2025-07-12 08:54:59 - INFO - ---------------------组合任务开始执行---------------------[0m
[32m2025-07-12 08:55:03 - INFO - 组合是否有新增数据: False
---------------------组合任务执行结束---------------------[0m
[32m2025-07-12 08:56:03 - INFO - 当前时间不在国债逆回购任务执行窗口内 (14:56-15:30)，跳过 国债逆回购 任务执行[0m
[32m2025-07-12 08:56:03 - INFO - ---------------------策略任务开始执行---------------------[0m
[32m2025-07-12 08:56:04 - INFO - 策略是否有新增数据: False
---------------------策略任务执行结束---------------------[0m
[32m2025-07-12 08:56:04 - INFO - ---------------------组合任务开始执行---------------------[0m
[32m2025-07-12 08:56:10 - INFO - 组合是否有新增数据: False
---------------------组合任务执行结束---------------------[0m
[32m2025-07-12 08:57:10 - INFO - 当前时间不在国债逆回购任务执行窗口内 (14:56-15:30)，跳过 国债逆回购 任务执行[0m
[32m2025-07-12 08:57:10 - INFO - ---------------------策略任务开始执行---------------------[0m
[32m2025-07-12 08:57:12 - INFO - 策略是否有新增数据: False
---------------------策略任务执行结束---------------------[0m
[32m2025-07-12 08:57:12 - INFO - ---------------------组合任务开始执行---------------------[0m
[32m2025-07-12 08:57:17 - INFO - 组合是否有新增数据: False
---------------------组合任务执行结束---------------------[0m
[32m2025-07-12 08:58:17 - INFO - 当前时间不在国债逆回购任务执行窗口内 (14:56-15:30)，跳过 国债逆回购 任务执行[0m
[32m2025-07-12 08:58:17 - INFO - ---------------------策略任务开始执行---------------------[0m
[32m2025-07-12 08:58:20 - INFO - 策略是否有新增数据: False
---------------------策略任务执行结束---------------------[0m
[32m2025-07-12 08:58:20 - INFO - ---------------------组合任务开始执行---------------------[0m
[32m2025-07-12 08:58:24 - INFO - 组合是否有新增数据: False
---------------------组合任务执行结束---------------------[0m
[32m2025-07-12 08:59:24 - INFO - 当前时间不在国债逆回购任务执行窗口内 (14:56-15:30)，跳过 国债逆回购 任务执行[0m
[32m2025-07-12 08:59:24 - INFO - ---------------------策略任务开始执行---------------------[0m
[32m2025-07-12 08:59:32 - INFO - 策略是否有新增数据: False
---------------------策略任务执行结束---------------------[0m
[32m2025-07-12 08:59:32 - INFO - ---------------------组合任务开始执行---------------------[0m
[32m2025-07-12 08:59:36 - INFO - 组合是否有新增数据: False
---------------------组合任务执行结束---------------------[0m
[32m2025-07-12 09:00:36 - INFO - 当前时间不在国债逆回购任务执行窗口内 (14:56-15:30)，跳过 国债逆回购 任务执行[0m
[32m2025-07-12 09:00:36 - INFO - ---------------------策略任务开始执行---------------------[0m
[32m2025-07-12 09:00:38 - INFO - 策略是否有新增数据: False
---------------------策略任务执行结束---------------------[0m
[32m2025-07-12 09:00:38 - INFO - ---------------------组合任务开始执行---------------------[0m
[32m2025-07-12 09:00:43 - INFO - 组合是否有新增数据: False
---------------------组合任务执行结束---------------------[0m
[32m2025-07-12 09:01:43 - INFO - 当前时间不在国债逆回购任务执行窗口内 (14:56-15:30)，跳过 国债逆回购 任务执行[0m
[32m2025-07-12 09:01:43 - INFO - ---------------------策略任务开始执行---------------------[0m
[32m2025-07-12 09:01:45 - INFO - 策略是否有新增数据: False
---------------------策略任务执行结束---------------------[0m
[32m2025-07-12 09:01:45 - INFO - ---------------------组合任务开始执行---------------------[0m
[32m2025-07-12 09:01:49 - INFO - 组合是否有新增数据: False
---------------------组合任务执行结束---------------------[0m
[32m2025-07-12 09:02:49 - INFO - 当前时间不在国债逆回购任务执行窗口内 (14:56-15:30)，跳过 国债逆回购 任务执行[0m
[32m2025-07-12 09:02:49 - INFO - ---------------------策略任务开始执行---------------------[0m
[32m2025-07-12 09:02:51 - INFO - 策略是否有新增数据: False
---------------------策略任务执行结束---------------------[0m
[32m2025-07-12 09:02:51 - INFO - ---------------------组合任务开始执行---------------------[0m
[32m2025-07-12 09:02:57 - INFO - 组合是否有新增数据: False
---------------------组合任务执行结束---------------------[0m
[32m2025-07-12 09:03:57 - INFO - 当前时间不在国债逆回购任务执行窗口内 (14:56-15:30)，跳过 国债逆回购 任务执行[0m
[32m2025-07-12 09:03:57 - INFO - ---------------------策略任务开始执行---------------------[0m
[32m2025-07-12 09:03:59 - INFO - 策略是否有新增数据: False
---------------------策略任务执行结束---------------------[0m
[32m2025-07-12 09:03:59 - INFO - ---------------------组合任务开始执行---------------------[0m
[32m2025-07-12 09:04:03 - INFO - 组合是否有新增数据: False
---------------------组合任务执行结束---------------------[0m
[32m2025-07-12 09:05:03 - INFO - 当前时间不在国债逆回购任务执行窗口内 (14:56-15:30)，跳过 国债逆回购 任务执行[0m
[32m2025-07-12 09:05:03 - INFO - ---------------------策略任务开始执行---------------------[0m
[32m2025-07-12 09:05:04 - INFO - 策略是否有新增数据: False
---------------------策略任务执行结束---------------------[0m
[32m2025-07-12 09:05:04 - INFO - ---------------------组合任务开始执行---------------------[0m
[32m2025-07-12 09:05:10 - INFO - 组合是否有新增数据: False
---------------------组合任务执行结束---------------------[0m
[32m2025-07-12 09:06:10 - INFO - 当前时间不在国债逆回购任务执行窗口内 (14:56-15:30)，跳过 国债逆回购 任务执行[0m
[32m2025-07-12 09:06:10 - INFO - ---------------------策略任务开始执行---------------------[0m
[32m2025-07-12 09:06:11 - INFO - 策略是否有新增数据: False
---------------------策略任务执行结束---------------------[0m
[32m2025-07-12 09:06:11 - INFO - ---------------------组合任务开始执行---------------------[0m
[32m2025-07-12 09:06:14 - INFO - 组合是否有新增数据: False
---------------------组合任务执行结束---------------------[0m
[32m2025-07-12 09:07:14 - INFO - 当前时间不在国债逆回购任务执行窗口内 (14:56-15:30)，跳过 国债逆回购 任务执行[0m
[32m2025-07-12 09:07:14 - INFO - ---------------------策略任务开始执行---------------------[0m
[32m2025-07-12 09:07:16 - INFO - 策略是否有新增数据: False
---------------------策略任务执行结束---------------------[0m
[32m2025-07-12 09:07:16 - INFO - ---------------------组合任务开始执行---------------------[0m
[32m2025-07-12 09:07:18 - INFO - 组合是否有新增数据: False
---------------------组合任务执行结束---------------------[0m
[32m2025-07-12 09:08:18 - INFO - 当前时间不在国债逆回购任务执行窗口内 (14:56-15:30)，跳过 国债逆回购 任务执行[0m
[32m2025-07-12 09:08:18 - INFO - ---------------------策略任务开始执行---------------------[0m
[32m2025-07-12 09:08:19 - INFO - 策略是否有新增数据: False
---------------------策略任务执行结束---------------------[0m
[32m2025-07-12 09:08:19 - INFO - ---------------------组合任务开始执行---------------------[0m
[32m2025-07-12 09:08:22 - INFO - 组合是否有新增数据: False
---------------------组合任务执行结束---------------------[0m
[32m2025-07-12 09:09:22 - INFO - 当前时间不在国债逆回购任务执行窗口内 (14:56-15:30)，跳过 国债逆回购 任务执行[0m
[32m2025-07-12 09:09:22 - INFO - ---------------------策略任务开始执行---------------------[0m
[32m2025-07-12 09:09:23 - INFO - 策略是否有新增数据: False
---------------------策略任务执行结束---------------------[0m
[32m2025-07-12 09:09:23 - INFO - ---------------------组合任务开始执行---------------------[0m
[32m2025-07-12 09:09:26 - INFO - 组合是否有新增数据: False
---------------------组合任务执行结束---------------------[0m
[32m2025-07-12 09:10:26 - INFO - 当前时间不在国债逆回购任务执行窗口内 (14:56-15:30)，跳过 国债逆回购 任务执行[0m
[32m2025-07-12 09:10:26 - INFO - ---------------------策略任务开始执行---------------------[0m
[32m2025-07-12 09:10:27 - INFO - 策略是否有新增数据: False
---------------------策略任务执行结束---------------------[0m
[32m2025-07-12 09:10:27 - INFO - ---------------------组合任务开始执行---------------------[0m
[32m2025-07-12 09:10:30 - INFO - 组合是否有新增数据: False
---------------------组合任务执行结束---------------------[0m
[32m2025-07-12 09:11:30 - INFO - 当前时间不在国债逆回购任务执行窗口内 (14:56-15:30)，跳过 国债逆回购 任务执行[0m
[32m2025-07-12 09:11:30 - INFO - ---------------------策略任务开始执行---------------------[0m
[32m2025-07-12 09:11:31 - INFO - 策略是否有新增数据: False
---------------------策略任务执行结束---------------------[0m
[32m2025-07-12 09:11:31 - INFO - ---------------------组合任务开始执行---------------------[0m
[32m2025-07-12 09:11:33 - INFO - 组合是否有新增数据: False
---------------------组合任务执行结束---------------------[0m
[32m2025-07-12 09:12:20 - INFO - ⏰ 调度器已启动，等待执行时间窗口...[0m
[32m2025-07-12 09:12:20 - INFO - 连接设备: 127.0.0.1:21503[0m
[32m2025-07-12 09:12:21 - INFO - 启动App成功: com.hexin.plat.android[0m
[32m2025-07-12 09:12:21 - INFO - ---------------------策略任务开始执行---------------------[0m
[32m2025-07-12 09:12:22 - INFO - 策略是否有新增数据: False
---------------------策略任务执行结束---------------------[0m
[32m2025-07-12 09:12:22 - INFO - ---------------------组合任务开始执行---------------------[0m
[32m2025-07-12 09:12:25 - INFO - 组合是否有新增数据: True
---------------------组合任务执行结束---------------------[0m
[32m2025-07-12 09:13:55 - INFO - 当前时间不在国债逆回购任务执行窗口内 (14:56-15:30)，跳过 国债逆回购 任务执行[0m
[32m2025-07-12 09:13:55 - INFO - ---------------------策略任务开始执行---------------------[0m
[32m2025-07-12 09:13:56 - INFO - 策略是否有新增数据: False
---------------------策略任务执行结束---------------------[0m
[32m2025-07-12 09:13:56 - INFO - ---------------------组合任务开始执行---------------------[0m
[32m2025-07-12 09:13:58 - INFO - 组合是否有新增数据: False
---------------------组合任务执行结束---------------------[0m
[32m2025-07-12 09:14:58 - INFO - 当前时间不在国债逆回购任务执行窗口内 (14:56-15:30)，跳过 国债逆回购 任务执行[0m
[32m2025-07-12 09:14:58 - INFO - ---------------------策略任务开始执行---------------------[0m
[32m2025-07-12 09:14:59 - INFO - 策略是否有新增数据: False
---------------------策略任务执行结束---------------------[0m
[32m2025-07-12 09:14:59 - INFO - ---------------------组合任务开始执行---------------------[0m
[32m2025-07-12 09:15:01 - INFO - 组合是否有新增数据: False
---------------------组合任务执行结束---------------------[0m
[32m2025-07-12 09:16:01 - INFO - 当前时间不在国债逆回购任务执行窗口内 (14:56-15:30)，跳过 国债逆回购 任务执行[0m
[32m2025-07-12 09:16:01 - INFO - ---------------------策略任务开始执行---------------------[0m
[32m2025-07-12 09:16:02 - INFO - 策略是否有新增数据: False
---------------------策略任务执行结束---------------------[0m
[32m2025-07-12 09:16:02 - INFO - ---------------------组合任务开始执行---------------------[0m
[32m2025-07-12 09:16:05 - INFO - 组合是否有新增数据: False
---------------------组合任务执行结束---------------------[0m
[32m2025-07-12 09:16:44 - INFO - ⏰ 调度器已启动，等待执行时间窗口...[0m
[32m2025-07-12 09:16:44 - INFO - 连接设备: 127.0.0.1:21503[0m
[32m2025-07-12 09:16:44 - INFO - 启动App成功: com.hexin.plat.android[0m
[32m2025-07-12 09:16:44 - INFO - ---------------------策略任务开始执行---------------------[0m
[32m2025-07-12 09:16:45 - INFO - 策略是否有新增数据: False
---------------------策略任务执行结束---------------------[0m
[32m2025-07-12 09:16:45 - INFO - ---------------------组合任务开始执行---------------------[0m
[32m2025-07-12 09:16:48 - INFO - 组合是否有新增数据: True
---------------------组合任务执行结束---------------------[0m
[32m2025-07-12 09:22:06 - INFO - ⏰ 调度器已启动，等待执行时间窗口...[0m
[32m2025-07-12 09:22:06 - INFO - 连接设备: 127.0.0.1:21503[0m
[32m2025-07-12 09:22:07 - INFO - 启动App成功: com.hexin.plat.android[0m
[32m2025-07-12 09:22:07 - INFO - ---------------------策略任务开始执行---------------------[0m
[32m2025-07-12 09:22:08 - INFO - 策略是否有新增数据: False
---------------------策略任务执行结束---------------------[0m
[32m2025-07-12 09:22:08 - INFO - ---------------------组合任务开始执行---------------------[0m
[32m2025-07-12 09:22:10 - INFO - 组合是否有新增数据: True
---------------------组合任务执行结束---------------------[0m
[32m2025-07-12 09:23:29 - INFO - 当前时间不在国债逆回购任务执行窗口内 (14:56-15:30)，跳过 国债逆回购 任务执行[0m
[32m2025-07-12 09:23:29 - INFO - ---------------------策略任务开始执行---------------------[0m
[32m2025-07-12 09:23:29 - INFO - 策略是否有新增数据: False
---------------------策略任务执行结束---------------------[0m
[32m2025-07-12 09:23:29 - INFO - ---------------------组合任务开始执行---------------------[0m
[32m2025-07-12 09:23:32 - INFO - 组合是否有新增数据: False
---------------------组合任务执行结束---------------------[0m
[32m2025-07-12 09:23:49 - INFO - ⏰ 调度器已启动，等待执行时间窗口...[0m
[32m2025-07-12 09:23:49 - INFO - 连接设备: 127.0.0.1:21503[0m
[32m2025-07-12 09:23:49 - INFO - 启动App成功: com.hexin.plat.android[0m
[32m2025-07-12 09:23:49 - INFO - ---------------------策略任务开始执行---------------------[0m
[32m2025-07-12 09:23:50 - INFO - 策略是否有新增数据: False
---------------------策略任务执行结束---------------------[0m
[32m2025-07-12 09:23:50 - INFO - ---------------------组合任务开始执行---------------------[0m
[32m2025-07-12 09:23:53 - INFO - 组合是否有新增数据: True
---------------------组合任务执行结束---------------------[0m
[32m2025-07-12 09:25:26 - INFO - ⏰ 调度器已启动，等待执行时间窗口...[0m
[32m2025-07-12 09:25:26 - INFO - 连接设备: 127.0.0.1:21503[0m
[32m2025-07-12 09:25:27 - INFO - 启动App成功: com.hexin.plat.android[0m
[32m2025-07-12 09:25:27 - INFO - ---------------------策略任务开始执行---------------------[0m
[32m2025-07-12 09:25:28 - INFO - 策略是否有新增数据: False
---------------------策略任务执行结束---------------------[0m
[32m2025-07-12 09:25:28 - INFO - ---------------------组合任务开始执行---------------------[0m
[32m2025-07-12 09:25:30 - INFO - 组合是否有新增数据: True
---------------------组合任务执行结束---------------------[0m
[32m2025-07-12 09:27:13 - INFO - 当前时间不在国债逆回购任务执行窗口内 (14:56-15:30)，跳过 国债逆回购 任务执行[0m
[32m2025-07-12 09:27:13 - INFO - ---------------------策略任务开始执行---------------------[0m
[32m2025-07-12 09:27:14 - INFO - 策略是否有新增数据: False
---------------------策略任务执行结束---------------------[0m
[32m2025-07-12 09:27:14 - INFO - ---------------------组合任务开始执行---------------------[0m
[32m2025-07-12 09:27:16 - INFO - 组合是否有新增数据: False
---------------------组合任务执行结束---------------------[0m
[32m2025-07-12 15:53:10 - INFO - ⏰ 调度器已启动，等待执行时间窗口...[0m
[32m2025-07-12 15:53:10 - INFO - 连接设备: 127.0.0.1:21503[0m
[32m2025-07-12 15:53:11 - INFO - 启动App成功: com.hexin.plat.android[0m
[32m2025-07-12 15:53:50 - INFO - ⏰ 调度器已启动，等待执行时间窗口...[0m
[32m2025-07-12 15:53:50 - INFO - 连接设备: 127.0.0.1:21503[0m
[32m2025-07-12 15:53:50 - INFO - 启动App成功: com.hexin.plat.android[0m
[32m2025-07-12 15:53:50 - INFO - ---------------------组合任务开始执行---------------------[0m
[32m2025-07-12 15:53:54 - INFO - 组合是否有新增数据: True
---------------------组合任务执行结束---------------------[0m
[32m2025-07-12 15:56:02 - INFO - ⏰ 调度器已启动，等待执行时间窗口...[0m
[32m2025-07-12 15:56:03 - INFO - 连接设备: 127.0.0.1:21503[0m
[32m2025-07-12 15:56:03 - INFO - 启动App成功: com.hexin.plat.android[0m
[32m2025-07-12 15:56:03 - INFO - ---------------------组合任务开始执行---------------------[0m
[32m2025-07-12 15:56:07 - INFO - 组合是否有新增数据: False
---------------------组合任务执行结束---------------------[0m
[32m2025-07-12 15:57:29 - INFO - ⏰ 调度器已启动，等待执行时间窗口...[0m
[32m2025-07-12 15:57:29 - INFO - 连接设备: 127.0.0.1:21503[0m
[32m2025-07-12 15:57:29 - INFO - 启动App成功: com.hexin.plat.android[0m
[32m2025-07-12 15:57:29 - INFO - ---------------------组合任务开始执行---------------------[0m
[32m2025-07-12 15:57:33 - INFO - 组合是否有新增数据: True
---------------------组合任务执行结束---------------------[0m
[32m2025-07-12 15:59:56 - INFO - ⏰ 调度器已启动，等待执行时间窗口...[0m
[32m2025-07-12 15:59:56 - INFO - 连接设备: 127.0.0.1:21503[0m
[32m2025-07-12 15:59:56 - INFO - 启动App成功: com.hexin.plat.android[0m
[32m2025-07-12 15:59:56 - INFO - ---------------------组合任务开始执行---------------------[0m
[32m2025-07-12 16:00:00 - INFO - 组合是否有新增数据: True
---------------------组合任务执行结束---------------------[0m
[32m2025-07-12 16:03:25 - INFO - ---------------------国债逆回购任务开始执行---------------------[0m
[32m2025-07-12 16:03:32 - INFO - 国债逆回购失败: 当前页面不是 GC001(1天期)[0m
[32m2025-07-12 16:03:32 - INFO - ---------------------国债逆回购任务执行结束---------------------[0m
[32m2025-07-12 16:03:32 - INFO - ---------------------组合任务开始执行---------------------[0m
[32m2025-07-12 16:03:35 - INFO - 组合是否有新增数据: False
---------------------组合任务执行结束---------------------[0m
[32m2025-07-12 16:04:35 - INFO - ---------------------国债逆回购任务开始执行---------------------[0m
[32m2025-07-12 16:05:02 - INFO - 国债逆回购失败: 操作失败: {'code': -32002, 'data': "Selector [resourceId='com.hexin.plat.android:id/prompt_content']", 'method': 'wait'}[0m
[32m2025-07-12 16:05:02 - INFO - ---------------------国债逆回购任务执行结束---------------------[0m
[32m2025-07-12 16:05:02 - INFO - ---------------------组合任务开始执行---------------------[0m
[32m2025-07-12 16:05:06 - INFO - 组合是否有新增数据: False
---------------------组合任务执行结束---------------------[0m
[32m2025-07-12 16:06:06 - INFO - ---------------------国债逆回购任务开始执行---------------------[0m
[32m2025-07-12 16:06:09 - INFO - 国债逆回购失败: 无法返回持仓列表页[0m
[32m2025-07-12 16:06:09 - INFO - ---------------------国债逆回购任务执行结束---------------------[0m
[32m2025-07-12 16:06:09 - INFO - ---------------------组合任务开始执行---------------------[0m
[32m2025-07-12 16:06:14 - INFO - 组合是否有新增数据: False
---------------------组合任务执行结束---------------------[0m
[32m2025-07-12 16:07:14 - INFO - ---------------------国债逆回购任务开始执行---------------------[0m
[32m2025-07-12 16:07:42 - INFO - 国债逆回购失败: 操作失败: {'code': -32002, 'data': "Selector [resourceId='com.hexin.plat.android:id/prompt_content']", 'method': 'wait'}[0m
[32m2025-07-12 16:07:42 - INFO - ---------------------国债逆回购任务执行结束---------------------[0m
[32m2025-07-12 16:07:42 - INFO - ---------------------组合任务开始执行---------------------[0m
[32m2025-07-12 16:07:47 - INFO - 组合是否有新增数据: False
---------------------组合任务执行结束---------------------[0m
[32m2025-07-12 16:08:47 - INFO - ---------------------国债逆回购任务开始执行---------------------[0m
[32m2025-07-12 16:08:50 - INFO - 国债逆回购失败: 无法返回持仓列表页[0m
[32m2025-07-12 16:08:50 - INFO - ---------------------国债逆回购任务执行结束---------------------[0m
[32m2025-07-12 16:08:50 - INFO - ---------------------组合任务开始执行---------------------[0m
[32m2025-07-12 16:08:53 - INFO - 组合是否有新增数据: False
---------------------组合任务执行结束---------------------[0m
[32m2025-07-12 16:09:53 - INFO - ---------------------国债逆回购任务开始执行---------------------[0m
[32m2025-07-12 16:10:08 - INFO - ⏰ 调度器已启动，等待执行时间窗口...[0m
[32m2025-07-12 16:10:08 - INFO - 连接设备: 127.0.0.1:21503[0m
[32m2025-07-12 16:10:09 - INFO - 启动App成功: com.hexin.plat.android[0m
[32m2025-07-12 16:10:09 - INFO - ---------------------策略任务开始执行---------------------[0m
[32m2025-07-12 16:10:11 - INFO - 策略是否有新增数据: True
---------------------策略任务执行结束---------------------[0m
[32m2025-07-12 16:10:11 - INFO - ---------------------组合任务开始执行---------------------[0m
[32m2025-07-12 16:10:16 - INFO - 组合是否有新增数据: True
---------------------组合任务执行结束---------------------[0m
[32m2025-07-12 16:11:44 - INFO - ---------------------国债逆回购任务开始执行---------------------[0m
[32m2025-07-12 16:11:52 - INFO - 国债逆回购失败: 当前页面不是 GC001(1天期)[0m
[32m2025-07-12 16:11:52 - INFO - ---------------------国债逆回购任务执行结束---------------------[0m
[32m2025-07-12 16:11:52 - INFO - ---------------------策略任务开始执行---------------------[0m
[32m2025-07-12 16:11:53 - INFO - 策略是否有新增数据: False
---------------------策略任务执行结束---------------------[0m
[32m2025-07-12 16:11:53 - INFO - ---------------------组合任务开始执行---------------------[0m
[32m2025-07-12 16:11:56 - INFO - 组合是否有新增数据: False
---------------------组合任务执行结束---------------------[0m
[32m2025-07-12 16:13:14 - INFO - ⏰ 调度器已启动，等待执行时间窗口...[0m
[32m2025-07-12 16:13:14 - INFO - 连接设备: 127.0.0.1:21503[0m
[32m2025-07-12 16:13:15 - INFO - 启动App成功: com.hexin.plat.android[0m
[32m2025-07-12 16:13:15 - INFO - ---------------------策略任务开始执行---------------------[0m
[32m2025-07-12 16:13:18 - INFO - 策略是否有新增数据: True
---------------------策略任务执行结束---------------------[0m
[32m2025-07-12 16:13:18 - INFO - ---------------------组合任务开始执行---------------------[0m
[32m2025-07-12 16:13:21 - INFO - 组合是否有新增数据: True
---------------------组合任务执行结束---------------------[0m
[32m2025-07-12 16:20:01 - INFO - ---------------------国债逆回购任务开始执行---------------------[0m
[32m2025-07-12 16:20:06 - INFO - 国债逆回购失败: 当前页面不是 GC001(1天期)[0m
[32m2025-07-12 16:20:06 - INFO - ---------------------国债逆回购任务执行结束---------------------[0m
[32m2025-07-12 16:20:06 - INFO - ---------------------策略任务开始执行---------------------[0m
[32m2025-07-12 16:20:08 - INFO - 策略是否有新增数据: False
---------------------策略任务执行结束---------------------[0m
[32m2025-07-12 16:20:08 - INFO - ---------------------组合任务开始执行---------------------[0m
[32m2025-07-12 16:20:11 - INFO - 组合是否有新增数据: False
---------------------组合任务执行结束---------------------[0m
[32m2025-07-12 16:21:11 - INFO - ---------------------国债逆回购任务开始执行---------------------[0m
[32m2025-07-12 16:21:39 - INFO - 国债逆回购失败: 操作失败: {'code': -32002, 'data': "Selector [resourceId='com.hexin.plat.android:id/prompt_content']", 'method': 'wait'}[0m
[32m2025-07-12 16:21:39 - INFO - ---------------------国债逆回购任务执行结束---------------------[0m
[32m2025-07-12 16:21:39 - INFO - ---------------------策略任务开始执行---------------------[0m
[32m2025-07-12 16:21:40 - INFO - 策略是否有新增数据: False
---------------------策略任务执行结束---------------------[0m
[32m2025-07-12 16:21:40 - INFO - ---------------------组合任务开始执行---------------------[0m
[32m2025-07-12 16:21:43 - INFO - 组合是否有新增数据: False
---------------------组合任务执行结束---------------------[0m
[32m2025-07-12 16:22:43 - INFO - ---------------------国债逆回购任务开始执行---------------------[0m
[32m2025-07-12 16:23:05 - INFO - 国债逆回购失败: 操作失败: {'code': -32002, 'data': "Selector [resourceId='com.hexin.plat.android:id/title_bar_left_container']", 'method': 'wait'}[0m
[32m2025-07-12 16:23:05 - INFO - ---------------------国债逆回购任务执行结束---------------------[0m
[32m2025-07-12 16:23:05 - INFO - ---------------------策略任务开始执行---------------------[0m
[32m2025-07-12 16:23:07 - INFO - 策略是否有新增数据: False
---------------------策略任务执行结束---------------------[0m
[32m2025-07-12 16:23:07 - INFO - ---------------------组合任务开始执行---------------------[0m
[32m2025-07-12 16:23:09 - INFO - 组合是否有新增数据: False
---------------------组合任务执行结束---------------------[0m
[32m2025-07-12 16:24:09 - INFO - ---------------------国债逆回购任务开始执行---------------------[0m
[32m2025-07-12 16:24:31 - INFO - 国债逆回购失败: 操作失败: {'code': -32002, 'data': "Selector [resourceId='com.hexin.plat.android:id/title_bar_left_container']", 'method': 'wait'}[0m
[32m2025-07-12 16:24:31 - INFO - ---------------------国债逆回购任务执行结束---------------------[0m
[32m2025-07-12 16:24:31 - INFO - ---------------------策略任务开始执行---------------------[0m
[32m2025-07-12 16:24:33 - INFO - 策略是否有新增数据: False
---------------------策略任务执行结束---------------------[0m
[32m2025-07-12 16:24:33 - INFO - ---------------------组合任务开始执行---------------------[0m
[32m2025-07-12 16:24:36 - INFO - 组合是否有新增数据: False
---------------------组合任务执行结束---------------------[0m
[32m2025-07-12 16:25:36 - INFO - ---------------------国债逆回购任务开始执行---------------------[0m
[32m2025-07-12 16:25:58 - INFO - 国债逆回购失败: 操作失败: {'code': -32002, 'data': "Selector [resourceId='com.hexin.plat.android:id/title_bar_left_container']", 'method': 'wait'}[0m
[32m2025-07-12 16:25:58 - INFO - ---------------------国债逆回购任务执行结束---------------------[0m
[32m2025-07-12 16:25:58 - INFO - ---------------------策略任务开始执行---------------------[0m
[32m2025-07-12 16:25:59 - INFO - 策略是否有新增数据: False
---------------------策略任务执行结束---------------------[0m
[32m2025-07-12 16:25:59 - INFO - ---------------------组合任务开始执行---------------------[0m
[32m2025-07-12 16:26:02 - INFO - 组合是否有新增数据: False
---------------------组合任务执行结束---------------------[0m
[32m2025-07-12 16:27:02 - INFO - ---------------------国债逆回购任务开始执行---------------------[0m
[32m2025-07-12 16:27:25 - INFO - 国债逆回购失败: 操作失败: {'code': -32002, 'data': "Selector [resourceId='com.hexin.plat.android:id/title_bar_left_container']", 'method': 'wait'}[0m
[32m2025-07-12 16:27:25 - INFO - ---------------------国债逆回购任务执行结束---------------------[0m
[32m2025-07-12 16:27:25 - INFO - ---------------------策略任务开始执行---------------------[0m
[32m2025-07-12 16:27:26 - INFO - 策略是否有新增数据: False
---------------------策略任务执行结束---------------------[0m
[32m2025-07-12 16:27:26 - INFO - ---------------------组合任务开始执行---------------------[0m
[32m2025-07-12 16:27:28 - INFO - 组合是否有新增数据: False
---------------------组合任务执行结束---------------------[0m
[32m2025-07-12 16:28:28 - INFO - ---------------------国债逆回购任务开始执行---------------------[0m
[32m2025-07-12 16:28:51 - INFO - 国债逆回购失败: 操作失败: {'code': -32002, 'data': "Selector [resourceId='com.hexin.plat.android:id/title_bar_left_container']", 'method': 'wait'}[0m
[32m2025-07-12 16:28:51 - INFO - ---------------------国债逆回购任务执行结束---------------------[0m
[32m2025-07-12 16:28:51 - INFO - ---------------------策略任务开始执行---------------------[0m
[32m2025-07-12 16:28:52 - INFO - 策略是否有新增数据: False
---------------------策略任务执行结束---------------------[0m
[32m2025-07-12 16:28:52 - INFO - ---------------------组合任务开始执行---------------------[0m
[32m2025-07-12 16:28:54 - INFO - 组合是否有新增数据: False
---------------------组合任务执行结束---------------------[0m
[32m2025-07-12 16:29:54 - INFO - ---------------------国债逆回购任务开始执行---------------------[0m
[32m2025-07-12 16:30:17 - INFO - 国债逆回购失败: 操作失败: {'code': -32002, 'data': "Selector [resourceId='com.hexin.plat.android:id/title_bar_left_container']", 'method': 'wait'}[0m
[32m2025-07-12 16:30:17 - INFO - ---------------------国债逆回购任务执行结束---------------------[0m
[32m2025-07-12 16:30:17 - INFO - ---------------------策略任务开始执行---------------------[0m
[32m2025-07-12 16:30:18 - INFO - 策略是否有新增数据: False
---------------------策略任务执行结束---------------------[0m
[32m2025-07-12 16:30:18 - INFO - ---------------------组合任务开始执行---------------------[0m
[32m2025-07-12 16:30:20 - INFO - 组合是否有新增数据: False
---------------------组合任务执行结束---------------------[0m
[32m2025-07-12 16:31:20 - INFO - ---------------------国债逆回购任务开始执行---------------------[0m
[32m2025-07-12 16:31:43 - INFO - 国债逆回购失败: 操作失败: {'code': -32002, 'data': "Selector [resourceId='com.hexin.plat.android:id/title_bar_left_container']", 'method': 'wait'}[0m
[32m2025-07-12 16:31:43 - INFO - ---------------------国债逆回购任务执行结束---------------------[0m
[32m2025-07-12 16:31:43 - INFO - ---------------------策略任务开始执行---------------------[0m
[32m2025-07-12 16:31:44 - INFO - 策略是否有新增数据: False
---------------------策略任务执行结束---------------------[0m
[32m2025-07-12 16:31:44 - INFO - ---------------------组合任务开始执行---------------------[0m
[32m2025-07-12 16:31:46 - INFO - 组合是否有新增数据: False
---------------------组合任务执行结束---------------------[0m
[32m2025-07-12 16:32:46 - INFO - ---------------------国债逆回购任务开始执行---------------------[0m
[32m2025-07-12 16:33:09 - INFO - 国债逆回购失败: 操作失败: {'code': -32002, 'data': "Selector [resourceId='com.hexin.plat.android:id/title_bar_left_container']", 'method': 'wait'}[0m
[32m2025-07-12 16:33:09 - INFO - ---------------------国债逆回购任务执行结束---------------------[0m
[32m2025-07-12 16:33:09 - INFO - ---------------------策略任务开始执行---------------------[0m
[32m2025-07-12 16:33:10 - INFO - 策略是否有新增数据: False
---------------------策略任务执行结束---------------------[0m
[32m2025-07-12 16:33:10 - INFO - ---------------------组合任务开始执行---------------------[0m
[32m2025-07-12 16:33:13 - INFO - 组合是否有新增数据: False
---------------------组合任务执行结束---------------------[0m
[32m2025-07-12 16:34:13 - INFO - ---------------------国债逆回购任务开始执行---------------------[0m
[32m2025-07-12 16:34:35 - INFO - 国债逆回购失败: 操作失败: {'code': -32002, 'data': "Selector [resourceId='com.hexin.plat.android:id/title_bar_left_container']", 'method': 'wait'}[0m
[32m2025-07-12 16:34:35 - INFO - ---------------------国债逆回购任务执行结束---------------------[0m
[32m2025-07-12 16:34:35 - INFO - ---------------------策略任务开始执行---------------------[0m
[32m2025-07-12 16:34:36 - INFO - 策略是否有新增数据: False
---------------------策略任务执行结束---------------------[0m
[32m2025-07-12 16:34:36 - INFO - ---------------------组合任务开始执行---------------------[0m
[32m2025-07-12 16:34:38 - INFO - 组合是否有新增数据: False
---------------------组合任务执行结束---------------------[0m
[32m2025-07-12 16:35:38 - INFO - ---------------------国债逆回购任务开始执行---------------------[0m
[32m2025-07-12 16:35:46 - INFO - 国债逆回购失败: 无法返回持仓列表页[0m
[32m2025-07-12 16:35:46 - INFO - ---------------------国债逆回购任务执行结束---------------------[0m
[32m2025-07-12 16:35:46 - INFO - ---------------------策略任务开始执行---------------------[0m
[32m2025-07-12 16:35:47 - INFO - 策略是否有新增数据: False
---------------------策略任务执行结束---------------------[0m
[32m2025-07-12 16:35:47 - INFO - ---------------------组合任务开始执行---------------------[0m
[32m2025-07-12 16:35:50 - INFO - 组合是否有新增数据: False
---------------------组合任务执行结束---------------------[0m
[32m2025-07-12 16:36:50 - INFO - ---------------------国债逆回购任务开始执行---------------------[0m
[32m2025-07-12 16:36:52 - INFO - 国债逆回购失败: 无法返回持仓列表页[0m
[32m2025-07-12 16:36:52 - INFO - ---------------------国债逆回购任务执行结束---------------------[0m
[32m2025-07-12 16:36:52 - INFO - ---------------------策略任务开始执行---------------------[0m
[32m2025-07-12 16:36:53 - INFO - 策略是否有新增数据: False
---------------------策略任务执行结束---------------------[0m
[32m2025-07-12 16:36:53 - INFO - ---------------------组合任务开始执行---------------------[0m
[32m2025-07-12 16:36:56 - INFO - 组合是否有新增数据: False
---------------------组合任务执行结束---------------------[0m
[32m2025-07-12 16:37:56 - INFO - ---------------------国债逆回购任务开始执行---------------------[0m
[32m2025-07-12 16:39:49 - INFO - ⏰ 调度器已启动，等待执行时间窗口...[0m
[32m2025-07-12 16:39:49 - INFO - 连接设备: 127.0.0.1:21503[0m
[32m2025-07-12 16:39:50 - INFO - 启动App成功: com.hexin.plat.android[0m
[32m2025-07-12 16:39:50 - INFO - ---------------------策略任务开始执行---------------------[0m
[32m2025-07-12 16:39:52 - INFO - 策略是否有新增数据: False
---------------------策略任务执行结束---------------------[0m
[32m2025-07-12 16:39:52 - INFO - ---------------------组合任务开始执行---------------------[0m
[32m2025-07-12 16:39:54 - INFO - 组合是否有新增数据: False
---------------------组合任务执行结束---------------------[0m
[32m2025-07-12 16:40:54 - INFO - ---------------------国债逆回购任务开始执行---------------------[0m
[32m2025-07-12 16:41:22 - INFO - 国债逆回购失败: 操作失败: {'code': -32002, 'data': "Selector [resourceId='com.hexin.plat.android:id/prompt_title']", 'method': 'wait'}[0m
[32m2025-07-12 16:41:22 - INFO - ---------------------国债逆回购任务执行结束---------------------[0m
[32m2025-07-12 16:41:22 - INFO - ---------------------策略任务开始执行---------------------[0m
[32m2025-07-12 16:41:23 - INFO - 策略是否有新增数据: False
---------------------策略任务执行结束---------------------[0m
[32m2025-07-12 16:41:23 - INFO - ---------------------组合任务开始执行---------------------[0m
[32m2025-07-12 16:41:25 - INFO - 组合是否有新增数据: False
---------------------组合任务执行结束---------------------[0m
[32m2025-07-12 16:42:25 - INFO - ---------------------国债逆回购任务开始执行---------------------[0m
[32m2025-07-12 16:42:29 - INFO - 国债逆回购失败: 无法返回持仓列表页[0m
[32m2025-07-12 16:42:29 - INFO - ---------------------国债逆回购任务执行结束---------------------[0m
[32m2025-07-12 16:42:29 - INFO - ---------------------策略任务开始执行---------------------[0m
[32m2025-07-12 16:42:30 - INFO - 策略是否有新增数据: False
---------------------策略任务执行结束---------------------[0m
[32m2025-07-12 16:42:30 - INFO - ---------------------组合任务开始执行---------------------[0m
[32m2025-07-12 16:42:33 - INFO - 组合是否有新增数据: False
---------------------组合任务执行结束---------------------[0m
[32m2025-07-12 16:42:38 - INFO - ⏰ 调度器已启动，等待执行时间窗口...[0m
[32m2025-07-12 16:42:38 - INFO - 连接设备: 127.0.0.1:21503[0m
[32m2025-07-12 16:42:39 - INFO - 启动App成功: com.hexin.plat.android[0m
[32m2025-07-12 16:43:39 - INFO - ---------------------国债逆回购任务开始执行---------------------[0m
[32m2025-07-12 16:43:45 - INFO - 国债逆回购失败: 当前页面不是 GC001(1天期)[0m
[32m2025-07-12 16:43:45 - INFO - ---------------------国债逆回购任务执行结束---------------------[0m
[32m2025-07-12 16:44:39 - INFO - ⏰ 调度器已启动，等待执行时间窗口...[0m
[32m2025-07-12 16:44:39 - INFO - 连接设备: 127.0.0.1:21503[0m
[32m2025-07-12 16:44:39 - INFO - 启动App成功: com.hexin.plat.android[0m
[32m2025-07-12 16:44:39 - INFO - ---------------------国债逆回购任务开始执行---------------------[0m
[32m2025-07-12 16:44:45 - INFO - 国债逆回购失败: 当前页面不是 GC001(1天期)[0m
[32m2025-07-12 16:44:45 - INFO - ---------------------国债逆回购任务执行结束---------------------[0m
[32m2025-07-12 16:44:45 - INFO - ---------------------国债逆回购任务开始执行---------------------[0m
[32m2025-07-12 16:44:51 - INFO - 国债逆回购失败: 当前页面不是 GC001(1天期)[0m
[32m2025-07-12 16:44:51 - INFO - ---------------------国债逆回购任务执行结束---------------------[0m
[32m2025-07-12 16:44:51 - INFO - ---------------------国债逆回购任务开始执行---------------------[0m
[32m2025-07-12 16:48:12 - INFO - ⏰ 调度器已启动，等待执行时间窗口...[0m
[32m2025-07-12 16:48:12 - INFO - 连接设备: 127.0.0.1:21503[0m
[32m2025-07-12 16:48:13 - INFO - 启动App成功: com.hexin.plat.android[0m
[32m2025-07-12 16:48:13 - INFO - ---------------------国债逆回购任务开始执行---------------------[0m
[32m2025-07-12 16:48:15 - INFO - 国债逆回购失败: 无法返回持仓列表页[0m
[32m2025-07-12 16:48:15 - INFO - ---------------------国债逆回购任务执行结束---------------------[0m
[32m2025-07-12 16:48:15 - INFO - ---------------------国债逆回购任务开始执行---------------------[0m
[32m2025-07-12 16:48:43 - INFO - 国债逆回购失败: 操作失败: {'code': -32002, 'data': "Selector [resourceId='com.hexin.plat.android:id/prompt_content']", 'method': 'wait'}[0m
[32m2025-07-12 16:48:43 - INFO - ---------------------国债逆回购任务执行结束---------------------[0m
[32m2025-07-12 16:48:43 - INFO - ---------------------国债逆回购任务开始执行---------------------[0m
[32m2025-07-12 16:49:01 - INFO - 国债逆回购失败: 无法返回持仓列表页[0m
[32m2025-07-12 16:49:01 - INFO - ---------------------国债逆回购任务执行结束---------------------[0m
[32m2025-07-12 16:49:01 - INFO - ---------------------国债逆回购任务开始执行---------------------[0m
[32m2025-07-12 16:49:03 - INFO - 国债逆回购失败: 无法返回持仓列表页[0m
[32m2025-07-12 16:49:03 - INFO - ---------------------国债逆回购任务执行结束---------------------[0m
[32m2025-07-12 16:49:03 - INFO - ---------------------国债逆回购任务开始执行---------------------[0m
[32m2025-07-12 16:49:29 - INFO - ⏰ 调度器已启动，等待执行时间窗口...[0m
[32m2025-07-12 16:49:29 - INFO - 连接设备: 127.0.0.1:21503[0m
[32m2025-07-12 16:49:30 - INFO - 启动App成功: com.hexin.plat.android[0m
[32m2025-07-12 16:49:30 - INFO - ---------------------国债逆回购任务开始执行---------------------[0m
[32m2025-07-12 16:49:33 - INFO - 国债逆回购失败: 无法返回持仓列表页[0m
[32m2025-07-12 16:49:33 - INFO - ---------------------国债逆回购任务执行结束---------------------[0m
[32m2025-07-12 16:49:33 - INFO - ---------------------国债逆回购任务开始执行---------------------[0m
[32m2025-07-12 16:50:12 - INFO - 国债逆回购失败: 当前页面不是 GC001(1天期)[0m
[32m2025-07-12 16:50:12 - INFO - ---------------------国债逆回购任务执行结束---------------------[0m
[32m2025-07-12 16:50:12 - INFO - ---------------------国债逆回购任务开始执行---------------------[0m
[32m2025-07-12 16:56:26 - INFO - ⏰ 调度器已启动，等待执行时间窗口...[0m
[32m2025-07-12 16:56:26 - INFO - 连接设备: 127.0.0.1:21503[0m
[32m2025-07-12 16:56:26 - INFO - 启动App成功: com.hexin.plat.android[0m
[32m2025-07-12 16:56:26 - INFO - ---------------------国债逆回购任务开始执行---------------------[0m
[32m2025-07-12 16:56:29 - INFO - 国债逆回购失败: 无法返回持仓列表页[0m
[32m2025-07-12 16:56:29 - INFO - ---------------------国债逆回购任务执行结束---------------------[0m
[32m2025-07-12 16:56:29 - INFO - ---------------------国债逆回购任务开始执行---------------------[0m
[32m2025-07-12 16:56:51 - INFO - 国债逆回购失败: 当前页面不是 GC001(1天期)[0m
[32m2025-07-12 16:56:53 - INFO - ---------------------国债逆回购任务执行结束---------------------[0m
[32m2025-07-12 16:57:01 - INFO - ---------------------国债逆回购任务开始执行---------------------[0m
[32m2025-07-12 17:02:10 - INFO - ⏰ 调度器已启动，等待执行时间窗口...[0m
[32m2025-07-12 17:02:10 - INFO - 连接设备: 127.0.0.1:21503[0m
[32m2025-07-12 17:02:11 - INFO - 启动App成功: com.hexin.plat.android[0m
[32m2025-07-12 17:02:11 - INFO - ---------------------国债逆回购任务开始执行---------------------[0m
[32m2025-07-12 17:02:13 - INFO - 国债逆回购失败: 无法返回持仓列表页[0m
[32m2025-07-12 17:02:13 - INFO - ---------------------国债逆回购任务执行结束---------------------[0m
[32m2025-07-12 17:02:13 - INFO - ---------------------国债逆回购任务开始执行---------------------[0m
[32m2025-07-12 17:03:56 - INFO - ⏰ 调度器已启动，等待执行时间窗口...[0m
[32m2025-07-12 17:03:56 - INFO - 连接设备: 127.0.0.1:21503[0m
[32m2025-07-12 17:03:56 - INFO - 启动App成功: com.hexin.plat.android[0m
[32m2025-07-12 17:03:56 - INFO - ---------------------国债逆回购任务开始执行---------------------[0m
[32m2025-07-12 17:03:59 - INFO - 国债逆回购失败: 无法返回持仓列表页[0m
[32m2025-07-12 17:03:59 - INFO - ---------------------国债逆回购任务执行结束---------------------[0m
[32m2025-07-12 17:03:59 - INFO - ---------------------国债逆回购任务开始执行---------------------[0m
[32m2025-07-12 17:11:35 - INFO - ⏰ 调度器已启动，等待执行时间窗口...[0m
[32m2025-07-12 17:11:35 - INFO - 连接设备: 127.0.0.1:21503[0m
[32m2025-07-12 17:11:35 - INFO - 启动App成功: com.hexin.plat.android[0m
[32m2025-07-12 17:11:35 - INFO - ---------------------国债逆回购任务开始执行---------------------[0m
[32m2025-07-12 17:11:38 - INFO - 国债逆回购失败: 无法返回持仓列表页[0m
[32m2025-07-12 17:11:38 - INFO - ---------------------国债逆回购任务执行结束---------------------[0m
[32m2025-07-12 17:11:38 - INFO - ---------------------国债逆回购任务开始执行---------------------[0m
[32m2025-07-12 17:13:04 - INFO - ⏰ 调度器已启动，等待执行时间窗口...[0m
[32m2025-07-12 17:13:04 - INFO - 连接设备: 127.0.0.1:21503[0m
[32m2025-07-12 17:13:04 - INFO - 启动App成功: com.hexin.plat.android[0m
[32m2025-07-12 17:13:04 - INFO - ---------------------国债逆回购任务开始执行---------------------[0m
[32m2025-07-12 17:13:07 - INFO - 国债逆回购失败: 无法返回持仓列表页[0m
[32m2025-07-12 17:13:07 - INFO - ---------------------国债逆回购任务执行结束---------------------[0m
[32m2025-07-12 17:13:07 - INFO - ---------------------国债逆回购任务开始执行---------------------[0m
[32m2025-07-12 17:21:02 - INFO - ⏰ 调度器已启动，等待执行时间窗口...[0m
[32m2025-07-12 17:21:03 - INFO - 连接设备: 127.0.0.1:21503[0m
[32m2025-07-12 17:21:03 - INFO - 启动App成功: com.hexin.plat.android[0m
[32m2025-07-12 17:21:03 - INFO - ---------------------国债逆回购任务开始执行---------------------[0m
[32m2025-07-12 17:21:05 - INFO - 国债逆回购失败: 无法返回持仓列表页[0m
[32m2025-07-12 17:21:05 - INFO - ---------------------国债逆回购任务执行结束---------------------[0m
[32m2025-07-12 17:21:05 - INFO - ---------------------国债逆回购任务开始执行---------------------[0m
[32m2025-07-12 17:23:28 - INFO - ⏰ 调度器已启动，等待执行时间窗口...[0m
[32m2025-07-12 17:23:29 - INFO - 连接设备: 127.0.0.1:21503[0m
[32m2025-07-12 17:23:29 - INFO - 启动App成功: com.hexin.plat.android[0m
[32m2025-07-12 17:23:29 - INFO - ---------------------国债逆回购任务开始执行---------------------[0m
[32m2025-07-12 17:23:32 - INFO - 国债逆回购失败: 无法返回持仓列表页[0m
[32m2025-07-12 17:23:32 - INFO - ---------------------国债逆回购任务执行结束---------------------[0m
[32m2025-07-12 17:23:32 - INFO - ---------------------国债逆回购任务开始执行---------------------[0m
[32m2025-07-12 17:24:19 - INFO - 国债逆回购失败: 当前页面不是 GC001(1天期)[0m
[32m2025-07-12 17:24:19 - INFO - ---------------------国债逆回购任务执行结束---------------------[0m
[32m2025-07-12 17:24:19 - INFO - ---------------------国债逆回购任务开始执行---------------------[0m
[32m2025-07-12 17:24:36 - INFO - 国债逆回购失败: 当前页面不是 GC001(1天期)[0m
[32m2025-07-12 17:24:36 - INFO - ---------------------国债逆回购任务执行结束---------------------[0m
[32m2025-07-12 17:24:36 - INFO - ---------------------国债逆回购任务开始执行---------------------[0m
[32m2025-07-12 17:24:58 - INFO - ⏰ 调度器已启动，等待执行时间窗口...[0m
[32m2025-07-12 17:24:58 - INFO - 连接设备: 127.0.0.1:21503[0m
[32m2025-07-12 17:24:58 - INFO - 启动App成功: com.hexin.plat.android[0m
[32m2025-07-12 17:24:58 - INFO - ---------------------国债逆回购任务开始执行---------------------[0m
[32m2025-07-12 17:25:01 - INFO - 国债逆回购失败: 无法返回持仓列表页[0m
[32m2025-07-12 17:25:01 - INFO - ---------------------国债逆回购任务执行结束---------------------[0m
[32m2025-07-12 17:25:01 - INFO - ---------------------国债逆回购任务开始执行---------------------[0m
[32m2025-07-12 17:26:47 - INFO - ⏰ 调度器已启动，等待执行时间窗口...[0m
[32m2025-07-12 17:26:47 - INFO - 连接设备: 127.0.0.1:21503[0m
[32m2025-07-12 17:26:47 - INFO - 启动App成功: com.hexin.plat.android[0m
[32m2025-07-12 17:26:47 - INFO - ---------------------国债逆回购任务开始执行---------------------[0m
[32m2025-07-12 17:26:50 - INFO - 国债逆回购失败: 无法返回持仓列表页[0m
[32m2025-07-12 17:26:50 - INFO - ---------------------国债逆回购任务执行结束---------------------[0m
[32m2025-07-12 17:26:50 - INFO - ---------------------国债逆回购任务开始执行---------------------[0m
[32m2025-07-12 17:28:44 - INFO - ⏰ 调度器已启动，等待执行时间窗口...[0m
[32m2025-07-12 17:28:44 - INFO - 连接设备: 127.0.0.1:21503[0m
[32m2025-07-12 17:28:45 - INFO - 启动App成功: com.hexin.plat.android[0m
[32m2025-07-12 17:28:45 - INFO - ---------------------国债逆回购任务开始执行---------------------[0m
