[32m2025-07-08 21:49:13 - INFO - 组合 获取数据成功id:11094 组-低位题材埋伏 [0m
[32m2025-07-08 21:49:14 - INFO - 组合 获取数据成功id:7152 组-中线龙头 [0m
[32m2025-07-08 21:49:14 - INFO - 组合 获取数据成功id:29684 ETF-主题成长优选 [0m
[32m2025-07-08 21:49:14 - INFO - 组合 获取数据成功id:29634 ETF-主题轮动精选 [0m
[32m2025-07-08 21:49:15 - INFO - 组合 获取数据成功id:31670 赛-情绪拐点龙头战法 [0m
[32m2025-07-08 21:49:15 - INFO - 组合 获取数据成功id:31672 赛-短线趋势题材 [0m
[32m2025-07-08 21:49:15 - INFO - 今日交易数据 1 条
         名称  操作  标的名称      代码    最新价  新比例%    市场                时间
1  赛-短线趋势题材  卖出  元利科技  603217  18.37   0.0  沪深A股  2025-07-08 14:34[0m
[32m2025-07-09 22:44:10 - INFO - 组合 获取数据成功id:9800 组-逻辑为王 [0m
[32m2025-07-09 22:44:11 - INFO - 组合 获取数据成功id:29684 ETF-主题成长优选 [0m
[32m2025-07-09 22:44:11 - INFO - 组合 获取数据成功id:29634 ETF-主题轮动精选 [0m
[32m2025-07-09 22:44:11 - INFO - 组合 获取数据成功id:31670 赛-情绪拐点龙头战法 [0m
[32m2025-07-09 22:44:12 - INFO - 组合 获取数据成功id:31672 赛-短线趋势题材 [0m
[32m2025-07-09 22:44:12 - INFO - 今日交易数据 4 条
       名称  操作                    标的名称  ...  新比例%    市场                时间
1  组-逻辑为王  卖出  资金选择多元金融，而券商分化，表现弱于预期。  ...   0.0  沪深A股  2025-07-09 14:03
2  组-逻辑为王  买入                     特高压  ...  33.0  沪深A股  2025-07-09 10:11
3  组-逻辑为王  卖出                      换票  ...   0.0  沪深A股  2025-07-09 09:52
4  组-逻辑为王  买入                      军工  ...  33.0  沪深A股  2025-07-09 09:50

[4 rows x 8 columns][0m
[32m2025-07-09 22:45:32 - INFO - 组合 获取数据成功id:9800 组-逻辑为王 [0m
[32m2025-07-09 22:45:32 - INFO - 组合 获取数据成功id:29684 ETF-主题成长优选 [0m
[32m2025-07-09 22:45:33 - INFO - 组合 获取数据成功id:29634 ETF-主题轮动精选 [0m
[32m2025-07-09 22:45:33 - INFO - 组合 获取数据成功id:31670 赛-情绪拐点龙头战法 [0m
[32m2025-07-09 22:45:33 - INFO - 组合 获取数据成功id:31672 赛-短线趋势题材 [0m
[32m2025-07-09 22:45:33 - INFO - 今日交易数据 4 条
       名称  操作  标的名称      代码    最新价  新比例%    市场                时间
1  组-逻辑为王  卖出  天风证券  601***   4.91   0.0  沪深A股  2025-07-09 14:03
2  组-逻辑为王  买入  许继电气  000***  22.25  33.0  沪深A股  2025-07-09 10:11
3  组-逻辑为王  卖出  中天科技  600***  14.34   0.0  沪深A股  2025-07-09 09:52
4  组-逻辑为王  买入  海格通信  002***  13.18  33.0  沪深A股  2025-07-09 09:50[0m
[32m2025-07-09 22:45:34 - INFO - ---------------组合 无新增交易数据----------------[0m
[32m2025-07-09 22:46:08 - INFO - 组合 获取数据成功id:9800 组-逻辑为王 [0m
[32m2025-07-09 22:46:09 - INFO - 组合 获取数据成功id:29684 ETF-主题成长优选 [0m
[32m2025-07-09 22:46:09 - INFO - 组合 获取数据成功id:29634 ETF-主题轮动精选 [0m
[32m2025-07-09 22:46:09 - INFO - 组合 获取数据成功id:31670 赛-情绪拐点龙头战法 [0m
[32m2025-07-09 22:46:10 - INFO - 组合 获取数据成功id:31672 赛-短线趋势题材 [0m
[32m2025-07-09 22:46:10 - INFO - 今日交易数据 4 条
       名称  操作  标的名称      代码    最新价  新比例%    市场                时间
1  组-逻辑为王  卖出  天风证券  601***   4.91   0.0  沪深A股  2025-07-09 14:03
2  组-逻辑为王  买入  许继电气  000***  22.25  33.0  沪深A股  2025-07-09 10:11
3  组-逻辑为王  卖出  中天科技  600***  14.34   0.0  沪深A股  2025-07-09 09:52
4  组-逻辑为王  买入  海格通信  002***  13.18  33.0  沪深A股  2025-07-09 09:50[0m
[32m2025-07-12 08:12:49 - INFO - 组合 获取数据成功id:19347 超短稳定复利 [0m
[32m2025-07-12 08:12:50 - INFO - 组合 获取数据成功id:9800 组-逻辑为王 [0m
[32m2025-07-12 08:12:51 - INFO - 组合 获取数据成功id:29684 ETF-主题成长优选 [0m
[32m2025-07-12 08:12:52 - INFO - 组合 获取数据成功id:29634 ETF-主题轮动精选 [0m
[32m2025-07-12 08:12:53 - INFO - 组合 获取数据成功id:31670 赛-情绪拐点龙头战法 [0m
[32m2025-07-12 08:12:53 - INFO - 组合 获取数据成功id:31672 赛-短线趋势题材 [0m
[32m2025-07-12 08:12:53 - INFO - 今日交易数据 8 条
         名称  操作  标的名称      代码    最新价  新比例%    市场                时间
1    组-逻辑为王  买入  雪人集团  002***  10.96  33.0  沪深A股  2025-07-11 13:59
2    组-逻辑为王  卖出  海格通信  002***  12.97   0.0  沪深A股  2025-07-11 13:43
3    组-逻辑为王  买入  龙溪股份  600***  20.58  33.0  沪深A股  2025-07-11 13:22
4    组-逻辑为王  卖出  许继电气  000***  21.91   0.0  沪深A股  2025-07-11 13:21
5    组-逻辑为王  买入  长电科技  600***  33.58  33.0  沪深A股  2025-07-11 13:16
6  赛-短线趋势题材  买入   多氟多  002407  12.22  25.0  沪深A股  2025-07-11 11:48
7    超短稳定复利  买入   新亚强  603***  16.64  10.0  沪深A股  2025-07-11 10:28
8    组-逻辑为王  卖出  保利发展  600***   8.33   0.0  沪深A股  2025-07-11 10:10[0m
[32m2025-07-12 08:13:57 - INFO - 组合 获取数据成功id:19347 超短稳定复利 [0m
[32m2025-07-12 08:13:57 - INFO - 组合 获取数据成功id:9800 组-逻辑为王 [0m
[32m2025-07-12 08:13:58 - INFO - 组合 获取数据成功id:29684 ETF-主题成长优选 [0m
[32m2025-07-12 08:13:59 - INFO - 组合 获取数据成功id:29634 ETF-主题轮动精选 [0m
[32m2025-07-12 08:13:59 - INFO - 组合 获取数据成功id:31670 赛-情绪拐点龙头战法 [0m
[32m2025-07-12 08:14:00 - INFO - 组合 获取数据成功id:31672 赛-短线趋势题材 [0m
[32m2025-07-12 08:14:00 - INFO - 今日交易数据 8 条
         名称  操作  标的名称      代码    最新价  新比例%    市场                时间
1    组-逻辑为王  买入  雪人集团  002***  10.96  33.0  沪深A股  2025-07-11 13:59
2    组-逻辑为王  卖出  海格通信  002***  12.97   0.0  沪深A股  2025-07-11 13:43
3    组-逻辑为王  买入  龙溪股份  600***  20.58  33.0  沪深A股  2025-07-11 13:22
4    组-逻辑为王  卖出  许继电气  000***  21.91   0.0  沪深A股  2025-07-11 13:21
5    组-逻辑为王  买入  长电科技  600***  33.58  33.0  沪深A股  2025-07-11 13:16
6  赛-短线趋势题材  买入   多氟多  002407  12.22  25.0  沪深A股  2025-07-11 11:48
7    超短稳定复利  买入   新亚强  603***  16.64  10.0  沪深A股  2025-07-11 10:28
8    组-逻辑为王  卖出  保利发展  600***   8.33   0.0  沪深A股  2025-07-11 10:10[0m
[32m2025-07-12 08:14:01 - INFO - ---------------组合 无新增交易数据----------------[0m
[32m2025-07-12 08:15:03 - INFO - 组合 获取数据成功id:19347 超短稳定复利 [0m
[32m2025-07-12 08:15:04 - INFO - 组合 获取数据成功id:9800 组-逻辑为王 [0m
[32m2025-07-12 08:15:04 - INFO - 组合 获取数据成功id:29684 ETF-主题成长优选 [0m
[32m2025-07-12 08:15:05 - INFO - 组合 获取数据成功id:29634 ETF-主题轮动精选 [0m
[32m2025-07-12 08:15:05 - INFO - 组合 获取数据成功id:31670 赛-情绪拐点龙头战法 [0m
[32m2025-07-12 08:15:06 - INFO - 组合 获取数据成功id:31672 赛-短线趋势题材 [0m
[32m2025-07-12 08:15:06 - INFO - 今日交易数据 8 条
         名称  操作  标的名称      代码    最新价  新比例%    市场                时间
1    组-逻辑为王  买入  雪人集团  002***  10.96  33.0  沪深A股  2025-07-11 13:59
2    组-逻辑为王  卖出  海格通信  002***  12.97   0.0  沪深A股  2025-07-11 13:43
3    组-逻辑为王  买入  龙溪股份  600***  20.58  33.0  沪深A股  2025-07-11 13:22
4    组-逻辑为王  卖出  许继电气  000***  21.91   0.0  沪深A股  2025-07-11 13:21
5    组-逻辑为王  买入  长电科技  600***  33.58  33.0  沪深A股  2025-07-11 13:16
6  赛-短线趋势题材  买入   多氟多  002407  12.22  25.0  沪深A股  2025-07-11 11:48
7    超短稳定复利  买入   新亚强  603***  16.64  10.0  沪深A股  2025-07-11 10:28
8    组-逻辑为王  卖出  保利发展  600***   8.33   0.0  沪深A股  2025-07-11 10:10[0m
[32m2025-07-12 08:15:06 - INFO - ---------------组合 无新增交易数据----------------[0m
[32m2025-07-12 08:16:12 - INFO - 组合 获取数据成功id:19347 超短稳定复利 [0m
[32m2025-07-12 08:16:13 - INFO - 组合 获取数据成功id:9800 组-逻辑为王 [0m
[32m2025-07-12 08:16:14 - INFO - 组合 获取数据成功id:29684 ETF-主题成长优选 [0m
[32m2025-07-12 08:16:14 - INFO - 组合 获取数据成功id:29634 ETF-主题轮动精选 [0m
[32m2025-07-12 08:16:15 - INFO - 组合 获取数据成功id:31670 赛-情绪拐点龙头战法 [0m
[32m2025-07-12 08:16:15 - INFO - 组合 获取数据成功id:31672 赛-短线趋势题材 [0m
[32m2025-07-12 08:16:15 - INFO - 今日交易数据 8 条
         名称  操作  标的名称      代码    最新价  新比例%    市场                时间
1    组-逻辑为王  买入  雪人集团  002***  10.96  33.0  沪深A股  2025-07-11 13:59
2    组-逻辑为王  卖出  海格通信  002***  12.97   0.0  沪深A股  2025-07-11 13:43
3    组-逻辑为王  买入  龙溪股份  600***  20.58  33.0  沪深A股  2025-07-11 13:22
4    组-逻辑为王  卖出  许继电气  000***  21.91   0.0  沪深A股  2025-07-11 13:21
5    组-逻辑为王  买入  长电科技  600***  33.58  33.0  沪深A股  2025-07-11 13:16
6  赛-短线趋势题材  买入   多氟多  002407  12.22  25.0  沪深A股  2025-07-11 11:48
7    超短稳定复利  买入   新亚强  603***  16.64  10.0  沪深A股  2025-07-11 10:28
8    组-逻辑为王  卖出  保利发展  600***   8.33   0.0  沪深A股  2025-07-11 10:10[0m
[32m2025-07-12 08:16:15 - INFO - ---------------组合 无新增交易数据----------------[0m
[32m2025-07-12 08:21:43 - INFO - 组合 获取数据成功id:19347 超短稳定复利 [0m
[32m2025-07-12 08:21:44 - INFO - 组合 获取数据成功id:9800 组-逻辑为王 [0m
[32m2025-07-12 08:21:45 - INFO - 组合 获取数据成功id:29684 ETF-主题成长优选 [0m
[32m2025-07-12 08:21:45 - INFO - 组合 获取数据成功id:29634 ETF-主题轮动精选 [0m
[32m2025-07-12 08:21:46 - INFO - 组合 获取数据成功id:31670 赛-情绪拐点龙头战法 [0m
[32m2025-07-12 08:21:47 - INFO - 组合 获取数据成功id:31672 赛-短线趋势题材 [0m
[32m2025-07-12 08:21:47 - INFO - 今日交易数据 8 条
         名称  操作  标的名称      代码    最新价  新比例%    市场                时间
1    组-逻辑为王  买入  雪人集团  002***  10.96  33.0  沪深A股  2025-07-11 13:59
2    组-逻辑为王  卖出  海格通信  002***  12.97   0.0  沪深A股  2025-07-11 13:43
3    组-逻辑为王  买入  龙溪股份  600***  20.58  33.0  沪深A股  2025-07-11 13:22
4    组-逻辑为王  卖出  许继电气  000***  21.91   0.0  沪深A股  2025-07-11 13:21
5    组-逻辑为王  买入  长电科技  600***  33.58  33.0  沪深A股  2025-07-11 13:16
6  赛-短线趋势题材  买入   多氟多  002407  12.22  25.0  沪深A股  2025-07-11 11:48
7    超短稳定复利  买入   新亚强  603***  16.64  10.0  沪深A股  2025-07-11 10:28
8    组-逻辑为王  卖出  保利发展  600***   8.33   0.0  沪深A股  2025-07-11 10:10[0m
[32m2025-07-12 08:25:46 - INFO - 组合 获取数据成功id:19347 超短稳定复利 [0m
[32m2025-07-12 08:25:48 - INFO - 组合 获取数据成功id:9800 组-逻辑为王 [0m
[32m2025-07-12 08:25:48 - INFO - 组合 获取数据成功id:29684 ETF-主题成长优选 [0m
[32m2025-07-12 08:25:49 - INFO - 组合 获取数据成功id:29634 ETF-主题轮动精选 [0m
[32m2025-07-12 08:25:49 - INFO - 组合 获取数据成功id:31670 赛-情绪拐点龙头战法 [0m
[32m2025-07-12 08:25:49 - INFO - 组合 获取数据成功id:31672 赛-短线趋势题材 [0m
[32m2025-07-12 08:25:49 - INFO - 今日交易数据 8 条
         名称  操作  标的名称      代码    最新价  新比例%    市场                时间
1    组-逻辑为王  买入  雪人集团  002***  10.96  33.0  沪深A股  2025-07-11 13:59
2    组-逻辑为王  卖出  海格通信  002***  12.97   0.0  沪深A股  2025-07-11 13:43
3    组-逻辑为王  买入  龙溪股份  600***  20.58  33.0  沪深A股  2025-07-11 13:22
4    组-逻辑为王  卖出  许继电气  000***  21.91   0.0  沪深A股  2025-07-11 13:21
5    组-逻辑为王  买入  长电科技  600***  33.58  33.0  沪深A股  2025-07-11 13:16
6  赛-短线趋势题材  买入   多氟多  002407  12.22  25.0  沪深A股  2025-07-11 11:48
7    超短稳定复利  买入   新亚强  603***  16.64  10.0  沪深A股  2025-07-11 10:28
8    组-逻辑为王  卖出  保利发展  600***   8.33   0.0  沪深A股  2025-07-11 10:10[0m
[32m2025-07-12 08:25:50 - INFO - ---------------组合 无新增交易数据----------------[0m
[32m2025-07-12 08:26:54 - INFO - 组合 获取数据成功id:19347 超短稳定复利 [0m
[32m2025-07-12 08:26:55 - INFO - 组合 获取数据成功id:9800 组-逻辑为王 [0m
[32m2025-07-12 08:26:55 - INFO - 组合 获取数据成功id:29684 ETF-主题成长优选 [0m
[32m2025-07-12 08:26:56 - INFO - 组合 获取数据成功id:29634 ETF-主题轮动精选 [0m
[32m2025-07-12 08:26:56 - INFO - 组合 获取数据成功id:31670 赛-情绪拐点龙头战法 [0m
[32m2025-07-12 08:26:57 - INFO - 组合 获取数据成功id:31672 赛-短线趋势题材 [0m
[32m2025-07-12 08:26:57 - INFO - 今日交易数据 8 条
         名称  操作  标的名称      代码    最新价  新比例%    市场                时间
1    组-逻辑为王  买入  雪人集团  002***  10.96  33.0  沪深A股  2025-07-11 13:59
2    组-逻辑为王  卖出  海格通信  002***  12.97   0.0  沪深A股  2025-07-11 13:43
3    组-逻辑为王  买入  龙溪股份  600***  20.58  33.0  沪深A股  2025-07-11 13:22
4    组-逻辑为王  卖出  许继电气  000***  21.91   0.0  沪深A股  2025-07-11 13:21
5    组-逻辑为王  买入  长电科技  600***  33.58  33.0  沪深A股  2025-07-11 13:16
6  赛-短线趋势题材  买入   多氟多  002407  12.22  25.0  沪深A股  2025-07-11 11:48
7    超短稳定复利  买入   新亚强  603***  16.64  10.0  沪深A股  2025-07-11 10:28
8    组-逻辑为王  卖出  保利发展  600***   8.33   0.0  沪深A股  2025-07-11 10:10[0m
[32m2025-07-12 08:26:57 - INFO - ---------------组合 无新增交易数据----------------[0m
[32m2025-07-12 08:28:01 - INFO - 组合 获取数据成功id:19347 超短稳定复利 [0m
[32m2025-07-12 08:28:03 - INFO - 组合 获取数据成功id:9800 组-逻辑为王 [0m
[32m2025-07-12 08:28:03 - INFO - 组合 获取数据成功id:29684 ETF-主题成长优选 [0m
[32m2025-07-12 08:28:04 - INFO - 组合 获取数据成功id:29634 ETF-主题轮动精选 [0m
[32m2025-07-12 08:28:04 - INFO - 组合 获取数据成功id:31670 赛-情绪拐点龙头战法 [0m
[32m2025-07-12 08:28:04 - INFO - 组合 获取数据成功id:31672 赛-短线趋势题材 [0m
[32m2025-07-12 08:28:04 - INFO - 今日交易数据 8 条
         名称  操作  标的名称      代码    最新价  新比例%    市场                时间
1    组-逻辑为王  买入  雪人集团  002***  10.96  33.0  沪深A股  2025-07-11 13:59
2    组-逻辑为王  卖出  海格通信  002***  12.97   0.0  沪深A股  2025-07-11 13:43
3    组-逻辑为王  买入  龙溪股份  600***  20.58  33.0  沪深A股  2025-07-11 13:22
4    组-逻辑为王  卖出  许继电气  000***  21.91   0.0  沪深A股  2025-07-11 13:21
5    组-逻辑为王  买入  长电科技  600***  33.58  33.0  沪深A股  2025-07-11 13:16
6  赛-短线趋势题材  买入   多氟多  002407  12.22  25.0  沪深A股  2025-07-11 11:48
7    超短稳定复利  买入   新亚强  603***  16.64  10.0  沪深A股  2025-07-11 10:28
8    组-逻辑为王  卖出  保利发展  600***   8.33   0.0  沪深A股  2025-07-11 10:10[0m
[32m2025-07-12 08:34:03 - INFO - 组合 获取数据成功id:19347 超短稳定复利 [0m
[32m2025-07-12 08:34:04 - INFO - 组合 获取数据成功id:9800 组-逻辑为王 [0m
[32m2025-07-12 08:34:04 - INFO - 组合 获取数据成功id:29684 ETF-主题成长优选 [0m
[32m2025-07-12 08:34:05 - INFO - 组合 获取数据成功id:29634 ETF-主题轮动精选 [0m
[32m2025-07-12 08:34:05 - INFO - 组合 获取数据成功id:31670 赛-情绪拐点龙头战法 [0m
[32m2025-07-12 08:34:06 - INFO - 组合 获取数据成功id:31672 赛-短线趋势题材 [0m
[32m2025-07-12 08:34:06 - INFO - 今日交易数据 8 条
         名称  操作  标的名称      代码    最新价  新比例%    市场                时间
1    组-逻辑为王  买入  雪人集团  002***  10.96  33.0  沪深A股  2025-07-11 13:59
2    组-逻辑为王  卖出  海格通信  002***  12.97   0.0  沪深A股  2025-07-11 13:43
3    组-逻辑为王  买入  龙溪股份  600***  20.58  33.0  沪深A股  2025-07-11 13:22
4    组-逻辑为王  卖出  许继电气  000***  21.91   0.0  沪深A股  2025-07-11 13:21
5    组-逻辑为王  买入  长电科技  600***  33.58  33.0  沪深A股  2025-07-11 13:16
6  赛-短线趋势题材  买入   多氟多  002407  12.22  25.0  沪深A股  2025-07-11 11:48
7    超短稳定复利  买入   新亚强  603***  16.64  10.0  沪深A股  2025-07-11 10:28
8    组-逻辑为王  卖出  保利发展  600***   8.33   0.0  沪深A股  2025-07-11 10:10[0m
[32m2025-07-12 08:34:06 - INFO - ---------------组合 无新增交易数据----------------[0m
[32m2025-07-12 08:35:09 - INFO - 组合 获取数据成功id:19347 超短稳定复利 [0m
[32m2025-07-12 08:35:10 - INFO - 组合 获取数据成功id:9800 组-逻辑为王 [0m
[32m2025-07-12 08:35:10 - INFO - 组合 获取数据成功id:29684 ETF-主题成长优选 [0m
[32m2025-07-12 08:35:11 - INFO - 组合 获取数据成功id:29634 ETF-主题轮动精选 [0m
[32m2025-07-12 08:35:11 - INFO - 组合 获取数据成功id:31670 赛-情绪拐点龙头战法 [0m
[32m2025-07-12 08:35:12 - INFO - 组合 获取数据成功id:31672 赛-短线趋势题材 [0m
[32m2025-07-12 08:35:12 - INFO - 今日交易数据 8 条
         名称  操作  标的名称      代码    最新价  新比例%    市场                时间
1    组-逻辑为王  买入  雪人集团  002***  10.96  33.0  沪深A股  2025-07-11 13:59
2    组-逻辑为王  卖出  海格通信  002***  12.97   0.0  沪深A股  2025-07-11 13:43
3    组-逻辑为王  买入  龙溪股份  600***  20.58  33.0  沪深A股  2025-07-11 13:22
4    组-逻辑为王  卖出  许继电气  000***  21.91   0.0  沪深A股  2025-07-11 13:21
5    组-逻辑为王  买入  长电科技  600***  33.58  33.0  沪深A股  2025-07-11 13:16
6  赛-短线趋势题材  买入   多氟多  002407  12.22  25.0  沪深A股  2025-07-11 11:48
7    超短稳定复利  买入   新亚强  603***  16.64  10.0  沪深A股  2025-07-11 10:28
8    组-逻辑为王  卖出  保利发展  600***   8.33   0.0  沪深A股  2025-07-11 10:10[0m
[32m2025-07-12 08:35:12 - INFO - ---------------组合 无新增交易数据----------------[0m
[32m2025-07-12 08:36:16 - INFO - 组合 获取数据成功id:19347 超短稳定复利 [0m
[32m2025-07-12 08:36:17 - INFO - 组合 获取数据成功id:9800 组-逻辑为王 [0m
[32m2025-07-12 08:36:17 - INFO - 组合 获取数据成功id:29684 ETF-主题成长优选 [0m
[32m2025-07-12 08:36:18 - INFO - 组合 获取数据成功id:29634 ETF-主题轮动精选 [0m
[32m2025-07-12 08:36:18 - INFO - 组合 获取数据成功id:31670 赛-情绪拐点龙头战法 [0m
[32m2025-07-12 08:36:19 - INFO - 组合 获取数据成功id:31672 赛-短线趋势题材 [0m
[32m2025-07-12 08:36:19 - INFO - 今日交易数据 8 条
         名称  操作  标的名称      代码    最新价  新比例%    市场                时间
1    组-逻辑为王  买入  雪人集团  002***  10.96  33.0  沪深A股  2025-07-11 13:59
2    组-逻辑为王  卖出  海格通信  002***  12.97   0.0  沪深A股  2025-07-11 13:43
3    组-逻辑为王  买入  龙溪股份  600***  20.58  33.0  沪深A股  2025-07-11 13:22
4    组-逻辑为王  卖出  许继电气  000***  21.91   0.0  沪深A股  2025-07-11 13:21
5    组-逻辑为王  买入  长电科技  600***  33.58  33.0  沪深A股  2025-07-11 13:16
6  赛-短线趋势题材  买入   多氟多  002407  12.22  25.0  沪深A股  2025-07-11 11:48
7    超短稳定复利  买入   新亚强  603***  16.64  10.0  沪深A股  2025-07-11 10:28
8    组-逻辑为王  卖出  保利发展  600***   8.33   0.0  沪深A股  2025-07-11 10:10[0m
[32m2025-07-12 08:36:19 - INFO - ---------------组合 无新增交易数据----------------[0m
[32m2025-07-12 08:37:23 - INFO - 组合 获取数据成功id:19347 超短稳定复利 [0m
[32m2025-07-12 08:37:24 - INFO - 组合 获取数据成功id:9800 组-逻辑为王 [0m
[32m2025-07-12 08:37:24 - INFO - 组合 获取数据成功id:29684 ETF-主题成长优选 [0m
[32m2025-07-12 08:37:25 - INFO - 组合 获取数据成功id:29634 ETF-主题轮动精选 [0m
[32m2025-07-12 08:37:25 - INFO - 组合 获取数据成功id:31670 赛-情绪拐点龙头战法 [0m
[32m2025-07-12 08:37:25 - INFO - 组合 获取数据成功id:31672 赛-短线趋势题材 [0m
[32m2025-07-12 08:37:26 - INFO - 今日交易数据 8 条
         名称  操作  标的名称      代码    最新价  新比例%    市场                时间
1    组-逻辑为王  买入  雪人集团  002***  10.96  33.0  沪深A股  2025-07-11 13:59
2    组-逻辑为王  卖出  海格通信  002***  12.97   0.0  沪深A股  2025-07-11 13:43
3    组-逻辑为王  买入  龙溪股份  600***  20.58  33.0  沪深A股  2025-07-11 13:22
4    组-逻辑为王  卖出  许继电气  000***  21.91   0.0  沪深A股  2025-07-11 13:21
5    组-逻辑为王  买入  长电科技  600***  33.58  33.0  沪深A股  2025-07-11 13:16
6  赛-短线趋势题材  买入   多氟多  002407  12.22  25.0  沪深A股  2025-07-11 11:48
7    超短稳定复利  买入   新亚强  603***  16.64  10.0  沪深A股  2025-07-11 10:28
8    组-逻辑为王  卖出  保利发展  600***   8.33   0.0  沪深A股  2025-07-11 10:10[0m
[32m2025-07-12 08:37:26 - INFO - ---------------组合 无新增交易数据----------------[0m
[32m2025-07-12 08:38:28 - INFO - 组合 获取数据成功id:19347 超短稳定复利 [0m
[32m2025-07-12 08:38:29 - INFO - 组合 获取数据成功id:9800 组-逻辑为王 [0m
[32m2025-07-12 08:38:29 - INFO - 组合 获取数据成功id:29684 ETF-主题成长优选 [0m
[32m2025-07-12 08:38:30 - INFO - 组合 获取数据成功id:29634 ETF-主题轮动精选 [0m
[32m2025-07-12 08:38:32 - INFO - 组合 获取数据成功id:31670 赛-情绪拐点龙头战法 [0m
[32m2025-07-12 08:38:32 - INFO - 组合 获取数据成功id:31672 赛-短线趋势题材 [0m
[32m2025-07-12 08:38:32 - INFO - 今日交易数据 8 条
         名称  操作  标的名称      代码    最新价  新比例%    市场                时间
1    组-逻辑为王  买入  雪人集团  002***  10.96  33.0  沪深A股  2025-07-11 13:59
2    组-逻辑为王  卖出  海格通信  002***  12.97   0.0  沪深A股  2025-07-11 13:43
3    组-逻辑为王  买入  龙溪股份  600***  20.58  33.0  沪深A股  2025-07-11 13:22
4    组-逻辑为王  卖出  许继电气  000***  21.91   0.0  沪深A股  2025-07-11 13:21
5    组-逻辑为王  买入  长电科技  600***  33.58  33.0  沪深A股  2025-07-11 13:16
6  赛-短线趋势题材  买入   多氟多  002407  12.22  25.0  沪深A股  2025-07-11 11:48
7    超短稳定复利  买入   新亚强  603***  16.64  10.0  沪深A股  2025-07-11 10:28
8    组-逻辑为王  卖出  保利发展  600***   8.33   0.0  沪深A股  2025-07-11 10:10[0m
[32m2025-07-12 08:38:32 - INFO - ---------------组合 无新增交易数据----------------[0m
[32m2025-07-12 08:39:34 - INFO - 组合 获取数据成功id:19347 超短稳定复利 [0m
[32m2025-07-12 08:39:35 - INFO - 组合 获取数据成功id:9800 组-逻辑为王 [0m
[32m2025-07-12 08:39:36 - INFO - 组合 获取数据成功id:29684 ETF-主题成长优选 [0m
[32m2025-07-12 08:39:36 - INFO - 组合 获取数据成功id:29634 ETF-主题轮动精选 [0m
[32m2025-07-12 08:39:37 - INFO - 组合 获取数据成功id:31670 赛-情绪拐点龙头战法 [0m
[32m2025-07-12 08:39:37 - INFO - 组合 获取数据成功id:31672 赛-短线趋势题材 [0m
[32m2025-07-12 08:39:37 - INFO - 今日交易数据 8 条
         名称  操作  标的名称      代码    最新价  新比例%    市场                时间
1    组-逻辑为王  买入  雪人集团  002***  10.96  33.0  沪深A股  2025-07-11 13:59
2    组-逻辑为王  卖出  海格通信  002***  12.97   0.0  沪深A股  2025-07-11 13:43
3    组-逻辑为王  买入  龙溪股份  600***  20.58  33.0  沪深A股  2025-07-11 13:22
4    组-逻辑为王  卖出  许继电气  000***  21.91   0.0  沪深A股  2025-07-11 13:21
5    组-逻辑为王  买入  长电科技  600***  33.58  33.0  沪深A股  2025-07-11 13:16
6  赛-短线趋势题材  买入   多氟多  002407  12.22  25.0  沪深A股  2025-07-11 11:48
7    超短稳定复利  买入   新亚强  603***  16.64  10.0  沪深A股  2025-07-11 10:28
8    组-逻辑为王  卖出  保利发展  600***   8.33   0.0  沪深A股  2025-07-11 10:10[0m
[32m2025-07-12 08:39:37 - INFO - ---------------组合 无新增交易数据----------------[0m
[32m2025-07-12 08:40:39 - INFO - 组合 获取数据成功id:19347 超短稳定复利 [0m
[32m2025-07-12 08:40:41 - INFO - 组合 获取数据成功id:9800 组-逻辑为王 [0m
[32m2025-07-12 08:40:41 - INFO - 组合 获取数据成功id:29684 ETF-主题成长优选 [0m
[32m2025-07-12 08:40:41 - INFO - 组合 获取数据成功id:29634 ETF-主题轮动精选 [0m
[32m2025-07-12 08:40:42 - INFO - 组合 获取数据成功id:31670 赛-情绪拐点龙头战法 [0m
[32m2025-07-12 08:40:42 - INFO - 组合 获取数据成功id:31672 赛-短线趋势题材 [0m
[32m2025-07-12 08:40:42 - INFO - 今日交易数据 8 条
         名称  操作  标的名称      代码    最新价  新比例%    市场                时间
1    组-逻辑为王  买入  雪人集团  002***  10.96  33.0  沪深A股  2025-07-11 13:59
2    组-逻辑为王  卖出  海格通信  002***  12.97   0.0  沪深A股  2025-07-11 13:43
3    组-逻辑为王  买入  龙溪股份  600***  20.58  33.0  沪深A股  2025-07-11 13:22
4    组-逻辑为王  卖出  许继电气  000***  21.91   0.0  沪深A股  2025-07-11 13:21
5    组-逻辑为王  买入  长电科技  600***  33.58  33.0  沪深A股  2025-07-11 13:16
6  赛-短线趋势题材  买入   多氟多  002407  12.22  25.0  沪深A股  2025-07-11 11:48
7    超短稳定复利  买入   新亚强  603***  16.64  10.0  沪深A股  2025-07-11 10:28
8    组-逻辑为王  卖出  保利发展  600***   8.33   0.0  沪深A股  2025-07-11 10:10[0m
[32m2025-07-12 08:40:42 - INFO - ---------------组合 无新增交易数据----------------[0m
[32m2025-07-12 08:41:45 - INFO - 组合 获取数据成功id:19347 超短稳定复利 [0m
[32m2025-07-12 08:41:46 - INFO - 组合 获取数据成功id:9800 组-逻辑为王 [0m
[32m2025-07-12 08:41:47 - INFO - 组合 获取数据成功id:29684 ETF-主题成长优选 [0m
[32m2025-07-12 08:41:47 - INFO - 组合 获取数据成功id:29634 ETF-主题轮动精选 [0m
[32m2025-07-12 08:41:48 - INFO - 组合 获取数据成功id:31670 赛-情绪拐点龙头战法 [0m
[32m2025-07-12 08:41:48 - INFO - 组合 获取数据成功id:31672 赛-短线趋势题材 [0m
[32m2025-07-12 08:41:48 - INFO - 今日交易数据 8 条
         名称  操作  标的名称      代码    最新价  新比例%    市场                时间
1    组-逻辑为王  买入  雪人集团  002***  10.96  33.0  沪深A股  2025-07-11 13:59
2    组-逻辑为王  卖出  海格通信  002***  12.97   0.0  沪深A股  2025-07-11 13:43
3    组-逻辑为王  买入  龙溪股份  600***  20.58  33.0  沪深A股  2025-07-11 13:22
4    组-逻辑为王  卖出  许继电气  000***  21.91   0.0  沪深A股  2025-07-11 13:21
5    组-逻辑为王  买入  长电科技  600***  33.58  33.0  沪深A股  2025-07-11 13:16
6  赛-短线趋势题材  买入   多氟多  002407  12.22  25.0  沪深A股  2025-07-11 11:48
7    超短稳定复利  买入   新亚强  603***  16.64  10.0  沪深A股  2025-07-11 10:28
8    组-逻辑为王  卖出  保利发展  600***   8.33   0.0  沪深A股  2025-07-11 10:10[0m
[32m2025-07-12 08:41:48 - INFO - ---------------组合 无新增交易数据----------------[0m
[32m2025-07-12 08:42:55 - INFO - 组合 获取数据成功id:19347 超短稳定复利 [0m
[32m2025-07-12 08:42:56 - INFO - 组合 获取数据成功id:9800 组-逻辑为王 [0m
[32m2025-07-12 08:42:57 - INFO - 组合 获取数据成功id:29684 ETF-主题成长优选 [0m
[32m2025-07-12 08:42:58 - INFO - 组合 获取数据成功id:29634 ETF-主题轮动精选 [0m
[32m2025-07-12 08:42:58 - INFO - 组合 获取数据成功id:31670 赛-情绪拐点龙头战法 [0m
[32m2025-07-12 08:42:59 - INFO - 组合 获取数据成功id:31672 赛-短线趋势题材 [0m
[32m2025-07-12 08:42:59 - INFO - 今日交易数据 8 条
         名称  操作  标的名称      代码    最新价  新比例%    市场                时间
1    组-逻辑为王  买入  雪人集团  002***  10.96  33.0  沪深A股  2025-07-11 13:59
2    组-逻辑为王  卖出  海格通信  002***  12.97   0.0  沪深A股  2025-07-11 13:43
3    组-逻辑为王  买入  龙溪股份  600***  20.58  33.0  沪深A股  2025-07-11 13:22
4    组-逻辑为王  卖出  许继电气  000***  21.91   0.0  沪深A股  2025-07-11 13:21
5    组-逻辑为王  买入  长电科技  600***  33.58  33.0  沪深A股  2025-07-11 13:16
6  赛-短线趋势题材  买入   多氟多  002407  12.22  25.0  沪深A股  2025-07-11 11:48
7    超短稳定复利  买入   新亚强  603***  16.64  10.0  沪深A股  2025-07-11 10:28
8    组-逻辑为王  卖出  保利发展  600***   8.33   0.0  沪深A股  2025-07-11 10:10[0m
[32m2025-07-12 08:42:59 - INFO - ---------------组合 无新增交易数据----------------[0m
[32m2025-07-12 08:44:02 - INFO - 组合 获取数据成功id:19347 超短稳定复利 [0m
[32m2025-07-12 08:44:03 - INFO - 组合 获取数据成功id:9800 组-逻辑为王 [0m
[32m2025-07-12 08:44:04 - INFO - 组合 获取数据成功id:29684 ETF-主题成长优选 [0m
[32m2025-07-12 08:44:04 - INFO - 组合 获取数据成功id:29634 ETF-主题轮动精选 [0m
[32m2025-07-12 08:44:05 - INFO - 组合 获取数据成功id:31670 赛-情绪拐点龙头战法 [0m
[32m2025-07-12 08:44:05 - INFO - 组合 获取数据成功id:31672 赛-短线趋势题材 [0m
[32m2025-07-12 08:44:05 - INFO - 今日交易数据 8 条
         名称  操作  标的名称      代码    最新价  新比例%    市场                时间
1    组-逻辑为王  买入  雪人集团  002***  10.96  33.0  沪深A股  2025-07-11 13:59
2    组-逻辑为王  卖出  海格通信  002***  12.97   0.0  沪深A股  2025-07-11 13:43
3    组-逻辑为王  买入  龙溪股份  600***  20.58  33.0  沪深A股  2025-07-11 13:22
4    组-逻辑为王  卖出  许继电气  000***  21.91   0.0  沪深A股  2025-07-11 13:21
5    组-逻辑为王  买入  长电科技  600***  33.58  33.0  沪深A股  2025-07-11 13:16
6  赛-短线趋势题材  买入   多氟多  002407  12.22  25.0  沪深A股  2025-07-11 11:48
7    超短稳定复利  买入   新亚强  603***  16.64  10.0  沪深A股  2025-07-11 10:28
8    组-逻辑为王  卖出  保利发展  600***   8.33   0.0  沪深A股  2025-07-11 10:10[0m
[32m2025-07-12 08:44:05 - INFO - ---------------组合 无新增交易数据----------------[0m
[32m2025-07-12 08:45:08 - INFO - 组合 获取数据成功id:19347 超短稳定复利 [0m
[32m2025-07-12 08:45:09 - INFO - 组合 获取数据成功id:9800 组-逻辑为王 [0m
[32m2025-07-12 08:45:09 - INFO - 组合 获取数据成功id:29684 ETF-主题成长优选 [0m
[32m2025-07-12 08:45:10 - INFO - 组合 获取数据成功id:29634 ETF-主题轮动精选 [0m
[32m2025-07-12 08:45:10 - INFO - 组合 获取数据成功id:31670 赛-情绪拐点龙头战法 [0m
[32m2025-07-12 08:45:10 - INFO - 组合 获取数据成功id:31672 赛-短线趋势题材 [0m
[32m2025-07-12 08:45:10 - INFO - 今日交易数据 8 条
         名称  操作  标的名称      代码    最新价  新比例%    市场                时间
1    组-逻辑为王  买入  雪人集团  002***  10.96  33.0  沪深A股  2025-07-11 13:59
2    组-逻辑为王  卖出  海格通信  002***  12.97   0.0  沪深A股  2025-07-11 13:43
3    组-逻辑为王  买入  龙溪股份  600***  20.58  33.0  沪深A股  2025-07-11 13:22
4    组-逻辑为王  卖出  许继电气  000***  21.91   0.0  沪深A股  2025-07-11 13:21
5    组-逻辑为王  买入  长电科技  600***  33.58  33.0  沪深A股  2025-07-11 13:16
6  赛-短线趋势题材  买入   多氟多  002407  12.22  25.0  沪深A股  2025-07-11 11:48
7    超短稳定复利  买入   新亚强  603***  16.64  10.0  沪深A股  2025-07-11 10:28
8    组-逻辑为王  卖出  保利发展  600***   8.33   0.0  沪深A股  2025-07-11 10:10[0m
[32m2025-07-12 08:45:11 - INFO - ---------------组合 无新增交易数据----------------[0m
[32m2025-07-12 08:46:13 - INFO - 组合 获取数据成功id:19347 超短稳定复利 [0m
[32m2025-07-12 08:46:15 - INFO - 组合 获取数据成功id:9800 组-逻辑为王 [0m
[32m2025-07-12 08:46:15 - INFO - 组合 获取数据成功id:29684 ETF-主题成长优选 [0m
[32m2025-07-12 08:46:16 - INFO - 组合 获取数据成功id:29634 ETF-主题轮动精选 [0m
[32m2025-07-12 08:46:16 - INFO - 组合 获取数据成功id:31670 赛-情绪拐点龙头战法 [0m
[32m2025-07-12 08:46:17 - INFO - 组合 获取数据成功id:31672 赛-短线趋势题材 [0m
[32m2025-07-12 08:46:17 - INFO - 今日交易数据 8 条
         名称  操作  标的名称      代码    最新价  新比例%    市场                时间
1    组-逻辑为王  买入  雪人集团  002***  10.96  33.0  沪深A股  2025-07-11 13:59
2    组-逻辑为王  卖出  海格通信  002***  12.97   0.0  沪深A股  2025-07-11 13:43
3    组-逻辑为王  买入  龙溪股份  600***  20.58  33.0  沪深A股  2025-07-11 13:22
4    组-逻辑为王  卖出  许继电气  000***  21.91   0.0  沪深A股  2025-07-11 13:21
5    组-逻辑为王  买入  长电科技  600***  33.58  33.0  沪深A股  2025-07-11 13:16
6  赛-短线趋势题材  买入   多氟多  002407  12.22  25.0  沪深A股  2025-07-11 11:48
7    超短稳定复利  买入   新亚强  603***  16.64  10.0  沪深A股  2025-07-11 10:28
8    组-逻辑为王  卖出  保利发展  600***   8.33   0.0  沪深A股  2025-07-11 10:10[0m
[32m2025-07-12 08:47:35 - INFO - 组合 获取数据成功id:19347 超短稳定复利 [0m
[32m2025-07-12 08:47:36 - INFO - 组合 获取数据成功id:9800 组-逻辑为王 [0m
[32m2025-07-12 08:47:37 - INFO - 组合 获取数据成功id:29684 ETF-主题成长优选 [0m
[32m2025-07-12 08:47:37 - INFO - 组合 获取数据成功id:29634 ETF-主题轮动精选 [0m
[32m2025-07-12 08:47:37 - INFO - 组合 获取数据成功id:31670 赛-情绪拐点龙头战法 [0m
[32m2025-07-12 08:47:38 - INFO - 组合 获取数据成功id:31672 赛-短线趋势题材 [0m
[32m2025-07-12 08:47:38 - INFO - 今日交易数据 8 条
         名称  操作  标的名称      代码    最新价  新比例%    市场                时间
1    组-逻辑为王  买入  雪人集团  002***  10.96  33.0  沪深A股  2025-07-11 13:59
2    组-逻辑为王  卖出  海格通信  002***  12.97   0.0  沪深A股  2025-07-11 13:43
3    组-逻辑为王  买入  龙溪股份  600***  20.58  33.0  沪深A股  2025-07-11 13:22
4    组-逻辑为王  卖出  许继电气  000***  21.91   0.0  沪深A股  2025-07-11 13:21
5    组-逻辑为王  买入  长电科技  600***  33.58  33.0  沪深A股  2025-07-11 13:16
6  赛-短线趋势题材  买入   多氟多  002407  12.22  25.0  沪深A股  2025-07-11 11:48
7    超短稳定复利  买入   新亚强  603***  16.64  10.0  沪深A股  2025-07-11 10:28
8    组-逻辑为王  卖出  保利发展  600***   8.33   0.0  沪深A股  2025-07-11 10:10[0m
[32m2025-07-12 08:47:38 - INFO - ---------------组合 无新增交易数据----------------[0m
[32m2025-07-12 08:48:40 - INFO - 组合 获取数据成功id:19347 超短稳定复利 [0m
[32m2025-07-12 08:48:41 - INFO - 组合 获取数据成功id:9800 组-逻辑为王 [0m
[32m2025-07-12 08:48:42 - INFO - 组合 获取数据成功id:29684 ETF-主题成长优选 [0m
[32m2025-07-12 08:48:42 - INFO - 组合 获取数据成功id:29634 ETF-主题轮动精选 [0m
[32m2025-07-12 08:48:43 - INFO - 组合 获取数据成功id:31670 赛-情绪拐点龙头战法 [0m
[32m2025-07-12 08:48:43 - INFO - 组合 获取数据成功id:31672 赛-短线趋势题材 [0m
[32m2025-07-12 08:48:43 - INFO - 今日交易数据 8 条
         名称  操作  标的名称      代码    最新价  新比例%    市场                时间
1    组-逻辑为王  买入  雪人集团  002***  10.96  33.0  沪深A股  2025-07-11 13:59
2    组-逻辑为王  卖出  海格通信  002***  12.97   0.0  沪深A股  2025-07-11 13:43
3    组-逻辑为王  买入  龙溪股份  600***  20.58  33.0  沪深A股  2025-07-11 13:22
4    组-逻辑为王  卖出  许继电气  000***  21.91   0.0  沪深A股  2025-07-11 13:21
5    组-逻辑为王  买入  长电科技  600***  33.58  33.0  沪深A股  2025-07-11 13:16
6  赛-短线趋势题材  买入   多氟多  002407  12.22  25.0  沪深A股  2025-07-11 11:48
7    超短稳定复利  买入   新亚强  603***  16.64  10.0  沪深A股  2025-07-11 10:28
8    组-逻辑为王  卖出  保利发展  600***   8.33   0.0  沪深A股  2025-07-11 10:10[0m
[32m2025-07-12 08:48:43 - INFO - ---------------组合 无新增交易数据----------------[0m
[32m2025-07-12 08:49:46 - INFO - 组合 获取数据成功id:19347 超短稳定复利 [0m
[32m2025-07-12 08:49:48 - INFO - 组合 获取数据成功id:9800 组-逻辑为王 [0m
[32m2025-07-12 08:49:48 - INFO - 组合 获取数据成功id:29684 ETF-主题成长优选 [0m
[32m2025-07-12 08:49:48 - INFO - 组合 获取数据成功id:29634 ETF-主题轮动精选 [0m
[32m2025-07-12 08:49:49 - INFO - 组合 获取数据成功id:31670 赛-情绪拐点龙头战法 [0m
[32m2025-07-12 08:49:49 - INFO - 组合 获取数据成功id:31672 赛-短线趋势题材 [0m
[32m2025-07-12 08:49:49 - INFO - 今日交易数据 8 条
         名称  操作  标的名称      代码    最新价  新比例%    市场                时间
1    组-逻辑为王  买入  雪人集团  002***  10.96  33.0  沪深A股  2025-07-11 13:59
2    组-逻辑为王  卖出  海格通信  002***  12.97   0.0  沪深A股  2025-07-11 13:43
3    组-逻辑为王  买入  龙溪股份  600***  20.58  33.0  沪深A股  2025-07-11 13:22
4    组-逻辑为王  卖出  许继电气  000***  21.91   0.0  沪深A股  2025-07-11 13:21
5    组-逻辑为王  买入  长电科技  600***  33.58  33.0  沪深A股  2025-07-11 13:16
6  赛-短线趋势题材  买入   多氟多  002407  12.22  25.0  沪深A股  2025-07-11 11:48
7    超短稳定复利  买入   新亚强  603***  16.64  10.0  沪深A股  2025-07-11 10:28
8    组-逻辑为王  卖出  保利发展  600***   8.33   0.0  沪深A股  2025-07-11 10:10[0m
[32m2025-07-12 08:49:49 - INFO - ---------------组合 无新增交易数据----------------[0m
[32m2025-07-12 08:50:51 - INFO - 组合 获取数据成功id:19347 超短稳定复利 [0m
[32m2025-07-12 08:50:52 - INFO - 组合 获取数据成功id:9800 组-逻辑为王 [0m
[32m2025-07-12 08:50:53 - INFO - 组合 获取数据成功id:29684 ETF-主题成长优选 [0m
[32m2025-07-12 08:50:53 - INFO - 组合 获取数据成功id:29634 ETF-主题轮动精选 [0m
[32m2025-07-12 08:50:53 - INFO - 组合 获取数据成功id:31670 赛-情绪拐点龙头战法 [0m
[32m2025-07-12 08:50:54 - INFO - 组合 获取数据成功id:31672 赛-短线趋势题材 [0m
[32m2025-07-12 08:50:54 - INFO - 今日交易数据 8 条
         名称  操作  标的名称      代码    最新价  新比例%    市场                时间
1    组-逻辑为王  买入  雪人集团  002***  10.96  33.0  沪深A股  2025-07-11 13:59
2    组-逻辑为王  卖出  海格通信  002***  12.97   0.0  沪深A股  2025-07-11 13:43
3    组-逻辑为王  买入  龙溪股份  600***  20.58  33.0  沪深A股  2025-07-11 13:22
4    组-逻辑为王  卖出  许继电气  000***  21.91   0.0  沪深A股  2025-07-11 13:21
5    组-逻辑为王  买入  长电科技  600***  33.58  33.0  沪深A股  2025-07-11 13:16
6  赛-短线趋势题材  买入   多氟多  002407  12.22  25.0  沪深A股  2025-07-11 11:48
7    超短稳定复利  买入   新亚强  603***  16.64  10.0  沪深A股  2025-07-11 10:28
8    组-逻辑为王  卖出  保利发展  600***   8.33   0.0  沪深A股  2025-07-11 10:10[0m
[32m2025-07-12 08:50:54 - INFO - ---------------组合 无新增交易数据----------------[0m
[32m2025-07-12 08:51:21 - INFO - 组合 获取数据成功id:19347 超短稳定复利 [0m
[32m2025-07-12 08:51:23 - INFO - 组合 获取数据成功id:9800 组-逻辑为王 [0m
[32m2025-07-12 08:51:23 - INFO - 组合 获取数据成功id:29684 ETF-主题成长优选 [0m
[32m2025-07-12 08:51:23 - INFO - 组合 获取数据成功id:29634 ETF-主题轮动精选 [0m
[32m2025-07-12 08:51:24 - INFO - 组合 获取数据成功id:31670 赛-情绪拐点龙头战法 [0m
[32m2025-07-12 08:51:24 - INFO - 组合 获取数据成功id:31672 赛-短线趋势题材 [0m
[32m2025-07-12 08:51:24 - INFO - 今日交易数据 8 条
         名称  操作  标的名称      代码    最新价  新比例%    市场                时间
1    组-逻辑为王  买入  雪人集团  002***  10.96  33.0  沪深A股  2025-07-11 13:59
2    组-逻辑为王  卖出  海格通信  002***  12.97   0.0  沪深A股  2025-07-11 13:43
3    组-逻辑为王  买入  龙溪股份  600***  20.58  33.0  沪深A股  2025-07-11 13:22
4    组-逻辑为王  卖出  许继电气  000***  21.91   0.0  沪深A股  2025-07-11 13:21
5    组-逻辑为王  买入  长电科技  600***  33.58  33.0  沪深A股  2025-07-11 13:16
6  赛-短线趋势题材  买入   多氟多  002407  12.22  25.0  沪深A股  2025-07-11 11:48
7    超短稳定复利  买入   新亚强  603***  16.64  10.0  沪深A股  2025-07-11 10:28
8    组-逻辑为王  卖出  保利发展  600***   8.33   0.0  沪深A股  2025-07-11 10:10[0m
[32m2025-07-12 08:53:55 - INFO - 组合 获取数据成功id:19347 超短稳定复利 [0m
[32m2025-07-12 08:53:56 - INFO - 组合 获取数据成功id:9800 组-逻辑为王 [0m
[32m2025-07-12 08:53:57 - INFO - 组合 获取数据成功id:29684 ETF-主题成长优选 [0m
[32m2025-07-12 08:53:57 - INFO - 组合 获取数据成功id:29634 ETF-主题轮动精选 [0m
[32m2025-07-12 08:53:57 - INFO - 组合 获取数据成功id:31670 赛-情绪拐点龙头战法 [0m
[32m2025-07-12 08:53:58 - INFO - 组合 获取数据成功id:31672 赛-短线趋势题材 [0m
[32m2025-07-12 08:53:58 - INFO - 今日交易数据 8 条
         名称  操作  标的名称      代码    最新价  新比例%    市场                时间
1    组-逻辑为王  买入  雪人集团  002***  10.96  33.0  沪深A股  2025-07-11 13:59
2    组-逻辑为王  卖出  海格通信  002***  12.97   0.0  沪深A股  2025-07-11 13:43
3    组-逻辑为王  买入  龙溪股份  600***  20.58  33.0  沪深A股  2025-07-11 13:22
4    组-逻辑为王  卖出  许继电气  000***  21.91   0.0  沪深A股  2025-07-11 13:21
5    组-逻辑为王  买入  长电科技  600***  33.58  33.0  沪深A股  2025-07-11 13:16
6  赛-短线趋势题材  买入   多氟多  002407  12.22  25.0  沪深A股  2025-07-11 11:48
7    超短稳定复利  买入   新亚强  603***  16.64  10.0  沪深A股  2025-07-11 10:28
8    组-逻辑为王  卖出  保利发展  600***   8.33   0.0  沪深A股  2025-07-11 10:10[0m
[32m2025-07-12 08:53:58 - INFO - ---------------组合 无新增交易数据----------------[0m
[32m2025-07-12 08:55:00 - INFO - 组合 获取数据成功id:19347 超短稳定复利 [0m
[32m2025-07-12 08:55:01 - INFO - 组合 获取数据成功id:9800 组-逻辑为王 [0m
[32m2025-07-12 08:55:01 - INFO - 组合 获取数据成功id:29684 ETF-主题成长优选 [0m
[32m2025-07-12 08:55:02 - INFO - 组合 获取数据成功id:29634 ETF-主题轮动精选 [0m
[32m2025-07-12 08:55:02 - INFO - 组合 获取数据成功id:31670 赛-情绪拐点龙头战法 [0m
[32m2025-07-12 08:55:02 - INFO - 组合 获取数据成功id:31672 赛-短线趋势题材 [0m
[32m2025-07-12 08:55:03 - INFO - 今日交易数据 8 条
         名称  操作  标的名称      代码    最新价  新比例%    市场                时间
1    组-逻辑为王  买入  雪人集团  002***  10.96  33.0  沪深A股  2025-07-11 13:59
2    组-逻辑为王  卖出  海格通信  002***  12.97   0.0  沪深A股  2025-07-11 13:43
3    组-逻辑为王  买入  龙溪股份  600***  20.58  33.0  沪深A股  2025-07-11 13:22
4    组-逻辑为王  卖出  许继电气  000***  21.91   0.0  沪深A股  2025-07-11 13:21
5    组-逻辑为王  买入  长电科技  600***  33.58  33.0  沪深A股  2025-07-11 13:16
6  赛-短线趋势题材  买入   多氟多  002407  12.22  25.0  沪深A股  2025-07-11 11:48
7    超短稳定复利  买入   新亚强  603***  16.64  10.0  沪深A股  2025-07-11 10:28
8    组-逻辑为王  卖出  保利发展  600***   8.33   0.0  沪深A股  2025-07-11 10:10[0m
[32m2025-07-12 08:55:03 - INFO - ---------------组合 无新增交易数据----------------[0m
[32m2025-07-12 08:56:05 - INFO - 组合 获取数据成功id:19347 超短稳定复利 [0m
[32m2025-07-12 08:56:06 - INFO - 组合 获取数据成功id:9800 组-逻辑为王 [0m
[32m2025-07-12 08:56:07 - INFO - 组合 获取数据成功id:29684 ETF-主题成长优选 [0m
[32m2025-07-12 08:56:07 - INFO - 组合 获取数据成功id:29634 ETF-主题轮动精选 [0m
[32m2025-07-12 08:56:09 - INFO - 组合 获取数据成功id:31670 赛-情绪拐点龙头战法 [0m
[32m2025-07-12 08:56:10 - INFO - 组合 获取数据成功id:31672 赛-短线趋势题材 [0m
[32m2025-07-12 08:56:10 - INFO - 今日交易数据 8 条
         名称  操作  标的名称      代码    最新价  新比例%    市场                时间
1    组-逻辑为王  买入  雪人集团  002***  10.96  33.0  沪深A股  2025-07-11 13:59
2    组-逻辑为王  卖出  海格通信  002***  12.97   0.0  沪深A股  2025-07-11 13:43
3    组-逻辑为王  买入  龙溪股份  600***  20.58  33.0  沪深A股  2025-07-11 13:22
4    组-逻辑为王  卖出  许继电气  000***  21.91   0.0  沪深A股  2025-07-11 13:21
5    组-逻辑为王  买入  长电科技  600***  33.58  33.0  沪深A股  2025-07-11 13:16
6  赛-短线趋势题材  买入   多氟多  002407  12.22  25.0  沪深A股  2025-07-11 11:48
7    超短稳定复利  买入   新亚强  603***  16.64  10.0  沪深A股  2025-07-11 10:28
8    组-逻辑为王  卖出  保利发展  600***   8.33   0.0  沪深A股  2025-07-11 10:10[0m
[32m2025-07-12 08:56:10 - INFO - ---------------组合 无新增交易数据----------------[0m
[32m2025-07-12 08:57:12 - INFO - 组合 获取数据成功id:19347 超短稳定复利 [0m
[32m2025-07-12 08:57:14 - INFO - 组合 获取数据成功id:9800 组-逻辑为王 [0m
[32m2025-07-12 08:57:16 - INFO - 组合 获取数据成功id:29684 ETF-主题成长优选 [0m
[32m2025-07-12 08:57:16 - INFO - 组合 获取数据成功id:29634 ETF-主题轮动精选 [0m
[32m2025-07-12 08:57:16 - INFO - 组合 获取数据成功id:31670 赛-情绪拐点龙头战法 [0m
[32m2025-07-12 08:57:17 - INFO - 组合 获取数据成功id:31672 赛-短线趋势题材 [0m
[32m2025-07-12 08:57:17 - INFO - 今日交易数据 8 条
         名称  操作  标的名称      代码    最新价  新比例%    市场                时间
1    组-逻辑为王  买入  雪人集团  002***  10.96  33.0  沪深A股  2025-07-11 13:59
2    组-逻辑为王  卖出  海格通信  002***  12.97   0.0  沪深A股  2025-07-11 13:43
3    组-逻辑为王  买入  龙溪股份  600***  20.58  33.0  沪深A股  2025-07-11 13:22
4    组-逻辑为王  卖出  许继电气  000***  21.91   0.0  沪深A股  2025-07-11 13:21
5    组-逻辑为王  买入  长电科技  600***  33.58  33.0  沪深A股  2025-07-11 13:16
6  赛-短线趋势题材  买入   多氟多  002407  12.22  25.0  沪深A股  2025-07-11 11:48
7    超短稳定复利  买入   新亚强  603***  16.64  10.0  沪深A股  2025-07-11 10:28
8    组-逻辑为王  卖出  保利发展  600***   8.33   0.0  沪深A股  2025-07-11 10:10[0m
[32m2025-07-12 08:57:17 - INFO - ---------------组合 无新增交易数据----------------[0m
[32m2025-07-12 08:58:21 - INFO - 组合 获取数据成功id:19347 超短稳定复利 [0m
[32m2025-07-12 08:58:22 - INFO - 组合 获取数据成功id:9800 组-逻辑为王 [0m
[32m2025-07-12 08:58:22 - INFO - 组合 获取数据成功id:29684 ETF-主题成长优选 [0m
[32m2025-07-12 08:58:22 - INFO - 组合 获取数据成功id:29634 ETF-主题轮动精选 [0m
[32m2025-07-12 08:58:23 - INFO - 组合 获取数据成功id:31670 赛-情绪拐点龙头战法 [0m
[32m2025-07-12 08:58:23 - INFO - 组合 获取数据成功id:31672 赛-短线趋势题材 [0m
[32m2025-07-12 08:58:23 - INFO - 今日交易数据 8 条
         名称  操作  标的名称      代码    最新价  新比例%    市场                时间
1    组-逻辑为王  买入  雪人集团  002***  10.96  33.0  沪深A股  2025-07-11 13:59
2    组-逻辑为王  卖出  海格通信  002***  12.97   0.0  沪深A股  2025-07-11 13:43
3    组-逻辑为王  买入  龙溪股份  600***  20.58  33.0  沪深A股  2025-07-11 13:22
4    组-逻辑为王  卖出  许继电气  000***  21.91   0.0  沪深A股  2025-07-11 13:21
5    组-逻辑为王  买入  长电科技  600***  33.58  33.0  沪深A股  2025-07-11 13:16
6  赛-短线趋势题材  买入   多氟多  002407  12.22  25.0  沪深A股  2025-07-11 11:48
7    超短稳定复利  买入   新亚强  603***  16.64  10.0  沪深A股  2025-07-11 10:28
8    组-逻辑为王  卖出  保利发展  600***   8.33   0.0  沪深A股  2025-07-11 10:10[0m
[32m2025-07-12 08:58:24 - INFO - ---------------组合 无新增交易数据----------------[0m
[32m2025-07-12 08:59:33 - INFO - 组合 获取数据成功id:19347 超短稳定复利 [0m
[32m2025-07-12 08:59:34 - INFO - 组合 获取数据成功id:9800 组-逻辑为王 [0m
[32m2025-07-12 08:59:34 - INFO - 组合 获取数据成功id:29684 ETF-主题成长优选 [0m
[32m2025-07-12 08:59:35 - INFO - 组合 获取数据成功id:29634 ETF-主题轮动精选 [0m
[32m2025-07-12 08:59:35 - INFO - 组合 获取数据成功id:31670 赛-情绪拐点龙头战法 [0m
[32m2025-07-12 08:59:36 - INFO - 组合 获取数据成功id:31672 赛-短线趋势题材 [0m
[32m2025-07-12 08:59:36 - INFO - 今日交易数据 8 条
         名称  操作  标的名称      代码    最新价  新比例%    市场                时间
1    组-逻辑为王  买入  雪人集团  002***  10.96  33.0  沪深A股  2025-07-11 13:59
2    组-逻辑为王  卖出  海格通信  002***  12.97   0.0  沪深A股  2025-07-11 13:43
3    组-逻辑为王  买入  龙溪股份  600***  20.58  33.0  沪深A股  2025-07-11 13:22
4    组-逻辑为王  卖出  许继电气  000***  21.91   0.0  沪深A股  2025-07-11 13:21
5    组-逻辑为王  买入  长电科技  600***  33.58  33.0  沪深A股  2025-07-11 13:16
6  赛-短线趋势题材  买入   多氟多  002407  12.22  25.0  沪深A股  2025-07-11 11:48
7    超短稳定复利  买入   新亚强  603***  16.64  10.0  沪深A股  2025-07-11 10:28
8    组-逻辑为王  卖出  保利发展  600***   8.33   0.0  沪深A股  2025-07-11 10:10[0m
[32m2025-07-12 08:59:36 - INFO - ---------------组合 无新增交易数据----------------[0m
[32m2025-07-12 09:00:38 - INFO - 组合 获取数据成功id:19347 超短稳定复利 [0m
[32m2025-07-12 09:00:39 - INFO - 组合 获取数据成功id:9800 组-逻辑为王 [0m
[32m2025-07-12 09:00:40 - INFO - 组合 获取数据成功id:29684 ETF-主题成长优选 [0m
[32m2025-07-12 09:00:41 - INFO - 组合 获取数据成功id:29634 ETF-主题轮动精选 [0m
[32m2025-07-12 09:00:42 - INFO - 组合 获取数据成功id:31670 赛-情绪拐点龙头战法 [0m
[32m2025-07-12 09:00:43 - INFO - 组合 获取数据成功id:31672 赛-短线趋势题材 [0m
[32m2025-07-12 09:00:43 - INFO - 今日交易数据 8 条
         名称  操作  标的名称      代码    最新价  新比例%    市场                时间
1    组-逻辑为王  买入  雪人集团  002***  10.96  33.0  沪深A股  2025-07-11 13:59
2    组-逻辑为王  卖出  海格通信  002***  12.97   0.0  沪深A股  2025-07-11 13:43
3    组-逻辑为王  买入  龙溪股份  600***  20.58  33.0  沪深A股  2025-07-11 13:22
4    组-逻辑为王  卖出  许继电气  000***  21.91   0.0  沪深A股  2025-07-11 13:21
5    组-逻辑为王  买入  长电科技  600***  33.58  33.0  沪深A股  2025-07-11 13:16
6  赛-短线趋势题材  买入   多氟多  002407  12.22  25.0  沪深A股  2025-07-11 11:48
7    超短稳定复利  买入   新亚强  603***  16.64  10.0  沪深A股  2025-07-11 10:28
8    组-逻辑为王  卖出  保利发展  600***   8.33   0.0  沪深A股  2025-07-11 10:10[0m
[32m2025-07-12 09:00:43 - INFO - ---------------组合 无新增交易数据----------------[0m
[32m2025-07-12 09:01:46 - INFO - 组合 获取数据成功id:19347 超短稳定复利 [0m
[32m2025-07-12 09:01:47 - INFO - 组合 获取数据成功id:9800 组-逻辑为王 [0m
[32m2025-07-12 09:01:48 - INFO - 组合 获取数据成功id:29684 ETF-主题成长优选 [0m
[32m2025-07-12 09:01:48 - INFO - 组合 获取数据成功id:29634 ETF-主题轮动精选 [0m
[32m2025-07-12 09:01:48 - INFO - 组合 获取数据成功id:31670 赛-情绪拐点龙头战法 [0m
[32m2025-07-12 09:01:49 - INFO - 组合 获取数据成功id:31672 赛-短线趋势题材 [0m
[32m2025-07-12 09:01:49 - INFO - 今日交易数据 8 条
         名称  操作  标的名称      代码    最新价  新比例%    市场                时间
1    组-逻辑为王  买入  雪人集团  002***  10.96  33.0  沪深A股  2025-07-11 13:59
2    组-逻辑为王  卖出  海格通信  002***  12.97   0.0  沪深A股  2025-07-11 13:43
3    组-逻辑为王  买入  龙溪股份  600***  20.58  33.0  沪深A股  2025-07-11 13:22
4    组-逻辑为王  卖出  许继电气  000***  21.91   0.0  沪深A股  2025-07-11 13:21
5    组-逻辑为王  买入  长电科技  600***  33.58  33.0  沪深A股  2025-07-11 13:16
6  赛-短线趋势题材  买入   多氟多  002407  12.22  25.0  沪深A股  2025-07-11 11:48
7    超短稳定复利  买入   新亚强  603***  16.64  10.0  沪深A股  2025-07-11 10:28
8    组-逻辑为王  卖出  保利发展  600***   8.33   0.0  沪深A股  2025-07-11 10:10[0m
[32m2025-07-12 09:01:49 - INFO - ---------------组合 无新增交易数据----------------[0m
[32m2025-07-12 09:02:54 - INFO - 组合 获取数据成功id:19347 超短稳定复利 [0m
[32m2025-07-12 09:02:55 - INFO - 组合 获取数据成功id:9800 组-逻辑为王 [0m
[32m2025-07-12 09:02:56 - INFO - 组合 获取数据成功id:29684 ETF-主题成长优选 [0m
[32m2025-07-12 09:02:56 - INFO - 组合 获取数据成功id:29634 ETF-主题轮动精选 [0m
[32m2025-07-12 09:02:56 - INFO - 组合 获取数据成功id:31670 赛-情绪拐点龙头战法 [0m
[32m2025-07-12 09:02:57 - INFO - 组合 获取数据成功id:31672 赛-短线趋势题材 [0m
[32m2025-07-12 09:02:57 - INFO - 今日交易数据 8 条
         名称  操作  标的名称      代码    最新价  新比例%    市场                时间
1    组-逻辑为王  买入  雪人集团  002***  10.96  33.0  沪深A股  2025-07-11 13:59
2    组-逻辑为王  卖出  海格通信  002***  12.97   0.0  沪深A股  2025-07-11 13:43
3    组-逻辑为王  买入  龙溪股份  600***  20.58  33.0  沪深A股  2025-07-11 13:22
4    组-逻辑为王  卖出  许继电气  000***  21.91   0.0  沪深A股  2025-07-11 13:21
5    组-逻辑为王  买入  长电科技  600***  33.58  33.0  沪深A股  2025-07-11 13:16
6  赛-短线趋势题材  买入   多氟多  002407  12.22  25.0  沪深A股  2025-07-11 11:48
7    超短稳定复利  买入   新亚强  603***  16.64  10.0  沪深A股  2025-07-11 10:28
8    组-逻辑为王  卖出  保利发展  600***   8.33   0.0  沪深A股  2025-07-11 10:10[0m
[32m2025-07-12 09:02:57 - INFO - ---------------组合 无新增交易数据----------------[0m
[32m2025-07-12 09:03:59 - INFO - 组合 获取数据成功id:19347 超短稳定复利 [0m
[32m2025-07-12 09:04:00 - INFO - 组合 获取数据成功id:9800 组-逻辑为王 [0m
[32m2025-07-12 09:04:01 - INFO - 组合 获取数据成功id:29684 ETF-主题成长优选 [0m
[32m2025-07-12 09:04:02 - INFO - 组合 获取数据成功id:29634 ETF-主题轮动精选 [0m
[32m2025-07-12 09:04:02 - INFO - 组合 获取数据成功id:31670 赛-情绪拐点龙头战法 [0m
[32m2025-07-12 09:04:03 - INFO - 组合 获取数据成功id:31672 赛-短线趋势题材 [0m
[32m2025-07-12 09:04:03 - INFO - 今日交易数据 8 条
         名称  操作  标的名称      代码    最新价  新比例%    市场                时间
1    组-逻辑为王  买入  雪人集团  002***  10.96  33.0  沪深A股  2025-07-11 13:59
2    组-逻辑为王  卖出  海格通信  002***  12.97   0.0  沪深A股  2025-07-11 13:43
3    组-逻辑为王  买入  龙溪股份  600***  20.58  33.0  沪深A股  2025-07-11 13:22
4    组-逻辑为王  卖出  许继电气  000***  21.91   0.0  沪深A股  2025-07-11 13:21
5    组-逻辑为王  买入  长电科技  600***  33.58  33.0  沪深A股  2025-07-11 13:16
6  赛-短线趋势题材  买入   多氟多  002407  12.22  25.0  沪深A股  2025-07-11 11:48
7    超短稳定复利  买入   新亚强  603***  16.64  10.0  沪深A股  2025-07-11 10:28
8    组-逻辑为王  卖出  保利发展  600***   8.33   0.0  沪深A股  2025-07-11 10:10[0m
[32m2025-07-12 09:04:03 - INFO - ---------------组合 无新增交易数据----------------[0m
[32m2025-07-12 09:05:05 - INFO - 组合 获取数据成功id:19347 超短稳定复利 [0m
[32m2025-07-12 09:05:07 - INFO - 组合 获取数据成功id:9800 组-逻辑为王 [0m
[32m2025-07-12 09:05:08 - INFO - 组合 获取数据成功id:29684 ETF-主题成长优选 [0m
[32m2025-07-12 09:05:09 - INFO - 组合 获取数据成功id:29634 ETF-主题轮动精选 [0m
[32m2025-07-12 09:05:09 - INFO - 组合 获取数据成功id:31670 赛-情绪拐点龙头战法 [0m
[32m2025-07-12 09:05:10 - INFO - 组合 获取数据成功id:31672 赛-短线趋势题材 [0m
[32m2025-07-12 09:05:10 - INFO - 今日交易数据 8 条
         名称  操作  标的名称      代码    最新价  新比例%    市场                时间
1    组-逻辑为王  买入  雪人集团  002***  10.96  33.0  沪深A股  2025-07-11 13:59
2    组-逻辑为王  卖出  海格通信  002***  12.97   0.0  沪深A股  2025-07-11 13:43
3    组-逻辑为王  买入  龙溪股份  600***  20.58  33.0  沪深A股  2025-07-11 13:22
4    组-逻辑为王  卖出  许继电气  000***  21.91   0.0  沪深A股  2025-07-11 13:21
5    组-逻辑为王  买入  长电科技  600***  33.58  33.0  沪深A股  2025-07-11 13:16
6  赛-短线趋势题材  买入   多氟多  002407  12.22  25.0  沪深A股  2025-07-11 11:48
7    超短稳定复利  买入   新亚强  603***  16.64  10.0  沪深A股  2025-07-11 10:28
8    组-逻辑为王  卖出  保利发展  600***   8.33   0.0  沪深A股  2025-07-11 10:10[0m
[32m2025-07-12 09:05:10 - INFO - ---------------组合 无新增交易数据----------------[0m
[32m2025-07-12 09:06:12 - INFO - 组合 获取数据成功id:19347 超短稳定复利 [0m
[32m2025-07-12 09:06:13 - INFO - 组合 获取数据成功id:9800 组-逻辑为王 [0m
[32m2025-07-12 09:06:13 - INFO - 组合 获取数据成功id:29684 ETF-主题成长优选 [0m
[32m2025-07-12 09:06:13 - INFO - 组合 获取数据成功id:29634 ETF-主题轮动精选 [0m
[32m2025-07-12 09:06:14 - INFO - 组合 获取数据成功id:31670 赛-情绪拐点龙头战法 [0m
[32m2025-07-12 09:06:14 - INFO - 组合 获取数据成功id:31672 赛-短线趋势题材 [0m
[32m2025-07-12 09:06:14 - INFO - 今日交易数据 8 条
         名称  操作  标的名称      代码    最新价  新比例%    市场                时间
1    组-逻辑为王  买入  雪人集团  002***  10.96  33.0  沪深A股  2025-07-11 13:59
2    组-逻辑为王  卖出  海格通信  002***  12.97   0.0  沪深A股  2025-07-11 13:43
3    组-逻辑为王  买入  龙溪股份  600***  20.58  33.0  沪深A股  2025-07-11 13:22
4    组-逻辑为王  卖出  许继电气  000***  21.91   0.0  沪深A股  2025-07-11 13:21
5    组-逻辑为王  买入  长电科技  600***  33.58  33.0  沪深A股  2025-07-11 13:16
6  赛-短线趋势题材  买入   多氟多  002407  12.22  25.0  沪深A股  2025-07-11 11:48
7    超短稳定复利  买入   新亚强  603***  16.64  10.0  沪深A股  2025-07-11 10:28
8    组-逻辑为王  卖出  保利发展  600***   8.33   0.0  沪深A股  2025-07-11 10:10[0m
[32m2025-07-12 09:06:14 - INFO - ---------------组合 无新增交易数据----------------[0m
[32m2025-07-12 09:07:16 - INFO - 组合 获取数据成功id:19347 超短稳定复利 [0m
[32m2025-07-12 09:07:17 - INFO - 组合 获取数据成功id:9800 组-逻辑为王 [0m
[32m2025-07-12 09:07:17 - INFO - 组合 获取数据成功id:29684 ETF-主题成长优选 [0m
[32m2025-07-12 09:07:18 - INFO - 组合 获取数据成功id:29634 ETF-主题轮动精选 [0m
[32m2025-07-12 09:07:18 - INFO - 组合 获取数据成功id:31670 赛-情绪拐点龙头战法 [0m
[32m2025-07-12 09:07:18 - INFO - 组合 获取数据成功id:31672 赛-短线趋势题材 [0m
[32m2025-07-12 09:07:18 - INFO - 今日交易数据 8 条
         名称  操作  标的名称      代码    最新价  新比例%    市场                时间
1    组-逻辑为王  买入  雪人集团  002***  10.96  33.0  沪深A股  2025-07-11 13:59
2    组-逻辑为王  卖出  海格通信  002***  12.97   0.0  沪深A股  2025-07-11 13:43
3    组-逻辑为王  买入  龙溪股份  600***  20.58  33.0  沪深A股  2025-07-11 13:22
4    组-逻辑为王  卖出  许继电气  000***  21.91   0.0  沪深A股  2025-07-11 13:21
5    组-逻辑为王  买入  长电科技  600***  33.58  33.0  沪深A股  2025-07-11 13:16
6  赛-短线趋势题材  买入   多氟多  002407  12.22  25.0  沪深A股  2025-07-11 11:48
7    超短稳定复利  买入   新亚强  603***  16.64  10.0  沪深A股  2025-07-11 10:28
8    组-逻辑为王  卖出  保利发展  600***   8.33   0.0  沪深A股  2025-07-11 10:10[0m
[32m2025-07-12 09:07:18 - INFO - ---------------组合 无新增交易数据----------------[0m
[32m2025-07-12 09:08:20 - INFO - 组合 获取数据成功id:19347 超短稳定复利 [0m
[32m2025-07-12 09:08:21 - INFO - 组合 获取数据成功id:9800 组-逻辑为王 [0m
[32m2025-07-12 09:08:21 - INFO - 组合 获取数据成功id:29684 ETF-主题成长优选 [0m
[32m2025-07-12 09:08:21 - INFO - 组合 获取数据成功id:29634 ETF-主题轮动精选 [0m
[32m2025-07-12 09:08:22 - INFO - 组合 获取数据成功id:31670 赛-情绪拐点龙头战法 [0m
[32m2025-07-12 09:08:22 - INFO - 组合 获取数据成功id:31672 赛-短线趋势题材 [0m
[32m2025-07-12 09:08:22 - INFO - 今日交易数据 8 条
         名称  操作  标的名称      代码    最新价  新比例%    市场                时间
1    组-逻辑为王  买入  雪人集团  002***  10.96  33.0  沪深A股  2025-07-11 13:59
2    组-逻辑为王  卖出  海格通信  002***  12.97   0.0  沪深A股  2025-07-11 13:43
3    组-逻辑为王  买入  龙溪股份  600***  20.58  33.0  沪深A股  2025-07-11 13:22
4    组-逻辑为王  卖出  许继电气  000***  21.91   0.0  沪深A股  2025-07-11 13:21
5    组-逻辑为王  买入  长电科技  600***  33.58  33.0  沪深A股  2025-07-11 13:16
6  赛-短线趋势题材  买入   多氟多  002407  12.22  25.0  沪深A股  2025-07-11 11:48
7    超短稳定复利  买入   新亚强  603***  16.64  10.0  沪深A股  2025-07-11 10:28
8    组-逻辑为王  卖出  保利发展  600***   8.33   0.0  沪深A股  2025-07-11 10:10[0m
[32m2025-07-12 09:08:22 - INFO - ---------------组合 无新增交易数据----------------[0m
[32m2025-07-12 09:09:23 - INFO - 组合 获取数据成功id:19347 超短稳定复利 [0m
[32m2025-07-12 09:09:25 - INFO - 组合 获取数据成功id:9800 组-逻辑为王 [0m
[32m2025-07-12 09:09:25 - INFO - 组合 获取数据成功id:29684 ETF-主题成长优选 [0m
[32m2025-07-12 09:09:26 - INFO - 组合 获取数据成功id:29634 ETF-主题轮动精选 [0m
[32m2025-07-12 09:09:26 - INFO - 组合 获取数据成功id:31670 赛-情绪拐点龙头战法 [0m
[32m2025-07-12 09:09:26 - INFO - 组合 获取数据成功id:31672 赛-短线趋势题材 [0m
[32m2025-07-12 09:09:26 - INFO - 今日交易数据 8 条
         名称  操作  标的名称      代码    最新价  新比例%    市场                时间
1    组-逻辑为王  买入  雪人集团  002***  10.96  33.0  沪深A股  2025-07-11 13:59
2    组-逻辑为王  卖出  海格通信  002***  12.97   0.0  沪深A股  2025-07-11 13:43
3    组-逻辑为王  买入  龙溪股份  600***  20.58  33.0  沪深A股  2025-07-11 13:22
4    组-逻辑为王  卖出  许继电气  000***  21.91   0.0  沪深A股  2025-07-11 13:21
5    组-逻辑为王  买入  长电科技  600***  33.58  33.0  沪深A股  2025-07-11 13:16
6  赛-短线趋势题材  买入   多氟多  002407  12.22  25.0  沪深A股  2025-07-11 11:48
7    超短稳定复利  买入   新亚强  603***  16.64  10.0  沪深A股  2025-07-11 10:28
8    组-逻辑为王  卖出  保利发展  600***   8.33   0.0  沪深A股  2025-07-11 10:10[0m
[32m2025-07-12 09:09:26 - INFO - ---------------组合 无新增交易数据----------------[0m
[32m2025-07-12 09:10:27 - INFO - 组合 获取数据成功id:19347 超短稳定复利 [0m
[32m2025-07-12 09:10:29 - INFO - 组合 获取数据成功id:9800 组-逻辑为王 [0m
[32m2025-07-12 09:10:29 - INFO - 组合 获取数据成功id:29684 ETF-主题成长优选 [0m
[32m2025-07-12 09:10:29 - INFO - 组合 获取数据成功id:29634 ETF-主题轮动精选 [0m
[32m2025-07-12 09:10:30 - INFO - 组合 获取数据成功id:31670 赛-情绪拐点龙头战法 [0m
[32m2025-07-12 09:10:30 - INFO - 组合 获取数据成功id:31672 赛-短线趋势题材 [0m
[32m2025-07-12 09:10:30 - INFO - 今日交易数据 8 条
         名称  操作  标的名称      代码    最新价  新比例%    市场                时间
1    组-逻辑为王  买入  雪人集团  002***  10.96  33.0  沪深A股  2025-07-11 13:59
2    组-逻辑为王  卖出  海格通信  002***  12.97   0.0  沪深A股  2025-07-11 13:43
3    组-逻辑为王  买入  龙溪股份  600***  20.58  33.0  沪深A股  2025-07-11 13:22
4    组-逻辑为王  卖出  许继电气  000***  21.91   0.0  沪深A股  2025-07-11 13:21
5    组-逻辑为王  买入  长电科技  600***  33.58  33.0  沪深A股  2025-07-11 13:16
6  赛-短线趋势题材  买入   多氟多  002407  12.22  25.0  沪深A股  2025-07-11 11:48
7    超短稳定复利  买入   新亚强  603***  16.64  10.0  沪深A股  2025-07-11 10:28
8    组-逻辑为王  卖出  保利发展  600***   8.33   0.0  沪深A股  2025-07-11 10:10[0m
[32m2025-07-12 09:10:30 - INFO - ---------------组合 无新增交易数据----------------[0m
[32m2025-07-12 09:11:31 - INFO - 组合 获取数据成功id:19347 超短稳定复利 [0m
[32m2025-07-12 09:11:32 - INFO - 组合 获取数据成功id:9800 组-逻辑为王 [0m
[32m2025-07-12 09:11:32 - INFO - 组合 获取数据成功id:29684 ETF-主题成长优选 [0m
[32m2025-07-12 09:11:33 - INFO - 组合 获取数据成功id:29634 ETF-主题轮动精选 [0m
[32m2025-07-12 09:11:33 - INFO - 组合 获取数据成功id:31670 赛-情绪拐点龙头战法 [0m
[32m2025-07-12 09:11:33 - INFO - 组合 获取数据成功id:31672 赛-短线趋势题材 [0m
[32m2025-07-12 09:11:33 - INFO - 今日交易数据 8 条
         名称  操作  标的名称      代码    最新价  新比例%    市场                时间
1    组-逻辑为王  买入  雪人集团  002***  10.96  33.0  沪深A股  2025-07-11 13:59
2    组-逻辑为王  卖出  海格通信  002***  12.97   0.0  沪深A股  2025-07-11 13:43
3    组-逻辑为王  买入  龙溪股份  600***  20.58  33.0  沪深A股  2025-07-11 13:22
4    组-逻辑为王  卖出  许继电气  000***  21.91   0.0  沪深A股  2025-07-11 13:21
5    组-逻辑为王  买入  长电科技  600***  33.58  33.0  沪深A股  2025-07-11 13:16
6  赛-短线趋势题材  买入   多氟多  002407  12.22  25.0  沪深A股  2025-07-11 11:48
7    超短稳定复利  买入   新亚强  603***  16.64  10.0  沪深A股  2025-07-11 10:28
8    组-逻辑为王  卖出  保利发展  600***   8.33   0.0  沪深A股  2025-07-11 10:10[0m
[32m2025-07-12 09:11:33 - INFO - ---------------组合 无新增交易数据----------------[0m
[32m2025-07-12 09:12:22 - INFO - 组合 获取数据成功id:19347 超短稳定复利 [0m
[32m2025-07-12 09:12:23 - INFO - 组合 获取数据成功id:9800 组-逻辑为王 [0m
[32m2025-07-12 09:12:24 - INFO - 组合 获取数据成功id:29684 ETF-主题成长优选 [0m
[32m2025-07-12 09:12:24 - INFO - 组合 获取数据成功id:29634 ETF-主题轮动精选 [0m
[32m2025-07-12 09:12:24 - INFO - 组合 获取数据成功id:31670 赛-情绪拐点龙头战法 [0m
[32m2025-07-12 09:12:24 - INFO - 组合 获取数据成功id:31672 赛-短线趋势题材 [0m
[32m2025-07-12 09:12:24 - INFO - 今日交易数据 8 条
         名称  操作  标的名称      代码    最新价  新比例%    市场                时间
1    组-逻辑为王  买入  雪人集团  002***  10.96  33.0  沪深A股  2025-07-11 13:59
2    组-逻辑为王  卖出  海格通信  002***  12.97   0.0  沪深A股  2025-07-11 13:43
3    组-逻辑为王  买入  龙溪股份  600***  20.58  33.0  沪深A股  2025-07-11 13:22
4    组-逻辑为王  卖出  许继电气  000***  21.91   0.0  沪深A股  2025-07-11 13:21
5    组-逻辑为王  买入  长电科技  600***  33.58  33.0  沪深A股  2025-07-11 13:16
6  赛-短线趋势题材  买入   多氟多  002407  12.22  25.0  沪深A股  2025-07-11 11:48
7    超短稳定复利  买入   新亚强  603***  16.64  10.0  沪深A股  2025-07-11 10:28
8    组-逻辑为王  卖出  保利发展  600***   8.33   0.0  沪深A股  2025-07-11 10:10[0m
[32m2025-07-12 09:13:57 - INFO - 组合 获取数据成功id:19347 超短稳定复利 [0m
[32m2025-07-12 09:13:57 - INFO - 组合 获取数据成功id:9800 组-逻辑为王 [0m
[32m2025-07-12 09:13:58 - INFO - 组合 获取数据成功id:29684 ETF-主题成长优选 [0m
[32m2025-07-12 09:13:58 - INFO - 组合 获取数据成功id:29634 ETF-主题轮动精选 [0m
[32m2025-07-12 09:13:58 - INFO - 组合 获取数据成功id:31670 赛-情绪拐点龙头战法 [0m
[32m2025-07-12 09:13:58 - INFO - 组合 获取数据成功id:31672 赛-短线趋势题材 [0m
[32m2025-07-12 09:13:58 - INFO - 今日交易数据 8 条
         名称  操作  标的名称      代码    最新价  新比例%    市场                时间
1    组-逻辑为王  买入  雪人集团  002***  10.96  33.0  沪深A股  2025-07-11 13:59
2    组-逻辑为王  卖出  海格通信  002***  12.97   0.0  沪深A股  2025-07-11 13:43
3    组-逻辑为王  买入  龙溪股份  600***  20.58  33.0  沪深A股  2025-07-11 13:22
4    组-逻辑为王  卖出  许继电气  000***  21.91   0.0  沪深A股  2025-07-11 13:21
5    组-逻辑为王  买入  长电科技  600***  33.58  33.0  沪深A股  2025-07-11 13:16
6  赛-短线趋势题材  买入   多氟多  002407  12.22  25.0  沪深A股  2025-07-11 11:48
7    超短稳定复利  买入   新亚强  603***  16.64  10.0  沪深A股  2025-07-11 10:28
8    组-逻辑为王  卖出  保利发展  600***   8.33   0.0  沪深A股  2025-07-11 10:10[0m
[32m2025-07-12 09:13:58 - INFO - ---------------组合 无新增交易数据----------------[0m
[32m2025-07-12 09:15:00 - INFO - 组合 获取数据成功id:19347 超短稳定复利 [0m
[32m2025-07-12 09:15:00 - INFO - 组合 获取数据成功id:9800 组-逻辑为王 [0m
[32m2025-07-12 09:15:01 - INFO - 组合 获取数据成功id:29684 ETF-主题成长优选 [0m
[32m2025-07-12 09:15:01 - INFO - 组合 获取数据成功id:29634 ETF-主题轮动精选 [0m
[32m2025-07-12 09:15:01 - INFO - 组合 获取数据成功id:31670 赛-情绪拐点龙头战法 [0m
[32m2025-07-12 09:15:01 - INFO - 组合 获取数据成功id:31672 赛-短线趋势题材 [0m
[32m2025-07-12 09:15:01 - INFO - 今日交易数据 8 条
         名称  操作  标的名称      代码    最新价  新比例%    市场                时间
1    组-逻辑为王  买入  雪人集团  002***  10.96  33.0  沪深A股  2025-07-11 13:59
2    组-逻辑为王  卖出  海格通信  002***  12.97   0.0  沪深A股  2025-07-11 13:43
3    组-逻辑为王  买入  龙溪股份  600***  20.58  33.0  沪深A股  2025-07-11 13:22
4    组-逻辑为王  卖出  许继电气  000***  21.91   0.0  沪深A股  2025-07-11 13:21
5    组-逻辑为王  买入  长电科技  600***  33.58  33.0  沪深A股  2025-07-11 13:16
6  赛-短线趋势题材  买入   多氟多  002407  12.22  25.0  沪深A股  2025-07-11 11:48
7    超短稳定复利  买入   新亚强  603***  16.64  10.0  沪深A股  2025-07-11 10:28
8    组-逻辑为王  卖出  保利发展  600***   8.33   0.0  沪深A股  2025-07-11 10:10[0m
[32m2025-07-12 09:15:01 - INFO - ---------------组合 无新增交易数据----------------[0m
[32m2025-07-12 09:16:03 - INFO - 组合 获取数据成功id:19347 超短稳定复利 [0m
[32m2025-07-12 09:16:04 - INFO - 组合 获取数据成功id:9800 组-逻辑为王 [0m
[32m2025-07-12 09:16:04 - INFO - 组合 获取数据成功id:29684 ETF-主题成长优选 [0m
[32m2025-07-12 09:16:04 - INFO - 组合 获取数据成功id:29634 ETF-主题轮动精选 [0m
[32m2025-07-12 09:16:05 - INFO - 组合 获取数据成功id:31670 赛-情绪拐点龙头战法 [0m
[32m2025-07-12 09:16:05 - INFO - 组合 获取数据成功id:31672 赛-短线趋势题材 [0m
[32m2025-07-12 09:16:05 - INFO - 今日交易数据 8 条
         名称  操作  标的名称      代码    最新价  新比例%    市场                时间
1    组-逻辑为王  买入  雪人集团  002***  10.96  33.0  沪深A股  2025-07-11 13:59
2    组-逻辑为王  卖出  海格通信  002***  12.97   0.0  沪深A股  2025-07-11 13:43
3    组-逻辑为王  买入  龙溪股份  600***  20.58  33.0  沪深A股  2025-07-11 13:22
4    组-逻辑为王  卖出  许继电气  000***  21.91   0.0  沪深A股  2025-07-11 13:21
5    组-逻辑为王  买入  长电科技  600***  33.58  33.0  沪深A股  2025-07-11 13:16
6  赛-短线趋势题材  买入   多氟多  002407  12.22  25.0  沪深A股  2025-07-11 11:48
7    超短稳定复利  买入   新亚强  603***  16.64  10.0  沪深A股  2025-07-11 10:28
8    组-逻辑为王  卖出  保利发展  600***   8.33   0.0  沪深A股  2025-07-11 10:10[0m
[32m2025-07-12 09:16:05 - INFO - ---------------组合 无新增交易数据----------------[0m
[32m2025-07-12 09:16:46 - INFO - 组合 获取数据成功id:19347 超短稳定复利 [0m
[32m2025-07-12 09:16:47 - INFO - 组合 获取数据成功id:9800 组-逻辑为王 [0m
[32m2025-07-12 09:16:47 - INFO - 组合 获取数据成功id:29684 ETF-主题成长优选 [0m
[32m2025-07-12 09:16:47 - INFO - 组合 获取数据成功id:29634 ETF-主题轮动精选 [0m
[32m2025-07-12 09:16:47 - INFO - 组合 获取数据成功id:31670 赛-情绪拐点龙头战法 [0m
[32m2025-07-12 09:16:48 - INFO - 组合 获取数据成功id:31672 赛-短线趋势题材 [0m
[32m2025-07-12 09:16:48 - INFO - 今日交易数据 8 条
         名称  操作  标的名称      代码    最新价  新比例%    市场                时间
1    组-逻辑为王  买入  雪人集团  002***  10.96  33.0  沪深A股  2025-07-11 13:59
2    组-逻辑为王  卖出  海格通信  002***  12.97   0.0  沪深A股  2025-07-11 13:43
3    组-逻辑为王  买入  龙溪股份  600***  20.58  33.0  沪深A股  2025-07-11 13:22
4    组-逻辑为王  卖出  许继电气  000***  21.91   0.0  沪深A股  2025-07-11 13:21
5    组-逻辑为王  买入  长电科技  600***  33.58  33.0  沪深A股  2025-07-11 13:16
6  赛-短线趋势题材  买入   多氟多  002407  12.22  25.0  沪深A股  2025-07-11 11:48
7    超短稳定复利  买入   新亚强  603***  16.64  10.0  沪深A股  2025-07-11 10:28
8    组-逻辑为王  卖出  保利发展  600***   8.33   0.0  沪深A股  2025-07-11 10:10[0m
[32m2025-07-12 09:22:08 - INFO - 组合 获取数据成功id:19347 超短稳定复利 [0m
[32m2025-07-12 09:22:09 - INFO - 组合 获取数据成功id:9800 组-逻辑为王 [0m
[32m2025-07-12 09:22:09 - INFO - 组合 获取数据成功id:29684 ETF-主题成长优选 [0m
[32m2025-07-12 09:22:09 - INFO - 组合 获取数据成功id:29634 ETF-主题轮动精选 [0m
[32m2025-07-12 09:22:10 - INFO - 组合 获取数据成功id:31670 赛-情绪拐点龙头战法 [0m
[32m2025-07-12 09:22:10 - INFO - 组合 获取数据成功id:31672 赛-短线趋势题材 [0m
[32m2025-07-12 09:22:10 - INFO - 今日交易数据 8 条
         名称  操作  标的名称      代码    最新价  新比例%    市场                时间
1    组-逻辑为王  买入  雪人集团  002***  10.96  33.0  沪深A股  2025-07-11 13:59
2    组-逻辑为王  卖出  海格通信  002***  12.97   0.0  沪深A股  2025-07-11 13:43
3    组-逻辑为王  买入  龙溪股份  600***  20.58  33.0  沪深A股  2025-07-11 13:22
4    组-逻辑为王  卖出  许继电气  000***  21.91   0.0  沪深A股  2025-07-11 13:21
5    组-逻辑为王  买入  长电科技  600***  33.58  33.0  沪深A股  2025-07-11 13:16
6  赛-短线趋势题材  买入   多氟多  002407  12.22  25.0  沪深A股  2025-07-11 11:48
7    超短稳定复利  买入   新亚强  603***  16.64  10.0  沪深A股  2025-07-11 10:28
8    组-逻辑为王  卖出  保利发展  600***   8.33   0.0  沪深A股  2025-07-11 10:10[0m
[32m2025-07-12 09:23:30 - INFO - 组合 获取数据成功id:19347 超短稳定复利 [0m
[32m2025-07-12 09:23:30 - INFO - 组合 获取数据成功id:9800 组-逻辑为王 [0m
[32m2025-07-12 09:23:31 - INFO - 组合 获取数据成功id:29684 ETF-主题成长优选 [0m
[32m2025-07-12 09:23:31 - INFO - 组合 获取数据成功id:29634 ETF-主题轮动精选 [0m
[32m2025-07-12 09:23:31 - INFO - 组合 获取数据成功id:31670 赛-情绪拐点龙头战法 [0m
[32m2025-07-12 09:23:31 - INFO - 组合 获取数据成功id:31672 赛-短线趋势题材 [0m
[32m2025-07-12 09:23:31 - INFO - 今日交易数据 8 条
         名称  操作  标的名称      代码    最新价  新比例%    市场                时间
1    组-逻辑为王  买入  雪人集团  002***  10.96  33.0  沪深A股  2025-07-11 13:59
2    组-逻辑为王  卖出  海格通信  002***  12.97   0.0  沪深A股  2025-07-11 13:43
3    组-逻辑为王  买入  龙溪股份  600***  20.58  33.0  沪深A股  2025-07-11 13:22
4    组-逻辑为王  卖出  许继电气  000***  21.91   0.0  沪深A股  2025-07-11 13:21
5    组-逻辑为王  买入  长电科技  600***  33.58  33.0  沪深A股  2025-07-11 13:16
6  赛-短线趋势题材  买入   多氟多  002407  12.22  25.0  沪深A股  2025-07-11 11:48
7    超短稳定复利  买入   新亚强  603***  16.64  10.0  沪深A股  2025-07-11 10:28
8    组-逻辑为王  卖出  保利发展  600***   8.33   0.0  沪深A股  2025-07-11 10:10[0m
[32m2025-07-12 09:23:32 - INFO - ---------------组合 无新增交易数据----------------[0m
[32m2025-07-12 09:23:51 - INFO - 组合 获取数据成功id:19347 超短稳定复利 [0m
[32m2025-07-12 09:23:51 - INFO - 组合 获取数据成功id:9800 组-逻辑为王 [0m
[32m2025-07-12 09:23:52 - INFO - 组合 获取数据成功id:29684 ETF-主题成长优选 [0m
[32m2025-07-12 09:23:52 - INFO - 组合 获取数据成功id:29634 ETF-主题轮动精选 [0m
[32m2025-07-12 09:23:52 - INFO - 组合 获取数据成功id:31670 赛-情绪拐点龙头战法 [0m
[32m2025-07-12 09:23:52 - INFO - 组合 获取数据成功id:31672 赛-短线趋势题材 [0m
[32m2025-07-12 09:23:52 - INFO - 今日交易数据 8 条
         名称  操作  标的名称      代码    最新价  新比例%    市场                时间
1    组-逻辑为王  买入  雪人集团  002***  10.96  33.0  沪深A股  2025-07-11 13:59
2    组-逻辑为王  卖出  海格通信  002***  12.97   0.0  沪深A股  2025-07-11 13:43
3    组-逻辑为王  买入  龙溪股份  600***  20.58  33.0  沪深A股  2025-07-11 13:22
4    组-逻辑为王  卖出  许继电气  000***  21.91   0.0  沪深A股  2025-07-11 13:21
5    组-逻辑为王  买入  长电科技  600***  33.58  33.0  沪深A股  2025-07-11 13:16
6  赛-短线趋势题材  买入   多氟多  002407  12.22  25.0  沪深A股  2025-07-11 11:48
7    超短稳定复利  买入   新亚强  603***  16.64  10.0  沪深A股  2025-07-11 10:28
8    组-逻辑为王  卖出  保利发展  600***   8.33   0.0  沪深A股  2025-07-11 10:10[0m
[32m2025-07-12 09:25:28 - INFO - 组合 获取数据成功id:19347 超短稳定复利 [0m
[32m2025-07-12 09:25:29 - INFO - 组合 获取数据成功id:9800 组-逻辑为王 [0m
[32m2025-07-12 09:25:29 - INFO - 组合 获取数据成功id:29684 ETF-主题成长优选 [0m
[32m2025-07-12 09:25:29 - INFO - 组合 获取数据成功id:29634 ETF-主题轮动精选 [0m
[32m2025-07-12 09:25:30 - INFO - 组合 获取数据成功id:31670 赛-情绪拐点龙头战法 [0m
[32m2025-07-12 09:25:30 - INFO - 组合 获取数据成功id:31672 赛-短线趋势题材 [0m
[32m2025-07-12 09:25:30 - INFO - 今日交易数据 8 条
         名称  操作  标的名称      代码    最新价  新比例%    市场                时间
1    组-逻辑为王  买入  雪人集团  002***  10.96  33.0  沪深A股  2025-07-11 13:59
2    组-逻辑为王  卖出  海格通信  002***  12.97   0.0  沪深A股  2025-07-11 13:43
3    组-逻辑为王  买入  龙溪股份  600***  20.58  33.0  沪深A股  2025-07-11 13:22
4    组-逻辑为王  卖出  许继电气  000***  21.91   0.0  沪深A股  2025-07-11 13:21
5    组-逻辑为王  买入  长电科技  600***  33.58  33.0  沪深A股  2025-07-11 13:16
6  赛-短线趋势题材  买入   多氟多  002407  12.22  25.0  沪深A股  2025-07-11 11:48
7    超短稳定复利  买入   新亚强  603***  16.64  10.0  沪深A股  2025-07-11 10:28
8    组-逻辑为王  卖出  保利发展  600***   8.33   0.0  沪深A股  2025-07-11 10:10[0m
[32m2025-07-12 09:27:14 - INFO - 组合 获取数据成功id:19347 超短稳定复利 [0m
[32m2025-07-12 09:27:15 - INFO - 组合 获取数据成功id:9800 组-逻辑为王 [0m
[32m2025-07-12 09:27:16 - INFO - 组合 获取数据成功id:29684 ETF-主题成长优选 [0m
[32m2025-07-12 09:27:16 - INFO - 组合 获取数据成功id:29634 ETF-主题轮动精选 [0m
[32m2025-07-12 09:27:16 - INFO - 组合 获取数据成功id:31670 赛-情绪拐点龙头战法 [0m
[32m2025-07-12 09:27:16 - INFO - 组合 获取数据成功id:31672 赛-短线趋势题材 [0m
[32m2025-07-12 09:27:16 - INFO - 今日交易数据 8 条
         名称  操作  标的名称      代码    最新价  新比例%    市场                时间
1    组-逻辑为王  买入  雪人集团  002***  10.96  33.0  沪深A股  2025-07-11 13:59
2    组-逻辑为王  卖出  海格通信  002***  12.97   0.0  沪深A股  2025-07-11 13:43
3    组-逻辑为王  买入  龙溪股份  600***  20.58  33.0  沪深A股  2025-07-11 13:22
4    组-逻辑为王  卖出  许继电气  000***  21.91   0.0  沪深A股  2025-07-11 13:21
5    组-逻辑为王  买入  长电科技  600***  33.58  33.0  沪深A股  2025-07-11 13:16
6  赛-短线趋势题材  买入   多氟多  002407  12.22  25.0  沪深A股  2025-07-11 11:48
7    超短稳定复利  买入   新亚强  603***  16.64  10.0  沪深A股  2025-07-11 10:28
8    组-逻辑为王  卖出  保利发展  600***   8.33   0.0  沪深A股  2025-07-11 10:10[0m
[32m2025-07-12 09:27:16 - INFO - ---------------组合 无新增交易数据----------------[0m
[32m2025-07-12 15:53:51 - INFO - 组合 获取数据成功id:19347 超短稳定复利 [0m
[32m2025-07-12 15:53:52 - INFO - 组合 获取数据成功id:9800 组-逻辑为王 [0m
[32m2025-07-12 15:53:52 - INFO - 组合 获取数据成功id:29684 ETF-主题成长优选 [0m
[32m2025-07-12 15:53:52 - INFO - 组合 获取数据成功id:29634 ETF-主题轮动精选 [0m
[32m2025-07-12 15:53:53 - INFO - 组合 获取数据成功id:31670 赛-情绪拐点龙头战法 [0m
[32m2025-07-12 15:53:53 - INFO - 组合 获取数据成功id:31672 赛-短线趋势题材 [0m
[32m2025-07-12 15:53:53 - INFO - 今日交易数据 8 条
         名称  操作  标的名称      代码    最新价  新比例%    市场                时间
1    组-逻辑为王  买入  雪人集团  002***  10.96  33.0  沪深A股  2025-07-11 13:59
2    组-逻辑为王  卖出  海格通信  002***  12.97   0.0  沪深A股  2025-07-11 13:43
3    组-逻辑为王  买入  龙溪股份  600***  20.58  33.0  沪深A股  2025-07-11 13:22
4    组-逻辑为王  卖出  许继电气  000***  21.91   0.0  沪深A股  2025-07-11 13:21
5    组-逻辑为王  买入  长电科技  600***  33.58  33.0  沪深A股  2025-07-11 13:16
6  赛-短线趋势题材  买入   多氟多  002407  12.22  25.0  沪深A股  2025-07-11 11:48
7    超短稳定复利  买入   新亚强  603***  16.64  10.0  沪深A股  2025-07-11 10:28
8    组-逻辑为王  卖出  保利发展  600***   8.33   0.0  沪深A股  2025-07-11 10:10[0m
[32m2025-07-12 15:56:03 - INFO - 组合 获取数据成功id:19347 超短稳定复利 [0m
[32m2025-07-12 15:56:05 - INFO - 组合 获取数据成功id:9800 组-逻辑为王 [0m
[32m2025-07-12 15:56:05 - INFO - 组合 获取数据成功id:29684 ETF-主题成长优选 [0m
[32m2025-07-12 15:56:06 - INFO - 组合 获取数据成功id:29634 ETF-主题轮动精选 [0m
[32m2025-07-12 15:56:06 - INFO - 组合 获取数据成功id:31670 赛-情绪拐点龙头战法 [0m
[32m2025-07-12 15:56:06 - INFO - 组合 获取数据成功id:31672 赛-短线趋势题材 [0m
[32m2025-07-12 15:56:06 - INFO - 今日交易数据 8 条
         名称  操作  标的名称      代码    最新价  新比例%    市场                时间
1    组-逻辑为王  买入  雪人集团  002***  10.96  33.0  沪深A股  2025-07-11 13:59
2    组-逻辑为王  卖出  海格通信  002***  12.97   0.0  沪深A股  2025-07-11 13:43
3    组-逻辑为王  买入  龙溪股份  600***  20.58  33.0  沪深A股  2025-07-11 13:22
4    组-逻辑为王  卖出  许继电气  000***  21.91   0.0  沪深A股  2025-07-11 13:21
5    组-逻辑为王  买入  长电科技  600***  33.58  33.0  沪深A股  2025-07-11 13:16
6  赛-短线趋势题材  买入   多氟多  002407  12.22  25.0  沪深A股  2025-07-11 11:48
7    超短稳定复利  买入   新亚强  603***  16.64  10.0  沪深A股  2025-07-11 10:28
8    组-逻辑为王  卖出  保利发展  600***   8.33   0.0  沪深A股  2025-07-11 10:10[0m
[32m2025-07-12 15:56:07 - INFO - ---------------组合 无新增交易数据----------------[0m
[32m2025-07-12 15:57:30 - INFO - 组合 获取数据成功id:19347 超短稳定复利 [0m
[32m2025-07-12 15:57:31 - INFO - 组合 获取数据成功id:9800 组-逻辑为王 [0m
[32m2025-07-12 15:57:31 - INFO - 组合 获取数据成功id:29684 ETF-主题成长优选 [0m
[32m2025-07-12 15:57:32 - INFO - 组合 获取数据成功id:29634 ETF-主题轮动精选 [0m
[32m2025-07-12 15:57:32 - INFO - 组合 获取数据成功id:31670 赛-情绪拐点龙头战法 [0m
[32m2025-07-12 15:57:32 - INFO - 组合 获取数据成功id:31672 赛-短线趋势题材 [0m
[32m2025-07-12 15:57:32 - INFO - 今日交易数据 8 条
         名称  操作  标的名称      代码    最新价  新比例%    市场                时间
1    组-逻辑为王  买入  雪人集团  002***  10.96  33.0  沪深A股  2025-07-11 13:59
2    组-逻辑为王  卖出  海格通信  002***  12.97   0.0  沪深A股  2025-07-11 13:43
3    组-逻辑为王  买入  龙溪股份  600***  20.58  33.0  沪深A股  2025-07-11 13:22
4    组-逻辑为王  卖出  许继电气  000***  21.91   0.0  沪深A股  2025-07-11 13:21
5    组-逻辑为王  买入  长电科技  600***  33.58  33.0  沪深A股  2025-07-11 13:16
6  赛-短线趋势题材  买入   多氟多  002407  12.22  25.0  沪深A股  2025-07-11 11:48
7    超短稳定复利  买入   新亚强  603***  16.64  10.0  沪深A股  2025-07-11 10:28
8    组-逻辑为王  卖出  保利发展  600***   8.33   0.0  沪深A股  2025-07-11 10:10[0m
[32m2025-07-12 15:59:57 - INFO - 组合 获取数据成功id:19347 超短稳定复利 [0m
[32m2025-07-12 15:59:58 - INFO - 组合 获取数据成功id:9800 组-逻辑为王 [0m
[32m2025-07-12 15:59:58 - INFO - 组合 获取数据成功id:29684 ETF-主题成长优选 [0m
[32m2025-07-12 15:59:58 - INFO - 组合 获取数据成功id:29634 ETF-主题轮动精选 [0m
[32m2025-07-12 15:59:59 - INFO - 组合 获取数据成功id:31670 赛-情绪拐点龙头战法 [0m
[32m2025-07-12 15:59:59 - INFO - 组合 获取数据成功id:31672 赛-短线趋势题材 [0m
[32m2025-07-12 15:59:59 - INFO - 今日交易数据 8 条
         名称  操作  标的名称      代码    最新价  新比例%    市场                时间
1    组-逻辑为王  买入  雪人集团  002***  10.96  33.0  沪深A股  2025-07-11 13:59
2    组-逻辑为王  卖出  海格通信  002***  12.97   0.0  沪深A股  2025-07-11 13:43
3    组-逻辑为王  买入  龙溪股份  600***  20.58  33.0  沪深A股  2025-07-11 13:22
4    组-逻辑为王  卖出  许继电气  000***  21.91   0.0  沪深A股  2025-07-11 13:21
5    组-逻辑为王  买入  长电科技  600***  33.58  33.0  沪深A股  2025-07-11 13:16
6  赛-短线趋势题材  买入   多氟多  002407  12.22  25.0  沪深A股  2025-07-11 11:48
7    超短稳定复利  买入   新亚强  603***  16.64  10.0  沪深A股  2025-07-11 10:28
8    组-逻辑为王  卖出  保利发展  600***   8.33   0.0  沪深A股  2025-07-11 10:10[0m
[32m2025-07-12 16:03:32 - INFO - 组合 获取数据成功id:19347 超短稳定复利 [0m
[32m2025-07-12 16:03:33 - INFO - 组合 获取数据成功id:9800 组-逻辑为王 [0m
[32m2025-07-12 16:03:34 - INFO - 组合 获取数据成功id:29684 ETF-主题成长优选 [0m
[32m2025-07-12 16:03:34 - INFO - 组合 获取数据成功id:29634 ETF-主题轮动精选 [0m
[32m2025-07-12 16:03:34 - INFO - 组合 获取数据成功id:31670 赛-情绪拐点龙头战法 [0m
[32m2025-07-12 16:03:34 - INFO - 组合 获取数据成功id:31672 赛-短线趋势题材 [0m
[32m2025-07-12 16:03:35 - INFO - 今日交易数据 8 条
         名称  操作  标的名称      代码    最新价  新比例%    市场                时间
1    组-逻辑为王  买入  雪人集团  002***  10.96  33.0  沪深A股  2025-07-11 13:59
2    组-逻辑为王  卖出  海格通信  002***  12.97   0.0  沪深A股  2025-07-11 13:43
3    组-逻辑为王  买入  龙溪股份  600***  20.58  33.0  沪深A股  2025-07-11 13:22
4    组-逻辑为王  卖出  许继电气  000***  21.91   0.0  沪深A股  2025-07-11 13:21
5    组-逻辑为王  买入  长电科技  600***  33.58  33.0  沪深A股  2025-07-11 13:16
6  赛-短线趋势题材  买入   多氟多  002407  12.22  25.0  沪深A股  2025-07-11 11:48
7    超短稳定复利  买入   新亚强  603***  16.64  10.0  沪深A股  2025-07-11 10:28
8    组-逻辑为王  卖出  保利发展  600***   8.33   0.0  沪深A股  2025-07-11 10:10[0m
[32m2025-07-12 16:03:35 - INFO - ---------------组合 无新增交易数据----------------[0m
[32m2025-07-12 16:05:03 - INFO - 组合 获取数据成功id:19347 超短稳定复利 [0m
[32m2025-07-12 16:05:04 - INFO - 组合 获取数据成功id:9800 组-逻辑为王 [0m
[32m2025-07-12 16:05:05 - INFO - 组合 获取数据成功id:29684 ETF-主题成长优选 [0m
[32m2025-07-12 16:05:05 - INFO - 组合 获取数据成功id:29634 ETF-主题轮动精选 [0m
[32m2025-07-12 16:05:05 - INFO - 组合 获取数据成功id:31670 赛-情绪拐点龙头战法 [0m
[32m2025-07-12 16:05:05 - INFO - 组合 获取数据成功id:31672 赛-短线趋势题材 [0m
[32m2025-07-12 16:05:06 - INFO - 今日交易数据 8 条
         名称  操作  标的名称      代码    最新价  新比例%    市场                时间
1    组-逻辑为王  买入  雪人集团  002***  10.96  33.0  沪深A股  2025-07-11 13:59
2    组-逻辑为王  卖出  海格通信  002***  12.97   0.0  沪深A股  2025-07-11 13:43
3    组-逻辑为王  买入  龙溪股份  600***  20.58  33.0  沪深A股  2025-07-11 13:22
4    组-逻辑为王  卖出  许继电气  000***  21.91   0.0  沪深A股  2025-07-11 13:21
5    组-逻辑为王  买入  长电科技  600***  33.58  33.0  沪深A股  2025-07-11 13:16
6  赛-短线趋势题材  买入   多氟多  002407  12.22  25.0  沪深A股  2025-07-11 11:48
7    超短稳定复利  买入   新亚强  603***  16.64  10.0  沪深A股  2025-07-11 10:28
8    组-逻辑为王  卖出  保利发展  600***   8.33   0.0  沪深A股  2025-07-11 10:10[0m
[32m2025-07-12 16:05:06 - INFO - ---------------组合 无新增交易数据----------------[0m
[32m2025-07-12 16:06:10 - INFO - 组合 获取数据成功id:19347 超短稳定复利 [0m
[32m2025-07-12 16:06:13 - INFO - 组合 获取数据成功id:9800 组-逻辑为王 [0m
[32m2025-07-12 16:06:13 - INFO - 组合 获取数据成功id:29684 ETF-主题成长优选 [0m
[32m2025-07-12 16:06:13 - INFO - 组合 获取数据成功id:29634 ETF-主题轮动精选 [0m
[32m2025-07-12 16:06:14 - INFO - 组合 获取数据成功id:31670 赛-情绪拐点龙头战法 [0m
[32m2025-07-12 16:06:14 - INFO - 组合 获取数据成功id:31672 赛-短线趋势题材 [0m
[32m2025-07-12 16:06:14 - INFO - 今日交易数据 8 条
         名称  操作  标的名称      代码    最新价  新比例%    市场                时间
1    组-逻辑为王  买入  雪人集团  002***  10.96  33.0  沪深A股  2025-07-11 13:59
2    组-逻辑为王  卖出  海格通信  002***  12.97   0.0  沪深A股  2025-07-11 13:43
3    组-逻辑为王  买入  龙溪股份  600***  20.58  33.0  沪深A股  2025-07-11 13:22
4    组-逻辑为王  卖出  许继电气  000***  21.91   0.0  沪深A股  2025-07-11 13:21
5    组-逻辑为王  买入  长电科技  600***  33.58  33.0  沪深A股  2025-07-11 13:16
6  赛-短线趋势题材  买入   多氟多  002407  12.22  25.0  沪深A股  2025-07-11 11:48
7    超短稳定复利  买入   新亚强  603***  16.64  10.0  沪深A股  2025-07-11 10:28
8    组-逻辑为王  卖出  保利发展  600***   8.33   0.0  沪深A股  2025-07-11 10:10[0m
[32m2025-07-12 16:06:14 - INFO - ---------------组合 无新增交易数据----------------[0m
[32m2025-07-12 16:07:42 - INFO - 组合 获取数据成功id:19347 超短稳定复利 [0m
[32m2025-07-12 16:07:45 - INFO - 组合 获取数据成功id:9800 组-逻辑为王 [0m
[32m2025-07-12 16:07:45 - INFO - 组合 获取数据成功id:29684 ETF-主题成长优选 [0m
[32m2025-07-12 16:07:46 - INFO - 组合 获取数据成功id:29634 ETF-主题轮动精选 [0m
[32m2025-07-12 16:07:46 - INFO - 组合 获取数据成功id:31670 赛-情绪拐点龙头战法 [0m
[32m2025-07-12 16:07:46 - INFO - 组合 获取数据成功id:31672 赛-短线趋势题材 [0m
[32m2025-07-12 16:07:46 - INFO - 今日交易数据 8 条
         名称  操作  标的名称      代码    最新价  新比例%    市场                时间
1    组-逻辑为王  买入  雪人集团  002***  10.96  33.0  沪深A股  2025-07-11 13:59
2    组-逻辑为王  卖出  海格通信  002***  12.97   0.0  沪深A股  2025-07-11 13:43
3    组-逻辑为王  买入  龙溪股份  600***  20.58  33.0  沪深A股  2025-07-11 13:22
4    组-逻辑为王  卖出  许继电气  000***  21.91   0.0  沪深A股  2025-07-11 13:21
5    组-逻辑为王  买入  长电科技  600***  33.58  33.0  沪深A股  2025-07-11 13:16
6  赛-短线趋势题材  买入   多氟多  002407  12.22  25.0  沪深A股  2025-07-11 11:48
7    超短稳定复利  买入   新亚强  603***  16.64  10.0  沪深A股  2025-07-11 10:28
8    组-逻辑为王  卖出  保利发展  600***   8.33   0.0  沪深A股  2025-07-11 10:10[0m
[32m2025-07-12 16:07:47 - INFO - ---------------组合 无新增交易数据----------------[0m
[32m2025-07-12 16:08:50 - INFO - 组合 获取数据成功id:19347 超短稳定复利 [0m
[32m2025-07-12 16:08:51 - INFO - 组合 获取数据成功id:9800 组-逻辑为王 [0m
[32m2025-07-12 16:08:51 - INFO - 组合 获取数据成功id:29684 ETF-主题成长优选 [0m
[32m2025-07-12 16:08:52 - INFO - 组合 获取数据成功id:29634 ETF-主题轮动精选 [0m
[32m2025-07-12 16:08:52 - INFO - 组合 获取数据成功id:31670 赛-情绪拐点龙头战法 [0m
[32m2025-07-12 16:08:53 - INFO - 组合 获取数据成功id:31672 赛-短线趋势题材 [0m
[32m2025-07-12 16:08:53 - INFO - 今日交易数据 8 条
         名称  操作  标的名称      代码    最新价  新比例%    市场                时间
1    组-逻辑为王  买入  雪人集团  002***  10.96  33.0  沪深A股  2025-07-11 13:59
2    组-逻辑为王  卖出  海格通信  002***  12.97   0.0  沪深A股  2025-07-11 13:43
3    组-逻辑为王  买入  龙溪股份  600***  20.58  33.0  沪深A股  2025-07-11 13:22
4    组-逻辑为王  卖出  许继电气  000***  21.91   0.0  沪深A股  2025-07-11 13:21
5    组-逻辑为王  买入  长电科技  600***  33.58  33.0  沪深A股  2025-07-11 13:16
6  赛-短线趋势题材  买入   多氟多  002407  12.22  25.0  沪深A股  2025-07-11 11:48
7    超短稳定复利  买入   新亚强  603***  16.64  10.0  沪深A股  2025-07-11 10:28
8    组-逻辑为王  卖出  保利发展  600***   8.33   0.0  沪深A股  2025-07-11 10:10[0m
[32m2025-07-12 16:08:53 - INFO - ---------------组合 无新增交易数据----------------[0m
[32m2025-07-12 16:10:12 - INFO - 组合 获取数据成功id:19347 超短稳定复利 [0m
[32m2025-07-12 16:10:14 - INFO - 组合 获取数据成功id:9800 组-逻辑为王 [0m
[32m2025-07-12 16:10:14 - INFO - 组合 获取数据成功id:29684 ETF-主题成长优选 [0m
[32m2025-07-12 16:10:14 - INFO - 组合 获取数据成功id:29634 ETF-主题轮动精选 [0m
[32m2025-07-12 16:10:15 - INFO - 组合 获取数据成功id:31670 赛-情绪拐点龙头战法 [0m
[32m2025-07-12 16:10:15 - INFO - 组合 获取数据成功id:31672 赛-短线趋势题材 [0m
[32m2025-07-12 16:10:15 - INFO - 今日交易数据 8 条
         名称  操作  标的名称      代码    最新价  新比例%    市场                时间
1    组-逻辑为王  买入  雪人集团  002***  10.96  33.0  沪深A股  2025-07-11 13:59
2    组-逻辑为王  卖出  海格通信  002***  12.97   0.0  沪深A股  2025-07-11 13:43
3    组-逻辑为王  买入  龙溪股份  600***  20.58  33.0  沪深A股  2025-07-11 13:22
4    组-逻辑为王  卖出  许继电气  000***  21.91   0.0  沪深A股  2025-07-11 13:21
5    组-逻辑为王  买入  长电科技  600***  33.58  33.0  沪深A股  2025-07-11 13:16
6  赛-短线趋势题材  买入   多氟多  002407  12.22  25.0  沪深A股  2025-07-11 11:48
7    超短稳定复利  买入   新亚强  603***  16.64  10.0  沪深A股  2025-07-11 10:28
8    组-逻辑为王  卖出  保利发展  600***   8.33   0.0  沪深A股  2025-07-11 10:10[0m
[32m2025-07-12 16:11:54 - INFO - 组合 获取数据成功id:19347 超短稳定复利 [0m
[32m2025-07-12 16:11:55 - INFO - 组合 获取数据成功id:9800 组-逻辑为王 [0m
[32m2025-07-12 16:11:55 - INFO - 组合 获取数据成功id:29684 ETF-主题成长优选 [0m
[32m2025-07-12 16:11:55 - INFO - 组合 获取数据成功id:29634 ETF-主题轮动精选 [0m
[32m2025-07-12 16:11:56 - INFO - 组合 获取数据成功id:31670 赛-情绪拐点龙头战法 [0m
[32m2025-07-12 16:11:56 - INFO - 组合 获取数据成功id:31672 赛-短线趋势题材 [0m
[32m2025-07-12 16:11:56 - INFO - 今日交易数据 8 条
         名称  操作  标的名称      代码    最新价  新比例%    市场                时间
1    组-逻辑为王  买入  雪人集团  002***  10.96  33.0  沪深A股  2025-07-11 13:59
2    组-逻辑为王  卖出  海格通信  002***  12.97   0.0  沪深A股  2025-07-11 13:43
3    组-逻辑为王  买入  龙溪股份  600***  20.58  33.0  沪深A股  2025-07-11 13:22
4    组-逻辑为王  卖出  许继电气  000***  21.91   0.0  沪深A股  2025-07-11 13:21
5    组-逻辑为王  买入  长电科技  600***  33.58  33.0  沪深A股  2025-07-11 13:16
6  赛-短线趋势题材  买入   多氟多  002407  12.22  25.0  沪深A股  2025-07-11 11:48
7    超短稳定复利  买入   新亚强  603***  16.64  10.0  沪深A股  2025-07-11 10:28
8    组-逻辑为王  卖出  保利发展  600***   8.33   0.0  沪深A股  2025-07-11 10:10[0m
[32m2025-07-12 16:11:56 - INFO - ---------------组合 无新增交易数据----------------[0m
[32m2025-07-12 16:13:18 - INFO - 组合 获取数据成功id:19347 超短稳定复利 [0m
[32m2025-07-12 16:13:19 - INFO - 组合 获取数据成功id:9800 组-逻辑为王 [0m
[32m2025-07-12 16:13:19 - INFO - 组合 获取数据成功id:29684 ETF-主题成长优选 [0m
[32m2025-07-12 16:13:20 - INFO - 组合 获取数据成功id:29634 ETF-主题轮动精选 [0m
[32m2025-07-12 16:13:20 - INFO - 组合 获取数据成功id:31670 赛-情绪拐点龙头战法 [0m
[32m2025-07-12 16:13:20 - INFO - 组合 获取数据成功id:31672 赛-短线趋势题材 [0m
[32m2025-07-12 16:13:20 - INFO - 今日交易数据 8 条
         名称  操作  标的名称      代码    最新价  新比例%    市场                时间
1    组-逻辑为王  买入  雪人集团  002***  10.96  33.0  沪深A股  2025-07-11 13:59
2    组-逻辑为王  卖出  海格通信  002***  12.97   0.0  沪深A股  2025-07-11 13:43
3    组-逻辑为王  买入  龙溪股份  600***  20.58  33.0  沪深A股  2025-07-11 13:22
4    组-逻辑为王  卖出  许继电气  000***  21.91   0.0  沪深A股  2025-07-11 13:21
5    组-逻辑为王  买入  长电科技  600***  33.58  33.0  沪深A股  2025-07-11 13:16
6  赛-短线趋势题材  买入   多氟多  002407  12.22  25.0  沪深A股  2025-07-11 11:48
7    超短稳定复利  买入   新亚强  603***  16.64  10.0  沪深A股  2025-07-11 10:28
8    组-逻辑为王  卖出  保利发展  600***   8.33   0.0  沪深A股  2025-07-11 10:10[0m
[32m2025-07-12 16:20:08 - INFO - 组合 获取数据成功id:19347 超短稳定复利 [0m
[32m2025-07-12 16:20:09 - INFO - 组合 获取数据成功id:9800 组-逻辑为王 [0m
[32m2025-07-12 16:20:10 - INFO - 组合 获取数据成功id:29684 ETF-主题成长优选 [0m
[32m2025-07-12 16:20:10 - INFO - 组合 获取数据成功id:29634 ETF-主题轮动精选 [0m
[32m2025-07-12 16:20:10 - INFO - 组合 获取数据成功id:31670 赛-情绪拐点龙头战法 [0m
[32m2025-07-12 16:20:11 - INFO - 组合 获取数据成功id:31672 赛-短线趋势题材 [0m
[32m2025-07-12 16:20:11 - INFO - 今日交易数据 8 条
         名称  操作  标的名称      代码    最新价  新比例%    市场                时间
1    组-逻辑为王  买入  雪人集团  002***  10.96  33.0  沪深A股  2025-07-11 13:59
2    组-逻辑为王  卖出  海格通信  002***  12.97   0.0  沪深A股  2025-07-11 13:43
3    组-逻辑为王  买入  龙溪股份  600***  20.58  33.0  沪深A股  2025-07-11 13:22
4    组-逻辑为王  卖出  许继电气  000***  21.91   0.0  沪深A股  2025-07-11 13:21
5    组-逻辑为王  买入  长电科技  600***  33.58  33.0  沪深A股  2025-07-11 13:16
6  赛-短线趋势题材  买入   多氟多  002407  12.22  25.0  沪深A股  2025-07-11 11:48
7    超短稳定复利  买入   新亚强  603***  16.64  10.0  沪深A股  2025-07-11 10:28
8    组-逻辑为王  卖出  保利发展  600***   8.33   0.0  沪深A股  2025-07-11 10:10[0m
[32m2025-07-12 16:20:11 - INFO - ---------------组合 无新增交易数据----------------[0m
[32m2025-07-12 16:21:41 - INFO - 组合 获取数据成功id:19347 超短稳定复利 [0m
[32m2025-07-12 16:21:42 - INFO - 组合 获取数据成功id:9800 组-逻辑为王 [0m
[32m2025-07-12 16:21:42 - INFO - 组合 获取数据成功id:29684 ETF-主题成长优选 [0m
[32m2025-07-12 16:21:42 - INFO - 组合 获取数据成功id:29634 ETF-主题轮动精选 [0m
[32m2025-07-12 16:21:43 - INFO - 组合 获取数据成功id:31670 赛-情绪拐点龙头战法 [0m
[32m2025-07-12 16:21:43 - INFO - 组合 获取数据成功id:31672 赛-短线趋势题材 [0m
[32m2025-07-12 16:21:43 - INFO - 今日交易数据 8 条
         名称  操作  标的名称      代码    最新价  新比例%    市场                时间
1    组-逻辑为王  买入  雪人集团  002***  10.96  33.0  沪深A股  2025-07-11 13:59
2    组-逻辑为王  卖出  海格通信  002***  12.97   0.0  沪深A股  2025-07-11 13:43
3    组-逻辑为王  买入  龙溪股份  600***  20.58  33.0  沪深A股  2025-07-11 13:22
4    组-逻辑为王  卖出  许继电气  000***  21.91   0.0  沪深A股  2025-07-11 13:21
5    组-逻辑为王  买入  长电科技  600***  33.58  33.0  沪深A股  2025-07-11 13:16
6  赛-短线趋势题材  买入   多氟多  002407  12.22  25.0  沪深A股  2025-07-11 11:48
7    超短稳定复利  买入   新亚强  603***  16.64  10.0  沪深A股  2025-07-11 10:28
8    组-逻辑为王  卖出  保利发展  600***   8.33   0.0  沪深A股  2025-07-11 10:10[0m
[32m2025-07-12 16:21:43 - INFO - ---------------组合 无新增交易数据----------------[0m
[32m2025-07-12 16:23:07 - INFO - 组合 获取数据成功id:19347 超短稳定复利 [0m
[32m2025-07-12 16:23:08 - INFO - 组合 获取数据成功id:9800 组-逻辑为王 [0m
[32m2025-07-12 16:23:08 - INFO - 组合 获取数据成功id:29684 ETF-主题成长优选 [0m
[32m2025-07-12 16:23:08 - INFO - 组合 获取数据成功id:29634 ETF-主题轮动精选 [0m
[32m2025-07-12 16:23:09 - INFO - 组合 获取数据成功id:31670 赛-情绪拐点龙头战法 [0m
[32m2025-07-12 16:23:09 - INFO - 组合 获取数据成功id:31672 赛-短线趋势题材 [0m
[32m2025-07-12 16:23:09 - INFO - 今日交易数据 8 条
         名称  操作  标的名称      代码    最新价  新比例%    市场                时间
1    组-逻辑为王  买入  雪人集团  002***  10.96  33.0  沪深A股  2025-07-11 13:59
2    组-逻辑为王  卖出  海格通信  002***  12.97   0.0  沪深A股  2025-07-11 13:43
3    组-逻辑为王  买入  龙溪股份  600***  20.58  33.0  沪深A股  2025-07-11 13:22
4    组-逻辑为王  卖出  许继电气  000***  21.91   0.0  沪深A股  2025-07-11 13:21
5    组-逻辑为王  买入  长电科技  600***  33.58  33.0  沪深A股  2025-07-11 13:16
6  赛-短线趋势题材  买入   多氟多  002407  12.22  25.0  沪深A股  2025-07-11 11:48
7    超短稳定复利  买入   新亚强  603***  16.64  10.0  沪深A股  2025-07-11 10:28
8    组-逻辑为王  卖出  保利发展  600***   8.33   0.0  沪深A股  2025-07-11 10:10[0m
[32m2025-07-12 16:23:09 - INFO - ---------------组合 无新增交易数据----------------[0m
[32m2025-07-12 16:24:33 - INFO - 组合 获取数据成功id:19347 超短稳定复利 [0m
[32m2025-07-12 16:24:34 - INFO - 组合 获取数据成功id:9800 组-逻辑为王 [0m
[32m2025-07-12 16:24:35 - INFO - 组合 获取数据成功id:29684 ETF-主题成长优选 [0m
[32m2025-07-12 16:24:35 - INFO - 组合 获取数据成功id:29634 ETF-主题轮动精选 [0m
[32m2025-07-12 16:24:35 - INFO - 组合 获取数据成功id:31670 赛-情绪拐点龙头战法 [0m
[32m2025-07-12 16:24:36 - INFO - 组合 获取数据成功id:31672 赛-短线趋势题材 [0m
[32m2025-07-12 16:24:36 - INFO - 今日交易数据 8 条
         名称  操作  标的名称      代码    最新价  新比例%    市场                时间
1    组-逻辑为王  买入  雪人集团  002***  10.96  33.0  沪深A股  2025-07-11 13:59
2    组-逻辑为王  卖出  海格通信  002***  12.97   0.0  沪深A股  2025-07-11 13:43
3    组-逻辑为王  买入  龙溪股份  600***  20.58  33.0  沪深A股  2025-07-11 13:22
4    组-逻辑为王  卖出  许继电气  000***  21.91   0.0  沪深A股  2025-07-11 13:21
5    组-逻辑为王  买入  长电科技  600***  33.58  33.0  沪深A股  2025-07-11 13:16
6  赛-短线趋势题材  买入   多氟多  002407  12.22  25.0  沪深A股  2025-07-11 11:48
7    超短稳定复利  买入   新亚强  603***  16.64  10.0  沪深A股  2025-07-11 10:28
8    组-逻辑为王  卖出  保利发展  600***   8.33   0.0  沪深A股  2025-07-11 10:10[0m
[32m2025-07-12 16:24:36 - INFO - ---------------组合 无新增交易数据----------------[0m
[32m2025-07-12 16:26:00 - INFO - 组合 获取数据成功id:19347 超短稳定复利 [0m
[32m2025-07-12 16:26:01 - INFO - 组合 获取数据成功id:9800 组-逻辑为王 [0m
[32m2025-07-12 16:26:01 - INFO - 组合 获取数据成功id:29684 ETF-主题成长优选 [0m
[32m2025-07-12 16:26:01 - INFO - 组合 获取数据成功id:29634 ETF-主题轮动精选 [0m
[32m2025-07-12 16:26:02 - INFO - 组合 获取数据成功id:31670 赛-情绪拐点龙头战法 [0m
[32m2025-07-12 16:26:02 - INFO - 组合 获取数据成功id:31672 赛-短线趋势题材 [0m
[32m2025-07-12 16:26:02 - INFO - 今日交易数据 8 条
         名称  操作  标的名称      代码    最新价  新比例%    市场                时间
1    组-逻辑为王  买入  雪人集团  002***  10.96  33.0  沪深A股  2025-07-11 13:59
2    组-逻辑为王  卖出  海格通信  002***  12.97   0.0  沪深A股  2025-07-11 13:43
3    组-逻辑为王  买入  龙溪股份  600***  20.58  33.0  沪深A股  2025-07-11 13:22
4    组-逻辑为王  卖出  许继电气  000***  21.91   0.0  沪深A股  2025-07-11 13:21
5    组-逻辑为王  买入  长电科技  600***  33.58  33.0  沪深A股  2025-07-11 13:16
6  赛-短线趋势题材  买入   多氟多  002407  12.22  25.0  沪深A股  2025-07-11 11:48
7    超短稳定复利  买入   新亚强  603***  16.64  10.0  沪深A股  2025-07-11 10:28
8    组-逻辑为王  卖出  保利发展  600***   8.33   0.0  沪深A股  2025-07-11 10:10[0m
[32m2025-07-12 16:26:02 - INFO - ---------------组合 无新增交易数据----------------[0m
[32m2025-07-12 16:27:26 - INFO - 组合 获取数据成功id:19347 超短稳定复利 [0m
[32m2025-07-12 16:27:27 - INFO - 组合 获取数据成功id:9800 组-逻辑为王 [0m
[32m2025-07-12 16:27:27 - INFO - 组合 获取数据成功id:29684 ETF-主题成长优选 [0m
[32m2025-07-12 16:27:28 - INFO - 组合 获取数据成功id:29634 ETF-主题轮动精选 [0m
[32m2025-07-12 16:27:28 - INFO - 组合 获取数据成功id:31670 赛-情绪拐点龙头战法 [0m
[32m2025-07-12 16:27:28 - INFO - 组合 获取数据成功id:31672 赛-短线趋势题材 [0m
[32m2025-07-12 16:27:28 - INFO - 今日交易数据 8 条
         名称  操作  标的名称      代码    最新价  新比例%    市场                时间
1    组-逻辑为王  买入  雪人集团  002***  10.96  33.0  沪深A股  2025-07-11 13:59
2    组-逻辑为王  卖出  海格通信  002***  12.97   0.0  沪深A股  2025-07-11 13:43
3    组-逻辑为王  买入  龙溪股份  600***  20.58  33.0  沪深A股  2025-07-11 13:22
4    组-逻辑为王  卖出  许继电气  000***  21.91   0.0  沪深A股  2025-07-11 13:21
5    组-逻辑为王  买入  长电科技  600***  33.58  33.0  沪深A股  2025-07-11 13:16
6  赛-短线趋势题材  买入   多氟多  002407  12.22  25.0  沪深A股  2025-07-11 11:48
7    超短稳定复利  买入   新亚强  603***  16.64  10.0  沪深A股  2025-07-11 10:28
8    组-逻辑为王  卖出  保利发展  600***   8.33   0.0  沪深A股  2025-07-11 10:10[0m
[32m2025-07-12 16:27:28 - INFO - ---------------组合 无新增交易数据----------------[0m
[32m2025-07-12 16:28:52 - INFO - 组合 获取数据成功id:19347 超短稳定复利 [0m
[32m2025-07-12 16:28:53 - INFO - 组合 获取数据成功id:9800 组-逻辑为王 [0m
[32m2025-07-12 16:28:53 - INFO - 组合 获取数据成功id:29684 ETF-主题成长优选 [0m
[32m2025-07-12 16:28:54 - INFO - 组合 获取数据成功id:29634 ETF-主题轮动精选 [0m
[32m2025-07-12 16:28:54 - INFO - 组合 获取数据成功id:31670 赛-情绪拐点龙头战法 [0m
[32m2025-07-12 16:28:54 - INFO - 组合 获取数据成功id:31672 赛-短线趋势题材 [0m
[32m2025-07-12 16:28:54 - INFO - 今日交易数据 8 条
         名称  操作  标的名称      代码    最新价  新比例%    市场                时间
1    组-逻辑为王  买入  雪人集团  002***  10.96  33.0  沪深A股  2025-07-11 13:59
2    组-逻辑为王  卖出  海格通信  002***  12.97   0.0  沪深A股  2025-07-11 13:43
3    组-逻辑为王  买入  龙溪股份  600***  20.58  33.0  沪深A股  2025-07-11 13:22
4    组-逻辑为王  卖出  许继电气  000***  21.91   0.0  沪深A股  2025-07-11 13:21
5    组-逻辑为王  买入  长电科技  600***  33.58  33.0  沪深A股  2025-07-11 13:16
6  赛-短线趋势题材  买入   多氟多  002407  12.22  25.0  沪深A股  2025-07-11 11:48
7    超短稳定复利  买入   新亚强  603***  16.64  10.0  沪深A股  2025-07-11 10:28
8    组-逻辑为王  卖出  保利发展  600***   8.33   0.0  沪深A股  2025-07-11 10:10[0m
[32m2025-07-12 16:28:54 - INFO - ---------------组合 无新增交易数据----------------[0m
[32m2025-07-12 16:30:18 - INFO - 组合 获取数据成功id:19347 超短稳定复利 [0m
[32m2025-07-12 16:30:19 - INFO - 组合 获取数据成功id:9800 组-逻辑为王 [0m
[32m2025-07-12 16:30:19 - INFO - 组合 获取数据成功id:29684 ETF-主题成长优选 [0m
[32m2025-07-12 16:30:20 - INFO - 组合 获取数据成功id:29634 ETF-主题轮动精选 [0m
[32m2025-07-12 16:30:20 - INFO - 组合 获取数据成功id:31670 赛-情绪拐点龙头战法 [0m
[32m2025-07-12 16:30:20 - INFO - 组合 获取数据成功id:31672 赛-短线趋势题材 [0m
[32m2025-07-12 16:30:20 - INFO - 今日交易数据 8 条
         名称  操作  标的名称      代码    最新价  新比例%    市场                时间
1    组-逻辑为王  买入  雪人集团  002***  10.96  33.0  沪深A股  2025-07-11 13:59
2    组-逻辑为王  卖出  海格通信  002***  12.97   0.0  沪深A股  2025-07-11 13:43
3    组-逻辑为王  买入  龙溪股份  600***  20.58  33.0  沪深A股  2025-07-11 13:22
4    组-逻辑为王  卖出  许继电气  000***  21.91   0.0  沪深A股  2025-07-11 13:21
5    组-逻辑为王  买入  长电科技  600***  33.58  33.0  沪深A股  2025-07-11 13:16
6  赛-短线趋势题材  买入   多氟多  002407  12.22  25.0  沪深A股  2025-07-11 11:48
7    超短稳定复利  买入   新亚强  603***  16.64  10.0  沪深A股  2025-07-11 10:28
8    组-逻辑为王  卖出  保利发展  600***   8.33   0.0  沪深A股  2025-07-11 10:10[0m
[32m2025-07-12 16:30:20 - INFO - ---------------组合 无新增交易数据----------------[0m
[32m2025-07-12 16:31:44 - INFO - 组合 获取数据成功id:19347 超短稳定复利 [0m
[32m2025-07-12 16:31:45 - INFO - 组合 获取数据成功id:9800 组-逻辑为王 [0m
[32m2025-07-12 16:31:45 - INFO - 组合 获取数据成功id:29684 ETF-主题成长优选 [0m
[32m2025-07-12 16:31:46 - INFO - 组合 获取数据成功id:29634 ETF-主题轮动精选 [0m
[32m2025-07-12 16:31:46 - INFO - 组合 获取数据成功id:31670 赛-情绪拐点龙头战法 [0m
[32m2025-07-12 16:31:46 - INFO - 组合 获取数据成功id:31672 赛-短线趋势题材 [0m
[32m2025-07-12 16:31:46 - INFO - 今日交易数据 8 条
         名称  操作  标的名称      代码    最新价  新比例%    市场                时间
1    组-逻辑为王  买入  雪人集团  002***  10.96  33.0  沪深A股  2025-07-11 13:59
2    组-逻辑为王  卖出  海格通信  002***  12.97   0.0  沪深A股  2025-07-11 13:43
3    组-逻辑为王  买入  龙溪股份  600***  20.58  33.0  沪深A股  2025-07-11 13:22
4    组-逻辑为王  卖出  许继电气  000***  21.91   0.0  沪深A股  2025-07-11 13:21
5    组-逻辑为王  买入  长电科技  600***  33.58  33.0  沪深A股  2025-07-11 13:16
6  赛-短线趋势题材  买入   多氟多  002407  12.22  25.0  沪深A股  2025-07-11 11:48
7    超短稳定复利  买入   新亚强  603***  16.64  10.0  沪深A股  2025-07-11 10:28
8    组-逻辑为王  卖出  保利发展  600***   8.33   0.0  沪深A股  2025-07-11 10:10[0m
[32m2025-07-12 16:31:46 - INFO - ---------------组合 无新增交易数据----------------[0m
[32m2025-07-12 16:33:10 - INFO - 组合 获取数据成功id:19347 超短稳定复利 [0m
[32m2025-07-12 16:33:11 - INFO - 组合 获取数据成功id:9800 组-逻辑为王 [0m
[32m2025-07-12 16:33:11 - INFO - 组合 获取数据成功id:29684 ETF-主题成长优选 [0m
[32m2025-07-12 16:33:12 - INFO - 组合 获取数据成功id:29634 ETF-主题轮动精选 [0m
[32m2025-07-12 16:33:12 - INFO - 组合 获取数据成功id:31670 赛-情绪拐点龙头战法 [0m
[32m2025-07-12 16:33:13 - INFO - 组合 获取数据成功id:31672 赛-短线趋势题材 [0m
[32m2025-07-12 16:33:13 - INFO - 今日交易数据 8 条
         名称  操作  标的名称      代码    最新价  新比例%    市场                时间
1    组-逻辑为王  买入  雪人集团  002***  10.96  33.0  沪深A股  2025-07-11 13:59
2    组-逻辑为王  卖出  海格通信  002***  12.97   0.0  沪深A股  2025-07-11 13:43
3    组-逻辑为王  买入  龙溪股份  600***  20.58  33.0  沪深A股  2025-07-11 13:22
4    组-逻辑为王  卖出  许继电气  000***  21.91   0.0  沪深A股  2025-07-11 13:21
5    组-逻辑为王  买入  长电科技  600***  33.58  33.0  沪深A股  2025-07-11 13:16
6  赛-短线趋势题材  买入   多氟多  002407  12.22  25.0  沪深A股  2025-07-11 11:48
7    超短稳定复利  买入   新亚强  603***  16.64  10.0  沪深A股  2025-07-11 10:28
8    组-逻辑为王  卖出  保利发展  600***   8.33   0.0  沪深A股  2025-07-11 10:10[0m
[32m2025-07-12 16:33:13 - INFO - ---------------组合 无新增交易数据----------------[0m
[32m2025-07-12 16:34:36 - INFO - 组合 获取数据成功id:19347 超短稳定复利 [0m
[32m2025-07-12 16:34:37 - INFO - 组合 获取数据成功id:9800 组-逻辑为王 [0m
[32m2025-07-12 16:34:37 - INFO - 组合 获取数据成功id:29684 ETF-主题成长优选 [0m
[32m2025-07-12 16:34:38 - INFO - 组合 获取数据成功id:29634 ETF-主题轮动精选 [0m
[32m2025-07-12 16:34:38 - INFO - 组合 获取数据成功id:31670 赛-情绪拐点龙头战法 [0m
[32m2025-07-12 16:34:38 - INFO - 组合 获取数据成功id:31672 赛-短线趋势题材 [0m
[32m2025-07-12 16:34:38 - INFO - 今日交易数据 8 条
         名称  操作  标的名称      代码    最新价  新比例%    市场                时间
1    组-逻辑为王  买入  雪人集团  002***  10.96  33.0  沪深A股  2025-07-11 13:59
2    组-逻辑为王  卖出  海格通信  002***  12.97   0.0  沪深A股  2025-07-11 13:43
3    组-逻辑为王  买入  龙溪股份  600***  20.58  33.0  沪深A股  2025-07-11 13:22
4    组-逻辑为王  卖出  许继电气  000***  21.91   0.0  沪深A股  2025-07-11 13:21
5    组-逻辑为王  买入  长电科技  600***  33.58  33.0  沪深A股  2025-07-11 13:16
6  赛-短线趋势题材  买入   多氟多  002407  12.22  25.0  沪深A股  2025-07-11 11:48
7    超短稳定复利  买入   新亚强  603***  16.64  10.0  沪深A股  2025-07-11 10:28
8    组-逻辑为王  卖出  保利发展  600***   8.33   0.0  沪深A股  2025-07-11 10:10[0m
[32m2025-07-12 16:34:38 - INFO - ---------------组合 无新增交易数据----------------[0m
[32m2025-07-12 16:35:47 - INFO - 组合 获取数据成功id:19347 超短稳定复利 [0m
[32m2025-07-12 16:35:49 - INFO - 组合 获取数据成功id:9800 组-逻辑为王 [0m
[32m2025-07-12 16:35:49 - INFO - 组合 获取数据成功id:29684 ETF-主题成长优选 [0m
[32m2025-07-12 16:35:49 - INFO - 组合 获取数据成功id:29634 ETF-主题轮动精选 [0m
[32m2025-07-12 16:35:49 - INFO - 组合 获取数据成功id:31670 赛-情绪拐点龙头战法 [0m
[32m2025-07-12 16:35:50 - INFO - 组合 获取数据成功id:31672 赛-短线趋势题材 [0m
[32m2025-07-12 16:35:50 - INFO - 今日交易数据 8 条
         名称  操作  标的名称      代码    最新价  新比例%    市场                时间
1    组-逻辑为王  买入  雪人集团  002***  10.96  33.0  沪深A股  2025-07-11 13:59
2    组-逻辑为王  卖出  海格通信  002***  12.97   0.0  沪深A股  2025-07-11 13:43
3    组-逻辑为王  买入  龙溪股份  600***  20.58  33.0  沪深A股  2025-07-11 13:22
4    组-逻辑为王  卖出  许继电气  000***  21.91   0.0  沪深A股  2025-07-11 13:21
5    组-逻辑为王  买入  长电科技  600***  33.58  33.0  沪深A股  2025-07-11 13:16
6  赛-短线趋势题材  买入   多氟多  002407  12.22  25.0  沪深A股  2025-07-11 11:48
7    超短稳定复利  买入   新亚强  603***  16.64  10.0  沪深A股  2025-07-11 10:28
8    组-逻辑为王  卖出  保利发展  600***   8.33   0.0  沪深A股  2025-07-11 10:10[0m
[32m2025-07-12 16:35:50 - INFO - ---------------组合 无新增交易数据----------------[0m
[32m2025-07-12 16:36:54 - INFO - 组合 获取数据成功id:19347 超短稳定复利 [0m
[32m2025-07-12 16:36:55 - INFO - 组合 获取数据成功id:9800 组-逻辑为王 [0m
[32m2025-07-12 16:36:55 - INFO - 组合 获取数据成功id:29684 ETF-主题成长优选 [0m
[32m2025-07-12 16:36:55 - INFO - 组合 获取数据成功id:29634 ETF-主题轮动精选 [0m
[32m2025-07-12 16:36:56 - INFO - 组合 获取数据成功id:31670 赛-情绪拐点龙头战法 [0m
[32m2025-07-12 16:36:56 - INFO - 组合 获取数据成功id:31672 赛-短线趋势题材 [0m
[32m2025-07-12 16:36:56 - INFO - 今日交易数据 8 条
         名称  操作  标的名称      代码    最新价  新比例%    市场                时间
1    组-逻辑为王  买入  雪人集团  002***  10.96  33.0  沪深A股  2025-07-11 13:59
2    组-逻辑为王  卖出  海格通信  002***  12.97   0.0  沪深A股  2025-07-11 13:43
3    组-逻辑为王  买入  龙溪股份  600***  20.58  33.0  沪深A股  2025-07-11 13:22
4    组-逻辑为王  卖出  许继电气  000***  21.91   0.0  沪深A股  2025-07-11 13:21
5    组-逻辑为王  买入  长电科技  600***  33.58  33.0  沪深A股  2025-07-11 13:16
6  赛-短线趋势题材  买入   多氟多  002407  12.22  25.0  沪深A股  2025-07-11 11:48
7    超短稳定复利  买入   新亚强  603***  16.64  10.0  沪深A股  2025-07-11 10:28
8    组-逻辑为王  卖出  保利发展  600***   8.33   0.0  沪深A股  2025-07-11 10:10[0m
[32m2025-07-12 16:36:56 - INFO - ---------------组合 无新增交易数据----------------[0m
[32m2025-07-12 16:39:52 - INFO - 组合 获取数据成功id:19347 超短稳定复利 [0m
[32m2025-07-12 16:39:53 - INFO - 组合 获取数据成功id:9800 组-逻辑为王 [0m
[32m2025-07-12 16:39:53 - INFO - 组合 获取数据成功id:29684 ETF-主题成长优选 [0m
[32m2025-07-12 16:39:54 - INFO - 组合 获取数据成功id:29634 ETF-主题轮动精选 [0m
[32m2025-07-12 16:39:54 - INFO - 组合 获取数据成功id:31670 赛-情绪拐点龙头战法 [0m
[32m2025-07-12 16:39:54 - INFO - 组合 获取数据成功id:31672 赛-短线趋势题材 [0m
[32m2025-07-12 16:39:54 - INFO - 今日交易数据 8 条
         名称  操作  标的名称      代码    最新价  新比例%    市场                时间
1    组-逻辑为王  买入  雪人集团  002***  10.96  33.0  沪深A股  2025-07-11 13:59
2    组-逻辑为王  卖出  海格通信  002***  12.97   0.0  沪深A股  2025-07-11 13:43
3    组-逻辑为王  买入  龙溪股份  600***  20.58  33.0  沪深A股  2025-07-11 13:22
4    组-逻辑为王  卖出  许继电气  000***  21.91   0.0  沪深A股  2025-07-11 13:21
5    组-逻辑为王  买入  长电科技  600***  33.58  33.0  沪深A股  2025-07-11 13:16
6  赛-短线趋势题材  买入   多氟多  002407  12.22  25.0  沪深A股  2025-07-11 11:48
7    超短稳定复利  买入   新亚强  603***  16.64  10.0  沪深A股  2025-07-11 10:28
8    组-逻辑为王  卖出  保利发展  600***   8.33   0.0  沪深A股  2025-07-11 10:10[0m
[32m2025-07-12 16:39:54 - INFO - ---------------组合 无新增交易数据----------------[0m
[32m2025-07-12 16:41:23 - INFO - 组合 获取数据成功id:19347 超短稳定复利 [0m
[32m2025-07-12 16:41:24 - INFO - 组合 获取数据成功id:9800 组-逻辑为王 [0m
[32m2025-07-12 16:41:24 - INFO - 组合 获取数据成功id:29684 ETF-主题成长优选 [0m
[32m2025-07-12 16:41:24 - INFO - 组合 获取数据成功id:29634 ETF-主题轮动精选 [0m
[32m2025-07-12 16:41:25 - INFO - 组合 获取数据成功id:31670 赛-情绪拐点龙头战法 [0m
[32m2025-07-12 16:41:25 - INFO - 组合 获取数据成功id:31672 赛-短线趋势题材 [0m
[32m2025-07-12 16:41:25 - INFO - 今日交易数据 8 条
         名称  操作  标的名称      代码    最新价  新比例%    市场                时间
1    组-逻辑为王  买入  雪人集团  002***  10.96  33.0  沪深A股  2025-07-11 13:59
2    组-逻辑为王  卖出  海格通信  002***  12.97   0.0  沪深A股  2025-07-11 13:43
3    组-逻辑为王  买入  龙溪股份  600***  20.58  33.0  沪深A股  2025-07-11 13:22
4    组-逻辑为王  卖出  许继电气  000***  21.91   0.0  沪深A股  2025-07-11 13:21
5    组-逻辑为王  买入  长电科技  600***  33.58  33.0  沪深A股  2025-07-11 13:16
6  赛-短线趋势题材  买入   多氟多  002407  12.22  25.0  沪深A股  2025-07-11 11:48
7    超短稳定复利  买入   新亚强  603***  16.64  10.0  沪深A股  2025-07-11 10:28
8    组-逻辑为王  卖出  保利发展  600***   8.33   0.0  沪深A股  2025-07-11 10:10[0m
[32m2025-07-12 16:41:25 - INFO - ---------------组合 无新增交易数据----------------[0m
[32m2025-07-12 16:42:31 - INFO - 组合 获取数据成功id:19347 超短稳定复利 [0m
[32m2025-07-12 16:42:31 - INFO - 组合 获取数据成功id:9800 组-逻辑为王 [0m
[32m2025-07-12 16:42:32 - INFO - 组合 获取数据成功id:29684 ETF-主题成长优选 [0m
[32m2025-07-12 16:42:32 - INFO - 组合 获取数据成功id:29634 ETF-主题轮动精选 [0m
[32m2025-07-12 16:42:32 - INFO - 组合 获取数据成功id:31670 赛-情绪拐点龙头战法 [0m
[32m2025-07-12 16:42:33 - INFO - 组合 获取数据成功id:31672 赛-短线趋势题材 [0m
[32m2025-07-12 16:42:33 - INFO - 今日交易数据 8 条
         名称  操作  标的名称      代码    最新价  新比例%    市场                时间
1    组-逻辑为王  买入  雪人集团  002***  10.96  33.0  沪深A股  2025-07-11 13:59
2    组-逻辑为王  卖出  海格通信  002***  12.97   0.0  沪深A股  2025-07-11 13:43
3    组-逻辑为王  买入  龙溪股份  600***  20.58  33.0  沪深A股  2025-07-11 13:22
4    组-逻辑为王  卖出  许继电气  000***  21.91   0.0  沪深A股  2025-07-11 13:21
5    组-逻辑为王  买入  长电科技  600***  33.58  33.0  沪深A股  2025-07-11 13:16
6  赛-短线趋势题材  买入   多氟多  002407  12.22  25.0  沪深A股  2025-07-11 11:48
7    超短稳定复利  买入   新亚强  603***  16.64  10.0  沪深A股  2025-07-11 10:28
8    组-逻辑为王  卖出  保利发展  600***   8.33   0.0  沪深A股  2025-07-11 10:10[0m
[32m2025-07-12 16:42:33 - INFO - ---------------组合 无新增交易数据----------------[0m
