[33m2025-08-13 14:56:50 - WARNING - 未找到账户信息元素[0m
[33m2025-08-13 14:57:40 - WARNING - 无法从账户信息中提取中文名称: **6331[0m
[32m2025-08-13 14:57:41 - INFO - 已点击: 账户切换按钮[0m
[32m2025-08-13 14:57:41 - INFO - 已切换账户: 长城证券[0m
[32m2025-08-13 14:57:41 - INFO - ---------------------国债逆回购任务开始执行---------------------[0m
[32m2025-08-13 14:57:44 - INFO - 已进入: 国债逆回购入口[0m
[32m2025-08-13 14:57:45 - INFO - 已滑动到底部[0m
[32m2025-08-13 14:57:49 - INFO - 点击 1天期 成功[0m
[32m2025-08-13 14:57:50 - INFO - 当前页面为 GC001(1天期)[0m
[32m2025-08-13 14:57:51 - INFO - 已点击: 借出按钮[0m
[32m2025-08-13 14:57:55 - INFO - 委托成功: 委托已提交，合同号为：1191843, 内容:['交易品种', 'GC001(1天期) 204001', '年化收益率', '1.460%', '出借资金', '16000元 (1万6千元)', '您是否确认以上委托？'][0m
[32m2025-08-13 14:57:57 - INFO - ---------------------国债逆回购任务执行完毕---------------------[0m
[33m2025-08-13 14:57:59 - WARNING - 无法从账户信息中提取中文名称: **5735[0m
[32m2025-08-13 14:58:00 - INFO - 已点击: 账户切换按钮[0m
[32m2025-08-13 14:58:00 - INFO - 已切换账户: 川财证券[0m
[33m2025-08-13 14:59:11 - WARNING - 无法从账户信息中提取中文名称: **6331[0m
[32m2025-08-13 14:59:11 - INFO - 已点击: 账户切换按钮[0m
[32m2025-08-13 14:59:12 - INFO - 已切换账户: 川财证券[0m
[32m2025-08-13 14:59:12 - INFO - ---------------------国债逆回购任务开始执行---------------------[0m
[32m2025-08-13 14:59:15 - INFO - 已进入: 国债逆回购入口[0m
[32m2025-08-13 14:59:16 - INFO - 已滑动到底部[0m
[32m2025-08-13 14:59:19 - INFO - 点击 1天期 成功[0m
[32m2025-08-13 14:59:21 - INFO - 当前页面为 GC001(1天期)[0m
[32m2025-08-13 14:59:22 - INFO - 已点击: 借出按钮[0m
[32m2025-08-13 14:59:26 - INFO - 委托成功: 委托已提交，合同号为：98573, 内容:['交易品种', 'GC001(1天期) 204001', '年化收益率', '1.455%', '出借资金', '14000元 (1万4千元)', '您是否确认以上委托？'][0m
[32m2025-08-13 14:59:26 - INFO - ---------------------国债逆回购任务执行完毕---------------------[0m
[33m2025-08-13 14:59:28 - WARNING - 无法从账户信息中提取中文名称: **6331[0m
[32m2025-08-13 14:59:29 - INFO - 已点击: 账户切换按钮[0m
[32m2025-08-13 14:59:29 - INFO - 已切换账户: 中泰证券[0m
[33m2025-08-13 15:00:32 - WARNING - 无法从账户信息中提取中文名称: **8250[0m
[32m2025-08-13 15:00:33 - INFO - 已点击: 账户切换按钮[0m
[32m2025-08-13 15:00:33 - INFO - 已切换账户: 中泰证券[0m
[32m2025-08-13 15:00:33 - INFO - ---------------------国债逆回购任务开始执行---------------------[0m
[32m2025-08-13 15:00:36 - INFO - 已进入: 国债逆回购入口[0m
[32m2025-08-13 15:00:37 - INFO - 已滑动到底部[0m
[32m2025-08-13 15:00:41 - INFO - 点击 1天期 成功[0m
[32m2025-08-13 15:00:42 - INFO - 当前页面为 GC001(1天期)[0m
[32m2025-08-13 15:00:43 - INFO - 已点击: 借出按钮[0m
[32m2025-08-13 15:00:47 - INFO - 委托成功: 委托已提交，合同号为：529454, 内容:['交易品种', 'GC001(1天期) 204001', '年化收益率', '1.410%', '出借资金', '14000元 (1万4千元)', '您是否确认以上委托？'][0m
[32m2025-08-13 15:00:47 - INFO - ---------------------国债逆回购任务执行完毕---------------------[0m
[33m2025-08-13 15:00:50 - WARNING - 无法从账户信息中提取中文名称: **8250[0m
[32m2025-08-13 15:00:50 - INFO - 已点击: 账户切换按钮[0m
[32m2025-08-13 15:00:51 - INFO - 已切换账户: 长城证券[0m
[33m2025-08-13 15:01:48 - WARNING - 无法从账户信息中提取中文名称: **5735[0m
[32m2025-08-13 15:01:49 - INFO - 已点击: 账户切换按钮[0m
[32m2025-08-13 15:01:49 - INFO - 已切换账户: 长城证券[0m
[32m2025-08-13 15:01:49 - INFO - ---------------------国债逆回购任务开始执行---------------------[0m
[32m2025-08-13 15:01:52 - INFO - 已进入: 国债逆回购入口[0m
[32m2025-08-13 15:01:53 - INFO - 已滑动到底部[0m
[32m2025-08-13 15:01:57 - INFO - 点击 1天期 成功[0m
[32m2025-08-13 15:01:58 - INFO - 当前页面为 GC001(1天期)[0m
[32m2025-08-13 15:02:00 - INFO - 已点击: 借出按钮[0m
[31m2025-08-13 15:02:01 - ERROR - 委托失败: 交易深市国债，借出资金必须为1000的整数倍[0m
[32m2025-08-13 15:02:01 - INFO - ---------------------国债逆回购任务执行完毕---------------------[0m
[33m2025-08-13 15:02:04 - WARNING - 无法从账户信息中提取中文名称: **5735[0m
[32m2025-08-13 15:02:04 - INFO - 已点击: 账户切换按钮[0m
[32m2025-08-13 15:02:05 - INFO - 已切换账户: 川财证券[0m
[33m2025-08-13 15:02:05 - WARNING - 无法从账户信息中提取中文名称: **6331[0m
[32m2025-08-13 15:02:05 - INFO - 已点击: 账户切换按钮[0m
[32m2025-08-13 15:02:06 - INFO - 已切换账户: 中泰证券[0m
[33m2025-08-13 15:12:38 - WARNING - 无法从账户信息中提取中文名称: **8250[0m
[32m2025-08-13 15:12:38 - INFO - 已点击: 账户切换按钮[0m
[32m2025-08-13 15:12:39 - INFO - 已切换账户: 长城证券[0m
[32m2025-08-13 15:12:39 - INFO - ---------------------国债逆回购任务开始执行---------------------[0m
[32m2025-08-13 15:12:42 - INFO - 已进入: 国债逆回购入口[0m
[32m2025-08-13 15:12:43 - INFO - 已滑动到底部[0m
[32m2025-08-13 15:12:46 - INFO - 点击 1天期 成功[0m
[32m2025-08-13 15:12:48 - INFO - 当前页面为 GC001(1天期)[0m
[32m2025-08-13 15:12:49 - INFO - 已点击: 借出按钮[0m
[31m2025-08-13 15:12:51 - ERROR - 委托失败: 交易深市国债，借出资金必须为1000的整数倍[0m
[32m2025-08-13 15:12:51 - INFO - ---------------------国债逆回购任务执行完毕---------------------[0m
[33m2025-08-13 15:12:51 - WARNING - 无法从账户信息中提取中文名称: **5735[0m
[32m2025-08-13 15:12:52 - INFO - 已点击: 账户切换按钮[0m
[32m2025-08-13 15:12:52 - INFO - 已切换账户: 川财证券[0m
[33m2025-08-13 15:13:54 - WARNING - 无法从账户信息中提取中文名称: **6331[0m
[32m2025-08-13 15:13:54 - INFO - 已点击: 账户切换按钮[0m
[32m2025-08-13 15:13:54 - INFO - 已切换账户: 川财证券[0m
[32m2025-08-13 15:13:54 - INFO - ---------------------国债逆回购任务开始执行---------------------[0m
[32m2025-08-13 15:13:57 - INFO - 已进入: 国债逆回购入口[0m
[32m2025-08-13 15:13:58 - INFO - 已滑动到底部[0m
[32m2025-08-13 15:14:02 - INFO - 点击 1天期 成功[0m
[32m2025-08-13 15:14:03 - INFO - 当前页面为 GC001(1天期)[0m
[32m2025-08-13 15:14:05 - INFO - 已点击: 借出按钮[0m
[31m2025-08-13 15:14:06 - ERROR - 委托失败: 交易深市国债，借出资金必须为1000的整数倍[0m
[32m2025-08-13 15:14:06 - INFO - ---------------------国债逆回购任务执行完毕---------------------[0m
[33m2025-08-13 15:14:07 - WARNING - 无法从账户信息中提取中文名称: **6331[0m
[32m2025-08-13 15:14:07 - INFO - 已点击: 账户切换按钮[0m
[32m2025-08-13 15:14:08 - INFO - 已切换账户: 中泰证券[0m
[33m2025-08-13 15:15:01 - WARNING - 无法从账户信息中提取中文名称: **8250[0m
[32m2025-08-13 15:15:01 - INFO - 已点击: 账户切换按钮[0m
[32m2025-08-13 15:15:01 - INFO - 已切换账户: 中泰证券[0m
[32m2025-08-13 15:15:01 - INFO - ---------------------国债逆回购任务开始执行---------------------[0m
[32m2025-08-13 15:15:04 - INFO - 已进入: 国债逆回购入口[0m
[32m2025-08-13 15:15:05 - INFO - 已滑动到底部[0m
[32m2025-08-13 15:15:09 - INFO - 点击 1天期 成功[0m
[32m2025-08-13 15:15:10 - INFO - 当前页面为 GC001(1天期)[0m
[32m2025-08-13 15:15:12 - INFO - 已点击: 借出按钮[0m
[31m2025-08-13 15:15:13 - ERROR - 委托失败: 交易深市国债，借出资金必须为1000的整数倍[0m
[32m2025-08-13 15:15:13 - INFO - ---------------------国债逆回购任务执行完毕---------------------[0m
[33m2025-08-13 15:15:14 - WARNING - 无法从账户信息中提取中文名称: **8250[0m
[32m2025-08-13 15:15:14 - INFO - 已点击: 账户切换按钮[0m
[32m2025-08-13 15:15:14 - INFO - 已切换账户: 长城证券[0m
[33m2025-08-13 15:16:19 - WARNING - 无法从账户信息中提取中文名称: **5735[0m
[32m2025-08-13 15:16:19 - INFO - 已点击: 账户切换按钮[0m
[32m2025-08-13 15:16:20 - INFO - 已切换账户: 长城证券[0m
[32m2025-08-13 15:16:20 - INFO - ---------------------国债逆回购任务开始执行---------------------[0m
[32m2025-08-13 15:16:22 - INFO - 已进入: 国债逆回购入口[0m
[32m2025-08-13 15:16:24 - INFO - 已滑动到底部[0m
[32m2025-08-13 15:16:27 - INFO - 点击 1天期 成功[0m
[32m2025-08-13 15:16:28 - INFO - 当前页面为 GC001(1天期)[0m
[32m2025-08-13 15:16:30 - INFO - 已点击: 借出按钮[0m
[31m2025-08-13 15:16:31 - ERROR - 委托失败: 交易深市国债，借出资金必须为1000的整数倍[0m
[32m2025-08-13 15:16:32 - INFO - ---------------------国债逆回购任务执行完毕---------------------[0m
[33m2025-08-13 15:16:32 - WARNING - 无法从账户信息中提取中文名称: **5735[0m
[32m2025-08-13 15:16:32 - INFO - 已点击: 账户切换按钮[0m
[32m2025-08-13 15:16:33 - INFO - 已切换账户: 川财证券[0m
[33m2025-08-13 15:17:33 - WARNING - 无法从账户信息中提取中文名称: **6331[0m
[32m2025-08-13 15:17:34 - INFO - 已点击: 账户切换按钮[0m
[32m2025-08-13 15:17:34 - INFO - 已切换账户: 川财证券[0m
[32m2025-08-13 15:17:34 - INFO - ---------------------国债逆回购任务开始执行---------------------[0m
[32m2025-08-13 15:17:37 - INFO - 已进入: 国债逆回购入口[0m
[32m2025-08-13 15:17:38 - INFO - 已滑动到底部[0m
[32m2025-08-13 15:17:42 - INFO - 点击 1天期 成功[0m
[32m2025-08-13 15:17:43 - INFO - 当前页面为 GC001(1天期)[0m
[32m2025-08-13 15:17:45 - INFO - 已点击: 借出按钮[0m
[31m2025-08-13 15:17:46 - ERROR - 委托失败: 交易深市国债，借出资金必须为1000的整数倍[0m
[32m2025-08-13 15:17:47 - INFO - ---------------------国债逆回购任务执行完毕---------------------[0m
[33m2025-08-13 15:17:47 - WARNING - 无法从账户信息中提取中文名称: **6331[0m
[32m2025-08-13 15:17:47 - INFO - 已点击: 账户切换按钮[0m
[32m2025-08-13 15:17:48 - INFO - 已切换账户: 中泰证券[0m
[33m2025-08-13 15:17:59 - WARNING - 无法从账户信息中提取中文名称: **8250[0m
[32m2025-08-13 15:17:59 - INFO - 已点击: 账户切换按钮[0m
[32m2025-08-13 15:18:00 - INFO - 已切换账户: 长城证券[0m
[32m2025-08-13 15:18:00 - INFO - ---------------------国债逆回购任务开始执行---------------------[0m
[32m2025-08-13 15:18:03 - INFO - 已进入: 国债逆回购入口[0m
[32m2025-08-13 15:18:04 - INFO - 已滑动到底部[0m
[32m2025-08-13 15:18:07 - INFO - 点击 1天期 成功[0m
[32m2025-08-13 15:18:08 - INFO - 当前页面为 GC001(1天期)[0m
[32m2025-08-13 15:18:10 - INFO - 已点击: 借出按钮[0m
[31m2025-08-13 15:18:12 - ERROR - 委托失败: 交易深市国债，借出资金必须为1000的整数倍[0m
[32m2025-08-13 15:18:12 - INFO - ---------------------国债逆回购任务执行完毕---------------------[0m
[33m2025-08-13 15:18:12 - WARNING - 无法从账户信息中提取中文名称: **5735[0m
[32m2025-08-13 15:18:12 - INFO - 已点击: 账户切换按钮[0m
[32m2025-08-13 15:18:13 - INFO - 已切换账户: 川财证券[0m
[33m2025-08-13 15:18:15 - WARNING - 无法从账户信息中提取中文名称: **6331[0m
[32m2025-08-13 15:18:16 - INFO - 已点击: 账户切换按钮[0m
[32m2025-08-13 15:18:16 - INFO - 已切换账户: 川财证券[0m
[32m2025-08-13 15:18:16 - INFO - ---------------------国债逆回购任务开始执行---------------------[0m
[32m2025-08-13 15:18:19 - INFO - 已进入: 国债逆回购入口[0m
[32m2025-08-13 15:18:20 - INFO - 已滑动到底部[0m
[32m2025-08-13 15:18:24 - INFO - 点击 1天期 成功[0m
[32m2025-08-13 15:18:25 - INFO - 当前页面为 GC001(1天期)[0m
[32m2025-08-13 15:18:26 - INFO - 已点击: 借出按钮[0m
[31m2025-08-13 15:18:28 - ERROR - 委托失败: 交易深市国债，借出资金必须为1000的整数倍[0m
[32m2025-08-13 15:18:28 - INFO - ---------------------国债逆回购任务执行完毕---------------------[0m
[33m2025-08-13 15:18:29 - WARNING - 无法从账户信息中提取中文名称: **6331[0m
[32m2025-08-13 15:18:29 - INFO - 已点击: 账户切换按钮[0m
[32m2025-08-13 15:18:30 - INFO - 已切换账户: 中泰证券[0m
[33m2025-08-13 15:18:32 - WARNING - 无法从账户信息中提取中文名称: **8250[0m
[32m2025-08-13 15:18:32 - INFO - 已点击: 账户切换按钮[0m
[32m2025-08-13 15:18:33 - INFO - 已切换账户: 中泰证券[0m
[32m2025-08-13 15:18:33 - INFO - ---------------------国债逆回购任务开始执行---------------------[0m
[32m2025-08-13 15:18:36 - INFO - 已进入: 国债逆回购入口[0m
[32m2025-08-13 15:18:37 - INFO - 已滑动到底部[0m
[32m2025-08-13 15:18:40 - INFO - 点击 1天期 成功[0m
[32m2025-08-13 15:18:41 - INFO - 当前页面为 GC001(1天期)[0m
[32m2025-08-13 15:18:43 - INFO - 已点击: 借出按钮[0m
[31m2025-08-13 15:18:45 - ERROR - 委托失败: 交易深市国债，借出资金必须为1000的整数倍[0m
[32m2025-08-13 15:18:45 - INFO - ---------------------国债逆回购任务执行完毕---------------------[0m
[33m2025-08-13 15:18:45 - WARNING - 无法从账户信息中提取中文名称: **8250[0m
[32m2025-08-13 15:18:45 - INFO - 已点击: 账户切换按钮[0m
[32m2025-08-13 15:18:46 - INFO - 已切换账户: 长城证券[0m
[33m2025-08-13 15:20:28 - WARNING - 无法从账户信息中提取中文名称: **5735[0m
[32m2025-08-13 15:20:29 - INFO - 已点击: 账户切换按钮[0m
[32m2025-08-13 15:20:29 - INFO - 已切换账户: 长城证券[0m
[32m2025-08-13 15:20:29 - INFO - ---------------------国债逆回购任务开始执行---------------------[0m
[32m2025-08-13 15:20:32 - INFO - 已进入: 国债逆回购入口[0m
[32m2025-08-13 15:20:33 - INFO - 已滑动到底部[0m
[32m2025-08-13 15:20:37 - INFO - 点击 1天期 成功[0m
[32m2025-08-13 15:20:38 - INFO - 当前页面为 GC001(1天期)[0m
[32m2025-08-13 15:20:39 - INFO - 已点击: 借出按钮[0m
[31m2025-08-13 15:20:41 - ERROR - 委托失败: 交易深市国债，借出资金必须为1000的整数倍[0m
[32m2025-08-13 15:20:41 - INFO - ---------------------国债逆回购任务执行完毕---------------------[0m
[33m2025-08-13 15:20:42 - WARNING - 无法从账户信息中提取中文名称: **5735[0m
[32m2025-08-13 15:20:42 - INFO - 已点击: 账户切换按钮[0m
[32m2025-08-13 15:20:42 - INFO - 已切换账户: 川财证券[0m
[33m2025-08-13 15:20:43 - WARNING - 无法从账户信息中提取中文名称: **6331[0m
[32m2025-08-13 15:20:43 - INFO - 已点击: 账户切换按钮[0m
[32m2025-08-13 15:20:44 - INFO - 已切换账户: 川财证券[0m
[32m2025-08-13 15:20:44 - INFO - ---------------------国债逆回购任务开始执行---------------------[0m
[32m2025-08-13 15:20:46 - INFO - 已进入: 国债逆回购入口[0m
[32m2025-08-13 15:20:48 - INFO - 已滑动到底部[0m
[32m2025-08-13 15:20:51 - INFO - 点击 1天期 成功[0m
[32m2025-08-13 15:20:52 - INFO - 当前页面为 GC001(1天期)[0m
[32m2025-08-13 15:20:54 - INFO - 已点击: 借出按钮[0m
[31m2025-08-13 15:20:55 - ERROR - 委托失败: 交易深市国债，借出资金必须为1000的整数倍[0m
[32m2025-08-13 15:20:56 - INFO - ---------------------国债逆回购任务执行完毕---------------------[0m
[33m2025-08-13 15:20:56 - WARNING - 无法从账户信息中提取中文名称: **6331[0m
[32m2025-08-13 15:20:56 - INFO - 已点击: 账户切换按钮[0m
[32m2025-08-13 15:20:57 - INFO - 已切换账户: 中泰证券[0m
[33m2025-08-13 15:20:57 - WARNING - 无法从账户信息中提取中文名称: **8250[0m
[32m2025-08-13 15:20:58 - INFO - 已点击: 账户切换按钮[0m
[32m2025-08-13 15:20:58 - INFO - 已切换账户: 中泰证券[0m
[32m2025-08-13 15:20:58 - INFO - ---------------------国债逆回购任务开始执行---------------------[0m
[32m2025-08-13 15:21:01 - INFO - 已进入: 国债逆回购入口[0m
[32m2025-08-13 15:21:02 - INFO - 已滑动到底部[0m
[32m2025-08-13 15:25:26 - INFO - 已点击: 账户切换按钮[0m
[32m2025-08-13 15:25:27 - INFO - 已切换账户: 长城证券[0m
[32m2025-08-13 15:25:28 - INFO - 已点击: 账户切换按钮[0m
[32m2025-08-13 15:25:28 - INFO - 已切换账户: 川财证券[0m
[32m2025-08-13 15:25:29 - INFO - 已点击: 账户切换按钮[0m
[32m2025-08-13 15:25:29 - INFO - 已切换账户: 中泰证券[0m
[32m2025-08-13 15:26:07 - INFO - 当前账户: 中泰证券, 不用切换账户[0m
[32m2025-08-13 15:26:07 - INFO - 已点击: 账户切换按钮[0m
[32m2025-08-13 15:26:08 - INFO - 已切换账户: 长城证券[0m
[32m2025-08-13 15:26:08 - INFO - 已点击: 账户切换按钮[0m
[32m2025-08-13 15:26:09 - INFO - 已切换账户: 川财证券[0m
[33m2025-08-13 15:32:59 - WARNING - 无法从账户信息中提取中文名称: **6331[0m
[32m2025-08-13 15:33:00 - INFO - 已点击: 账户切换按钮[0m
[32m2025-08-13 15:33:00 - INFO - 已切换账户: 中泰证券[0m
[33m2025-08-13 15:33:01 - WARNING - 无法从账户信息中提取中文名称: **8250[0m
[32m2025-08-13 15:33:01 - INFO - 已点击: 账户切换按钮[0m
[32m2025-08-13 15:33:02 - INFO - 已切换账户: 长城证券[0m
[33m2025-08-13 15:33:02 - WARNING - 无法从账户信息中提取中文名称: **5735[0m
[32m2025-08-13 15:33:02 - INFO - 已点击: 账户切换按钮[0m
[32m2025-08-13 15:33:03 - INFO - 已切换账户: 川财证券[0m
[32m2025-08-13 15:35:38 - INFO - ---------------------国债逆回购任务开始执行---------------------[0m
[32m2025-08-13 15:35:40 - INFO - 已进入: 国债逆回购入口[0m
[32m2025-08-13 15:35:42 - INFO - 已滑动到底部[0m
[32m2025-08-13 15:35:45 - INFO - 点击 1天期 成功[0m
[32m2025-08-13 15:35:46 - INFO - 当前页面为 GC001(1天期)[0m
[32m2025-08-13 15:35:48 - INFO - 已点击: 借出按钮[0m
[31m2025-08-13 15:35:49 - ERROR - 委托失败: 交易深市国债，借出资金必须为1000的整数倍[0m
[32m2025-08-13 15:35:50 - INFO - ---------------------国债逆回购任务执行完毕---------------------[0m
[33m2025-08-13 15:35:50 - WARNING - 无法从账户信息中提取中文名称: **6331[0m
[32m2025-08-13 15:35:50 - INFO - 已点击: 账户切换按钮[0m
[32m2025-08-13 15:35:51 - INFO - 已切换账户: 川财证券[0m
[32m2025-08-13 15:35:51 - INFO - ---------------------国债逆回购任务开始执行---------------------[0m
[32m2025-08-13 15:35:54 - INFO - 已进入: 国债逆回购入口[0m
[32m2025-08-13 15:35:55 - INFO - 已滑动到底部[0m
[32m2025-08-13 15:35:59 - INFO - 点击 1天期 成功[0m
[32m2025-08-13 15:36:00 - INFO - 当前页面为 GC001(1天期)[0m
[32m2025-08-13 15:36:01 - INFO - 已点击: 借出按钮[0m
[31m2025-08-13 15:36:03 - ERROR - 委托失败: 交易深市国债，借出资金必须为1000的整数倍[0m
[32m2025-08-13 15:36:03 - INFO - ---------------------国债逆回购任务执行完毕---------------------[0m
[33m2025-08-13 15:36:03 - WARNING - 无法从账户信息中提取中文名称: **6331[0m
[32m2025-08-13 15:36:04 - INFO - 已点击: 账户切换按钮[0m
[32m2025-08-13 15:36:04 - INFO - 已切换账户: 中泰证券[0m
[32m2025-08-13 15:36:05 - INFO - ---------------------国债逆回购任务开始执行---------------------[0m
[32m2025-08-13 15:36:07 - INFO - 已进入: 国债逆回购入口[0m
[32m2025-08-13 15:36:09 - INFO - 已滑动到底部[0m
[32m2025-08-13 15:36:12 - INFO - 点击 1天期 成功[0m
[32m2025-08-13 15:36:13 - INFO - 当前页面为 GC001(1天期)[0m
[32m2025-08-13 15:36:15 - INFO - 已点击: 借出按钮[0m
[31m2025-08-13 15:36:16 - ERROR - 委托失败: 交易深市国债，借出资金必须为1000的整数倍[0m
[32m2025-08-13 15:36:16 - INFO - ---------------------国债逆回购任务执行完毕---------------------[0m
[33m2025-08-13 15:36:17 - WARNING - 无法从账户信息中提取中文名称: **8250[0m
[32m2025-08-13 15:36:17 - INFO - 已点击: 账户切换按钮[0m
[32m2025-08-13 15:36:18 - INFO - 已切换账户: 长城证券[0m
[32m2025-08-13 15:36:18 - INFO - ---------------------国债逆回购任务开始执行---------------------[0m
[32m2025-08-13 15:36:20 - INFO - 已进入: 国债逆回购入口[0m
[32m2025-08-13 15:36:22 - INFO - 已滑动到底部[0m
[32m2025-08-14 14:56:45 - INFO - ---------------------国债逆回购任务开始执行---------------------[0m
[32m2025-08-14 14:56:48 - INFO - 已进入: 国债逆回购入口[0m
[32m2025-08-14 14:56:49 - INFO - 已滑动到底部[0m
[32m2025-08-14 14:56:53 - INFO - 点击 1天期 成功[0m
[32m2025-08-14 14:56:54 - INFO - 当前页面为 GC001(1天期)[0m
[32m2025-08-14 14:56:55 - INFO - 已点击: 借出按钮[0m
[32m2025-08-14 14:56:59 - INFO - 委托成功: 委托已提交，合同号为：562659, 内容:['交易品种', 'GC001(1天期) 204001', '年化收益率', '1.290%', '出借资金', '18000元 (1万8千元)', '您是否确认以上委托？'][0m
[32m2025-08-14 14:56:59 - INFO - ---------------------国债逆回购任务执行完毕---------------------[0m
[33m2025-08-14 14:57:00 - WARNING - 无法从账户信息中提取中文名称: **8250[0m
[32m2025-08-14 14:57:00 - INFO - 已点击: 账户切换按钮[0m
[32m2025-08-14 14:57:01 - INFO - 已切换账户: 川财证券[0m
[32m2025-08-14 14:57:04 - INFO - ---------------------国债逆回购任务开始执行---------------------[0m
[32m2025-08-14 14:57:06 - INFO - 已进入: 国债逆回购入口[0m
[32m2025-08-14 14:57:08 - INFO - 已滑动到底部[0m
[32m2025-08-14 14:57:11 - INFO - 点击 1天期 成功[0m
[32m2025-08-14 14:57:12 - INFO - 当前页面为 GC001(1天期)[0m
[32m2025-08-14 14:57:14 - INFO - 已点击: 借出按钮[0m
[32m2025-08-14 14:57:18 - INFO - 委托成功: 委托已提交，合同号为：102115, 内容:['交易品种', 'GC001(1天期) 204001', '年化收益率', '1.300%', '出借资金', '21000元 (2万1千元)', '您是否确认以上委托？'][0m
[32m2025-08-14 14:57:18 - INFO - ---------------------国债逆回购任务执行完毕---------------------[0m
[33m2025-08-14 14:57:18 - WARNING - 无法从账户信息中提取中文名称: **6331[0m
[32m2025-08-14 14:57:19 - INFO - 已点击: 账户切换按钮[0m
[32m2025-08-14 14:57:19 - INFO - 已切换账户: 中泰证券[0m
[32m2025-08-15 14:56:55 - INFO - ---------------------国债逆回购任务开始执行---------------------[0m
[31m2025-08-15 14:56:58 - ERROR - 进入国债逆回购入口失败[0m
[33m2025-08-15 14:56:58 - WARNING - 无法从账户信息中提取中文名称: **8250[0m
[32m2025-08-15 14:56:59 - INFO - 已点击: 账户切换按钮[0m
[32m2025-08-15 14:57:00 - INFO - 已切换账户: 川财证券[0m
[32m2025-08-15 14:57:03 - INFO - ---------------------国债逆回购任务开始执行---------------------[0m
[31m2025-08-15 14:57:05 - ERROR - 进入国债逆回购入口失败[0m
[33m2025-08-15 14:57:06 - WARNING - 无法从账户信息中提取中文名称: **6331[0m
[32m2025-08-15 14:57:06 - INFO - 已点击: 账户切换按钮[0m
[32m2025-08-15 14:57:07 - INFO - 已切换账户: 中泰证券[0m
[32m2025-08-15 14:57:10 - INFO - ---------------------国债逆回购任务开始执行---------------------[0m
[31m2025-08-15 14:57:12 - ERROR - 进入国债逆回购入口失败[0m
[33m2025-08-15 14:57:12 - WARNING - 无法从账户信息中提取中文名称: **8250[0m
[32m2025-08-15 14:57:13 - INFO - 已点击: 账户切换按钮[0m
[32m2025-08-15 14:57:13 - INFO - 已切换账户: 长城证券[0m
[32m2025-08-15 14:57:17 - INFO - ---------------------国债逆回购任务开始执行---------------------[0m
[31m2025-08-15 14:57:19 - ERROR - 进入国债逆回购入口失败[0m
[33m2025-08-15 14:57:20 - WARNING - 无法从账户信息中提取中文名称: **5735[0m
[32m2025-08-15 14:57:20 - INFO - 已点击: 账户切换按钮[0m
[32m2025-08-15 14:57:21 - INFO - 已切换账户: 川财证券[0m
[32m2025-08-15 14:57:23 - INFO - ---------------------国债逆回购任务开始执行---------------------[0m
[31m2025-08-15 14:57:26 - ERROR - 进入国债逆回购入口失败[0m
[33m2025-08-15 14:57:26 - WARNING - 无法从账户信息中提取中文名称: **6331[0m
[32m2025-08-15 14:57:26 - INFO - 已点击: 账户切换按钮[0m
[32m2025-08-15 14:57:27 - INFO - 已切换账户: 中泰证券[0m
[32m2025-08-15 14:57:31 - INFO - ---------------------国债逆回购任务开始执行---------------------[0m
[31m2025-08-15 14:57:34 - ERROR - 进入国债逆回购入口失败[0m
[33m2025-08-15 14:57:34 - WARNING - 无法从账户信息中提取中文名称: **8250[0m
[32m2025-08-15 14:57:35 - INFO - 已点击: 账户切换按钮[0m
[32m2025-08-15 14:57:35 - INFO - 已切换账户: 长城证券[0m
[33m2025-08-15 14:57:39 - WARNING - 无法从账户信息中提取中文名称: **5735[0m
[32m2025-08-15 14:57:39 - INFO - 已点击: 账户切换按钮[0m
[32m2025-08-15 14:57:40 - INFO - 已切换账户: 川财证券[0m
[33m2025-08-15 14:57:42 - WARNING - 无法从账户信息中提取中文名称: **6331[0m
[32m2025-08-15 14:57:43 - INFO - 已点击: 账户切换按钮[0m
[32m2025-08-15 14:57:43 - INFO - 已切换账户: 中泰证券[0m
[33m2025-08-15 14:57:46 - WARNING - 无法从账户信息中提取中文名称: **8250[0m
[32m2025-08-15 14:57:46 - INFO - 已点击: 账户切换按钮[0m
[32m2025-08-15 14:57:47 - INFO - 已切换账户: 长城证券[0m
[33m2025-08-15 14:57:50 - WARNING - 无法从账户信息中提取中文名称: **5735[0m
[32m2025-08-15 14:57:50 - INFO - 已点击: 账户切换按钮[0m
[32m2025-08-15 14:57:51 - INFO - 已切换账户: 川财证券[0m
[33m2025-08-15 14:57:56 - WARNING - 无法从账户信息中提取中文名称: **6331[0m
[32m2025-08-15 14:57:56 - INFO - 已点击: 账户切换按钮[0m
[32m2025-08-15 14:57:56 - INFO - 已切换账户: 中泰证券[0m
[33m2025-08-15 14:57:59 - WARNING - 无法从账户信息中提取中文名称: **8250[0m
[32m2025-08-15 14:57:59 - INFO - 已点击: 账户切换按钮[0m
[32m2025-08-15 14:58:00 - INFO - 已切换账户: 长城证券[0m
[33m2025-08-15 14:58:04 - WARNING - 无法从账户信息中提取中文名称: **5735[0m
[32m2025-08-15 14:58:05 - INFO - 已点击: 账户切换按钮[0m
[32m2025-08-15 14:58:05 - INFO - 已切换账户: 川财证券[0m
[32m2025-08-15 14:58:10 - INFO - 已点击: 账户切换按钮[0m
[32m2025-08-15 14:58:11 - INFO - 已切换账户: 中泰证券[0m
[32m2025-08-15 14:58:15 - INFO - 已点击: 账户切换按钮[0m
[32m2025-08-15 14:58:16 - INFO - 已切换账户: 长城证券[0m
[32m2025-08-15 14:58:21 - INFO - 已点击: 账户切换按钮[0m
[32m2025-08-15 14:58:22 - INFO - 已切换账户: 川财证券[0m
[32m2025-08-15 14:58:25 - INFO - 已点击: 账户切换按钮[0m
[33m2025-08-15 14:58:25 - WARNING - 无法找到账户: 中泰证券[0m
[33m2025-08-15 14:58:27 - WARNING - 未找到账户信息元素[0m
[32m2025-08-15 14:58:28 - INFO - 已点击: 账户切换按钮[0m
[33m2025-08-15 14:58:28 - WARNING - 无法找到账户: 长城证券[0m
[32m2025-08-15 14:58:34 - INFO - 已点击: 账户切换按钮[0m
[33m2025-08-15 14:58:34 - WARNING - 无法找到账户: 中泰证券[0m
[33m2025-08-15 14:58:36 - WARNING - 未找到账户信息元素[0m
[32m2025-08-15 14:58:37 - INFO - 已点击: 账户切换按钮[0m
[32m2025-08-15 14:58:37 - INFO - 已切换账户: 长城证券[0m
[32m2025-08-15 14:58:41 - INFO - 已点击: 账户切换按钮[0m
[32m2025-08-15 14:58:42 - INFO - 已切换账户: 川财证券[0m
[33m2025-08-15 14:58:44 - WARNING - 未找到账户信息元素[0m
[32m2025-08-15 14:58:45 - INFO - 已点击: 账户切换按钮[0m
[32m2025-08-15 14:58:45 - INFO - 已切换账户: 中泰证券[0m
[33m2025-08-15 14:58:48 - WARNING - 未找到账户信息元素[0m
[32m2025-08-15 14:58:49 - INFO - 已点击: 账户切换按钮[0m
[32m2025-08-15 14:58:50 - INFO - 已切换账户: 长城证券[0m
[32m2025-08-15 14:58:56 - INFO - 已点击: 账户切换按钮[0m
[32m2025-08-15 14:58:56 - INFO - 已切换账户: 川财证券[0m
[32m2025-08-15 14:58:59 - INFO - 已点击: 账户切换按钮[0m
[32m2025-08-15 14:59:00 - INFO - 已切换账户: 中泰证券[0m
[32m2025-08-15 14:59:04 - INFO - 已点击: 账户切换按钮[0m
[33m2025-08-15 14:59:07 - WARNING - 无法从账户信息中提取中文名称: **8250[0m
[32m2025-08-15 14:59:07 - INFO - 已点击: 账户切换按钮[0m
[32m2025-08-15 14:59:07 - INFO - 已切换账户: 川财证券[0m
[33m2025-08-15 14:59:10 - WARNING - 无法从账户信息中提取中文名称: **6331[0m
[32m2025-08-15 14:59:11 - INFO - 已点击: 账户切换按钮[0m
[32m2025-08-15 14:59:11 - INFO - 已切换账户: 中泰证券[0m
[33m2025-08-15 14:59:14 - WARNING - 无法从账户信息中提取中文名称: **8250[0m
[32m2025-08-15 14:59:14 - INFO - 已点击: 账户切换按钮[0m
[32m2025-08-15 14:59:14 - INFO - 已切换账户: 长城证券[0m
[32m2025-08-15 17:24:24 - INFO - ---------------------国债逆回购任务开始执行---------------------[0m
[31m2025-08-15 17:24:26 - ERROR - 进入国债逆回购入口失败[0m
[32m2025-08-15 17:25:24 - INFO - ---------------------国债逆回购任务开始执行---------------------[0m
[31m2025-08-15 17:25:26 - ERROR - 进入国债逆回购入口失败[0m
[32m2025-08-15 17:27:17 - INFO - ---------------------国债逆回购任务开始执行---------------------[0m
[31m2025-08-15 17:27:19 - ERROR - 进入国债逆回购入口失败[0m
[33m2025-08-15 17:27:20 - WARNING - 无法从账户信息中提取中文名称: **8250[0m
[32m2025-08-15 17:27:20 - INFO - 已点击: 账户切换按钮[0m
[33m2025-08-15 17:27:21 - WARNING - 无法找到账户: 川财证券[0m
[32m2025-08-15 17:27:21 - INFO - ---------------------国债逆回购任务开始执行---------------------[0m
[31m2025-08-15 17:27:38 - ERROR - 无法返回账户页[0m
[31m2025-08-15 17:27:38 - ERROR - 操作失败: 'UiObject' object is not callable[0m
Traceback (most recent call last):
  File "D:\Xander\Inverstment\Investment\THS\AutoTrade\pages\page_guozhai.py", line 136, in guozhai_operation
    self.back_button()
    ~~~~~~~~~~~~~~~~^^
TypeError: 'UiObject' object is not callable
[33m2025-08-15 17:27:38 - WARNING - 未找到账户信息元素[0m
[32m2025-08-15 17:27:42 - INFO - 已点击: 账户切换按钮[0m
[32m2025-08-15 17:27:43 - INFO - 已切换账户: 中泰证券[0m
[32m2025-08-15 17:27:43 - INFO - ---------------------国债逆回购任务开始执行---------------------[0m
[32m2025-08-15 17:27:47 - INFO - 已进入: 国债逆回购入口[0m
[32m2025-08-15 17:27:48 - INFO - 已滑动到底部[0m
[32m2025-08-15 17:27:52 - INFO - 点击 1天期 成功[0m
[32m2025-08-15 17:27:53 - INFO - 当前页面为 GC001(1天期)[0m
[32m2025-08-15 17:27:54 - INFO - 已点击: 借出按钮[0m
[31m2025-08-15 17:27:56 - ERROR - 委托失败: 交易深市国债，借出资金必须为1000的整数倍[0m
[32m2025-08-15 17:27:56 - INFO - ---------------------国债逆回购任务执行完毕---------------------[0m
[33m2025-08-15 17:27:57 - WARNING - 无法从账户信息中提取中文名称: **8250[0m
[32m2025-08-15 17:27:57 - INFO - 已点击: 账户切换按钮[0m
[32m2025-08-15 17:27:58 - INFO - 已切换账户: 长城证券[0m
[32m2025-08-15 17:27:58 - INFO - ---------------------国债逆回购任务开始执行---------------------[0m
[32m2025-08-15 17:28:01 - INFO - 已进入: 国债逆回购入口[0m
[32m2025-08-15 17:28:02 - INFO - 已滑动到底部[0m
[32m2025-08-15 17:28:06 - INFO - 点击 1天期 成功[0m
[32m2025-08-15 17:28:07 - INFO - 当前页面为 GC001(1天期)[0m
[32m2025-08-15 17:28:09 - INFO - 已点击: 借出按钮[0m
[31m2025-08-15 17:28:10 - ERROR - 委托失败: 交易深市国债，借出资金必须为1000的整数倍[0m
[32m2025-08-15 17:28:11 - INFO - ---------------------国债逆回购任务执行完毕---------------------[0m
[33m2025-08-15 17:28:11 - WARNING - 无法从账户信息中提取中文名称: **5735[0m
[32m2025-08-15 17:28:11 - INFO - 已点击: 账户切换按钮[0m
[32m2025-08-15 17:28:12 - INFO - 已切换账户: 川财证券[0m
[32m2025-08-15 17:28:12 - INFO - ---------------------国债逆回购任务开始执行---------------------[0m
[32m2025-08-15 17:28:15 - INFO - 已进入: 国债逆回购入口[0m
[32m2025-08-15 17:28:16 - INFO - 已滑动到底部[0m
[32m2025-08-15 17:28:20 - INFO - 点击 1天期 成功[0m
[32m2025-08-15 17:28:21 - INFO - 当前页面为 GC001(1天期)[0m
[32m2025-08-15 17:28:22 - INFO - 已点击: 借出按钮[0m
[31m2025-08-15 17:28:24 - ERROR - 委托失败: 交易深市国债，借出资金必须为1000的整数倍[0m
[32m2025-08-15 17:28:24 - INFO - ---------------------国债逆回购任务执行完毕---------------------[0m
[33m2025-08-15 17:28:25 - WARNING - 无法从账户信息中提取中文名称: **6331[0m
[32m2025-08-15 17:28:25 - INFO - 已点击: 账户切换按钮[0m
[32m2025-08-15 17:28:26 - INFO - 已切换账户: 中泰证券[0m
[32m2025-08-15 17:28:26 - INFO - ---------------------国债逆回购任务开始执行---------------------[0m
[32m2025-08-15 17:28:29 - INFO - 已进入: 国债逆回购入口[0m
[32m2025-08-15 17:28:30 - INFO - 已滑动到底部[0m
[32m2025-08-15 17:28:33 - INFO - 点击 1天期 成功[0m
[32m2025-08-15 17:28:35 - INFO - 当前页面为 GC001(1天期)[0m
[32m2025-08-15 17:28:36 - INFO - 已点击: 借出按钮[0m
[31m2025-08-15 17:28:38 - ERROR - 委托失败: 交易深市国债，借出资金必须为1000的整数倍[0m
[32m2025-08-15 17:28:40 - INFO - ---------------------国债逆回购任务执行完毕---------------------[0m
[33m2025-08-15 17:28:40 - WARNING - 无法从账户信息中提取中文名称: **8250[0m
[32m2025-08-15 17:28:54 - INFO - ---------------------国债逆回购任务开始执行---------------------[0m
[32m2025-08-15 17:28:57 - INFO - 已进入: 国债逆回购入口[0m
[32m2025-08-15 17:28:59 - INFO - 已滑动到底部[0m
[32m2025-08-15 17:29:02 - INFO - 点击 1天期 成功[0m
[32m2025-08-15 17:29:03 - INFO - 当前页面为 GC001(1天期)[0m
[32m2025-08-15 17:29:05 - INFO - 已点击: 借出按钮[0m
[31m2025-08-15 17:29:07 - ERROR - 委托失败: 交易深市国债，借出资金必须为1000的整数倍[0m
[32m2025-08-15 17:29:07 - INFO - ---------------------国债逆回购任务执行完毕---------------------[0m
[33m2025-08-15 17:29:07 - WARNING - 无法从账户信息中提取中文名称: **8250[0m
[32m2025-08-15 17:29:08 - INFO - 已点击: 账户切换按钮[0m
[32m2025-08-15 17:29:08 - INFO - 已切换账户: 川财证券[0m
[32m2025-08-15 17:29:08 - INFO - ---------------------国债逆回购任务开始执行---------------------[0m
[32m2025-08-15 17:29:11 - INFO - 已进入: 国债逆回购入口[0m
[32m2025-08-15 17:29:12 - INFO - 已滑动到底部[0m
[32m2025-08-15 17:29:16 - INFO - 点击 1天期 成功[0m
[32m2025-08-15 17:29:17 - INFO - 当前页面为 GC001(1天期)[0m
[32m2025-08-15 17:29:19 - INFO - 已点击: 借出按钮[0m
[31m2025-08-15 17:29:20 - ERROR - 委托失败: 交易深市国债，借出资金必须为1000的整数倍[0m
[32m2025-08-15 17:29:20 - INFO - ---------------------国债逆回购任务执行完毕---------------------[0m
[33m2025-08-15 17:29:21 - WARNING - 无法从账户信息中提取中文名称: **6331[0m
[32m2025-08-15 17:29:21 - INFO - 已点击: 账户切换按钮[0m
[32m2025-08-15 17:29:22 - INFO - 已切换账户: 中泰证券[0m
[32m2025-08-15 17:29:22 - INFO - ---------------------国债逆回购任务开始执行---------------------[0m
[32m2025-08-15 17:29:25 - INFO - 已进入: 国债逆回购入口[0m
[32m2025-08-15 17:29:26 - INFO - 已滑动到底部[0m
[32m2025-08-15 17:29:30 - INFO - 点击 1天期 成功[0m
[32m2025-08-15 17:29:31 - INFO - 当前页面为 GC001(1天期)[0m
[32m2025-08-15 17:29:32 - INFO - 已点击: 借出按钮[0m
[31m2025-08-15 17:29:34 - ERROR - 委托失败: 交易深市国债，借出资金必须为1000的整数倍[0m
[32m2025-08-15 17:29:34 - INFO - ---------------------国债逆回购任务执行完毕---------------------[0m
[33m2025-08-15 17:29:35 - WARNING - 无法从账户信息中提取中文名称: **8250[0m
[32m2025-08-15 17:29:35 - INFO - 已点击: 账户切换按钮[0m
[32m2025-08-15 17:29:36 - INFO - 已切换账户: 长城证券[0m
[32m2025-08-15 17:29:36 - INFO - ---------------------国债逆回购任务开始执行---------------------[0m
[32m2025-08-15 17:29:39 - INFO - 已进入: 国债逆回购入口[0m
[32m2025-08-15 17:29:40 - INFO - 已滑动到底部[0m
