[32m2025-08-13 09:33:09 - INFO - 点击持仓按钮(里)[0m
[32m2025-08-13 09:33:25 - INFO - 点击持仓按钮(里)[0m
[32m2025-08-13 09:33:27 - INFO - 点击买入按钮(里)[0m
[32m2025-08-13 09:33:28 - INFO - 点击股票搜索框[0m
[32m2025-08-13 09:33:29 - INFO - 输入股票名称: 紫光股份[0m
[32m2025-08-13 09:33:33 - INFO - 点击匹配的第一个股票[0m
[32m2025-08-13 09:33:44 - INFO - 点击持仓按钮(里)[0m
[32m2025-08-13 09:33:50 - INFO - 点击卖出按钮(里)[0m
[32m2025-08-13 09:33:50 - INFO - 点击股票搜索框[0m
[32m2025-08-13 09:33:51 - INFO - 输入股票名称: 大业股份[0m
[32m2025-08-13 09:33:55 - INFO - 输入数量: 400手[0m
[32m2025-08-13 09:33:55 - INFO - 点击按钮: 卖出 (提交)[0m
[32m2025-08-13 09:33:55 - INFO - 开始处理弹窗[0m
[32m2025-08-13 09:33:55 - INFO - 检测到'委托确认'提示[0m
[32m2025-08-13 09:33:56 - INFO - 点击确认按钮[0m
[32m2025-08-13 09:33:56 - INFO - 提示信息：委托已提交，合同号为：155404[0m
[32m2025-08-13 09:33:56 - INFO - 委托已提交[0m
[32m2025-08-13 09:34:00 - INFO - 点击持仓按钮(里)[0m
[32m2025-08-13 09:34:17 - INFO - 点击持仓按钮(里)[0m
[32m2025-08-13 09:34:30 - INFO - 点击持仓按钮(里)[0m
[32m2025-08-13 09:34:33 - INFO - 点击买入按钮(里)[0m
[32m2025-08-13 09:34:33 - INFO - 点击股票搜索框[0m
[32m2025-08-13 09:34:35 - INFO - 输入股票名称: 卫光生物[0m
[32m2025-08-13 09:34:38 - INFO - 输入数量: 100手[0m
[32m2025-08-13 09:34:39 - INFO - 点击按钮: 买入 (提交)[0m
[32m2025-08-13 09:34:39 - INFO - 开始处理弹窗[0m
[32m2025-08-13 09:34:39 - INFO - 检测到'委托确认'提示[0m
[32m2025-08-13 09:34:39 - INFO - 点击确认按钮[0m
[32m2025-08-13 09:34:40 - INFO - 提示信息：委托已提交，合同号为：70663[0m
[32m2025-08-13 09:34:40 - INFO - 委托已提交[0m
[32m2025-08-13 09:40:53 - INFO - 点击持仓按钮(里)[0m
[32m2025-08-13 09:41:01 - INFO - 点击卖出按钮(里)[0m
[32m2025-08-13 09:41:02 - INFO - 点击股票搜索框[0m
[32m2025-08-13 09:41:03 - INFO - 输入股票名称: 银轮股份[0m
[32m2025-08-13 10:20:40 - INFO - 点击持仓按钮(里)[0m
[32m2025-08-13 10:20:48 - INFO - 点击卖出按钮(里)[0m
[32m2025-08-13 10:20:48 - INFO - 点击股票搜索框[0m
[32m2025-08-13 10:20:50 - INFO - 输入股票名称: 神州数码[0m
[32m2025-08-13 10:20:53 - INFO - 点击匹配的第一个股票[0m
[32m2025-08-13 10:20:57 - INFO - 输入数量: 200手[0m
[32m2025-08-13 10:20:57 - INFO - 点击按钮: 卖出 (提交)[0m
[32m2025-08-13 10:20:57 - INFO - 开始处理弹窗[0m
[32m2025-08-13 10:20:57 - INFO - 检测到'委托确认'提示[0m
[32m2025-08-13 10:20:57 - INFO - 点击确认按钮[0m
[32m2025-08-13 10:20:58 - INFO - 提示信息：委托已提交，合同号为：222908[0m
[32m2025-08-13 10:20:58 - INFO - 委托已提交[0m
[32m2025-08-13 10:21:00 - INFO - 点击持仓按钮(里)[0m
[32m2025-08-13 10:21:01 - INFO - 点击买入按钮(里)[0m
[32m2025-08-13 10:21:02 - INFO - 点击股票搜索框[0m
[32m2025-08-13 10:21:03 - INFO - 输入股票名称: 科达利[0m
[32m2025-08-13 13:37:27 - INFO - 点击持仓按钮(里)[0m
[32m2025-08-13 13:37:31 - INFO - 点击买入按钮(里)[0m
[32m2025-08-13 13:37:31 - INFO - 点击股票搜索框[0m
[32m2025-08-13 13:37:33 - INFO - 输入股票名称: 顺络电子[0m
[32m2025-08-13 13:37:36 - INFO - 输入数量: 100手[0m
[32m2025-08-13 13:37:36 - INFO - 点击按钮: 买入 (提交)[0m
[32m2025-08-13 13:37:36 - INFO - 开始处理弹窗[0m
[32m2025-08-13 13:37:37 - INFO - 检测到'委托确认'提示[0m
[32m2025-08-13 13:37:37 - INFO - 点击确认按钮[0m
[32m2025-08-13 13:37:37 - INFO - 提示信息：委托已提交，合同号为：392560[0m
[32m2025-08-13 13:37:38 - INFO - 委托已提交[0m
[32m2025-08-14 09:31:58 - INFO - 点击持仓按钮(里)[0m
[32m2025-08-14 09:32:03 - INFO - 点击卖出按钮(里)[0m
[32m2025-08-14 09:32:04 - INFO - 点击股票搜索框[0m
[32m2025-08-14 09:32:05 - INFO - 输入股票名称: 顺络电子[0m
[32m2025-08-14 09:32:08 - INFO - 输入数量: 100手[0m
[32m2025-08-14 09:32:09 - INFO - 点击按钮: 卖出 (提交)[0m
[32m2025-08-14 09:32:09 - INFO - 开始处理弹窗[0m
[32m2025-08-14 09:32:09 - INFO - 检测到'委托确认'提示[0m
[32m2025-08-14 09:32:09 - INFO - 点击确认按钮[0m
[32m2025-08-14 09:32:10 - INFO - 提示信息：委托已提交，合同号为：59629[0m
[32m2025-08-14 09:32:10 - INFO - 委托已提交[0m
[32m2025-08-14 09:54:35 - INFO - 点击持仓按钮(里)[0m
[32m2025-08-14 09:55:51 - INFO - 点击持仓按钮(里)[0m
[32m2025-08-14 09:55:54 - INFO - 点击买入按钮(里)[0m
[32m2025-08-14 09:55:55 - INFO - 点击股票搜索框[0m
[32m2025-08-14 09:55:56 - INFO - 输入股票名称: 弘业期货[0m
[32m2025-08-14 09:56:00 - INFO - 点击匹配的第一个股票[0m
[32m2025-08-14 09:56:03 - INFO - 输入数量: 300手[0m
[32m2025-08-14 09:56:04 - INFO - 点击按钮: 买入 (提交)[0m
[32m2025-08-14 09:56:04 - INFO - 开始处理弹窗[0m
[32m2025-08-14 09:56:04 - INFO - 检测到'委托确认'提示[0m
[32m2025-08-14 09:56:04 - INFO - 点击确认按钮[0m
[32m2025-08-14 09:56:04 - INFO - 提示信息：委托已提交，合同号为：178320[0m
[32m2025-08-14 09:56:05 - INFO - 委托已提交[0m
[32m2025-08-14 10:31:07 - INFO - 点击持仓按钮(里)[0m
[32m2025-08-14 10:31:15 - INFO - 点击卖出按钮(里)[0m
[32m2025-08-14 10:31:16 - INFO - 点击股票搜索框[0m
[32m2025-08-14 10:31:17 - INFO - 输入股票名称: 鲁西化工[0m
[32m2025-08-14 10:31:21 - INFO - 输入数量: 400手[0m
[32m2025-08-14 10:31:21 - INFO - 点击按钮: 卖出 (提交)[0m
[32m2025-08-14 10:31:21 - INFO - 开始处理弹窗[0m
[32m2025-08-14 10:31:21 - INFO - 检测到'委托确认'提示[0m
[32m2025-08-14 10:31:22 - INFO - 点击确认按钮[0m
[32m2025-08-14 10:31:22 - INFO - 提示信息：委托已提交，合同号为：268019[0m
[32m2025-08-14 10:31:23 - INFO - 委托已提交[0m
[32m2025-08-15 10:34:21 - INFO - 点击持仓按钮(里)[0m
[32m2025-08-15 10:34:24 - INFO - 点击买入按钮(里)[0m
[32m2025-08-15 10:34:25 - INFO - 点击股票搜索框[0m
[32m2025-08-15 10:34:26 - INFO - 输入股票名称: 东睦股份[0m
[32m2025-08-15 10:34:30 - INFO - 输入数量: 100手[0m
[32m2025-08-15 10:34:30 - INFO - 点击按钮: 买入 (提交)[0m
[32m2025-08-15 10:34:30 - INFO - 开始处理弹窗[0m
[32m2025-08-15 10:34:31 - INFO - 检测到'委托确认'提示[0m
[32m2025-08-15 10:34:31 - INFO - 点击确认按钮[0m
[32m2025-08-15 10:34:31 - INFO - 提示信息：委托已提交，合同号为：270777[0m
[32m2025-08-15 10:34:32 - INFO - 委托已提交[0m
[32m2025-08-15 10:34:34 - INFO - 点击持仓按钮(里)[0m
[32m2025-08-15 10:34:42 - INFO - 点击持仓按钮(里)[0m
[32m2025-08-15 10:34:43 - INFO - 点击买入按钮(里)[0m
[32m2025-08-15 10:34:44 - INFO - 点击股票搜索框[0m
[32m2025-08-15 10:34:45 - INFO - 输入股票名称: 广宇集团[0m
[32m2025-08-15 10:34:51 - INFO - 点击持仓按钮(里)[0m
[32m2025-08-15 10:42:21 - INFO - 点击持仓按钮(里)[0m
[32m2025-08-15 10:42:28 - INFO - 点击持仓按钮(里)[0m
[32m2025-08-15 11:14:50 - INFO - 点击持仓按钮(里)[0m
[32m2025-08-15 11:14:52 - INFO - 点击买入按钮(里)[0m
[32m2025-08-15 11:14:53 - INFO - 点击股票搜索框[0m
[32m2025-08-15 11:14:54 - INFO - 输入股票名称: 金安国纪[0m
[32m2025-08-15 11:14:58 - INFO - 输入数量: 300手[0m
[32m2025-08-15 11:14:58 - INFO - 点击按钮: 买入 (提交)[0m
[32m2025-08-15 11:14:58 - INFO - 开始处理弹窗[0m
[32m2025-08-15 11:14:59 - INFO - 检测到'委托确认'提示[0m
[32m2025-08-15 11:14:59 - INFO - 点击确认按钮[0m
[32m2025-08-15 11:14:59 - INFO - 提示信息：委托已提交，合同号为：335034[0m
[32m2025-08-15 11:15:00 - INFO - 委托已提交[0m
[32m2025-08-15 13:20:28 - INFO - 点击持仓按钮(里)[0m
[32m2025-08-15 13:20:30 - INFO - 点击买入按钮(里)[0m
[32m2025-08-15 13:20:30 - INFO - 点击股票搜索框[0m
[32m2025-08-15 13:20:33 - INFO - 输入股票名称: 多氟多[0m
[32m2025-08-15 17:41:30 - INFO - 点击持仓按钮(里)[0m
[32m2025-08-15 17:41:32 - INFO - 点击买入按钮(里)[0m
[32m2025-08-15 17:41:33 - INFO - 点击股票搜索框[0m
[32m2025-08-15 17:41:35 - INFO - 输入股票名称: 长江电力[0m
[32m2025-08-15 17:41:36 - INFO - 点击匹配的第一个股票[0m
[32m2025-08-15 17:41:40 - INFO - 输入数量: 200手[0m
[32m2025-08-15 17:41:40 - INFO - 点击按钮: 买入 (提交)[0m
[32m2025-08-15 17:41:40 - INFO - 开始处理弹窗[0m
[32m2025-08-15 17:41:40 - INFO - 检测到'委托确认'提示[0m
[32m2025-08-15 17:41:41 - INFO - 点击确认按钮[0m
[32m2025-08-15 17:42:03 - INFO - 点击持仓按钮(里)[0m
[32m2025-08-18 09:31:51 - INFO - 点击持仓按钮(里)[0m
[32m2025-08-18 09:32:00 - INFO - 点击卖出按钮(里)[0m
[32m2025-08-18 09:32:01 - INFO - 点击股票搜索框[0m
[32m2025-08-18 09:32:02 - INFO - 输入股票名称: 金安国纪[0m
[32m2025-08-18 09:32:05 - INFO - 输入数量: 300手[0m
[32m2025-08-18 09:32:06 - INFO - 点击按钮: 卖出 (提交)[0m
[32m2025-08-18 09:32:06 - INFO - 开始处理弹窗[0m
[32m2025-08-18 09:32:06 - INFO - 检测到'委托确认'提示[0m
[32m2025-08-18 09:32:07 - INFO - 点击确认按钮[0m
[32m2025-08-18 09:32:07 - INFO - 提示信息：委托已提交，合同号为：66509[0m
[32m2025-08-18 09:32:07 - INFO - 委托已提交[0m
[32m2025-08-18 09:32:10 - INFO - 点击持仓按钮(里)[0m
[32m2025-08-18 09:32:26 - INFO - 点击持仓按钮(里)[0m
[32m2025-08-18 09:32:29 - INFO - 点击买入按钮(里)[0m
[32m2025-08-18 09:32:29 - INFO - 点击股票搜索框[0m
[32m2025-08-18 09:32:31 - INFO - 输入股票名称: 百隆东方[0m
[32m2025-08-18 09:32:34 - INFO - 输入数量: 800手[0m
[32m2025-08-18 09:32:35 - INFO - 点击按钮: 买入 (提交)[0m
[32m2025-08-18 09:32:35 - INFO - 开始处理弹窗[0m
[32m2025-08-18 09:32:35 - INFO - 检测到'委托确认'提示[0m
[32m2025-08-18 09:32:36 - INFO - 点击确认按钮[0m
[32m2025-08-18 09:32:36 - INFO - 提示信息：委托已提交，合同号为：70770[0m
[32m2025-08-18 09:32:36 - INFO - 委托已提交[0m
[32m2025-08-18 09:41:24 - INFO - 点击持仓按钮(里)[0m
[32m2025-08-18 09:48:09 - INFO - 点击持仓按钮(里)[0m
[32m2025-08-18 09:48:11 - INFO - 点击买入按钮(里)[0m
[32m2025-08-18 09:48:11 - INFO - 点击股票搜索框[0m
[32m2025-08-18 09:48:13 - INFO - 输入股票名称: 神州信息[0m
[32m2025-08-18 09:48:14 - INFO - 点击匹配的第一个股票[0m
[32m2025-08-18 09:48:18 - INFO - 输入数量: 200手[0m
[32m2025-08-18 09:48:18 - INFO - 点击按钮: 买入 (提交)[0m
[32m2025-08-18 09:48:18 - INFO - 开始处理弹窗[0m
[32m2025-08-18 09:48:18 - INFO - 检测到'委托确认'提示[0m
[32m2025-08-18 09:48:19 - INFO - 点击确认按钮[0m
[32m2025-08-18 09:48:19 - INFO - 提示信息：委托已提交，合同号为：159848[0m
[32m2025-08-18 09:48:19 - INFO - 委托已提交[0m
[32m2025-08-18 09:48:22 - INFO - 点击持仓按钮(里)[0m
[32m2025-08-18 09:48:23 - INFO - 点击买入按钮(里)[0m
[32m2025-08-18 09:48:24 - INFO - 点击股票搜索框[0m
[32m2025-08-18 09:48:25 - INFO - 输入股票名称: 湖南投资[0m
[32m2025-08-18 09:48:28 - INFO - 输入数量: 200手[0m
[32m2025-08-18 09:48:29 - INFO - 点击按钮: 买入 (提交)[0m
[32m2025-08-18 09:48:29 - INFO - 开始处理弹窗[0m
[32m2025-08-18 09:48:29 - INFO - 检测到'委托确认'提示[0m
[32m2025-08-18 09:48:29 - INFO - 点击确认按钮[0m
[32m2025-08-18 09:48:30 - INFO - 提示信息：委托已提交，合同号为：160571[0m
[32m2025-08-18 09:48:30 - INFO - 委托已提交[0m
[32m2025-08-18 09:48:32 - INFO - 点击持仓按钮(里)[0m
[32m2025-08-18 09:48:34 - INFO - 点击买入按钮(里)[0m
[32m2025-08-18 09:48:34 - INFO - 点击股票搜索框[0m
[32m2025-08-18 09:48:36 - INFO - 输入股票名称: 双枪科技[0m
[32m2025-08-18 09:48:42 - INFO - 输入数量: 200手[0m
[32m2025-08-18 09:48:42 - INFO - 点击按钮: 买入 (提交)[0m
[32m2025-08-18 09:48:42 - INFO - 开始处理弹窗[0m
[32m2025-08-18 09:48:43 - INFO - 检测到'委托确认'提示[0m
[32m2025-08-18 09:48:43 - INFO - 点击确认按钮[0m
[32m2025-08-18 09:49:05 - INFO - 点击持仓按钮(里)[0m
[32m2025-08-18 09:49:08 - INFO - 点击买入按钮(里)[0m
[32m2025-08-18 09:49:08 - INFO - 点击股票搜索框[0m
[32m2025-08-18 09:49:09 - INFO - 清除股票代码[0m
[32m2025-08-18 09:49:10 - INFO - 输入股票名称: 新大正[0m
[32m2025-08-18 09:49:13 - INFO - 输入数量: 200手[0m
[32m2025-08-18 09:49:14 - INFO - 点击按钮: 买入 (提交)[0m
[32m2025-08-18 09:49:14 - INFO - 开始处理弹窗[0m
[32m2025-08-18 09:49:14 - INFO - 检测到'委托确认'提示[0m
[32m2025-08-18 09:49:15 - INFO - 点击确认按钮[0m
[32m2025-08-18 09:49:15 - INFO - 提示信息：委托已提交，合同号为：26550[0m
[32m2025-08-18 09:49:15 - INFO - 委托已提交[0m
[32m2025-08-18 09:49:18 - INFO - 点击持仓按钮(里)[0m
[32m2025-08-18 09:49:19 - INFO - 点击买入按钮(里)[0m
[32m2025-08-18 09:49:20 - INFO - 点击股票搜索框[0m
[32m2025-08-18 09:49:21 - INFO - 输入股票名称: 钱江生化[0m
[32m2025-08-18 09:49:25 - INFO - 输入数量: 200手[0m
[32m2025-08-18 09:49:25 - INFO - 点击按钮: 买入 (提交)[0m
[32m2025-08-18 09:49:25 - INFO - 开始处理弹窗[0m
[32m2025-08-18 09:49:25 - INFO - 检测到'委托确认'提示[0m
[32m2025-08-18 09:49:26 - INFO - 点击确认按钮[0m
[32m2025-08-18 09:49:26 - INFO - 提示信息：委托已提交，合同号为：26676[0m
[32m2025-08-18 09:49:26 - INFO - 委托已提交[0m
[32m2025-08-18 09:49:29 - INFO - 点击持仓按钮(里)[0m
[32m2025-08-18 09:49:30 - INFO - 点击买入按钮(里)[0m
[32m2025-08-18 09:49:31 - INFO - 点击股票搜索框[0m
[32m2025-08-18 09:49:32 - INFO - 输入股票名称: 醋化股份[0m
[32m2025-08-18 09:49:35 - INFO - 输入数量: 200手[0m
[32m2025-08-18 09:49:36 - INFO - 点击按钮: 买入 (提交)[0m
[32m2025-08-18 09:49:36 - INFO - 开始处理弹窗[0m
[32m2025-08-18 09:49:36 - INFO - 检测到'委托确认'提示[0m
[32m2025-08-18 09:49:36 - INFO - 点击确认按钮[0m
[32m2025-08-18 09:49:37 - INFO - 提示信息：委托已提交，合同号为：26803[0m
[32m2025-08-18 09:49:37 - INFO - 委托已提交[0m
[32m2025-08-18 09:49:39 - INFO - 点击持仓按钮(里)[0m
[32m2025-08-18 09:49:56 - INFO - 点击卖出按钮(里)[0m
[32m2025-08-18 09:49:56 - INFO - 点击股票搜索框[0m
[32m2025-08-18 09:49:57 - INFO - 输入股票名称: 中科金财[0m
[32m2025-08-18 09:50:01 - INFO - 输入数量: 100手[0m
[32m2025-08-18 09:50:01 - INFO - 点击按钮: 卖出 (提交)[0m
[32m2025-08-18 09:50:01 - INFO - 开始处理弹窗[0m
[32m2025-08-18 09:50:01 - INFO - 检测到'委托确认'提示[0m
[32m2025-08-18 09:50:02 - INFO - 点击确认按钮[0m
[32m2025-08-18 09:50:02 - INFO - 提示信息：委托已提交，合同号为：27081[0m
[32m2025-08-18 09:50:02 - INFO - 委托已提交[0m
[32m2025-08-18 09:50:05 - INFO - 点击持仓按钮(里)[0m
[32m2025-08-18 09:50:18 - INFO - 点击持仓按钮(里)[0m
[32m2025-08-18 09:50:31 - INFO - 点击持仓按钮(里)[0m
[32m2025-08-18 09:50:43 - INFO - 点击持仓按钮(里)[0m
[32m2025-08-18 09:50:56 - INFO - 点击持仓按钮(里)[0m
[32m2025-08-18 09:51:12 - INFO - 点击持仓按钮(里)[0m
[32m2025-08-18 10:10:06 - INFO - 点击持仓按钮(里)[0m
[32m2025-08-18 10:10:18 - INFO - 点击卖出按钮(里)[0m
[32m2025-08-18 10:10:18 - INFO - 点击股票搜索框[0m
[32m2025-08-18 10:10:20 - INFO - 输入股票名称: 东睦股份[0m
[32m2025-08-18 10:10:23 - INFO - 输入数量: 100手[0m
[32m2025-08-18 10:10:23 - INFO - 点击按钮: 卖出 (提交)[0m
[32m2025-08-18 10:10:23 - INFO - 开始处理弹窗[0m
[32m2025-08-18 10:10:24 - INFO - 检测到'委托确认'提示[0m
[32m2025-08-18 10:10:24 - INFO - 点击确认按钮[0m
[32m2025-08-18 10:10:24 - INFO - 提示信息：委托已提交，合同号为：234022[0m
[32m2025-08-18 10:10:25 - INFO - 委托已提交[0m
[32m2025-08-18 10:57:08 - INFO - 点击持仓按钮(里)[0m
[32m2025-08-18 10:57:10 - INFO - 点击买入按钮(里)[0m
[32m2025-08-18 10:57:11 - INFO - 点击股票搜索框[0m
[32m2025-08-18 10:57:13 - INFO - 输入股票名称: 恒立液压[0m
[32m2025-08-18 11:10:15 - INFO - 点击持仓按钮(里)[0m
[32m2025-08-18 11:10:18 - INFO - 点击买入按钮(里)[0m
[32m2025-08-18 11:10:18 - INFO - 点击股票搜索框[0m
[32m2025-08-18 11:10:20 - INFO - 输入股票名称: 法拉电子[0m
[32m2025-08-18 14:25:34 - INFO - 点击持仓按钮(里)[0m
[32m2025-08-19 09:32:47 - INFO - 点击持仓按钮(里)[0m
[32m2025-08-19 09:32:49 - INFO - 点击买入按钮(里)[0m
[32m2025-08-19 09:32:50 - INFO - 点击股票搜索框[0m
[32m2025-08-19 09:32:51 - INFO - 输入股票名称: 三柏硕[0m
[32m2025-08-19 09:32:55 - INFO - 输入数量: 200手[0m
[32m2025-08-19 09:32:55 - INFO - 点击按钮: 买入 (提交)[0m
[32m2025-08-19 09:32:55 - INFO - 开始处理弹窗[0m
[32m2025-08-19 09:32:55 - INFO - 检测到'委托确认'提示[0m
[32m2025-08-19 09:32:56 - INFO - 点击确认按钮[0m
[32m2025-08-19 09:32:56 - INFO - 提示信息：委托已提交，合同号为：161409[0m
[32m2025-08-19 09:32:56 - INFO - 委托已提交[0m
[32m2025-08-19 09:32:59 - INFO - 点击持仓按钮(里)[0m
[32m2025-08-19 09:33:00 - INFO - 点击买入按钮(里)[0m
[32m2025-08-19 09:33:01 - INFO - 点击股票搜索框[0m
[32m2025-08-19 09:33:02 - INFO - 输入股票名称: 楚环科技[0m
[32m2025-08-19 09:33:05 - INFO - 输入数量: 200手[0m
[32m2025-08-19 09:33:06 - INFO - 点击按钮: 买入 (提交)[0m
[32m2025-08-19 09:33:06 - INFO - 开始处理弹窗[0m
[32m2025-08-19 09:33:06 - INFO - 检测到'委托确认'提示[0m
[32m2025-08-19 09:33:06 - INFO - 点击确认按钮[0m
[32m2025-08-19 09:33:07 - INFO - 提示信息：委托已提交，合同号为：164998[0m
[32m2025-08-19 09:33:07 - INFO - 委托已提交[0m
[32m2025-08-19 09:33:10 - INFO - 点击持仓按钮(里)[0m
[32m2025-08-19 09:33:11 - INFO - 点击买入按钮(里)[0m
[32m2025-08-19 09:33:11 - INFO - 点击股票搜索框[0m
[32m2025-08-19 09:33:13 - INFO - 输入股票名称: 益盛药业[0m
[32m2025-08-19 09:33:16 - INFO - 输入数量: 200手[0m
[32m2025-08-19 09:33:16 - INFO - 点击按钮: 买入 (提交)[0m
[32m2025-08-19 09:33:16 - INFO - 开始处理弹窗[0m
[32m2025-08-19 09:33:17 - INFO - 检测到'委托确认'提示[0m
[32m2025-08-19 09:33:17 - INFO - 点击确认按钮[0m
[32m2025-08-19 09:33:17 - INFO - 提示信息：委托已提交，合同号为：168466[0m
[32m2025-08-19 09:33:18 - INFO - 委托已提交[0m
[32m2025-08-19 09:33:20 - INFO - 点击持仓按钮(里)[0m
[32m2025-08-19 09:33:22 - INFO - 点击买入按钮(里)[0m
[32m2025-08-19 09:33:23 - INFO - 点击股票搜索框[0m
[32m2025-08-19 09:33:23 - INFO - 清除股票代码[0m
[32m2025-08-19 09:33:24 - INFO - 输入股票名称: 恒大高新[0m
[32m2025-08-19 09:33:28 - INFO - 输入数量: 200手[0m
[32m2025-08-19 09:33:28 - INFO - 点击按钮: 买入 (提交)[0m
[32m2025-08-19 09:33:28 - INFO - 开始处理弹窗[0m
[32m2025-08-19 09:33:28 - INFO - 检测到'委托确认'提示[0m
[32m2025-08-19 09:33:29 - INFO - 点击确认按钮[0m
[32m2025-08-19 09:33:29 - INFO - 提示信息：委托已提交，合同号为：172339[0m
[32m2025-08-19 09:33:29 - INFO - 委托已提交[0m
[32m2025-08-19 09:33:32 - INFO - 点击持仓按钮(里)[0m
[32m2025-08-19 09:33:33 - INFO - 点击买入按钮(里)[0m
[32m2025-08-19 09:33:34 - INFO - 点击股票搜索框[0m
[32m2025-08-19 09:33:35 - INFO - 输入股票名称: 金花股份[0m
[32m2025-08-19 09:33:38 - INFO - 输入数量: 200手[0m
[32m2025-08-19 09:33:39 - INFO - 点击按钮: 买入 (提交)[0m
[32m2025-08-19 09:33:39 - INFO - 开始处理弹窗[0m
[32m2025-08-19 09:33:39 - INFO - 检测到'委托确认'提示[0m
[32m2025-08-19 09:33:39 - INFO - 点击确认按钮[0m
[32m2025-08-19 09:33:40 - INFO - 提示信息：委托已提交，合同号为：175780[0m
[32m2025-08-19 09:33:40 - INFO - 委托已提交[0m
[32m2025-08-19 09:33:42 - INFO - 点击持仓按钮(里)[0m
[32m2025-08-19 09:33:44 - INFO - 点击买入按钮(里)[0m
[32m2025-08-19 09:33:44 - INFO - 点击股票搜索框[0m
[32m2025-08-19 09:33:45 - INFO - 输入股票名称: 凤竹纺织[0m
[32m2025-08-19 09:33:49 - INFO - 输入数量: 200手[0m
[32m2025-08-19 09:33:49 - INFO - 点击按钮: 买入 (提交)[0m
[32m2025-08-19 09:33:49 - INFO - 开始处理弹窗[0m
[32m2025-08-19 09:33:49 - INFO - 检测到'委托确认'提示[0m
[32m2025-08-19 09:33:50 - INFO - 点击确认按钮[0m
[32m2025-08-19 09:33:50 - INFO - 提示信息：委托已提交，合同号为：179093[0m
[32m2025-08-19 09:33:50 - INFO - 委托已提交[0m
[32m2025-08-19 09:33:53 - INFO - 点击持仓按钮(里)[0m
[32m2025-08-19 09:33:54 - INFO - 点击买入按钮(里)[0m
[32m2025-08-19 09:33:55 - INFO - 点击股票搜索框[0m
[32m2025-08-19 09:33:56 - INFO - 输入股票名称: 百大集团[0m
[32m2025-08-19 09:33:59 - INFO - 输入数量: 200手[0m
[32m2025-08-19 09:34:00 - INFO - 点击按钮: 买入 (提交)[0m
[32m2025-08-19 09:34:00 - INFO - 开始处理弹窗[0m
[32m2025-08-19 09:34:00 - INFO - 检测到'委托确认'提示[0m
[32m2025-08-19 09:34:00 - INFO - 点击确认按钮[0m
[32m2025-08-19 09:34:00 - INFO - 提示信息：委托已提交，合同号为：182272[0m
[32m2025-08-19 09:34:01 - INFO - 委托已提交[0m
[32m2025-08-19 09:34:03 - INFO - 点击持仓按钮(里)[0m
[32m2025-08-19 09:34:05 - INFO - 点击买入按钮(里)[0m
[32m2025-08-19 09:34:05 - INFO - 点击股票搜索框[0m
[32m2025-08-19 09:34:06 - INFO - 输入股票名称: 宁水集团[0m
[32m2025-08-19 09:34:10 - INFO - 输入数量: 200手[0m
[32m2025-08-19 09:34:10 - INFO - 点击按钮: 买入 (提交)[0m
[32m2025-08-19 09:34:10 - INFO - 开始处理弹窗[0m
[32m2025-08-19 09:34:10 - INFO - 检测到'委托确认'提示[0m
[32m2025-08-19 09:34:11 - INFO - 点击确认按钮[0m
[32m2025-08-19 09:34:11 - INFO - 提示信息：委托已提交，合同号为：185464[0m
[32m2025-08-19 09:34:11 - INFO - 委托已提交[0m
[32m2025-08-19 09:34:14 - INFO - 点击持仓按钮(里)[0m
[32m2025-08-19 09:34:27 - INFO - 点击持仓按钮(里)[0m
[32m2025-08-19 09:34:37 - INFO - 点击持仓按钮(里)[0m
[32m2025-08-19 09:34:48 - INFO - 点击持仓按钮(里)[0m
[32m2025-08-19 09:34:58 - INFO - 点击持仓按钮(里)[0m
[32m2025-08-19 09:35:08 - INFO - 点击持仓按钮(里)[0m
[32m2025-08-19 09:35:19 - INFO - 点击持仓按钮(里)[0m
[32m2025-08-19 09:35:29 - INFO - 点击持仓按钮(里)[0m
[32m2025-08-19 09:35:39 - INFO - 点击持仓按钮(里)[0m
[32m2025-08-19 09:38:01 - INFO - 点击持仓按钮(里)[0m
[32m2025-08-19 09:41:27 - INFO - 点击持仓按钮(里)[0m
[32m2025-08-19 09:41:29 - INFO - 点击买入按钮(里)[0m
[32m2025-08-19 09:41:29 - INFO - 点击股票搜索框[0m
[32m2025-08-19 09:41:31 - INFO - 输入股票名称: 海南华铁[0m
[32m2025-08-19 09:41:32 - INFO - 点击匹配的第一个股票[0m
[32m2025-08-19 09:41:36 - INFO - 输入数量: 400手[0m
[32m2025-08-19 09:41:36 - INFO - 点击按钮: 买入 (提交)[0m
[32m2025-08-19 09:41:36 - INFO - 开始处理弹窗[0m
[32m2025-08-19 09:41:36 - INFO - 检测到'委托确认'提示[0m
[32m2025-08-19 09:41:37 - INFO - 点击确认按钮[0m
[32m2025-08-19 09:41:37 - INFO - 提示信息：委托已提交，合同号为：132052[0m
[32m2025-08-19 09:41:38 - INFO - 委托已提交[0m
[32m2025-08-19 10:14:26 - INFO - 点击持仓按钮(里)[0m
[32m2025-08-19 10:14:28 - INFO - 点击买入按钮(里)[0m
[32m2025-08-19 10:14:29 - INFO - 点击股票搜索框[0m
[32m2025-08-19 10:14:30 - INFO - 清除股票代码[0m
[32m2025-08-19 10:14:31 - INFO - 输入股票名称: 三柏硕[0m
[32m2025-08-19 10:14:35 - INFO - 输入数量: 200手[0m
[32m2025-08-19 10:14:35 - INFO - 点击按钮: 买入 (提交)[0m
[32m2025-08-19 10:14:35 - INFO - 开始处理弹窗[0m
[32m2025-08-19 10:14:35 - INFO - 检测到'委托确认'提示[0m
[32m2025-08-19 10:14:36 - INFO - 点击确认按钮[0m
[32m2025-08-19 10:14:36 - INFO - 提示信息：委托已提交，合同号为：591964[0m
[32m2025-08-19 10:14:37 - INFO - 委托已提交[0m
[32m2025-08-19 10:14:39 - INFO - 点击持仓按钮(里)[0m
[32m2025-08-19 10:14:40 - INFO - 点击买入按钮(里)[0m
[32m2025-08-19 10:14:41 - INFO - 点击股票搜索框[0m
[32m2025-08-19 10:14:42 - INFO - 输入股票名称: 楚环科技[0m
[32m2025-08-19 10:14:46 - INFO - 输入数量: 200手[0m
[32m2025-08-19 10:15:08 - INFO - 点击持仓按钮(里)[0m
[32m2025-08-19 10:15:11 - INFO - 点击买入按钮(里)[0m
[32m2025-08-19 10:15:11 - INFO - 点击股票搜索框[0m
[32m2025-08-19 10:15:12 - INFO - 清除股票代码[0m
[32m2025-08-19 10:15:13 - INFO - 输入股票名称: 益盛药业[0m
[32m2025-08-19 10:15:16 - INFO - 输入数量: 200手[0m
[32m2025-08-19 10:15:17 - INFO - 点击按钮: 买入 (提交)[0m
[32m2025-08-19 10:15:17 - INFO - 开始处理弹窗[0m
[32m2025-08-19 10:15:17 - INFO - 检测到'委托确认'提示[0m
[32m2025-08-19 10:15:17 - INFO - 点击确认按钮[0m
[32m2025-08-19 10:15:39 - INFO - 点击持仓按钮(里)[0m
[32m2025-08-19 10:15:41 - INFO - 点击买入按钮(里)[0m
[32m2025-08-19 10:15:42 - INFO - 点击股票搜索框[0m
[32m2025-08-19 10:15:43 - INFO - 清除股票代码[0m
[32m2025-08-19 10:15:44 - INFO - 输入股票名称: 恒大高新[0m
[32m2025-08-19 10:16:10 - INFO - 点击持仓按钮(里)[0m
[32m2025-08-19 10:16:12 - INFO - 点击买入按钮(里)[0m
[32m2025-08-19 10:16:13 - INFO - 点击股票搜索框[0m
[32m2025-08-19 10:16:13 - INFO - 清除股票代码[0m
[32m2025-08-19 10:16:15 - INFO - 输入股票名称: 金花股份[0m
[32m2025-08-19 10:16:41 - INFO - 点击持仓按钮(里)[0m
[32m2025-08-19 10:16:43 - INFO - 点击买入按钮(里)[0m
[32m2025-08-19 10:16:44 - INFO - 点击股票搜索框[0m
[32m2025-08-19 10:16:44 - INFO - 清除股票代码[0m
[32m2025-08-19 10:16:46 - INFO - 输入股票名称: 凤竹纺织[0m
[32m2025-08-20 09:55:32 - INFO - 点击持仓按钮(里)[0m
[32m2025-08-20 09:55:34 - INFO - 点击买入按钮(里)[0m
[32m2025-08-20 09:55:35 - INFO - 点击股票搜索框[0m
[32m2025-08-20 09:55:37 - INFO - 输入股票名称: 川发龙蟒[0m
[32m2025-08-20 09:55:40 - INFO - 输入数量: 100手[0m
[32m2025-08-20 09:55:41 - INFO - 点击按钮: 买入 (提交)[0m
[32m2025-08-20 09:55:41 - INFO - 开始处理弹窗[0m
[32m2025-08-20 09:55:41 - INFO - 检测到'委托确认'提示[0m
[32m2025-08-20 09:55:41 - INFO - 点击确认按钮[0m
[32m2025-08-20 09:55:42 - INFO - 提示信息：委托已提交，合同号为：198897[0m
[32m2025-08-20 09:55:42 - INFO - 委托已提交[0m
[32m2025-08-20 09:59:46 - INFO - 点击持仓按钮(里)[0m
[32m2025-08-20 09:59:49 - INFO - 点击买入按钮(里)[0m
[32m2025-08-20 09:59:49 - INFO - 点击股票搜索框[0m
[32m2025-08-20 09:59:50 - INFO - 清除股票代码[0m
[32m2025-08-20 09:59:51 - INFO - 输入股票名称: 超讯通信[0m
[32m2025-08-20 09:59:54 - INFO - 输入数量: 200手[0m
[32m2025-08-20 09:59:55 - INFO - 点击按钮: 买入 (提交)[0m
[32m2025-08-20 09:59:55 - INFO - 开始处理弹窗[0m
[32m2025-08-20 09:59:55 - INFO - 检测到'委托确认'提示[0m
[32m2025-08-20 09:59:55 - INFO - 点击确认按钮[0m
[32m2025-08-20 09:59:56 - INFO - 提示信息：委托已提交，合同号为：34893[0m
[32m2025-08-20 09:59:56 - INFO - 委托已提交[0m
[32m2025-08-20 09:59:59 - INFO - 点击持仓按钮(里)[0m
[32m2025-08-20 10:00:00 - INFO - 点击买入按钮(里)[0m
[32m2025-08-20 10:00:00 - INFO - 点击股票搜索框[0m
[32m2025-08-20 10:00:02 - INFO - 输入股票名称: 德龙汇能[0m
[32m2025-08-20 10:00:05 - INFO - 输入数量: 200手[0m
[32m2025-08-20 10:00:05 - INFO - 点击按钮: 买入 (提交)[0m
[32m2025-08-20 10:00:05 - INFO - 开始处理弹窗[0m
[32m2025-08-20 10:00:06 - INFO - 检测到'委托确认'提示[0m
[32m2025-08-20 10:00:06 - INFO - 点击确认按钮[0m
[32m2025-08-20 10:00:06 - INFO - 提示信息：委托已提交，合同号为：35018[0m
[32m2025-08-20 10:00:07 - INFO - 委托已提交[0m
[32m2025-08-20 10:00:09 - INFO - 点击持仓按钮(里)[0m
[32m2025-08-20 10:00:10 - INFO - 点击买入按钮(里)[0m
[32m2025-08-20 10:00:11 - INFO - 点击股票搜索框[0m
[32m2025-08-20 10:00:12 - INFO - 输入股票名称: 双枪科技[0m
[32m2025-08-20 10:00:16 - INFO - 输入数量: 200手[0m
[32m2025-08-20 10:00:16 - INFO - 点击按钮: 买入 (提交)[0m
[32m2025-08-20 10:00:16 - INFO - 开始处理弹窗[0m
[32m2025-08-20 10:00:16 - INFO - 检测到'委托确认'提示[0m
[32m2025-08-20 10:00:17 - INFO - 点击确认按钮[0m
[32m2025-08-20 10:00:17 - INFO - 提示信息：委托已提交，合同号为：35110[0m
[32m2025-08-20 10:00:17 - INFO - 委托已提交[0m
[32m2025-08-20 10:00:20 - INFO - 点击持仓按钮(里)[0m
[32m2025-08-20 10:00:22 - INFO - 点击买入按钮(里)[0m
[32m2025-08-20 10:00:23 - INFO - 点击股票搜索框[0m
[32m2025-08-20 10:00:23 - INFO - 清除股票代码[0m
[32m2025-08-20 10:00:24 - INFO - 输入股票名称: 美能能源[0m
[32m2025-08-20 10:00:28 - INFO - 输入数量: 200手[0m
[32m2025-08-20 10:00:28 - INFO - 点击按钮: 买入 (提交)[0m
[32m2025-08-20 10:00:28 - INFO - 开始处理弹窗[0m
[32m2025-08-20 10:00:28 - INFO - 检测到'委托确认'提示[0m
[32m2025-08-20 10:00:29 - INFO - 点击确认按钮[0m
[32m2025-08-20 10:00:29 - INFO - 提示信息：委托已提交，合同号为：35222[0m
[32m2025-08-20 10:00:29 - INFO - 委托已提交[0m
[32m2025-08-20 10:00:32 - INFO - 点击持仓按钮(里)[0m
[32m2025-08-20 10:00:33 - INFO - 点击买入按钮(里)[0m
[32m2025-08-20 10:00:34 - INFO - 点击股票搜索框[0m
[32m2025-08-20 10:00:35 - INFO - 输入股票名称: 汇洁股份[0m
[32m2025-08-20 10:00:39 - INFO - 输入数量: 200手[0m
[32m2025-08-20 10:00:39 - INFO - 点击按钮: 买入 (提交)[0m
[32m2025-08-20 10:00:39 - INFO - 开始处理弹窗[0m
[32m2025-08-20 10:00:39 - INFO - 检测到'委托确认'提示[0m
[32m2025-08-20 10:00:40 - INFO - 点击确认按钮[0m
[32m2025-08-20 10:01:02 - INFO - 点击持仓按钮(里)[0m
[32m2025-08-20 10:01:05 - INFO - 点击买入按钮(里)[0m
[32m2025-08-20 10:01:05 - INFO - 点击股票搜索框[0m
[32m2025-08-20 10:01:06 - INFO - 清除股票代码[0m
[32m2025-08-20 10:01:07 - INFO - 输入股票名称: 扬州金泉[0m
[32m2025-08-20 10:01:10 - INFO - 输入数量: 200手[0m
[32m2025-08-20 10:01:11 - INFO - 点击按钮: 买入 (提交)[0m
[32m2025-08-20 10:01:11 - INFO - 开始处理弹窗[0m
[32m2025-08-20 10:01:11 - INFO - 检测到'委托确认'提示[0m
[32m2025-08-20 10:01:11 - INFO - 点击确认按钮[0m
[32m2025-08-20 10:01:34 - INFO - 点击持仓按钮(里)[0m
[32m2025-08-20 10:01:36 - INFO - 点击买入按钮(里)[0m
[32m2025-08-20 10:01:36 - INFO - 点击股票搜索框[0m
[32m2025-08-20 10:01:37 - INFO - 清除股票代码[0m
[32m2025-08-20 10:01:38 - INFO - 输入股票名称: 金海高科[0m
[32m2025-08-20 10:01:42 - INFO - 输入数量: 200手[0m
[32m2025-08-20 10:01:42 - INFO - 点击按钮: 买入 (提交)[0m
[32m2025-08-20 10:01:42 - INFO - 开始处理弹窗[0m
[32m2025-08-20 10:01:42 - INFO - 检测到'委托确认'提示[0m
[32m2025-08-20 10:01:43 - INFO - 点击确认按钮[0m
[32m2025-08-20 10:02:05 - INFO - 点击持仓按钮(里)[0m
[32m2025-08-20 10:02:19 - INFO - 点击卖出按钮(里)[0m
[32m2025-08-20 10:02:20 - INFO - 点击股票搜索框[0m
[32m2025-08-20 10:02:21 - INFO - 输入股票名称: 紫光股份[0m
[32m2025-08-20 10:02:23 - INFO - 点击匹配的第一个股票[0m
[32m2025-08-20 10:02:26 - INFO - 输入数量: 100手[0m
[32m2025-08-20 10:02:26 - INFO - 点击按钮: 卖出 (提交)[0m
[32m2025-08-20 10:02:26 - INFO - 开始处理弹窗[0m
[32m2025-08-20 10:02:27 - INFO - 检测到'委托确认'提示[0m
[32m2025-08-20 10:02:27 - INFO - 点击确认按钮[0m
[32m2025-08-20 10:02:27 - INFO - 提示信息：委托已提交，合同号为：36272[0m
[32m2025-08-20 10:02:28 - INFO - 委托已提交[0m
[32m2025-08-20 10:02:30 - INFO - 点击持仓按钮(里)[0m
[32m2025-08-20 10:02:46 - INFO - 点击持仓按钮(里)[0m
[32m2025-08-20 10:03:01 - INFO - 点击持仓按钮(里)[0m
[32m2025-08-20 10:03:16 - INFO - 点击持仓按钮(里)[0m
[32m2025-08-20 10:03:30 - INFO - 点击持仓按钮(里)[0m
[32m2025-08-20 10:03:35 - INFO - 点击持仓按钮(里)[0m
[32m2025-08-20 10:03:43 - INFO - 点击持仓按钮(里)[0m
[32m2025-08-20 10:03:53 - INFO - 点击持仓按钮(里)[0m
[32m2025-08-20 10:04:03 - INFO - 点击持仓按钮(里)[0m
[32m2025-08-20 10:04:14 - INFO - 点击持仓按钮(里)[0m
[32m2025-08-20 10:04:24 - INFO - 点击持仓按钮(里)[0m
[32m2025-08-20 10:04:34 - INFO - 点击持仓按钮(里)[0m
[32m2025-08-20 10:04:45 - INFO - 点击持仓按钮(里)[0m
[32m2025-08-20 10:04:55 - INFO - 点击持仓按钮(里)[0m
[32m2025-08-20 10:05:03 - INFO - 点击卖出按钮(里)[0m
[32m2025-08-20 10:05:04 - INFO - 点击股票搜索框[0m
[32m2025-08-20 10:05:05 - INFO - 清除股票代码[0m
[32m2025-08-20 10:05:06 - INFO - 输入股票名称: 金花股份[0m
[32m2025-08-20 10:05:09 - INFO - 输入数量: 200手[0m
[32m2025-08-20 10:05:10 - INFO - 点击按钮: 卖出 (提交)[0m
[32m2025-08-20 10:05:10 - INFO - 开始处理弹窗[0m
[32m2025-08-20 10:05:10 - INFO - 检测到'委托确认'提示[0m
[32m2025-08-20 10:05:10 - INFO - 点击确认按钮[0m
[32m2025-08-20 10:05:10 - INFO - 提示信息：委托已提交，合同号为：511169[0m
[32m2025-08-20 10:05:11 - INFO - 委托已提交[0m
[32m2025-08-20 10:05:13 - INFO - 点击持仓按钮(里)[0m
[32m2025-08-20 10:05:30 - INFO - 点击持仓按钮(里)[0m
[32m2025-08-20 11:16:10 - INFO - 点击持仓按钮(里)[0m
[32m2025-08-20 11:16:12 - INFO - 点击买入按钮(里)[0m
[32m2025-08-20 11:16:13 - INFO - 点击股票搜索框[0m
[32m2025-08-20 11:16:14 - INFO - 输入股票名称: 川发龙蟒[0m
[32m2025-08-20 11:28:55 - INFO - 点击持仓按钮(里)[0m
[32m2025-08-20 11:28:57 - INFO - 点击买入按钮(里)[0m
[32m2025-08-20 11:28:58 - INFO - 点击股票搜索框[0m
[32m2025-08-20 11:28:59 - INFO - 输入股票名称: 川发龙蟒[0m
[32m2025-08-20 13:00:13 - INFO - 点击持仓按钮(里)[0m
[32m2025-08-20 13:00:15 - INFO - 点击买入按钮(里)[0m
[32m2025-08-20 13:00:15 - INFO - 点击股票搜索框[0m
[32m2025-08-20 13:00:17 - INFO - 输入股票名称: 川发龙蟒[0m
[32m2025-08-20 13:00:18 - INFO - 点击匹配的第一个股票[0m
[32m2025-08-20 17:17:12 - INFO - 点击持仓按钮(里)[0m
[32m2025-08-21 09:31:16 - INFO - 持仓按钮(里)已处于选中状态[0m
[32m2025-08-21 09:31:17 - INFO - 点击买入按钮(里)[0m
[32m2025-08-21 09:31:18 - INFO - 点击股票搜索框[0m
[32m2025-08-21 09:31:19 - INFO - 输入股票名称: 双箭股份[0m
[32m2025-08-21 09:31:23 - INFO - 输入数量: 200手[0m
[32m2025-08-21 09:31:23 - INFO - 点击按钮: 买入 (提交)[0m
[32m2025-08-21 09:31:23 - INFO - 开始处理弹窗[0m
[32m2025-08-21 09:31:23 - INFO - 检测到'委托确认'提示[0m
[32m2025-08-21 09:31:24 - INFO - 点击确认按钮[0m
[32m2025-08-21 09:31:24 - INFO - 提示信息：[0m
[33m2025-08-21 09:31:25 - WARNING - 委托已提交，合同号为：9854[0m
[32m2025-08-21 09:35:00 - INFO - 持仓按钮(里)已处于选中状态[0m
[32m2025-08-21 09:35:02 - INFO - 点击买入按钮(里)[0m
[32m2025-08-21 09:36:56 - INFO - 持仓按钮(里)已处于选中状态[0m
[32m2025-08-21 09:36:58 - INFO - 点击买入按钮(里)[0m
[32m2025-08-21 09:36:58 - INFO - 点击股票搜索框[0m
[32m2025-08-21 09:36:59 - INFO - 清除股票代码[0m
[32m2025-08-21 09:37:00 - INFO - 输入股票名称: 双箭股份[0m
[32m2025-08-21 09:37:03 - INFO - 输入数量: 200手[0m
[32m2025-08-21 09:37:04 - INFO - 点击按钮: 买入 (提交)[0m
[32m2025-08-21 09:37:04 - INFO - 开始处理弹窗[0m
[32m2025-08-21 09:37:04 - INFO - 检测到'委托确认'提示[0m
[32m2025-08-21 09:37:05 - INFO - 点击确认按钮[0m
[32m2025-08-21 09:37:05 - INFO - 提示信息：[0m
[33m2025-08-21 09:37:05 - WARNING - 未找到确认按钮[0m
[32m2025-08-21 09:40:39 - INFO - 持仓按钮(里)已处于选中状态[0m
[32m2025-08-21 09:40:41 - INFO - 点击买入按钮(里)[0m
[32m2025-08-21 09:40:42 - INFO - 点击股票搜索框[0m
[32m2025-08-21 09:40:43 - INFO - 输入股票名称: 双箭股份[0m
[32m2025-08-21 09:43:44 - INFO - 持仓按钮(里)已处于选中状态[0m
[32m2025-08-21 09:43:47 - INFO - 点击买入按钮(里)[0m
[32m2025-08-21 09:43:48 - INFO - 点击股票搜索框[0m
[32m2025-08-21 09:43:49 - INFO - 输入股票名称: 双箭股份[0m
[32m2025-08-21 09:43:52 - INFO - 输入数量: 200手[0m
[32m2025-08-21 09:43:53 - INFO - 点击按钮: 买入 (提交)[0m
[32m2025-08-21 09:43:53 - INFO - 开始处理弹窗[0m
[32m2025-08-21 09:43:53 - INFO - 检测到'委托确认'提示[0m
[32m2025-08-21 09:43:54 - INFO - 点击确认按钮[0m
[32m2025-08-21 09:43:54 - INFO - 提示信息：[0m
[33m2025-08-21 09:43:55 - WARNING - 无提示信息[0m
[32m2025-08-21 09:44:07 - INFO - 持仓按钮(里)已处于选中状态[0m
[32m2025-08-21 09:44:10 - INFO - 点击买入按钮(里)[0m
[32m2025-08-21 09:44:10 - INFO - 点击股票搜索框[0m
[32m2025-08-21 09:44:12 - INFO - 输入股票名称: 药明康德[0m
[32m2025-08-21 09:44:14 - INFO - 点击匹配的第一个股票[0m
[32m2025-08-21 10:33:22 - INFO - 持仓按钮(里)已处于选中状态[0m
[32m2025-08-21 10:33:25 - INFO - 点击买入按钮(里)[0m
[32m2025-08-21 10:33:26 - INFO - 点击股票搜索框[0m
[32m2025-08-21 10:33:27 - INFO - 输入股票名称: 药明康德[0m
[32m2025-08-21 10:33:29 - INFO - 点击匹配的第一个股票[0m
[32m2025-08-21 11:14:15 - INFO - 点击持仓按钮(里)[0m
[32m2025-08-21 11:14:18 - INFO - 点击买入按钮(里)[0m
[32m2025-08-21 11:14:19 - INFO - 点击股票搜索框[0m
[32m2025-08-21 11:16:16 - INFO - 持仓按钮(里)已处于选中状态[0m
[32m2025-08-21 11:16:19 - INFO - 点击买入按钮(里)[0m
[32m2025-08-21 11:16:19 - INFO - 点击股票搜索框[0m
[32m2025-08-21 11:16:20 - INFO - 清除股票代码[0m
[32m2025-08-21 11:16:21 - INFO - 输入股票名称: 双箭股份[0m
[32m2025-08-21 11:16:24 - INFO - 输入数量: 200手[0m
[32m2025-08-21 11:16:25 - INFO - 点击按钮: 买入 (提交)[0m
[32m2025-08-21 11:16:25 - INFO - 开始处理弹窗[0m
[32m2025-08-21 11:16:25 - INFO - 检测到'委托确认'提示[0m
[32m2025-08-21 11:16:26 - INFO - 点击确认按钮[0m
[32m2025-08-21 11:16:26 - INFO - 提示信息：[0m
[33m2025-08-21 11:16:26 - WARNING - 委托已提交，合同号为：362047[0m
[32m2025-08-21 11:18:32 - INFO - 持仓按钮(里)已处于选中状态[0m
[32m2025-08-21 11:18:36 - INFO - 点击买入按钮(里)[0m
[32m2025-08-21 11:18:36 - INFO - 点击股票搜索框[0m
[32m2025-08-21 11:18:37 - INFO - 清除股票代码[0m
[32m2025-08-21 11:18:38 - INFO - 输入股票名称: 双箭股份[0m
[32m2025-08-21 11:18:42 - INFO - 输入数量: 200手[0m
[32m2025-08-21 11:18:42 - INFO - 点击按钮: 买入 (提交)[0m
[32m2025-08-21 11:18:42 - INFO - 开始处理弹窗[0m
[32m2025-08-21 11:18:42 - INFO - 检测到'委托确认'提示[0m
[32m2025-08-21 11:18:43 - INFO - 点击确认按钮[0m
[32m2025-08-21 11:18:43 - INFO - 提示信息：委托已提交，合同号为：61757[0m
[32m2025-08-21 11:18:44 - INFO - 委托已提交[0m
[32m2025-08-21 13:47:14 - INFO - 持仓按钮(里)已处于选中状态[0m
[32m2025-08-21 13:55:35 - INFO - 持仓按钮(里)已处于选中状态[0m
[32m2025-08-21 13:56:59 - INFO - 持仓按钮(里)已处于选中状态[0m
[32m2025-08-21 14:03:37 - INFO - 持仓按钮(里)已处于选中状态[0m
[32m2025-08-21 14:17:17 - INFO - 持仓按钮(里)已处于选中状态[0m
[32m2025-08-22 09:40:28 - INFO - 持仓按钮(里)已处于选中状态[0m
[32m2025-08-22 09:40:33 - INFO - 点击买入按钮(里)[0m
[32m2025-08-22 09:40:34 - INFO - 点击股票搜索框[0m
[32m2025-08-22 09:40:35 - INFO - 输入股票名称: 居然智家[0m
[32m2025-08-22 09:40:39 - INFO - 输入数量: 200手[0m
[32m2025-08-22 09:40:39 - INFO - 点击按钮: 买入 (提交)[0m
[32m2025-08-22 09:40:39 - INFO - 开始处理弹窗[0m
[32m2025-08-22 09:40:39 - INFO - 检测到'委托确认'提示[0m
[32m2025-08-22 09:40:40 - INFO - 点击确认按钮[0m
[32m2025-08-22 09:40:40 - INFO - 提示信息：[0m
[33m2025-08-22 09:40:41 - WARNING - 无提示信息[0m
[32m2025-08-22 09:40:47 - INFO - 持仓按钮(里)已处于选中状态[0m
[32m2025-08-22 09:40:51 - INFO - 点击买入按钮(里)[0m
[32m2025-08-22 09:40:51 - INFO - 点击股票搜索框[0m
[32m2025-08-22 09:40:53 - INFO - 输入股票名称: 梦网科技[0m
[32m2025-08-22 09:40:56 - INFO - 输入数量: 200手[0m
[32m2025-08-22 09:40:57 - INFO - 点击按钮: 买入 (提交)[0m
[32m2025-08-22 09:40:57 - INFO - 开始处理弹窗[0m
[32m2025-08-22 09:40:57 - INFO - 检测到'委托确认'提示[0m
[32m2025-08-22 09:40:57 - INFO - 点击确认按钮[0m
[32m2025-08-22 09:40:58 - INFO - 提示信息：[0m
[33m2025-08-22 09:40:59 - WARNING - 无提示信息[0m
[32m2025-08-22 09:41:05 - INFO - 持仓按钮(里)已处于选中状态[0m
[32m2025-08-22 09:41:08 - INFO - 点击买入按钮(里)[0m
[32m2025-08-22 09:41:09 - INFO - 点击股票搜索框[0m
[32m2025-08-22 09:41:10 - INFO - 输入股票名称: 德龙汇能[0m
[32m2025-08-22 09:41:40 - INFO - 持仓按钮(里)已处于选中状态[0m
[32m2025-08-22 09:41:44 - INFO - 点击买入按钮(里)[0m
[32m2025-08-22 09:41:44 - INFO - 点击股票搜索框[0m
[32m2025-08-22 09:41:46 - INFO - 输入股票名称: 永安林业[0m
[32m2025-08-22 09:41:49 - INFO - 输入数量: 200手[0m
[32m2025-08-22 09:41:50 - INFO - 点击按钮: 买入 (提交)[0m
[32m2025-08-22 09:41:50 - INFO - 开始处理弹窗[0m
[32m2025-08-22 09:41:50 - INFO - 检测到'委托确认'提示[0m
[32m2025-08-22 09:41:51 - INFO - 点击确认按钮[0m
[32m2025-08-22 09:41:51 - INFO - 提示信息：[0m
[33m2025-08-22 09:41:52 - WARNING - 无提示信息[0m
[32m2025-08-22 09:41:58 - INFO - 持仓按钮(里)已处于选中状态[0m
[32m2025-08-22 09:42:01 - INFO - 点击买入按钮(里)[0m
[32m2025-08-22 09:42:02 - INFO - 点击股票搜索框[0m
[32m2025-08-22 09:42:04 - INFO - 输入股票名称: 湖北能源[0m
[32m2025-08-22 09:42:07 - INFO - 输入数量: 200手[0m
[32m2025-08-22 09:42:08 - INFO - 点击按钮: 买入 (提交)[0m
[32m2025-08-22 09:42:08 - INFO - 开始处理弹窗[0m
[32m2025-08-22 09:42:08 - INFO - 检测到'委托确认'提示[0m
[32m2025-08-22 09:42:08 - INFO - 点击确认按钮[0m
[32m2025-08-22 09:42:08 - INFO - 提示信息：[0m
[33m2025-08-22 09:42:10 - WARNING - 无提示信息[0m
[32m2025-08-22 09:42:15 - INFO - 持仓按钮(里)已处于选中状态[0m
[32m2025-08-22 09:42:19 - INFO - 点击买入按钮(里)[0m
[32m2025-08-22 09:42:20 - INFO - 点击股票搜索框[0m
[32m2025-08-22 09:42:21 - INFO - 输入股票名称: 金房能源[0m
[32m2025-08-22 09:42:24 - INFO - 输入数量: 200手[0m
[32m2025-08-22 09:42:25 - INFO - 点击按钮: 买入 (提交)[0m
[32m2025-08-22 09:42:25 - INFO - 开始处理弹窗[0m
[32m2025-08-22 09:42:25 - INFO - 检测到'委托确认'提示[0m
[32m2025-08-22 09:42:26 - INFO - 点击确认按钮[0m
[32m2025-08-22 09:42:26 - INFO - 提示信息：[0m
[33m2025-08-22 09:42:27 - WARNING - 无提示信息[0m
[32m2025-08-22 09:42:33 - INFO - 持仓按钮(里)已处于选中状态[0m
[32m2025-08-22 09:42:36 - INFO - 点击买入按钮(里)[0m
[32m2025-08-22 09:42:36 - INFO - 点击股票搜索框[0m
[32m2025-08-22 09:42:38 - INFO - 输入股票名称: 摩恩电气[0m
[32m2025-08-22 09:42:41 - INFO - 输入数量: 200手[0m
[32m2025-08-22 09:42:42 - INFO - 点击按钮: 买入 (提交)[0m
[32m2025-08-22 09:42:42 - INFO - 开始处理弹窗[0m
[32m2025-08-22 09:42:42 - INFO - 检测到'委托确认'提示[0m
[32m2025-08-22 09:42:42 - INFO - 点击确认按钮[0m
[32m2025-08-22 09:42:42 - INFO - 提示信息：[0m
[33m2025-08-22 09:42:44 - WARNING - 无提示信息[0m
[32m2025-08-22 09:42:50 - INFO - 持仓按钮(里)已处于选中状态[0m
[32m2025-08-22 09:42:53 - INFO - 点击买入按钮(里)[0m
[32m2025-08-22 09:42:54 - INFO - 点击股票搜索框[0m
[32m2025-08-22 09:42:55 - INFO - 输入股票名称: 世龙实业[0m
[32m2025-08-22 09:42:58 - INFO - 输入数量: 200手[0m
[32m2025-08-22 09:42:59 - INFO - 点击按钮: 买入 (提交)[0m
[32m2025-08-22 09:42:59 - INFO - 开始处理弹窗[0m
[32m2025-08-22 09:42:59 - INFO - 检测到'委托确认'提示[0m
[32m2025-08-22 09:43:00 - INFO - 点击确认按钮[0m
[32m2025-08-22 09:43:00 - INFO - 提示信息：[0m
[33m2025-08-22 09:43:01 - WARNING - 无提示信息[0m
[32m2025-08-22 09:43:07 - INFO - 持仓按钮(里)已处于选中状态[0m
[32m2025-08-22 09:43:10 - INFO - 点击买入按钮(里)[0m
[32m2025-08-22 09:43:10 - INFO - 点击股票搜索框[0m
[32m2025-08-22 09:43:12 - INFO - 输入股票名称: 汇洁股份[0m
[32m2025-08-22 09:43:15 - INFO - 输入数量: 200手[0m
[32m2025-08-22 09:43:16 - INFO - 点击按钮: 买入 (提交)[0m
[32m2025-08-22 09:43:16 - INFO - 开始处理弹窗[0m
[32m2025-08-22 09:43:16 - INFO - 检测到'委托确认'提示[0m
[32m2025-08-22 09:43:16 - INFO - 点击确认按钮[0m
[32m2025-08-22 09:46:33 - INFO - 持仓按钮(里)已处于选中状态[0m
[32m2025-08-22 09:46:50 - INFO - 持仓按钮(里)已处于选中状态[0m
[32m2025-08-22 09:47:08 - INFO - 持仓按钮(里)已处于选中状态[0m
[32m2025-08-22 09:47:25 - INFO - 持仓按钮(里)已处于选中状态[0m
[32m2025-08-22 09:47:42 - INFO - 持仓按钮(里)已处于选中状态[0m
[32m2025-08-22 09:48:00 - INFO - 持仓按钮(里)已处于选中状态[0m
[32m2025-08-22 09:48:17 - INFO - 持仓按钮(里)已处于选中状态[0m
[32m2025-08-22 09:48:35 - INFO - 持仓按钮(里)已处于选中状态[0m
[32m2025-08-22 09:48:53 - INFO - 持仓按钮(里)已处于选中状态[0m
[32m2025-08-22 09:49:10 - INFO - 持仓按钮(里)已处于选中状态[0m
[32m2025-08-22 09:49:28 - INFO - 持仓按钮(里)已处于选中状态[0m
[32m2025-08-22 09:49:45 - INFO - 持仓按钮(里)已处于选中状态[0m
[32m2025-08-22 09:49:48 - INFO - 点击买入按钮(里)[0m
[32m2025-08-22 09:49:49 - INFO - 点击股票搜索框[0m
[32m2025-08-22 09:49:51 - INFO - 输入股票名称: 居然智家[0m
[32m2025-08-22 09:49:54 - INFO - 输入数量: 200手[0m
[32m2025-08-22 09:49:55 - INFO - 点击按钮: 买入 (提交)[0m
[32m2025-08-22 09:49:55 - INFO - 开始处理弹窗[0m
[32m2025-08-22 09:49:55 - INFO - 检测到'委托确认'提示[0m
[32m2025-08-22 09:49:55 - INFO - 点击确认按钮[0m
[32m2025-08-22 09:49:55 - INFO - 提示信息：[0m
[33m2025-08-22 09:49:56 - WARNING - 委托已提交，合同号为：25175[0m
[32m2025-08-22 09:50:04 - INFO - 持仓按钮(里)已处于选中状态[0m
[32m2025-08-22 09:50:08 - INFO - 点击买入按钮(里)[0m
[32m2025-08-22 09:50:08 - INFO - 点击股票搜索框[0m
[32m2025-08-22 09:50:10 - INFO - 输入股票名称: 梦网科技[0m
[32m2025-08-22 09:50:13 - INFO - 输入数量: 200手[0m
[32m2025-08-22 09:50:14 - INFO - 点击按钮: 买入 (提交)[0m
[32m2025-08-22 09:50:14 - INFO - 开始处理弹窗[0m
[32m2025-08-22 09:50:14 - INFO - 检测到'委托确认'提示[0m
[32m2025-08-22 09:50:15 - INFO - 点击确认按钮[0m
[32m2025-08-22 09:50:15 - INFO - 提示信息：[0m
[33m2025-08-22 09:50:15 - WARNING - 委托已提交，合同号为：25369[0m
[32m2025-08-22 09:50:21 - INFO - 持仓按钮(里)已处于选中状态[0m
[32m2025-08-22 09:50:25 - INFO - 点击买入按钮(里)[0m
[32m2025-08-22 09:50:25 - INFO - 点击股票搜索框[0m
[32m2025-08-22 09:50:27 - INFO - 输入股票名称: 德龙汇能[0m
[32m2025-08-22 09:50:30 - INFO - 输入数量: 200手[0m
[32m2025-08-22 09:50:31 - INFO - 点击按钮: 买入 (提交)[0m
[32m2025-08-22 09:50:31 - INFO - 开始处理弹窗[0m
[32m2025-08-22 09:50:31 - INFO - 检测到'委托确认'提示[0m
[32m2025-08-22 09:50:31 - INFO - 点击确认按钮[0m
[32m2025-08-22 09:50:31 - INFO - 提示信息：[0m
[33m2025-08-22 09:50:32 - WARNING - 委托已提交，合同号为：25550[0m
[32m2025-08-22 10:06:18 - INFO - 持仓按钮(里)已处于选中状态[0m
[32m2025-08-22 10:06:41 - INFO - 持仓按钮(里)已处于选中状态[0m
[32m2025-08-22 10:07:04 - INFO - 持仓按钮(里)已处于选中状态[0m
[32m2025-08-22 10:10:16 - INFO - 持仓按钮(里)已处于选中状态[0m
[32m2025-08-22 10:10:40 - INFO - 持仓按钮(里)已处于选中状态[0m
[32m2025-08-22 10:27:42 - INFO - 持仓按钮(里)已处于选中状态[0m
[32m2025-08-22 13:00:36 - INFO - 持仓按钮(里)已处于选中状态[0m
[32m2025-08-22 13:00:39 - INFO - 点击买入按钮(里)[0m
[32m2025-08-22 13:00:40 - INFO - 点击股票搜索框[0m
[32m2025-08-22 13:00:41 - INFO - 输入股票名称: 钧达股份[0m
[32m2025-08-22 13:00:43 - INFO - 点击匹配的第一个股票[0m
[32m2025-08-25 09:31:57 - INFO - 持仓按钮(里)已处于选中状态[0m
[32m2025-08-25 09:32:01 - INFO - 点击买入按钮(里)[0m
[32m2025-08-25 09:32:02 - INFO - 点击股票搜索框[0m
[32m2025-08-25 09:32:03 - INFO - 输入股票名称: 中山公用[0m
[32m2025-08-25 09:32:06 - INFO - 输入数量: 100手[0m
[32m2025-08-25 09:32:07 - INFO - 点击按钮: 买入 (提交)[0m
[32m2025-08-25 09:32:07 - INFO - 开始处理弹窗[0m
[32m2025-08-25 09:32:07 - INFO - 检测到'委托确认'提示[0m
[32m2025-08-25 09:32:08 - INFO - 点击确认按钮[0m
[32m2025-08-25 09:32:08 - INFO - 提示信息：[0m
[33m2025-08-25 09:32:09 - WARNING - 委托已提交，合同号为：78317[0m
[32m2025-08-25 09:32:11 - INFO - 点击持仓按钮(里)[0m
[32m2025-08-25 09:32:14 - INFO - 点击买入按钮(里)[0m
[32m2025-08-25 09:32:14 - INFO - 点击股票搜索框[0m
[32m2025-08-25 09:32:15 - INFO - 输入股票名称: 吉林敖东[0m
[32m2025-08-25 09:35:35 - INFO - 持仓按钮(里)已处于选中状态[0m
[32m2025-08-25 09:35:50 - INFO - 点击卖出按钮(里)[0m
[32m2025-08-25 09:35:50 - INFO - 点击股票搜索框[0m
[32m2025-08-25 09:35:52 - INFO - 输入股票名称: 共进股份[0m
[32m2025-08-25 09:35:55 - INFO - 输入数量: 100手[0m
[32m2025-08-25 09:35:55 - INFO - 点击按钮: 卖出 (提交)[0m
[32m2025-08-25 09:35:55 - INFO - 开始处理弹窗[0m
[32m2025-08-25 09:35:56 - INFO - 检测到'委托确认'提示[0m
[32m2025-08-25 09:35:56 - INFO - 点击确认按钮[0m
[32m2025-08-25 09:35:56 - INFO - 提示信息：委托已提交，合同号为：117028[0m
[32m2025-08-25 09:35:57 - INFO - 委托已提交[0m
[32m2025-08-25 09:38:30 - INFO - 持仓按钮(里)已处于选中状态[0m
[32m2025-08-25 09:38:34 - INFO - 点击买入按钮(里)[0m
[32m2025-08-25 09:38:35 - INFO - 点击股票搜索框[0m
[32m2025-08-25 09:38:36 - INFO - 输入股票名称: 居然智家[0m
[32m2025-08-25 09:38:40 - INFO - 输入数量: 200手[0m
[32m2025-08-25 09:38:40 - INFO - 点击按钮: 买入 (提交)[0m
[32m2025-08-25 09:38:40 - INFO - 开始处理弹窗[0m
[32m2025-08-25 09:38:40 - INFO - 检测到'委托确认'提示[0m
[32m2025-08-25 09:38:41 - INFO - 点击确认按钮[0m
[32m2025-08-25 09:38:41 - INFO - 提示信息：[0m
[33m2025-08-25 09:38:42 - WARNING - 无提示信息[0m
[32m2025-08-25 09:38:49 - INFO - 持仓按钮(里)已处于选中状态[0m
[32m2025-08-25 09:38:53 - INFO - 点击买入按钮(里)[0m
[32m2025-08-25 09:38:54 - INFO - 点击股票搜索框[0m
[32m2025-08-25 09:38:55 - INFO - 输入股票名称: 梦网科技[0m
[32m2025-08-25 09:42:40 - INFO - 持仓按钮(里)已处于选中状态[0m
[32m2025-08-25 09:42:56 - INFO - 点击卖出按钮(里)[0m
[32m2025-08-25 09:42:57 - INFO - 点击股票搜索框[0m
[32m2025-08-25 09:42:58 - INFO - 输入股票名称: 湖北能源[0m
[32m2025-08-25 09:43:01 - INFO - 输入数量: 100手[0m
[32m2025-08-25 09:43:02 - INFO - 点击按钮: 卖出 (提交)[0m
[32m2025-08-25 09:43:02 - INFO - 开始处理弹窗[0m
[32m2025-08-25 09:43:02 - INFO - 检测到'委托确认'提示[0m
[32m2025-08-25 09:43:03 - INFO - 点击确认按钮[0m
[32m2025-08-25 09:43:03 - INFO - 提示信息：[0m
[33m2025-08-25 09:43:03 - WARNING - 委托已提交，合同号为：25987[0m
[32m2025-08-25 09:43:12 - INFO - 持仓按钮(里)已处于选中状态[0m
[32m2025-08-25 09:43:36 - INFO - 持仓按钮(里)已处于选中状态[0m
[32m2025-08-25 09:44:01 - INFO - 持仓按钮(里)已处于选中状态[0m
[32m2025-08-25 09:44:21 - INFO - 点击卖出按钮(里)[0m
[32m2025-08-25 09:44:21 - INFO - 点击股票搜索框[0m
[32m2025-08-25 09:44:22 - INFO - 输入股票名称: 双箭股份[0m
[32m2025-08-25 09:44:26 - INFO - 输入数量: 400手[0m
[32m2025-08-25 09:44:26 - INFO - 点击按钮: 卖出 (提交)[0m
[32m2025-08-25 09:44:26 - INFO - 开始处理弹窗[0m
[32m2025-08-25 09:44:27 - INFO - 检测到'委托确认'提示[0m
[32m2025-08-25 09:44:27 - INFO - 点击确认按钮[0m
[32m2025-08-25 09:44:27 - INFO - 提示信息：[0m
[33m2025-08-25 09:44:28 - WARNING - 委托已提交，合同号为：27283[0m
[32m2025-08-25 09:44:36 - INFO - 持仓按钮(里)已处于选中状态[0m
[32m2025-08-25 09:45:01 - INFO - 持仓按钮(里)已处于选中状态[0m
[32m2025-08-25 09:45:25 - INFO - 持仓按钮(里)已处于选中状态[0m
[32m2025-08-25 09:45:50 - INFO - 持仓按钮(里)已处于选中状态[0m
[32m2025-08-25 09:46:15 - INFO - 持仓按钮(里)已处于选中状态[0m
[32m2025-08-25 09:46:40 - INFO - 持仓按钮(里)已处于选中状态[0m
[32m2025-08-25 09:47:05 - INFO - 持仓按钮(里)已处于选中状态[0m
[32m2025-08-25 09:47:30 - INFO - 持仓按钮(里)已处于选中状态[0m
[32m2025-08-25 09:47:55 - INFO - 持仓按钮(里)已处于选中状态[0m
[32m2025-08-25 09:48:14 - INFO - 点击卖出按钮(里)[0m
[32m2025-08-25 09:48:15 - INFO - 点击股票搜索框[0m
[32m2025-08-25 09:48:16 - INFO - 输入股票名称: 百川能源[0m
[32m2025-08-25 09:48:19 - INFO - 输入数量: 100手[0m
[32m2025-08-25 09:48:20 - INFO - 点击按钮: 卖出 (提交)[0m
[32m2025-08-25 09:48:20 - INFO - 开始处理弹窗[0m
[32m2025-08-25 09:48:20 - INFO - 检测到'委托确认'提示[0m
[32m2025-08-25 09:48:21 - INFO - 点击确认按钮[0m
[32m2025-08-25 09:48:21 - INFO - 提示信息：[0m
[33m2025-08-25 09:48:22 - WARNING - 委托已提交，合同号为：30480[0m
[32m2025-08-25 09:48:29 - INFO - 持仓按钮(里)已处于选中状态[0m
[32m2025-08-25 09:48:54 - INFO - 持仓按钮(里)已处于选中状态[0m
[32m2025-08-25 09:49:14 - INFO - 点击卖出按钮(里)[0m
[32m2025-08-25 09:49:14 - INFO - 点击股票搜索框[0m
[32m2025-08-25 09:49:16 - INFO - 输入股票名称: 中持股份[0m
[32m2025-08-25 09:49:19 - INFO - 输入数量: 100手[0m
[32m2025-08-25 09:49:20 - INFO - 点击按钮: 卖出 (提交)[0m
[32m2025-08-25 09:49:20 - INFO - 开始处理弹窗[0m
[32m2025-08-25 09:49:20 - INFO - 检测到'委托确认'提示[0m
[32m2025-08-25 09:49:21 - INFO - 点击确认按钮[0m
[32m2025-08-25 09:49:21 - INFO - 提示信息：[0m
[33m2025-08-25 09:49:21 - WARNING - 未找到确认按钮[0m
[32m2025-08-25 09:49:40 - INFO - 持仓按钮(里)已处于选中状态[0m
[32m2025-08-25 09:50:05 - INFO - 持仓按钮(里)已处于选中状态[0m
[32m2025-08-25 09:50:29 - INFO - 持仓按钮(里)已处于选中状态[0m
[32m2025-08-25 09:50:54 - INFO - 持仓按钮(里)已处于选中状态[0m
[32m2025-08-25 09:50:58 - INFO - 点击买入按钮(里)[0m
[32m2025-08-25 09:50:59 - INFO - 点击股票搜索框[0m
[32m2025-08-25 09:51:00 - INFO - 输入股票名称: 三木集团[0m
[32m2025-08-25 09:51:03 - INFO - 输入数量: 200手[0m
[32m2025-08-25 09:51:04 - INFO - 点击按钮: 买入 (提交)[0m
[32m2025-08-25 09:51:04 - INFO - 开始处理弹窗[0m
[32m2025-08-25 09:51:04 - INFO - 检测到'委托确认'提示[0m
[32m2025-08-25 09:51:05 - INFO - 点击确认按钮[0m
[32m2025-08-25 09:51:05 - INFO - 提示信息：[0m
[33m2025-08-25 09:51:06 - WARNING - 委托已提交，合同号为：32525[0m
[32m2025-08-25 09:51:13 - INFO - 持仓按钮(里)已处于选中状态[0m
[32m2025-08-25 09:51:18 - INFO - 点击买入按钮(里)[0m
[32m2025-08-25 09:51:18 - INFO - 点击股票搜索框[0m
[32m2025-08-25 09:51:20 - INFO - 输入股票名称: 茂化实华[0m
[32m2025-08-25 09:51:23 - INFO - 输入数量: 200手[0m
[32m2025-08-25 09:51:24 - INFO - 点击按钮: 买入 (提交)[0m
[32m2025-08-25 09:51:24 - INFO - 开始处理弹窗[0m
[32m2025-08-25 09:51:24 - INFO - 检测到'委托确认'提示[0m
[32m2025-08-25 09:51:24 - INFO - 点击确认按钮[0m
[32m2025-08-25 09:51:24 - INFO - 提示信息：[0m
[33m2025-08-25 09:51:25 - WARNING - 未找到确认按钮[0m
[32m2025-08-25 09:51:43 - INFO - 持仓按钮(里)已处于选中状态[0m
[32m2025-08-25 09:51:47 - INFO - 点击买入按钮(里)[0m
[32m2025-08-25 09:51:48 - INFO - 点击股票搜索框[0m
[32m2025-08-25 09:51:49 - INFO - 输入股票名称: 光华股份[0m
[32m2025-08-25 09:51:52 - INFO - 输入数量: 200手[0m
[32m2025-08-25 09:51:53 - INFO - 点击按钮: 买入 (提交)[0m
[32m2025-08-25 09:51:53 - INFO - 开始处理弹窗[0m
[32m2025-08-25 09:51:53 - INFO - 检测到'委托确认'提示[0m
[32m2025-08-25 09:51:54 - INFO - 点击确认按钮[0m
[32m2025-08-25 09:51:54 - INFO - 提示信息：[0m
[31m2025-08-25 09:51:54 - ERROR - 点击确认按钮失败: (-32001, 'androidx.test.uiautomator.UiObjectNotFoundException', ({'mask': 2097152, 'childOrSibling': [], 'childOrSiblingSelector': [], 'resourceId': 'com.hexin.plat.android:id/prompt_content'},))[0m
[32m2025-08-25 09:52:04 - INFO - 持仓按钮(里)已处于选中状态[0m
[32m2025-08-25 09:52:08 - INFO - 点击买入按钮(里)[0m
[32m2025-08-25 09:52:09 - INFO - 点击股票搜索框[0m
[32m2025-08-25 09:52:10 - INFO - 输入股票名称: 蓝丰生化[0m
[32m2025-08-25 09:52:13 - INFO - 输入数量: 200手[0m
[32m2025-08-25 09:52:14 - INFO - 点击按钮: 买入 (提交)[0m
[32m2025-08-25 09:52:14 - INFO - 开始处理弹窗[0m
[32m2025-08-25 09:52:14 - INFO - 检测到'委托确认'提示[0m
[32m2025-08-25 09:52:14 - INFO - 点击确认按钮[0m
[32m2025-08-25 09:52:15 - INFO - 提示信息：[0m
[33m2025-08-25 09:52:15 - WARNING - 未找到确认按钮[0m
[32m2025-08-25 09:52:27 - INFO - 持仓按钮(里)已处于选中状态[0m
[32m2025-08-25 09:52:31 - INFO - 点击买入按钮(里)[0m
[32m2025-08-25 09:52:32 - INFO - 点击股票搜索框[0m
[32m2025-08-25 09:52:33 - INFO - 输入股票名称: 豪尔赛[0m
[32m2025-08-25 09:52:37 - INFO - 输入数量: 200手[0m
[32m2025-08-25 09:52:37 - INFO - 点击按钮: 买入 (提交)[0m
[32m2025-08-25 09:52:37 - INFO - 开始处理弹窗[0m
[32m2025-08-25 09:52:37 - INFO - 检测到'委托确认'提示[0m
[32m2025-08-25 09:52:38 - INFO - 点击确认按钮[0m
[32m2025-08-25 09:52:38 - INFO - 提示信息：[0m
[33m2025-08-25 09:52:39 - WARNING - 委托已提交，合同号为：33577[0m
[32m2025-08-25 09:52:47 - INFO - 持仓按钮(里)已处于选中状态[0m
[32m2025-08-25 09:52:51 - INFO - 点击买入按钮(里)[0m
[32m2025-08-25 09:52:52 - INFO - 点击股票搜索框[0m
[32m2025-08-25 09:52:53 - INFO - 输入股票名称: 万里股份[0m
[32m2025-08-25 09:52:56 - INFO - 输入数量: 200手[0m
[32m2025-08-25 09:52:57 - INFO - 点击按钮: 买入 (提交)[0m
[32m2025-08-25 09:52:57 - INFO - 开始处理弹窗[0m
[32m2025-08-25 09:52:57 - INFO - 检测到'委托确认'提示[0m
[32m2025-08-25 09:52:58 - INFO - 点击确认按钮[0m
[32m2025-08-25 09:52:58 - INFO - 提示信息：[0m
[33m2025-08-25 09:52:58 - WARNING - 未找到确认按钮[0m
[32m2025-08-25 09:53:04 - INFO - 持仓按钮(里)已处于选中状态[0m
[32m2025-08-25 09:53:09 - INFO - 点击买入按钮(里)[0m
[32m2025-08-25 09:53:09 - INFO - 点击股票搜索框[0m
[32m2025-08-25 09:53:10 - INFO - 输入股票名称: 三峰环境[0m
[32m2025-08-25 09:53:14 - INFO - 输入数量: 200手[0m
[32m2025-08-25 09:53:14 - INFO - 点击按钮: 买入 (提交)[0m
[32m2025-08-25 09:53:14 - INFO - 开始处理弹窗[0m
[32m2025-08-25 09:53:15 - INFO - 检测到'委托确认'提示[0m
[32m2025-08-25 09:53:15 - INFO - 点击确认按钮[0m
[32m2025-08-25 09:53:15 - INFO - 提示信息：[0m
[33m2025-08-25 09:53:16 - WARNING - 无提示信息[0m
[32m2025-08-25 09:53:22 - INFO - 持仓按钮(里)已处于选中状态[0m
[32m2025-08-25 09:53:27 - INFO - 点击买入按钮(里)[0m
[32m2025-08-25 09:53:27 - INFO - 点击股票搜索框[0m
[32m2025-08-25 09:53:29 - INFO - 输入股票名称: 爱普股份[0m
[32m2025-08-25 09:53:32 - INFO - 输入数量: 200手[0m
[32m2025-08-25 09:53:32 - INFO - 点击按钮: 买入 (提交)[0m
[32m2025-08-25 09:53:32 - INFO - 开始处理弹窗[0m
[32m2025-08-25 09:53:33 - INFO - 检测到'委托确认'提示[0m
[32m2025-08-25 09:53:33 - INFO - 点击确认按钮[0m
[32m2025-08-25 09:53:33 - INFO - 提示信息：[0m
[33m2025-08-25 09:53:34 - WARNING - 无提示信息[0m
[32m2025-08-25 09:53:40 - INFO - 持仓按钮(里)已处于选中状态[0m
[32m2025-08-25 09:53:45 - INFO - 点击买入按钮(里)[0m
[32m2025-08-25 09:53:45 - INFO - 点击股票搜索框[0m
[32m2025-08-25 09:53:47 - INFO - 输入股票名称: 金海高科[0m
[32m2025-08-25 09:53:50 - INFO - 输入数量: 200手[0m
[32m2025-08-25 09:53:51 - INFO - 点击按钮: 买入 (提交)[0m
[32m2025-08-25 09:53:51 - INFO - 开始处理弹窗[0m
[32m2025-08-25 09:53:51 - INFO - 检测到'委托确认'提示[0m
[32m2025-08-25 09:53:51 - INFO - 点击确认按钮[0m
[32m2025-08-25 09:53:51 - INFO - 提示信息：[0m
[33m2025-08-25 09:53:52 - WARNING - 无提示信息[0m
[32m2025-08-25 09:53:58 - INFO - 持仓按钮(里)已处于选中状态[0m
[32m2025-08-25 09:54:03 - INFO - 点击买入按钮(里)[0m
[32m2025-08-25 09:54:03 - INFO - 点击股票搜索框[0m
[32m2025-08-25 09:54:04 - INFO - 输入股票名称: 威奥股份[0m
[32m2025-08-25 09:54:08 - INFO - 输入数量: 200手[0m
[32m2025-08-25 09:54:08 - INFO - 点击按钮: 买入 (提交)[0m
[32m2025-08-25 09:54:08 - INFO - 开始处理弹窗[0m
[32m2025-08-25 09:54:08 - INFO - 检测到'委托确认'提示[0m
[32m2025-08-25 09:54:09 - INFO - 点击确认按钮[0m
[32m2025-08-25 09:54:09 - INFO - 提示信息：[0m
[33m2025-08-25 09:54:10 - WARNING - 无提示信息[0m
