2025-05-08 10:46:36,033 - INFO - agent_no: 600008, company_name: tax_agent001@linshiyou.com, secret_key: 720256b9115d72e292db88750e3811316c96536ff3527d7b3b7546e35170c3f0
2025-05-08 10:46:36,034 - INFO - [INFO] 生成ISO 8601格式时间戳: 2025-05-08 10:46:36.034138+08:00
2025-05-08 10:46:36,034 - INFO - [INFO] 时区偏移: 8:0
2025-05-08 10:46:36,035 - INFO - [INFO] 生成ISO 8601格式时间戳: 2025-05-08T10:46:36.034+08:00
2025-05-08 10:46:36,035 - INFO - [INFO] 生成ISO 8601格式时间戳: 2025-05-08 10:46:36.035330+08:00
2025-05-08 10:46:36,035 - INFO - [INFO] 时区偏移: 8:0
2025-05-08 10:46:36,035 - INFO - [INFO] 生成ISO 8601格式时间戳: 2025-05-08T10:46:36.035+08:00
2025-05-08 10:46:36,036 - INFO - [INFO] 签名字符串: POST:/v1.0/declaration/create:e324e869387ec409fbffad18c462ac47948e5abb91cceb1a6f3f891585eb6ca1:2025-05-08T10:46:36.035+08:00
2025-05-08 10:46:36,036 - INFO - [INFO] 签名: 049ac1280548b5a5d45bb91e7bb904ae745e3641bc2e50ff984a88bdd4ca0d09
2025-05-08 10:46:36,036 - INFO - [INFO] 请求头: {'Content-Type': 'application/json; charset=utf-8', 'X-AGENT-ID': '600008', 'X-TIMESTAMP': '2025-05-08T10:46:36.034+08:00', 'X-SIGNATURE': '049ac1280548b5a5d45bb91e7bb904ae745e3641bc2e50ff984a88bdd4ca0d09', 'Host': 'balitax-test.com'}
2025-05-08 10:46:36,104 - INFO - [INFO] 响应: {'requestId': '1746672396936', 'errCode': 'signError', 'errCodeDes': 'Signature error'}
2025-05-08 10:53:45,368 - INFO - agent_no: 600008, company_name: tax_agent001@linshiyou.com, secret_key: 720256b9115d72e292db88750e3811316c96536ff3527d7b3b7546e35170c3f0
2025-05-08 10:53:45,368 - INFO - 当前时间: 2025-05-08 10:53:45.368903+08:00
2025-05-08 10:53:45,369 - INFO - 时区偏移: 8:0
2025-05-08 10:53:45,369 - INFO - 当前时间: 2025-05-08 10:53:45.369106+08:00
2025-05-08 10:53:45,369 - INFO - 时区偏移: 8:0
2025-05-08 10:53:45,369 - INFO - 签名字符串: 89b97a552993ef941fa131996600b27a1a5366bea2a2b7f0120b0a993ba3acf3:2025-05-08T10:53:45.369+08:00
2025-05-08 10:53:45,369 - INFO - 签名字符串: POST:/v1.0/declaration/create:89b97a552993ef941fa131996600b27a1a5366bea2a2b7f0120b0a993ba3acf3:2025-05-08T10:53:45.369+08:00
2025-05-08 10:53:45,369 - INFO - 生成的签名: 1e5f96eaa8d8a596f0d8560c7f2a7e4725547a6aabe8abfe78cead04ccaf7260
2025-05-08 10:53:45,369 - INFO - 请求头: {'Content-Type': 'application/json; charset=utf-8', 'X-AGENT-ID': '600008', 'X-TIMESTAMP': '2025-05-08T10:53:45.368+08:00', 'X-SIGNATURE': '1e5f96eaa8d8a596f0d8560c7f2a7e4725547a6aabe8abfe78cead04ccaf7260', 'Host': 'balitax-test.com'}
2025-05-08 10:53:45,425 - INFO - 响应: {'requestId': '1746672826262', 'errCode': 'signError', 'errCodeDes': 'Signature error'}
2025-05-08 11:05:06,870 - INFO - agent_no: 600008, company_name: tax_agent001@linshiyou.com, secret_key: 720256b9115d72e292db88750e3811316c96536ff3527d7b3b7546e35170c3f0
2025-05-08 11:05:06,870 - INFO - 当前时间: 2025-05-08 11:05:06.870624+08:00
2025-05-08 11:05:06,871 - INFO - 时区偏移: 8:0
2025-05-08 11:05:06,871 - INFO - 当前时间: 2025-05-08 11:05:06.871859+08:00
2025-05-08 11:05:06,871 - INFO - 时区偏移: 8:0
2025-05-08 11:05:06,872 - INFO - 签名字符串: d2ff8727c364de570db9d520b7ec7d23c80604a109e6fc70cf6c4b836e2c72cb:2025-05-08T11:05:06.871+08:00
2025-05-08 11:05:06,872 - INFO - 生成签名字符串: POST:/v1.0/declaration/create:d2ff8727c364de570db9d520b7ec7d23c80604a109e6fc70cf6c4b836e2c72cb:2025-05-08T11:05:06.871+08:00
2025-05-08 11:05:06,872 - INFO - 生成的签名: aedc31543467fcb60650b885484c6096661de9c21bd4a11e686f8c0b29df4e2b
2025-05-08 11:05:06,872 - INFO - 请求头: {'Content-Type': 'application/json; charset=utf-8', 'X-AGENT-ID': '600008', 'X-TIMESTAMP': '2025-05-08T11:05:06.870+08:00', 'X-SIGNATURE': 'aedc31543467fcb60650b885484c6096661de9c21bd4a11e686f8c0b29df4e2b', 'Host': 'balitax-test.com'}
2025-05-08 11:05:06,947 - INFO - 响应: {'requestId': '1746673507785', 'errCode': 'signError', 'errCodeDes': 'Signature error'}
2025-05-08 11:07:52,243 - INFO - agent_no: 600008, company_name: tax_agent001@linshiyou.com, secret_key: 720256b9115d72e292db88750e3811316c96536ff3527d7b3b7546e35170c3f0
2025-05-08 11:07:52,244 - INFO - 当前时间: 2025-05-08 11:07:52.244203+08:00
2025-05-08 11:07:52,245 - INFO - 时区偏移: 8:0
2025-05-08 11:07:52,245 - INFO - 当前时间: 2025-05-08 11:07:52.245703+08:00
2025-05-08 11:07:52,245 - INFO - 时区偏移: 8:0
2025-05-08 11:07:52,246 - INFO - 签名字符串: 434345945a74dab3b83341d6213b19c0ef6e35621d339e04e50238b1e1f0c223:2025-05-08T11:07:52.245+08:00
2025-05-08 11:07:52,246 - INFO - 生成签名字符串: POST:/v1.0/declaration/create:434345945a74dab3b83341d6213b19c0ef6e35621d339e04e50238b1e1f0c223:2025-05-08T11:07:52.245+08:00
2025-05-08 11:07:52,246 - INFO - 生成的签名: ff45e7362507be10d2b06244383cce1d90952ccd4e47d39712163dd7c97dd033
2025-05-08 11:07:52,246 - INFO - 请求头: {'Content-Type': 'application/json; charset=utf-8', 'X-AGENT-ID': '600008', 'X-TIMESTAMP': '2025-05-08T11:07:52.244+08:00', 'X-SIGNATURE': 'ff45e7362507be10d2b06244383cce1d90952ccd4e47d39712163dd7c97dd033', 'Host': 'balitax-test.com'}
2025-05-08 11:07:52,304 - INFO - 响应: {'requestId': '1746673673147', 'errCode': 'signError', 'errCodeDes': 'Signature error'}
2025-05-08 11:10:33,527 - INFO - agent_no: 600008, company_name: tax_agent001@linshiyou.com, secret_key: 720256b9115d72e292db88750e3811316c96536ff3527d7b3b7546e35170c3f0
2025-05-08 11:10:33,527 - INFO - 当前时间: 2025-05-08 11:10:33.527861+08:00
2025-05-08 11:10:33,528 - INFO - 时区偏移: 8:0
2025-05-08 11:10:33,529 - INFO - 压缩后的JSON payload: {"merchantId":"600008M0000002","paymentType":"CASH","amount":"-0.01","agentOrderNo":"AgentOrderNo202505083","payOrderNo":"PayOrder202505083","sourceAgentOrderNo":"souceAgentOrderNo20250508001","productName":"Mcgrath Group","requestId":"1"}
2025-05-08 11:10:33,529 - INFO - 当前时间: 2025-05-08 11:10:33.529050+08:00
2025-05-08 11:10:33,529 - INFO - 时区偏移: 8:0
2025-05-08 11:10:33,529 - INFO - 签名字符串: 2e39c95df0df9b26d4c6a6acfebd3e0d4fc4b8cc81ff9b8deb9971d707502d7a:2025-05-08T11:10:33.529+08:00
2025-05-08 11:10:33,529 - INFO - 生成签名字符串: POST:/v1.0/declaration/create:2e39c95df0df9b26d4c6a6acfebd3e0d4fc4b8cc81ff9b8deb9971d707502d7a:2025-05-08T11:10:33.529+08:00
2025-05-08 11:10:33,529 - INFO - 生成的签名: 79b68d3ace11d5a6d1ef7b203c60a788c77ccc727f2a40c8e8d5182dbda4fe71
2025-05-08 11:10:33,529 - INFO - 请求头: {'Content-Type': 'application/json; charset=utf-8', 'X-AGENT-ID': '600008', 'X-TIMESTAMP': '2025-05-08T11:10:33.527+08:00', 'X-SIGNATURE': '79b68d3ace11d5a6d1ef7b203c60a788c77ccc727f2a40c8e8d5182dbda4fe71', 'Host': 'balitax-test.com'}
2025-05-08 11:10:33,585 - INFO - 响应: {'requestId': '1746673834429', 'errCode': 'signError', 'errCodeDes': 'Signature error'}
2025-05-08 11:12:25,703 - INFO - agent_no: 600008, company_name: tax_agent001@linshiyou.com, secret_key: 720256b9115d72e292db88750e3811316c96536ff3527d7b3b7546e35170c3f0
2025-05-08 11:12:25,703 - INFO - 当前时间: 2025-05-08 11:12:25.703957+08:00
2025-05-08 11:12:25,704 - INFO - 时区偏移: 8:0
2025-05-08 11:12:25,705 - INFO - 压缩后的JSON payload: {"merchantId":"600008M0000002","paymentType":"StaticMandiriVA","amount":"-0.01","agentOrderNo":"AgentOrderNo202505083","payOrderNo":"PayOrder202505083","sourceAgentOrderNo":"souceAgentOrderNo20250508001","productName":"Moran, Burton and Schmidt","requestId":"1"}
2025-05-08 11:12:25,705 - INFO - 当前时间: 2025-05-08 11:12:25.705132+08:00
2025-05-08 11:12:25,705 - INFO - 时区偏移: 8:0
2025-05-08 11:12:25,705 - INFO - 签名字符串: 5c0468dead9e95aa49cfbfe0c38b1d35b901ed5119175195f02a91b030a01a75:2025-05-08T11:12:25.705+08:00
2025-05-08 11:12:25,705 - INFO - 生成签名字符串: POST:/v1.0/declaration/create:5c0468dead9e95aa49cfbfe0c38b1d35b901ed5119175195f02a91b030a01a75:2025-05-08T11:12:25.705+08:00
2025-05-08 11:12:25,705 - INFO - 生成的签名: 1ffc50a7ab8636109fc36a8674d8206e73c619d6f21e4d421e829a26565d303c
2025-05-08 11:12:25,705 - INFO - 请求头: {'Content-Type': 'application/json; charset=utf-8', 'X-AGENT-ID': '600008', 'X-TIMESTAMP': '2025-05-08T11:12:25.703+08:00', 'X-SIGNATURE': '1ffc50a7ab8636109fc36a8674d8206e73c619d6f21e4d421e829a26565d303c', 'Host': 'balitax-test.com'}
2025-05-08 11:12:25,761 - INFO - 响应: {'requestId': '1746673946606', 'errCode': 'signError', 'errCodeDes': 'Signature error'}
2025-05-08 11:12:35,696 - INFO - agent_no: 600008, company_name: tax_agent001@linshiyou.com, secret_key: 720256b9115d72e292db88750e3811316c96536ff3527d7b3b7546e35170c3f0
2025-05-08 11:12:35,696 - INFO - 当前时间: 2025-05-08 11:12:35.696824+08:00
2025-05-08 11:12:35,696 - INFO - 时区偏移: 8:0
2025-05-08 11:12:35,697 - INFO - 压缩后的JSON payload: {"merchantId":"600008M0000002","paymentType":"StaticMandiriVA","amount":"-0.01","agentOrderNo":"AgentOrderNo202505084","payOrderNo":"PayOrder202505084","sourceAgentOrderNo":"souceAgentOrderNo20250508001","productName":"Elliott, Hill and Andrews","requestId":"1"}
2025-05-08 11:12:35,697 - INFO - 当前时间: 2025-05-08 11:12:35.697111+08:00
2025-05-08 11:12:35,697 - INFO - 时区偏移: 8:0
2025-05-08 11:12:35,697 - INFO - 签名字符串: 962fc1949db8399ff4e5b1859df3bec9d967525edd2a2df2255b4e080c587a71:2025-05-08T11:12:35.697+08:00
2025-05-08 11:12:35,697 - INFO - 生成签名字符串: POST:/v1.0/declaration/create:962fc1949db8399ff4e5b1859df3bec9d967525edd2a2df2255b4e080c587a71:2025-05-08T11:12:35.697+08:00
2025-05-08 11:12:35,697 - INFO - 生成的签名: f317ffe949207cfd6cbe059d4c7ef14f165ace74777490ee39f8b7b12e4efe61
2025-05-08 11:12:35,697 - INFO - 请求头: {'Content-Type': 'application/json; charset=utf-8', 'X-AGENT-ID': '600008', 'X-TIMESTAMP': '2025-05-08T11:12:35.696+08:00', 'X-SIGNATURE': 'f317ffe949207cfd6cbe059d4c7ef14f165ace74777490ee39f8b7b12e4efe61', 'Host': 'balitax-test.com'}
2025-05-08 11:12:35,720 - INFO - 响应: {'requestId': '1746673956566', 'errCode': 'signError', 'errCodeDes': 'Signature error'}
2025-05-08 11:12:55,728 - INFO - agent_no: 600008, company_name: tax_agent001@linshiyou.com, secret_key: 720256b9115d72e292db88750e3811316c96536ff3527d7b3b7546e35170c3f0
2025-05-08 11:12:55,728 - INFO - 当前时间: 2025-05-08 11:12:55.728909+08:00
2025-05-08 11:12:55,729 - INFO - 时区偏移: 8:0
2025-05-08 11:12:55,729 - INFO - 压缩后的JSON payload: {"merchantId":"600008M0000002","paymentType":"StaticMandiriVA","amount":"-0.01","agentOrderNo":"AgentOrderNo202505084","payOrderNo":"PayOrder202505084","sourceAgentOrderNo":"20250508001","productName":"Horton-Wilson","requestId":"1"}
2025-05-08 11:12:55,729 - INFO - 当前时间: 2025-05-08 11:12:55.729135+08:00
2025-05-08 11:12:55,729 - INFO - 时区偏移: 8:0
2025-05-08 11:12:55,729 - INFO - 签名字符串: a24c73dad41181a266723cbfe4066b69f39af1a7c21a0e5c812309b6907a1229:2025-05-08T11:12:55.729+08:00
2025-05-08 11:12:55,729 - INFO - 生成签名字符串: POST:/v1.0/declaration/create:a24c73dad41181a266723cbfe4066b69f39af1a7c21a0e5c812309b6907a1229:2025-05-08T11:12:55.729+08:00
2025-05-08 11:12:55,729 - INFO - 生成的签名: 489adfed6d99affacb6e9e9337b41e0dd6ccc644fee2a4b7f9cb762a41da4c38
2025-05-08 11:12:55,729 - INFO - 请求头: {'Content-Type': 'application/json; charset=utf-8', 'X-AGENT-ID': '600008', 'X-TIMESTAMP': '2025-05-08T11:12:55.728+08:00', 'X-SIGNATURE': '489adfed6d99affacb6e9e9337b41e0dd6ccc644fee2a4b7f9cb762a41da4c38', 'Host': 'balitax-test.com'}
2025-05-08 11:12:55,751 - INFO - 响应: {'requestId': '1746673976597', 'errCode': 'signError', 'errCodeDes': 'Signature error'}
2025-05-08 11:15:26,260 - INFO - agent_no: 600008, company_name: tax_agent001@linshiyou.com, secret_key: 720256b9115d72e292db88750e3811316c96536ff3527d7b3b7546e35170c3f0
2025-05-08 11:15:26,261 - INFO - 当前时间: 2025-05-08 11:15:26.260934+08:00
2025-05-08 11:15:26,261 - INFO - 时区偏移: 8:0
2025-05-08 11:15:26,262 - INFO - 压缩后的JSON payload: {"merchantId":"600008M0000002","paymentType":"StaticMandiriVA","amount":"0.01","agentOrderNo":"AgentOrderNo202505084","payOrderNo":"PayOrder202505084","sourceAgentOrderNo":"","productName":"Taylor, Osborne and Horn","requestId":"1"}
2025-05-08 11:15:26,262 - INFO - 当前时间: 2025-05-08 11:15:26.262133+08:00
2025-05-08 11:15:26,262 - INFO - 时区偏移: 8:0
2025-05-08 11:15:26,262 - INFO - 加密后的JSON payload: 2e6be3d052852c82da74b248ad02ad4564c4e78338e94ab2d3f797538fcd24cd
2025-05-08 11:15:26,262 - INFO - 生成签名字符串: POST:/v1.0/declaration/create:2e6be3d052852c82da74b248ad02ad4564c4e78338e94ab2d3f797538fcd24cd:2025-05-08T11:15:26.262+08:00
2025-05-08 11:15:26,262 - INFO - 生成的签名: 19bb41319db804225c8f813778cb70c290d6182b6910f93a0983de17cb791a44
2025-05-08 11:15:26,262 - INFO - 请求头: {'Content-Type': 'application/json; charset=utf-8', 'X-AGENT-ID': '600008', 'X-TIMESTAMP': '2025-05-08T11:15:26.260+08:00', 'X-SIGNATURE': '19bb41319db804225c8f813778cb70c290d6182b6910f93a0983de17cb791a44', 'Host': 'balitax-test.com'}
2025-05-08 11:15:26,312 - INFO - 响应: {'requestId': '1746674127158', 'errCode': 'signError', 'errCodeDes': 'Signature error'}
2025-05-08 11:18:55,151 - INFO - agent_no: 600008, company_name: tax_agent001@linshiyou.com, secret_key: 720256b9115d72e292db88750e3811316c96536ff3527d7b3b7546e35170c3f0
2025-05-08 11:18:55,152 - INFO - 当前时间: 2025-05-08 11:18:55.152070+08:00
2025-05-08 11:18:55,152 - INFO - 时区偏移: 8:0
2025-05-08 11:18:55,152 - INFO - 压缩后的JSON payload: {"merchantId":"600008M0000002","paymentType":"StaticMandiriVA","amount":"0.01","agentOrderNo":"AgentOrderNo202505084","payOrderNo":"PayOrder202505084","sourceAgentOrderNo":"","productName":"Steven Fox","requestId":"1"}
2025-05-08 11:18:55,152 - INFO - 当前时间: 2025-05-08 11:18:55.152324+08:00
2025-05-08 11:18:55,152 - INFO - 时区偏移: 8:0
2025-05-08 11:18:55,152 - INFO - 加密后的JSON payload: f4648b348d3eb1347e0132438d0672ccd4537e565232373a984334b1c0527e6b
2025-05-08 11:18:55,152 - INFO - 生成签名字符串: POST:/v1.0/declaration/create:f4648b348d3eb1347e0132438d0672ccd4537e565232373a984334b1c0527e6b:2025-05-08T11:18:55.152+08:00
2025-05-08 11:18:55,152 - INFO - 生成的签名: 2c97316ed9a14a2d62244be8ef7090f895a2b7dadf023171f1e66406b5547174
2025-05-08 11:18:55,152 - INFO - 请求头: {'Content-Type': 'application/json; charset=utf-8', 'X-AGENT-ID': '600008', 'X-TIMESTAMP': '2025-05-08T11:18:55.152+08:00', 'X-SIGNATURE': '2c97316ed9a14a2d62244be8ef7090f895a2b7dadf023171f1e66406b5547174', 'Host': 'balitax-test.com'}
2025-05-08 11:18:55,326 - INFO - 响应: {'requestId': '1746674336110', 'errCode': '0', 'errCodeDes': None, 'merchantId': '600008M0000002', 'merchantName': '上海少妇', 'paymentType': 'StaticMandiriVA', 'amount': 0.01, 'incomeOrderNo': '202505080000000003', 'agentOrderNo': 'AgentOrderNo202505084', 'payOrderNo': 'PayOrder202505084', 'sourceAgentOrderNo': '', 'productName': 'Steven Fox'}
2025-05-08 11:19:25,615 - INFO - agent_no: 600008, company_name: tax_agent001@linshiyou.com, secret_key: 720256b9115d72e292db88750e3811316c96536ff3527d7b3b7546e35170c3f0
2025-05-08 11:19:25,615 - INFO - 当前时间: 2025-05-08 11:19:25.615805+08:00
2025-05-08 11:19:25,616 - INFO - 时区偏移: 8:0
2025-05-08 11:19:25,616 - INFO - 压缩后的JSON payload: {"merchantId":"600008M0000002","paymentType":"StaticMandiriVA","amount":"0.01","agentOrderNo":"AgentOrderNo202505084","payOrderNo":"PayOrder202505084","sourceAgentOrderNo":"","productName":"productName,1","requestId":"1"}
2025-05-08 11:19:25,616 - INFO - 当前时间: 2025-05-08 11:19:25.616161+08:00
2025-05-08 11:19:25,616 - INFO - 时区偏移: 8:0
2025-05-08 11:19:25,616 - INFO - 加密后的JSON payload: 686b2e8ec6d1e5688de7caf4ec73bbfc5afba78c94332b8da90bea39d83815b2
2025-05-08 11:19:25,616 - INFO - 生成签名字符串: POST:/v1.0/declaration/create:686b2e8ec6d1e5688de7caf4ec73bbfc5afba78c94332b8da90bea39d83815b2:2025-05-08T11:19:25.616+08:00
2025-05-08 11:19:25,616 - INFO - 生成的签名: 6f96d0fbbf2d9790787645e9a85548ff256bacfabf74c683af8b77942dec80c1
2025-05-08 11:19:25,616 - INFO - 请求头: {'Content-Type': 'application/json; charset=utf-8', 'X-AGENT-ID': '600008', 'X-TIMESTAMP': '2025-05-08T11:19:25.615+08:00', 'X-SIGNATURE': '6f96d0fbbf2d9790787645e9a85548ff256bacfabf74c683af8b77942dec80c1', 'Host': 'balitax-test.com'}
2025-05-08 11:19:25,639 - INFO - 响应: {'requestId': '1746674366488', 'errCode': 'signError', 'errCodeDes': 'Signature error'}
2025-05-08 11:19:48,645 - INFO - agent_no: 600008, company_name: tax_agent001@linshiyou.com, secret_key: 720256b9115d72e292db88750e3811316c96536ff3527d7b3b7546e35170c3f0
2025-05-08 11:19:48,645 - INFO - 当前时间: 2025-05-08 11:19:48.645581+08:00
2025-05-08 11:19:48,645 - INFO - 时区偏移: 8:0
2025-05-08 11:19:48,645 - INFO - 压缩后的JSON payload: {"merchantId":"600008M0000002","paymentType":"StaticMandiriVA","amount":"0.01","agentOrderNo":"AgentOrderNo202505084","payOrderNo":"PayOrder202505084","sourceAgentOrderNo":"","productName":"productName1","requestId":"1"}
2025-05-08 11:19:48,645 - INFO - 当前时间: 2025-05-08 11:19:48.645860+08:00
2025-05-08 11:19:48,645 - INFO - 时区偏移: 8:0
2025-05-08 11:19:48,645 - INFO - 加密后的JSON payload: a6f58a199377515e0c438bdefc7f4ed12deeb7a6ec548e0b9ba895ac8082b04b
2025-05-08 11:19:48,645 - INFO - 生成签名字符串: POST:/v1.0/declaration/create:a6f58a199377515e0c438bdefc7f4ed12deeb7a6ec548e0b9ba895ac8082b04b:2025-05-08T11:19:48.645+08:00
2025-05-08 11:19:48,646 - INFO - 生成的签名: 03a55ba4fadfc587e18272fd6e0b61c84c471189018f80b1edc70772c0a4c87a
2025-05-08 11:19:48,646 - INFO - 请求头: {'Content-Type': 'application/json; charset=utf-8', 'X-AGENT-ID': '600008', 'X-TIMESTAMP': '2025-05-08T11:19:48.645+08:00', 'X-SIGNATURE': '03a55ba4fadfc587e18272fd6e0b61c84c471189018f80b1edc70772c0a4c87a', 'Host': 'balitax-test.com'}
2025-05-08 11:19:48,704 - INFO - 响应: {'requestId': '1746674389552', 'errCode': 'duplicateAgentOrderNo', 'errCodeDes': 'The agent order number is duplicated'}
2025-05-08 11:19:59,750 - INFO - agent_no: 600008, company_name: tax_agent001@linshiyou.com, secret_key: 720256b9115d72e292db88750e3811316c96536ff3527d7b3b7546e35170c3f0
2025-05-08 11:19:59,750 - INFO - 当前时间: 2025-05-08 11:19:59.750730+08:00
2025-05-08 11:19:59,750 - INFO - 时区偏移: 8:0
2025-05-08 11:19:59,751 - INFO - 压缩后的JSON payload: {"merchantId":"600008M0000002","paymentType":"StaticMandiriVA","amount":"0.01","agentOrderNo":"AgentOrderNo202505085","payOrderNo":"PayOrder202505085","sourceAgentOrderNo":"","productName":"productName1","requestId":"1"}
2025-05-08 11:19:59,751 - INFO - 当前时间: 2025-05-08 11:19:59.751236+08:00
2025-05-08 11:19:59,751 - INFO - 时区偏移: 8:0
2025-05-08 11:19:59,751 - INFO - 加密后的JSON payload: ac0fdfe84aee663fffdd29005fe7000afdec961c85baa65e6de126f4ab5a841e
2025-05-08 11:19:59,751 - INFO - 生成签名字符串: POST:/v1.0/declaration/create:ac0fdfe84aee663fffdd29005fe7000afdec961c85baa65e6de126f4ab5a841e:2025-05-08T11:19:59.751+08:00
2025-05-08 11:19:59,751 - INFO - 生成的签名: 03e687637baf35aa820f1cc9306150907288203bdb675378a20a767b225811ca
2025-05-08 11:19:59,751 - INFO - 请求头: {'Content-Type': 'application/json; charset=utf-8', 'X-AGENT-ID': '600008', 'X-TIMESTAMP': '2025-05-08T11:19:59.750+08:00', 'X-SIGNATURE': '03e687637baf35aa820f1cc9306150907288203bdb675378a20a767b225811ca', 'Host': 'balitax-test.com'}
2025-05-08 11:19:59,773 - INFO - 响应: {'requestId': '1746674400622', 'errCode': 'signError', 'errCodeDes': 'Signature error'}
2025-05-08 11:20:18,358 - INFO - agent_no: 600008, company_name: tax_agent001@linshiyou.com, secret_key: 720256b9115d72e292db88750e3811316c96536ff3527d7b3b7546e35170c3f0
2025-05-08 11:20:18,358 - INFO - 当前时间: 2025-05-08 11:20:18.358788+08:00
2025-05-08 11:20:18,358 - INFO - 时区偏移: 8:0
2025-05-08 11:20:18,358 - INFO - 压缩后的JSON payload: {"merchantId":"600008M0000002","paymentType":"StaticMandiriVA","amount":"0.01","agentOrderNo":"AgentOrderNo202505085","payOrderNo":"PayOrder202505085","sourceAgentOrderNo":"","productName":"product","requestId":"1"}
2025-05-08 11:20:18,359 - INFO - 当前时间: 2025-05-08 11:20:18.359009+08:00
2025-05-08 11:20:18,359 - INFO - 时区偏移: 8:0
2025-05-08 11:20:18,359 - INFO - 加密后的JSON payload: cbafc29395550f5c46b1de5f51e5598e658774697a1c12597f7dd764626dcc25
2025-05-08 11:20:18,359 - INFO - 生成签名字符串: POST:/v1.0/declaration/create:cbafc29395550f5c46b1de5f51e5598e658774697a1c12597f7dd764626dcc25:2025-05-08T11:20:18.359+08:00
2025-05-08 11:20:18,359 - INFO - 生成的签名: 4d708e4e4c4774e33c7a3657e6768c7bba864c3327d68495d1abee221ea22059
2025-05-08 11:20:18,359 - INFO - 请求头: {'Content-Type': 'application/json; charset=utf-8', 'X-AGENT-ID': '600008', 'X-TIMESTAMP': '2025-05-08T11:20:18.358+08:00', 'X-SIGNATURE': '4d708e4e4c4774e33c7a3657e6768c7bba864c3327d68495d1abee221ea22059', 'Host': 'balitax-test.com'}
2025-05-08 11:20:18,382 - INFO - 响应: {'requestId': '1746674419231', 'errCode': 'signError', 'errCodeDes': 'Signature error'}
2025-05-08 11:20:32,406 - INFO - agent_no: 600008, company_name: tax_agent001@linshiyou.com, secret_key: 720256b9115d72e292db88750e3811316c96536ff3527d7b3b7546e35170c3f0
2025-05-08 11:20:32,406 - INFO - 当前时间: 2025-05-08 11:20:32.406921+08:00
2025-05-08 11:20:32,407 - INFO - 时区偏移: 8:0
2025-05-08 11:20:32,407 - INFO - 压缩后的JSON payload: {"merchantId":"600008M0000002","paymentType":"StaticMandiriVA","amount":"0.01","agentOrderNo":"AgentOrderNo202505085","payOrderNo":"PayOrder202505085","sourceAgentOrderNo":"","productName":"product","requestId":"1"}
2025-05-08 11:20:32,407 - INFO - 当前时间: 2025-05-08 11:20:32.407178+08:00
2025-05-08 11:20:32,407 - INFO - 时区偏移: 8:0
2025-05-08 11:20:32,407 - INFO - 加密后的JSON payload: cbafc29395550f5c46b1de5f51e5598e658774697a1c12597f7dd764626dcc25
2025-05-08 11:20:32,407 - INFO - 生成签名字符串: POST:/v1.0/declaration/create:cbafc29395550f5c46b1de5f51e5598e658774697a1c12597f7dd764626dcc25:2025-05-08T11:20:32.407+08:00
2025-05-08 11:20:32,407 - INFO - 生成的签名: 004638c6c006a1baf695868356e68923e17dcf2cf8c27bbf456d50ad82a8dcae
2025-05-08 11:20:32,407 - INFO - 请求头: {'Content-Type': 'application/json; charset=utf-8', 'X-AGENT-ID': '600008', 'X-TIMESTAMP': '2025-05-08T11:20:32.406+08:00', 'X-SIGNATURE': '004638c6c006a1baf695868356e68923e17dcf2cf8c27bbf456d50ad82a8dcae', 'Host': 'balitax-test.com'}
2025-05-08 11:20:32,429 - INFO - 响应: {'requestId': '1746674433278', 'errCode': 'signError', 'errCodeDes': 'Signature error'}
2025-05-08 11:21:10,409 - INFO - agent_no: 600008, company_name: tax_agent001@linshiyou.com, secret_key: 720256b9115d72e292db88750e3811316c96536ff3527d7b3b7546e35170c3f0
2025-05-08 11:21:10,409 - INFO - 当前时间: 2025-05-08 11:21:10.409909+08:00
2025-05-08 11:21:10,410 - INFO - 时区偏移: 8:0
2025-05-08 11:21:10,410 - INFO - 压缩后的JSON payload: {"merchantId":"600008M0000002","paymentType":"StaticMandiriVA","amount":"0.01","agentOrderNo":"AgentOrderNo202505085","payOrderNo":"PayOrder202505085","sourceAgentOrderNo":"","productName":"product","requestId":"1"}
2025-05-08 11:21:10,410 - INFO - 当前时间: 2025-05-08 11:21:10.410155+08:00
2025-05-08 11:21:10,410 - INFO - 时区偏移: 8:0
2025-05-08 11:21:10,410 - INFO - 加密后的JSON payload: cbafc29395550f5c46b1de5f51e5598e658774697a1c12597f7dd764626dcc25
2025-05-08 11:21:10,410 - INFO - 生成签名字符串: POST:/v1.0/declaration/create:cbafc29395550f5c46b1de5f51e5598e658774697a1c12597f7dd764626dcc25:2025-05-08T11:21:10.410+08:00
2025-05-08 11:21:10,410 - INFO - 生成的签名: e4db8ffdae053c33ee891d32c9a099e583036332dd799431eaf29a9c136fd52f
2025-05-08 11:21:10,410 - INFO - 请求头: {'Content-Type': 'application/json; charset=utf-8', 'X-AGENT-ID': '600008', 'X-TIMESTAMP': '2025-05-08T11:21:10.409+08:00', 'X-SIGNATURE': 'e4db8ffdae053c33ee891d32c9a099e583036332dd799431eaf29a9c136fd52f', 'Host': 'balitax-test.com'}
2025-05-08 11:21:10,431 - INFO - 响应: {'requestId': '1746674471281', 'errCode': 'signError', 'errCodeDes': 'Signature error'}
2025-05-08 11:21:23,350 - INFO - agent_no: 600008, company_name: tax_agent001@linshiyou.com, secret_key: 720256b9115d72e292db88750e3811316c96536ff3527d7b3b7546e35170c3f0
2025-05-08 11:21:23,350 - INFO - 当前时间: 2025-05-08 11:21:23.350630+08:00
2025-05-08 11:21:23,350 - INFO - 时区偏移: 8:0
2025-05-08 11:21:23,350 - INFO - 压缩后的JSON payload: {"merchantId":"600008M0000002","paymentType":"StaticMandiriVA","amount":"0.01","agentOrderNo":"AgentOrderNo202505085","payOrderNo":"PayOrder202505085","sourceAgentOrderNo":"","productName":"product,1","requestId":"1"}
2025-05-08 11:21:23,350 - INFO - 当前时间: 2025-05-08 11:21:23.350859+08:00
2025-05-08 11:21:23,350 - INFO - 时区偏移: 8:0
2025-05-08 11:21:23,350 - INFO - 加密后的JSON payload: 8437c05d78cd0ceeff795eac884650d7a2c44139217ffcfe87e0bca9d4622f1b
2025-05-08 11:21:23,350 - INFO - 生成签名字符串: POST:/v1.0/declaration/create:8437c05d78cd0ceeff795eac884650d7a2c44139217ffcfe87e0bca9d4622f1b:2025-05-08T11:21:23.350+08:00
2025-05-08 11:21:23,351 - INFO - 生成的签名: 357a03866c236049231903880d071354c8ed991edd9c25e2c75007c9852f22b0
2025-05-08 11:21:23,351 - INFO - 请求头: {'Content-Type': 'application/json; charset=utf-8', 'X-AGENT-ID': '600008', 'X-TIMESTAMP': '2025-05-08T11:21:23.350+08:00', 'X-SIGNATURE': '357a03866c236049231903880d071354c8ed991edd9c25e2c75007c9852f22b0', 'Host': 'balitax-test.com'}
2025-05-08 11:21:23,732 - INFO - 响应: {'requestId': '1746674484280', 'errCode': '0', 'errCodeDes': None, 'merchantId': '600008M0000002', 'merchantName': '上海少妇', 'paymentType': 'StaticMandiriVA', 'amount': 0.01, 'incomeOrderNo': '202505080000000004', 'agentOrderNo': 'AgentOrderNo202505085', 'payOrderNo': 'PayOrder202505085', 'sourceAgentOrderNo': '', 'productName': 'product,1'}
2025-05-08 11:23:51,393 - INFO - agent_no: 600008, company_name: tax_agent001@linshiyou.com, secret_key: 720256b9115d72e292db88750e3811316c96536ff3527d7b3b7546e35170c3f0
2025-05-08 11:23:51,394 - INFO - 当前时间: 2025-05-08 11:23:51.394310+08:00
2025-05-08 11:23:51,395 - INFO - 时区偏移: 8:0
2025-05-08 11:23:51,395 - INFO - 压缩后的JSON payload: {"merchantId":"600008M0000002","paymentType":"StaticMandiriVA","amount":"0.01","agentOrderNo":"AgentOrderNo202505085","payOrderNo":"PayOrder202505085","sourceAgentOrderNo":"","productName":"product1","requestId":"1"}
2025-05-08 11:23:51,395 - INFO - 当前时间: 2025-05-08 11:23:51.395546+08:00
2025-05-08 11:23:51,395 - INFO - 时区偏移: 8:0
2025-05-08 11:23:51,395 - INFO - 加密后的JSON payload: b29fb4cc4911b0f7376f8943241df65dec292eb6ff491e32ffb0c3409267ca5a
2025-05-08 11:23:51,395 - INFO - 生成签名字符串: POST:/v1.0/declaration/create:b29fb4cc4911b0f7376f8943241df65dec292eb6ff491e32ffb0c3409267ca5a:2025-05-08T11:23:51.395+08:00
2025-05-08 11:23:51,396 - INFO - 生成的签名: 7d9560215248239d2c3c457717c52fcd16546a59b049cb7f3ee0eab1764e0f63
2025-05-08 11:23:51,396 - INFO - 请求头: {'Content-Type': 'application/json; charset=utf-8', 'X-AGENT-ID': '600008', 'X-TIMESTAMP': '2025-05-08T11:23:51.394+08:00', 'X-SIGNATURE': '7d9560215248239d2c3c457717c52fcd16546a59b049cb7f3ee0eab1764e0f63', 'Host': 'balitax-test.com'}
2025-05-08 11:23:51,422 - INFO - 响应: {'requestId': '1746674632272', 'errCode': 'signError', 'errCodeDes': 'Signature error'}
2025-05-08 11:24:11,084 - INFO - agent_no: 600008, company_name: tax_agent001@linshiyou.com, secret_key: 720256b9115d72e292db88750e3811316c96536ff3527d7b3b7546e35170c3f0
2025-05-08 11:24:11,085 - INFO - 当前时间: 2025-05-08 11:24:11.085168+08:00
2025-05-08 11:24:11,085 - INFO - 时区偏移: 8:0
2025-05-08 11:24:11,085 - INFO - 压缩后的JSON payload: {"merchantId":"600008M0000002","paymentType":"StaticMandiriVA","amount":"0.01","agentOrderNo":"AgentOrderNo202505085","payOrderNo":"PayOrder202505085","sourceAgentOrderNo":"","productName":"product,1","requestId":"1"}
2025-05-08 11:24:11,085 - INFO - 当前时间: 2025-05-08 11:24:11.085453+08:00
2025-05-08 11:24:11,085 - INFO - 时区偏移: 8:0
2025-05-08 11:24:11,085 - INFO - 加密后的JSON payload: 8437c05d78cd0ceeff795eac884650d7a2c44139217ffcfe87e0bca9d4622f1b
2025-05-08 11:24:11,085 - INFO - 生成签名字符串: POST:/v1.0/declaration/create:8437c05d78cd0ceeff795eac884650d7a2c44139217ffcfe87e0bca9d4622f1b:2025-05-08T11:24:11.085+08:00
2025-05-08 11:24:11,085 - INFO - 生成的签名: 8433a359d58ee679c91b0b33513eeda5f155ff39fc5040ad210f46cc126289ad
2025-05-08 11:24:11,085 - INFO - 请求头: {'Content-Type': 'application/json; charset=utf-8', 'X-AGENT-ID': '600008', 'X-TIMESTAMP': '2025-05-08T11:24:11.085+08:00', 'X-SIGNATURE': '8433a359d58ee679c91b0b33513eeda5f155ff39fc5040ad210f46cc126289ad', 'Host': 'balitax-test.com'}
2025-05-08 11:24:11,151 - INFO - 响应: {'requestId': '1746674652001', 'errCode': 'duplicateAgentOrderNo', 'errCodeDes': 'The agent order number is duplicated'}
2025-05-08 11:24:24,379 - INFO - agent_no: 600008, company_name: tax_agent001@linshiyou.com, secret_key: 720256b9115d72e292db88750e3811316c96536ff3527d7b3b7546e35170c3f0
2025-05-08 11:24:24,379 - INFO - 当前时间: 2025-05-08 11:24:24.379662+08:00
2025-05-08 11:24:24,379 - INFO - 时区偏移: 8:0
2025-05-08 11:24:24,379 - INFO - 压缩后的JSON payload: {"merchantId":"600008M0000002","paymentType":"StaticMandiriVA","amount":"0.01","agentOrderNo":"AgentOrderNo202505085","payOrderNo":"PayOrder202505085","sourceAgentOrderNo":"","productName":"product1","requestId":"1"}
2025-05-08 11:24:24,379 - INFO - 当前时间: 2025-05-08 11:24:24.379898+08:00
2025-05-08 11:24:24,379 - INFO - 时区偏移: 8:0
2025-05-08 11:24:24,379 - INFO - 加密后的JSON payload: b29fb4cc4911b0f7376f8943241df65dec292eb6ff491e32ffb0c3409267ca5a
2025-05-08 11:24:24,380 - INFO - 生成签名字符串: POST:/v1.0/declaration/create:b29fb4cc4911b0f7376f8943241df65dec292eb6ff491e32ffb0c3409267ca5a:2025-05-08T11:24:24.379+08:00
2025-05-08 11:24:24,380 - INFO - 生成的签名: f8510afc387f1141a3c4997c7aa993798820168a2c9db5bf475338830f3142f8
2025-05-08 11:24:24,380 - INFO - 请求头: {'Content-Type': 'application/json; charset=utf-8', 'X-AGENT-ID': '600008', 'X-TIMESTAMP': '2025-05-08T11:24:24.379+08:00', 'X-SIGNATURE': 'f8510afc387f1141a3c4997c7aa993798820168a2c9db5bf475338830f3142f8', 'Host': 'balitax-test.com'}
2025-05-08 11:24:24,388 - ERROR - 请求失败: 502 Server Error: Bad Gateway for url: http://balitax-test.com/declaration-api/v1.0/declaration/create
2025-05-08 11:25:56,685 - INFO - agent_no: 600008, company_name: tax_agent001@linshiyou.com, secret_key: 720256b9115d72e292db88750e3811316c96536ff3527d7b3b7546e35170c3f0
2025-05-08 11:25:56,686 - INFO - 当前时间: 2025-05-08 11:25:56.686327+08:00
2025-05-08 11:25:56,686 - INFO - 时区偏移: 8:0
2025-05-08 11:25:56,686 - INFO - 压缩后的JSON payload: {"merchantId":"600008M0000002","paymentType":"StaticMandiriVA","amount":"0.01","agentOrderNo":"AgentOrderNo202505085","payOrderNo":"PayOrder202505085","sourceAgentOrderNo":"","productName":"product 1","requestId":"1"}
2025-05-08 11:25:56,686 - INFO - 当前时间: 2025-05-08 11:25:56.686544+08:00
2025-05-08 11:25:56,686 - INFO - 时区偏移: 8:0
2025-05-08 11:25:56,686 - INFO - 加密后的JSON payload: bc2ad6679020da405af0ff82673462d9c1376b01f1c000a67819ad53abde2ca2
2025-05-08 11:25:56,686 - INFO - 生成签名字符串: POST:/v1.0/declaration/create:bc2ad6679020da405af0ff82673462d9c1376b01f1c000a67819ad53abde2ca2:2025-05-08T11:25:56.686+08:00
2025-05-08 11:25:56,686 - INFO - 生成的签名: cb664656cbd63ec2be8d01f75cc4737b43a511369bd5f72c6acadffaa52d96f4
2025-05-08 11:25:56,686 - INFO - 请求头: {'Content-Type': 'application/json; charset=utf-8', 'X-AGENT-ID': '600008', 'X-TIMESTAMP': '2025-05-08T11:25:56.686+08:00', 'X-SIGNATURE': 'cb664656cbd63ec2be8d01f75cc4737b43a511369bd5f72c6acadffaa52d96f4', 'Host': 'balitax-test.com'}
2025-05-08 11:25:56,743 - INFO - 响应: {'requestId': '1746674757591', 'errCode': 'duplicateAgentOrderNo', 'errCodeDes': 'The agent order number is duplicated'}
2025-05-08 11:26:07,266 - INFO - agent_no: 600008, company_name: tax_agent001@linshiyou.com, secret_key: 720256b9115d72e292db88750e3811316c96536ff3527d7b3b7546e35170c3f0
2025-05-08 11:26:07,266 - INFO - 当前时间: 2025-05-08 11:26:07.266653+08:00
2025-05-08 11:26:07,266 - INFO - 时区偏移: 8:0
2025-05-08 11:26:07,266 - INFO - 压缩后的JSON payload: {"merchantId":"600008M0000002","paymentType":"StaticMandiriVA","amount":"0.01","agentOrderNo":"AgentOrderNo202505086","payOrderNo":"PayOrder202505086","sourceAgentOrderNo":"","productName":"product 1","requestId":"1"}
2025-05-08 11:26:07,266 - INFO - 当前时间: 2025-05-08 11:26:07.266873+08:00
2025-05-08 11:26:07,266 - INFO - 时区偏移: 8:0
2025-05-08 11:26:07,266 - INFO - 加密后的JSON payload: 9b62e42d9b814248c7c1f6d8dbb75bab5611054318e190c3af061d2fab7049ec
2025-05-08 11:26:07,267 - INFO - 生成签名字符串: POST:/v1.0/declaration/create:9b62e42d9b814248c7c1f6d8dbb75bab5611054318e190c3af061d2fab7049ec:2025-05-08T11:26:07.266+08:00
2025-05-08 11:26:07,267 - INFO - 生成的签名: e1095085816b12d7c47857c82e5f2c97318e3d6bd8a57c4e7b46dbd7034a36df
2025-05-08 11:26:07,267 - INFO - 请求头: {'Content-Type': 'application/json; charset=utf-8', 'X-AGENT-ID': '600008', 'X-TIMESTAMP': '2025-05-08T11:26:07.266+08:00', 'X-SIGNATURE': 'e1095085816b12d7c47857c82e5f2c97318e3d6bd8a57c4e7b46dbd7034a36df', 'Host': 'balitax-test.com'}
2025-05-08 11:26:07,422 - INFO - 响应: {'requestId': '1746674768200', 'errCode': '0', 'errCodeDes': None, 'merchantId': '600008M0000002', 'merchantName': '上海少妇', 'paymentType': 'StaticMandiriVA', 'amount': 0.01, 'incomeOrderNo': '202505080000000007', 'agentOrderNo': 'AgentOrderNo202505086', 'payOrderNo': 'PayOrder202505086', 'sourceAgentOrderNo': '', 'productName': 'product 1'}
2025-05-08 11:26:16,679 - INFO - agent_no: 600008, company_name: tax_agent001@linshiyou.com, secret_key: 720256b9115d72e292db88750e3811316c96536ff3527d7b3b7546e35170c3f0
2025-05-08 11:26:16,680 - INFO - 当前时间: 2025-05-08 11:26:16.680123+08:00
2025-05-08 11:26:16,680 - INFO - 时区偏移: 8:0
2025-05-08 11:26:16,680 - INFO - 压缩后的JSON payload: {"merchantId":"600008M0000002","paymentType":"StaticMandiriVA","amount":"0.01","agentOrderNo":"AgentOrderNo202505086","payOrderNo":"PayOrder202505086","sourceAgentOrderNo":"","productName":"product ,1","requestId":"1"}
2025-05-08 11:26:16,680 - INFO - 当前时间: 2025-05-08 11:26:16.680347+08:00
2025-05-08 11:26:16,680 - INFO - 时区偏移: 8:0
2025-05-08 11:26:16,680 - INFO - 加密后的JSON payload: c937800a2571576aa482715d9ed56818ba3d01e20478ce472b60251293655a0b
2025-05-08 11:26:16,680 - INFO - 生成签名字符串: POST:/v1.0/declaration/create:c937800a2571576aa482715d9ed56818ba3d01e20478ce472b60251293655a0b:2025-05-08T11:26:16.680+08:00
2025-05-08 11:26:16,680 - INFO - 生成的签名: 32e55caec6dd167fc6215e324cd7bda0a683dde9c8528410da898f876a39f5e2
2025-05-08 11:26:16,680 - INFO - 请求头: {'Content-Type': 'application/json; charset=utf-8', 'X-AGENT-ID': '600008', 'X-TIMESTAMP': '2025-05-08T11:26:16.680+08:00', 'X-SIGNATURE': '32e55caec6dd167fc6215e324cd7bda0a683dde9c8528410da898f876a39f5e2', 'Host': 'balitax-test.com'}
2025-05-08 11:26:16,738 - INFO - 响应: {'requestId': '1746674777585', 'errCode': 'duplicateAgentOrderNo', 'errCodeDes': 'The agent order number is duplicated'}
2025-05-08 11:26:22,838 - INFO - agent_no: 600008, company_name: tax_agent001@linshiyou.com, secret_key: 720256b9115d72e292db88750e3811316c96536ff3527d7b3b7546e35170c3f0
2025-05-08 11:26:22,838 - INFO - 当前时间: 2025-05-08 11:26:22.838613+08:00
2025-05-08 11:26:22,838 - INFO - 时区偏移: 8:0
2025-05-08 11:26:22,838 - INFO - 压缩后的JSON payload: {"merchantId":"600008M0000002","paymentType":"StaticMandiriVA","amount":"0.01","agentOrderNo":"AgentOrderNo202505087","payOrderNo":"PayOrder202505087","sourceAgentOrderNo":"","productName":"product ,1","requestId":"1"}
2025-05-08 11:26:22,838 - INFO - 当前时间: 2025-05-08 11:26:22.838881+08:00
2025-05-08 11:26:22,838 - INFO - 时区偏移: 8:0
2025-05-08 11:26:22,838 - INFO - 加密后的JSON payload: 88f7f89eb6e58610b0c02d1a4aec0cb0e5c0b5714093f91064377bc71b411d31
2025-05-08 11:26:22,839 - INFO - 生成签名字符串: POST:/v1.0/declaration/create:88f7f89eb6e58610b0c02d1a4aec0cb0e5c0b5714093f91064377bc71b411d31:2025-05-08T11:26:22.838+08:00
2025-05-08 11:26:22,839 - INFO - 生成的签名: e089d62306b698aae55fb62f8771e65cf20e1496b795a86c3a0464331e50c940
2025-05-08 11:26:22,839 - INFO - 请求头: {'Content-Type': 'application/json; charset=utf-8', 'X-AGENT-ID': '600008', 'X-TIMESTAMP': '2025-05-08T11:26:22.838+08:00', 'X-SIGNATURE': 'e089d62306b698aae55fb62f8771e65cf20e1496b795a86c3a0464331e50c940', 'Host': 'balitax-test.com'}
2025-05-08 11:26:22,965 - INFO - 响应: {'requestId': '1746674783752', 'errCode': '0', 'errCodeDes': None, 'merchantId': '600008M0000002', 'merchantName': '上海少妇', 'paymentType': 'StaticMandiriVA', 'amount': 0.01, 'incomeOrderNo': '202505080000000008', 'agentOrderNo': 'AgentOrderNo202505087', 'payOrderNo': 'PayOrder202505087', 'sourceAgentOrderNo': '', 'productName': 'product ,1'}
2025-05-08 11:31:58,561 - INFO - agent_no: 600008, company_name: tax_agent001@linshiyou.com, secret_key: 720256b9115d72e292db88750e3811316c96536ff3527d7b3b7546e35170c3f0
2025-05-08 11:31:58,561 - INFO - 压缩后的JSON payload: {"merchantId":"600008M0000002","paymentType":"StaticMandiriVA","amount":"0.01","agentOrderNo":"AgentOrderNo202505087","payOrderNo":"PayOrder202505087","sourceAgentOrderNo":"","productName":"product 1","requestId":"1"}
2025-05-08 11:31:58,562 - INFO - 加密后的JSON payload: 374f9d1fa86c6c9aea5e15ee15dc39fd2ba7b417913d851758f71e9fb9e0290a
2025-05-08 11:31:58,562 - INFO - 生成签名字符串: POST:/v1.0/declaration/create:374f9d1fa86c6c9aea5e15ee15dc39fd2ba7b417913d851758f71e9fb9e0290a:2025-05-08T11:31:58.562+08:00
2025-05-08 11:31:58,563 - INFO - 生成的签名: 1109aeecd1c6303c8b6c8dd28db084d2bd9f18f095c5714aa6626164c50f9202
2025-05-08 11:31:58,563 - INFO - 请求头: {'Content-Type': 'application/json; charset=utf-8', 'X-AGENT-ID': '600008', 'X-TIMESTAMP': '2025-05-08T11:31:58.561+08:00', 'X-SIGNATURE': '1109aeecd1c6303c8b6c8dd28db084d2bd9f18f095c5714aa6626164c50f9202', 'Host': 'balitax-test.com'}
2025-05-08 11:31:58,640 - INFO - 响应: {'requestId': '1746675119494', 'errCode': 'signError', 'errCodeDes': 'Signature error'}
2025-05-08 11:40:31,345 - INFO - agent_no: 600008, company_name: tax_agent001@linshiyou.com, secret_key: 720256b9115d72e292db88750e3811316c96536ff3527d7b3b7546e35170c3f0
2025-05-08 11:40:31,346 - INFO - 压缩后的JSON payload: {"merchantId":"600008M0000002","paymentType":"StaticMandiriVA","amount":"0.01","agentOrderNo":"AgentOrderNo202505087","payOrderNo":"PayOrder202505087","sourceAgentOrderNo":"","productName":"product 1","requestId":"1"}
2025-05-08 11:40:31,346 - INFO - 加密后的JSON payload: 374f9d1fa86c6c9aea5e15ee15dc39fd2ba7b417913d851758f71e9fb9e0290a
2025-05-08 11:40:31,346 - INFO - 生成签名字符串: POST:/v1.0/declaration/create:374f9d1fa86c6c9aea5e15ee15dc39fd2ba7b417913d851758f71e9fb9e0290a:2025-05-08T11:40:31.346+08:00
2025-05-08 11:40:31,347 - INFO - 生成的签名: 8e7c7d01508f82f741ac9d9e7ffd29180dfbed78c82a9eb46d16ce189a83f8db
2025-05-08 11:40:31,347 - INFO - 请求头: {'Content-Type': 'application/json; charset=utf-8', 'X-AGENT-ID': '600008', 'X-TIMESTAMP': '2025-05-08T11:40:31.345+08:00', 'X-SIGNATURE': '8e7c7d01508f82f741ac9d9e7ffd29180dfbed78c82a9eb46d16ce189a83f8db', 'Host': 'balitax-test.com'}
2025-05-08 11:40:31,415 - INFO - 响应: {'requestId': '1746675632270', 'errCode': 'signError', 'errCodeDes': 'Signature error'}
2025-05-08 11:40:39,177 - INFO - agent_no: 600008, company_name: tax_agent001@linshiyou.com, secret_key: 720256b9115d72e292db88750e3811316c96536ff3527d7b3b7546e35170c3f0
2025-05-08 11:40:39,178 - INFO - 压缩后的JSON payload: {"merchantId":"600008M0000002","paymentType":"StaticMandiriVA","amount":"0.01","agentOrderNo":"AgentOrderNo202505088","payOrderNo":"PayOrder202505088","sourceAgentOrderNo":"","productName":"product 1","requestId":"1"}
2025-05-08 11:40:39,178 - INFO - 加密后的JSON payload: 4d024a8b4141ff558447e3de9e897778032ed6ac209a07b65906c7326801321b
2025-05-08 11:40:39,178 - INFO - 生成签名字符串: POST:/v1.0/declaration/create:4d024a8b4141ff558447e3de9e897778032ed6ac209a07b65906c7326801321b:2025-05-08T11:40:39.178+08:00
2025-05-08 11:40:39,178 - INFO - 生成的签名: 226ac67e86dd0532bbccab39c50f519751f95e7774ecc92936ba3a4a832ac3b0
2025-05-08 11:40:39,178 - INFO - 请求头: {'Content-Type': 'application/json; charset=utf-8', 'X-AGENT-ID': '600008', 'X-TIMESTAMP': '2025-05-08T11:40:39.178+08:00', 'X-SIGNATURE': '226ac67e86dd0532bbccab39c50f519751f95e7774ecc92936ba3a4a832ac3b0', 'Host': 'balitax-test.com'}
2025-05-08 11:40:39,348 - INFO - 响应: {'requestId': '1746675640115', 'errCode': '0', 'errCodeDes': None, 'merchantId': '600008M0000002', 'merchantName': '上海少妇', 'paymentType': 'StaticMandiriVA', 'amount': 0.01, 'incomeOrderNo': '202505080000000009', 'agentOrderNo': 'AgentOrderNo202505088', 'payOrderNo': 'PayOrder202505088', 'sourceAgentOrderNo': '', 'productName': 'product 1'}
2025-05-09 18:29:51,469 - INFO - agent_no: 600008, company_name: tax_agent001@linshiyou.com, secret_key: 720256b9115d72e292db88750e3811316c96536ff3527d7b3b7546e35170c3f0
2025-05-09 18:29:51,469 - INFO - 压缩后的JSON payload: {"merchantId":"600008M0001001","paymentType":"StaticMandiriVA","amount":"0.01","agentOrderNo":"AgentOrderNo202505098","payOrderNo":"PayOrder202505098","sourceAgentOrderNo":"","productName":"product 1","requestId":"1"}
2025-05-09 18:29:51,470 - INFO - 加密后的JSON payload: 6df6460b08b29815c1dbfad7b152a58331c755d9b16aa581466854694de78505
2025-05-09 18:29:51,470 - INFO - 原始请求字符串: POST:/v1.0/declaration/create:6df6460b08b29815c1dbfad7b152a58331c755d9b16aa581466854694de78505:2025-05-09T18:29:51.470+08:00
2025-05-09 18:29:51,470 - INFO - 生成的签名: abdf8c7ddba2015cb5c90103ea4984ca4205ed5ccb411bbd38dccdba2f8a0a17
2025-05-09 18:29:51,470 - INFO - 请求头: {'Content-Type': 'application/json; charset=utf-8', 'X-AGENT-ID': '600008', 'X-TIMESTAMP': '2025-05-09T18:29:51.469+08:00', 'X-SIGNATURE': 'abdf8c7ddba2015cb5c90103ea4984ca4205ed5ccb411bbd38dccdba2f8a0a17', 'Host': 'balitax-test.com'}
2025-05-09 18:29:52,385 - INFO - 响应: {'requestId': '1746786592413', 'errCode': 'signError', 'errCodeDes': 'Signature error'}
2025-05-09 18:30:03,539 - INFO - agent_no: 600008, company_name: tax_agent001@linshiyou.com, secret_key: 720256b9115d72e292db88750e3811316c96536ff3527d7b3b7546e35170c3f0
2025-05-09 18:30:03,539 - INFO - 压缩后的JSON payload: {"merchantId":"600008M0000001","paymentType":"StaticMandiriVA","amount":"0.01","agentOrderNo":"AgentOrderNo202505098","payOrderNo":"PayOrder202505098","sourceAgentOrderNo":"","productName":"product 1","requestId":"1"}
2025-05-09 18:30:03,539 - INFO - 加密后的JSON payload: 0c0cb6f27c264ff70f50d2f2703cca22a64aaca6a1070255458fec855c08b377
2025-05-09 18:30:03,539 - INFO - 原始请求字符串: POST:/v1.0/declaration/create:0c0cb6f27c264ff70f50d2f2703cca22a64aaca6a1070255458fec855c08b377:2025-05-09T18:30:03.539+08:00
2025-05-09 18:30:03,539 - INFO - 生成的签名: 296917ece0b66dc7fa7e28fb6f7b9c1f71566049ea38c7e786891803d6586a8f
2025-05-09 18:30:03,539 - INFO - 请求头: {'Content-Type': 'application/json; charset=utf-8', 'X-AGENT-ID': '600008', 'X-TIMESTAMP': '2025-05-09T18:30:03.539+08:00', 'X-SIGNATURE': '296917ece0b66dc7fa7e28fb6f7b9c1f71566049ea38c7e786891803d6586a8f', 'Host': 'balitax-test.com'}
2025-05-09 18:30:04,259 - INFO - 响应: {'requestId': '1746786604383', 'errCode': '0', 'errCodeDes': None, 'merchantId': '600008M0000001', 'merchantName': '蜜雪冰城', 'paymentType': 'StaticMandiriVA', 'amount': 0.01, 'incomeOrderNo': '202505090000000001', 'agentOrderNo': 'AgentOrderNo202505098', 'payOrderNo': 'PayOrder202505098', 'sourceAgentOrderNo': '', 'productName': 'product 1'}
2025-05-09 18:30:10,114 - INFO - agent_no: 600008, company_name: tax_agent001@linshiyou.com, secret_key: 720256b9115d72e292db88750e3811316c96536ff3527d7b3b7546e35170c3f0
2025-05-09 18:30:10,115 - INFO - 压缩后的JSON payload: {"merchantId":"600008M0001001","paymentType":"StaticMandiriVA","amount":"0.01","agentOrderNo":"AgentOrderNo202505098","payOrderNo":"PayOrder202505098","sourceAgentOrderNo":"","productName":"product 1","requestId":"1"}
2025-05-09 18:30:10,115 - INFO - 加密后的JSON payload: 6df6460b08b29815c1dbfad7b152a58331c755d9b16aa581466854694de78505
2025-05-09 18:30:10,115 - INFO - 原始请求字符串: POST:/v1.0/declaration/create:6df6460b08b29815c1dbfad7b152a58331c755d9b16aa581466854694de78505:2025-05-09T18:30:10.115+08:00
2025-05-09 18:30:10,115 - INFO - 生成的签名: 7a6e9a1a1b1def72472b1bd78110327e941834f29140a729f230baec5be04099
2025-05-09 18:30:10,115 - INFO - 请求头: {'Content-Type': 'application/json; charset=utf-8', 'X-AGENT-ID': '600008', 'X-TIMESTAMP': '2025-05-09T18:30:10.115+08:00', 'X-SIGNATURE': '7a6e9a1a1b1def72472b1bd78110327e941834f29140a729f230baec5be04099', 'Host': 'balitax-test.com'}
2025-05-09 18:30:10,166 - INFO - 响应: {'requestId': '1746786610374', 'errCode': 'merchantInvalid', 'errCodeDes': 'Illegal merchants'}
2025-05-09 18:38:35,448 - INFO - agent_no: 600008, company_name: tax_agent001@linshiyou.com, secret_key: 720256b9115d72e292db88750e3811316c96536ff3527d7b3b7546e35170c3f0
2025-05-09 18:38:35,448 - INFO - 压缩后的JSON payload: {"merchantId":"600008M0001002","paymentType":"StaticMandiriVA","amount":"0.01","agentOrderNo":"AgentOrderNo202505098","payOrderNo":"PayOrder202505098","sourceAgentOrderNo":"","productName":"product 1","requestId":"1"}
2025-05-09 18:38:35,448 - INFO - 加密后的JSON payload: 2246ca1f527e3f4e74f8c3102c5eee0b62e50cbdd4aacdd3c5b7400f2bcb1053
2025-05-09 18:38:35,448 - INFO - 原始请求字符串: POST:/v1.0/declaration/create:2246ca1f527e3f4e74f8c3102c5eee0b62e50cbdd4aacdd3c5b7400f2bcb1053:2025-05-09T18:38:35.448+08:00
2025-05-09 18:38:35,449 - INFO - 生成的签名: 4b4f6a2627b8654c7f1063d6953eb0e680b688a31546a854e453f1934f693dfa
2025-05-09 18:38:35,449 - INFO - 请求头: {'Content-Type': 'application/json; charset=utf-8', 'X-AGENT-ID': '600008', 'X-TIMESTAMP': '2025-05-09T18:38:35.448+08:00', 'X-SIGNATURE': '4b4f6a2627b8654c7f1063d6953eb0e680b688a31546a854e453f1934f693dfa', 'Host': 'balitax-test.com'}
2025-05-09 18:38:35,559 - INFO - 响应: {'requestId': '1746787115778', 'errCode': 'merchantInvalid', 'errCodeDes': 'Illegal merchants'}
2025-05-12 16:44:49,169 - INFO - agent_no: 600008, company_name: tax_agent001@linshiyou.com, secret_key: 720256b9115d72e292db88750e3811316c96536ff3527d7b3b7546e35170c3f0
2025-05-12 16:44:49,170 - INFO - 压缩后的JSON payload: {"merchantId":"600008M0001002","paymentType":"StaticMandiriVA","amount":"0.01","agentOrderNo":"AgentOrderNo202505129","payOrderNo":"PayOrder202505129","sourceAgentOrderNo":"","productName":"product 1","requestId":"1"}
2025-05-12 16:44:49,171 - INFO - 加密后的JSON payload: 6cef908ad76f7cd9ca9e71e0dc526024d050756b2caeb4eca9e5dd2034e31a97
2025-05-12 16:44:49,171 - INFO - 原始请求字符串: POST:/v1.0/declaration/create:6cef908ad76f7cd9ca9e71e0dc526024d050756b2caeb4eca9e5dd2034e31a97:2025-05-12T16:44:49.171+08:00
2025-05-12 16:44:49,171 - INFO - 生成的签名: 44c153040fb187ec84067930ad011340c6bc8e7d93112bf39c5db73d9d056746
2025-05-12 16:44:49,171 - INFO - 请求头: {'Content-Type': 'application/json; charset=utf-8', 'X-AGENT-ID': '600008', 'X-TIMESTAMP': '2025-05-12T16:44:49.169+08:00', 'X-SIGNATURE': '44c153040fb187ec84067930ad011340c6bc8e7d93112bf39c5db73d9d056746', 'Host': 'balitax-test.com'}
2025-05-12 16:44:50,061 - INFO - 响应: {'requestId': '1747039490443', 'errCode': 'signError', 'errCodeDes': 'Signature error'}
2025-05-12 16:44:54,327 - INFO - agent_no: 600008, company_name: tax_agent001@linshiyou.com, secret_key: 720256b9115d72e292db88750e3811316c96536ff3527d7b3b7546e35170c3f0
2025-05-12 16:44:54,328 - INFO - 压缩后的JSON payload: {"merchantId":"600008M0001002","paymentType":"StaticMandiriVA","amount":"0.01","agentOrderNo":"AgentOrderNo202505129","payOrderNo":"PayOrder202505129","sourceAgentOrderNo":"","productName":"product 1","requestId":"1"}
2025-05-12 16:44:54,328 - INFO - 加密后的JSON payload: 6cef908ad76f7cd9ca9e71e0dc526024d050756b2caeb4eca9e5dd2034e31a97
2025-05-12 16:44:54,328 - INFO - 原始请求字符串: POST:/v1.0/declaration/create:6cef908ad76f7cd9ca9e71e0dc526024d050756b2caeb4eca9e5dd2034e31a97:2025-05-12T16:44:54.328+08:00
2025-05-12 16:44:54,328 - INFO - 生成的签名: 01b931649f3dbfcb2d56a0fa14e7231438bccc99772e3b278888c8efc11ae926
2025-05-12 16:44:54,328 - INFO - 请求头: {'Content-Type': 'application/json; charset=utf-8', 'X-AGENT-ID': '600008', 'X-TIMESTAMP': '2025-05-12T16:44:54.328+08:00', 'X-SIGNATURE': '01b931649f3dbfcb2d56a0fa14e7231438bccc99772e3b278888c8efc11ae926', 'Host': 'balitax-test.com'}
2025-05-12 16:44:54,630 - INFO - 响应: {'requestId': '1747039495174', 'errCode': 'merchantInvalid', 'errCodeDes': 'Illegal merchants'}
2025-05-12 16:45:03,588 - INFO - agent_no: 600008, company_name: tax_agent001@linshiyou.com, secret_key: 720256b9115d72e292db88750e3811316c96536ff3527d7b3b7546e35170c3f0
2025-05-12 16:45:03,589 - INFO - 压缩后的JSON payload: {"merchantId":"600008M0000002","paymentType":"StaticMandiriVA","amount":"0.01","agentOrderNo":"AgentOrderNo202505129","payOrderNo":"PayOrder202505129","sourceAgentOrderNo":"","productName":"product 1","requestId":"1"}
2025-05-12 16:45:03,589 - INFO - 加密后的JSON payload: f777f00b125f41ad376d4a8af14eb782c903e55030d369ab0c67160b1d4167b2
2025-05-12 16:45:03,589 - INFO - 原始请求字符串: POST:/v1.0/declaration/create:f777f00b125f41ad376d4a8af14eb782c903e55030d369ab0c67160b1d4167b2:2025-05-12T16:45:03.589+08:00
2025-05-12 16:45:03,589 - INFO - 生成的签名: 0c1a2a7c8e978f505daa8a8e7d4aa185e7c24105545bd9c6787458b1699fea90
2025-05-12 16:45:03,589 - INFO - 请求头: {'Content-Type': 'application/json; charset=utf-8', 'X-AGENT-ID': '600008', 'X-TIMESTAMP': '2025-05-12T16:45:03.589+08:00', 'X-SIGNATURE': '0c1a2a7c8e978f505daa8a8e7d4aa185e7c24105545bd9c6787458b1699fea90', 'Host': 'balitax-test.com'}
2025-05-12 16:45:04,057 - INFO - 响应: {'requestId': '1747039504547', 'errCode': '0', 'errCodeDes': None, 'merchantId': '600008M0000002', 'merchantName': '上海少妇', 'paymentType': 'StaticMandiriVA', 'amount': 0.01, 'incomeOrderNo': '202505120000000001', 'agentOrderNo': 'AgentOrderNo202505129', 'payOrderNo': 'PayOrder202505129', 'sourceAgentOrderNo': '', 'productName': 'product 1'}
2025-05-12 17:36:30,296 - INFO - agent_no: 600008, company_name: tax_agent001@linshiyou.com, secret_key: 720256b9115d72e292db88750e3811316c96536ff3527d7b3b7546e35170c3f0
2025-05-12 17:36:30,297 - INFO - 压缩后的JSON payload: {"merchantId":"600008M0000002","paymentType":"StaticMandiriVA","amount":"0.01","agentOrderNo":"AgentOrderNo2025051210","payOrderNo":"PayOrder2025051210","sourceAgentOrderNo":"","productName":"Cheyenne Cook","requestId":"1"}
2025-05-12 17:36:30,297 - INFO - 加密后的JSON payload: 7dfee6ae728b75d44cb6ae9ef76f6ed6f69c8995d53e14871833a9159d4eeb13
2025-05-12 17:36:30,297 - INFO - 原始请求字符串: POST:/v1.0/declaration/create:7dfee6ae728b75d44cb6ae9ef76f6ed6f69c8995d53e14871833a9159d4eeb13:2025-05-12T17:36:30.297+08:00
2025-05-12 17:36:30,297 - INFO - 生成的签名: edf8f8ad26646c1ed197883b062c22d77c0b9b3f4d2ee63d5325fcdea770e7af
2025-05-12 17:36:30,297 - INFO - 请求头: {'Content-Type': 'application/json; charset=utf-8', 'X-AGENT-ID': '600008', 'X-TIMESTAMP': '2025-05-12T17:36:30.297+08:00', 'X-SIGNATURE': 'edf8f8ad26646c1ed197883b062c22d77c0b9b3f4d2ee63d5325fcdea770e7af', 'Host': 'balitax-test.com'}
2025-05-12 17:36:30,468 - INFO - 响应: {'requestId': '1747042591006', 'errCode': '0', 'errCodeDes': None, 'merchantId': '600008M0000002', 'merchantName': '上海少妇', 'paymentType': 'StaticMandiriVA', 'amount': 0.01, 'incomeOrderNo': '202505120000000002', 'agentOrderNo': 'AgentOrderNo2025051210', 'payOrderNo': 'PayOrder2025051210', 'sourceAgentOrderNo': '', 'productName': 'Cheyenne Cook'}
2025-05-13 16:28:06,902 - INFO - agent_no: 600008, company_name: tax_agent001@linshiyou.com, secret_key: 720256b9115d72e292db88750e3811316c96536ff3527d7b3b7546e35170c3f0
2025-05-13 16:28:06,903 - INFO - 压缩后的JSON payload: {"merchantId":"600008M0000002","paymentType":"StaticMandiriVA","amount":"0.01","agentOrderNo":"AgentOrderNo2025051310","payOrderNo":"PayOrder2025051310","sourceAgentOrderNo":"","productName":"Terrance Vargas","requestId":"1"}
2025-05-13 16:28:06,903 - INFO - 加密后的JSON payload: 403cc983ec03b03ee90d8160c786e197f4e68a81cac93eb1e907ca5d03024a15
2025-05-13 16:28:06,903 - INFO - 原始请求字符串: POST:/v1.0/declaration/create:403cc983ec03b03ee90d8160c786e197f4e68a81cac93eb1e907ca5d03024a15:2025-05-13T16:28:06.903+08:00
2025-05-13 16:28:06,904 - INFO - 生成的签名: e573fb88797b86b500b18183e1026c8605b37d63bd5338089a42f5658d4abd17
2025-05-13 16:28:06,904 - INFO - 请求头: {'Content-Type': 'application/json; charset=utf-8', 'X-AGENT-ID': '600008', 'X-TIMESTAMP': '2025-05-13T16:28:06.903+08:00', 'X-SIGNATURE': 'e573fb88797b86b500b18183e1026c8605b37d63bd5338089a42f5658d4abd17', 'Host': 'balitax-test.com'}
2025-05-13 16:28:07,057 - INFO - 响应: {'requestId': '1747124888212', 'errCode': 'agentInvalid', 'errCodeDes': 'Illegal agents'}
2025-05-13 16:28:12,849 - INFO - agent_no: 600008, company_name: tax_agent001@linshiyou.com, secret_key: 720256b9115d72e292db88750e3811316c96536ff3527d7b3b7546e35170c3f0
2025-05-13 16:28:12,849 - INFO - 压缩后的JSON payload: {"merchantId":"600008M0000002","paymentType":"StaticMandiriVA","amount":"0.01","agentOrderNo":"AgentOrderNo2025051310","payOrderNo":"PayOrder2025051310","sourceAgentOrderNo":"","productName":"Jill Snyder","requestId":"1"}
2025-05-13 16:28:12,849 - INFO - 加密后的JSON payload: c5bafc2a98b248bfc26bcec9ed7eec57177ffdda95ea2b916fe633a52a199eeb
2025-05-13 16:28:12,849 - INFO - 原始请求字符串: POST:/v1.0/declaration/create:c5bafc2a98b248bfc26bcec9ed7eec57177ffdda95ea2b916fe633a52a199eeb:2025-05-13T16:28:12.849+08:00
2025-05-13 16:28:12,849 - INFO - 生成的签名: a5122e600d1f6d79fc3ba7d2b35cbd59bf8a13a1a2084739e2af11f4694de4f6
2025-05-13 16:28:12,850 - INFO - 请求头: {'Content-Type': 'application/json; charset=utf-8', 'X-AGENT-ID': '600008', 'X-TIMESTAMP': '2025-05-13T16:28:12.849+08:00', 'X-SIGNATURE': 'a5122e600d1f6d79fc3ba7d2b35cbd59bf8a13a1a2084739e2af11f4694de4f6', 'Host': 'balitax-test.com'}
2025-05-13 16:28:12,909 - INFO - 响应: {'requestId': '1747124894097', 'errCode': 'agentInvalid', 'errCodeDes': 'Illegal agents'}
2025-05-13 18:03:49,704 - INFO - agent_no: 600008, company_name: tax_agent001@linshiyou.com, secret_key: 720256b9115d72e292db88750e3811316c96536ff3527d7b3b7546e35170c3f0
2025-05-13 18:03:49,704 - INFO - 压缩后的JSON payload: {"merchantId":"600008M0000002","paymentType":"StaticMandiriVA","amount":"0.01","agentOrderNo":"AgentOrderNo2025051310","payOrderNo":"PayOrder2025051310","sourceAgentOrderNo":"","productName":"April Padilla","requestId":"1"}
2025-05-13 18:03:49,705 - INFO - 加密后的JSON payload: 3fe01bf149d007230c28a0406dea9c6cbdde0d283c05cf6f2919ee9cd08ed1a9
2025-05-13 18:03:49,705 - INFO - 原始请求字符串: POST:/v1.0/declaration/create:3fe01bf149d007230c28a0406dea9c6cbdde0d283c05cf6f2919ee9cd08ed1a9:2025-05-13T18:03:49.705+08:00
2025-05-13 18:03:49,706 - INFO - 生成的签名: e461a1fb1c285e63dab55ce47182b1ef8bb082e6b210723ae04814edd62c0e07
2025-05-13 18:03:49,706 - INFO - 请求头: {'Content-Type': 'application/json; charset=utf-8', 'X-AGENT-ID': '600008', 'X-TIMESTAMP': '2025-05-13T18:03:49.704+08:00', 'X-SIGNATURE': 'e461a1fb1c285e63dab55ce47182b1ef8bb082e6b210723ae04814edd62c0e07', 'Host': 'balitax-test.com'}
2025-05-13 18:03:49,789 - INFO - 响应: {'requestId': '1747130631022', 'errCode': 'signError', 'errCodeDes': 'Signature error'}
2025-05-13 18:03:53,311 - INFO - agent_no: 600008, company_name: tax_agent001@linshiyou.com, secret_key: 720256b9115d72e292db88750e3811316c96536ff3527d7b3b7546e35170c3f0
2025-05-13 18:03:53,311 - INFO - 压缩后的JSON payload: {"merchantId":"600008M0000002","paymentType":"StaticMandiriVA","amount":"0.01","agentOrderNo":"AgentOrderNo2025051310","payOrderNo":"PayOrder2025051310","sourceAgentOrderNo":"","productName":"Beth Petersen","requestId":"1"}
2025-05-13 18:03:53,311 - INFO - 加密后的JSON payload: 7bb7362c310ac0e4cbc2c449d890ec9ca8aa4eb3f099d17c472c8fa3deafc487
2025-05-13 18:03:53,311 - INFO - 原始请求字符串: POST:/v1.0/declaration/create:7bb7362c310ac0e4cbc2c449d890ec9ca8aa4eb3f099d17c472c8fa3deafc487:2025-05-13T18:03:53.311+08:00
2025-05-13 18:03:53,311 - INFO - 生成的签名: cad61ca7d2748e97119cd5b0fd32c2b65c8a28bcbbcb212b7b5fbebd8243a831
2025-05-13 18:03:53,311 - INFO - 请求头: {'Content-Type': 'application/json; charset=utf-8', 'X-AGENT-ID': '600008', 'X-TIMESTAMP': '2025-05-13T18:03:53.311+08:00', 'X-SIGNATURE': 'cad61ca7d2748e97119cd5b0fd32c2b65c8a28bcbbcb212b7b5fbebd8243a831', 'Host': 'balitax-test.com'}
2025-05-13 18:03:53,514 - INFO - 响应: {'requestId': '1747130634695', 'errCode': '0', 'errCodeDes': None, 'merchantId': '600008M0000002', 'merchantName': '上海少妇', 'paymentType': 'StaticMandiriVA', 'amount': 0.01, 'incomeOrderNo': '202505130000000001', 'agentOrderNo': 'AgentOrderNo2025051310', 'payOrderNo': 'PayOrder2025051310', 'sourceAgentOrderNo': '', 'productName': 'Beth Petersen'}
2025-05-13 18:04:40,260 - INFO - agent_no: 600008, company_name: tax_agent001@linshiyou.com, secret_key: 720256b9115d72e292db88750e3811316c96536ff3527d7b3b7546e35170c3f0
2025-05-13 18:04:40,261 - INFO - 压缩后的JSON payload: {"merchantId":"600008M0000002","paymentType":"StaticMandiriVA","amount":"0.01","agentOrderNo":"AgentOrderNo2025051310","payOrderNo":"PayOrder2025051310","sourceAgentOrderNo":"","productName":"Ryan Bowen","requestId":"1"}
2025-05-13 18:04:40,261 - INFO - 加密后的JSON payload: cf2f7e2d6bb1ee71bcc0b4f19d3e648e69ac52ab69be729c11906339a804a773
2025-05-13 18:04:40,261 - INFO - 原始请求字符串: POST:/v1.0/declaration/create:cf2f7e2d6bb1ee71bcc0b4f19d3e648e69ac52ab69be729c11906339a804a773:2025-05-13T18:04:40.261+08:00
2025-05-13 18:04:40,261 - INFO - 生成的签名: 80dcde24a1cdeab14add6134292d49dca83c2a5d909d5c99b0e7e2c20043c94b
2025-05-13 18:04:40,261 - INFO - 请求头: {'Content-Type': 'application/json; charset=utf-8', 'X-AGENT-ID': '600008', 'X-TIMESTAMP': '2025-05-13T18:04:40.260+08:00', 'X-SIGNATURE': '80dcde24a1cdeab14add6134292d49dca83c2a5d909d5c99b0e7e2c20043c94b', 'Host': 'balitax-test.com'}
2025-05-13 18:04:40,291 - INFO - 响应: {'requestId': '1747130681528', 'errCode': 'signError', 'errCodeDes': 'Signature error'}
2025-05-13 18:04:47,812 - INFO - agent_no: 600008, company_name: tax_agent001@linshiyou.com, secret_key: 720256b9115d72e292db88750e3811316c96536ff3527d7b3b7546e35170c3f0
2025-05-13 18:04:47,813 - INFO - 压缩后的JSON payload: {"merchantId":"600008M0000002","paymentType":"StaticMandiriVA","amount":"0.01","agentOrderNo":"AgentOrderNo2025051311","payOrderNo":"PayOrder2025051311","sourceAgentOrderNo":"","productName":"Brianna Rodriguez","requestId":"1"}
2025-05-13 18:04:47,813 - INFO - 加密后的JSON payload: 070ab8c83057467e23c6061011d7e079dcda461d1a6092023b862f2472526aeb
2025-05-13 18:04:47,813 - INFO - 原始请求字符串: POST:/v1.0/declaration/create:070ab8c83057467e23c6061011d7e079dcda461d1a6092023b862f2472526aeb:2025-05-13T18:04:47.813+08:00
2025-05-13 18:04:47,813 - INFO - 生成的签名: 202470f1cc2d587fba2ee164ffe5d4d11bfd2c2660b3cb3ceb17d47c9b364364
2025-05-13 18:04:47,814 - INFO - 请求头: {'Content-Type': 'application/json; charset=utf-8', 'X-AGENT-ID': '600008', 'X-TIMESTAMP': '2025-05-13T18:04:47.813+08:00', 'X-SIGNATURE': '202470f1cc2d587fba2ee164ffe5d4d11bfd2c2660b3cb3ceb17d47c9b364364', 'Host': 'balitax-test.com'}
2025-05-13 18:04:47,854 - INFO - 响应: {'requestId': '1747130689092', 'errCode': 'agentInvalid', 'errCodeDes': 'Illegal agents'}
2025-05-13 18:06:55,506 - INFO - agent_no: 600008, company_name: tax_agent001@linshiyou.com, secret_key: 720256b9115d72e292db88750e3811316c96536ff3527d7b3b7546e35170c3f0
2025-05-13 18:06:55,507 - INFO - 压缩后的JSON payload: {"merchantId":"600008M0000002","paymentType":"StaticMandiriVA","amount":"0.01","agentOrderNo":"AgentOrderNo2025051311","payOrderNo":"PayOrder2025051311","sourceAgentOrderNo":"","productName":"Gerald Williams","requestId":"1"}
2025-05-13 18:06:55,507 - INFO - 加密后的JSON payload: dcc22c26d08c84c668f992f17fab999c743ff2f7b48612727d4c2592df54721b
2025-05-13 18:06:55,507 - INFO - 原始请求字符串: POST:/v1.0/declaration/create:dcc22c26d08c84c668f992f17fab999c743ff2f7b48612727d4c2592df54721b:2025-05-13T18:06:55.507+08:00
2025-05-13 18:06:55,507 - INFO - 生成的签名: 439165dd935f96a8aa8809d62e8e43efd5d27bf6efae4467a2d6468fc8f2a48a
2025-05-13 18:06:55,507 - INFO - 请求头: {'Content-Type': 'application/json; charset=utf-8', 'X-AGENT-ID': '600008', 'X-TIMESTAMP': '2025-05-13T18:06:55.507+08:00', 'X-SIGNATURE': '439165dd935f96a8aa8809d62e8e43efd5d27bf6efae4467a2d6468fc8f2a48a', 'Host': 'balitax-test.com'}
2025-05-13 18:06:55,610 - INFO - 响应: {'requestId': '1747130816848', 'errCode': 'agentInvalid', 'errCodeDes': 'Illegal agents'}
2025-05-13 18:06:57,898 - INFO - agent_no: 600008, company_name: tax_agent001@linshiyou.com, secret_key: 720256b9115d72e292db88750e3811316c96536ff3527d7b3b7546e35170c3f0
2025-05-13 18:06:57,899 - INFO - 压缩后的JSON payload: {"merchantId":"600008M0000002","paymentType":"StaticMandiriVA","amount":"0.01","agentOrderNo":"AgentOrderNo2025051311","payOrderNo":"PayOrder2025051311","sourceAgentOrderNo":"","productName":"Kari Keith","requestId":"1"}
2025-05-13 18:06:57,899 - INFO - 加密后的JSON payload: 18fa5ff8289acabe8d2cda231d121fb6ec84a1ddbfcbc087d241dcdadf3a60ac
2025-05-13 18:06:57,899 - INFO - 原始请求字符串: POST:/v1.0/declaration/create:18fa5ff8289acabe8d2cda231d121fb6ec84a1ddbfcbc087d241dcdadf3a60ac:2025-05-13T18:06:57.899+08:00
2025-05-13 18:06:57,899 - INFO - 生成的签名: 66b2355dce7588f5bf98973f5d92787a323fe20cd1cdc07883875b47d03f1a92
2025-05-13 18:06:57,899 - INFO - 请求头: {'Content-Type': 'application/json; charset=utf-8', 'X-AGENT-ID': '600008', 'X-TIMESTAMP': '2025-05-13T18:06:57.899+08:00', 'X-SIGNATURE': '66b2355dce7588f5bf98973f5d92787a323fe20cd1cdc07883875b47d03f1a92', 'Host': 'balitax-test.com'}
2025-05-13 18:06:57,928 - INFO - 响应: {'requestId': '1747130819167', 'errCode': 'agentInvalid', 'errCodeDes': 'Illegal agents'}
2025-05-14 15:07:11,635 - INFO - agent_no: 600008, company_name: tax_agent001@linshiyou.com, secret_key: 720256b9115d72e292db88750e3811316c96536ff3527d7b3b7546e35170c3f0
2025-05-14 15:07:11,636 - INFO - 压缩后的JSON payload: {"merchantId":"600008M0000002","paymentType":"StaticMandiriVA","amount":"0.01","agentOrderNo":"AgentOrderNo2025051411","payOrderNo":"PayOrder2025051411","sourceAgentOrderNo":"","productName":"Shawn Chan","requestId":"1"}
2025-05-14 15:07:11,637 - INFO - 加密后的JSON payload: 6b64e9bc8a15805fc62be66a27d7bbd45c51d2b93d392e4ea39a7590382bf436
2025-05-14 15:07:11,637 - INFO - 原始请求字符串: POST:/v1.0/declaration/create:6b64e9bc8a15805fc62be66a27d7bbd45c51d2b93d392e4ea39a7590382bf436:2025-05-14T15:07:11.637+08:00
2025-05-14 15:07:11,637 - INFO - 生成的签名: f17e2e49678fc9d556eeb90416b2d4c7f79b382149df5cda3dac63663af4a910
2025-05-14 15:07:11,637 - INFO - 请求头: {'Content-Type': 'application/json; charset=utf-8', 'X-AGENT-ID': '600008', 'X-TIMESTAMP': '2025-05-14T15:07:11.636+08:00', 'X-SIGNATURE': 'f17e2e49678fc9d556eeb90416b2d4c7f79b382149df5cda3dac63663af4a910', 'Host': 'balitax-test.com'}
2025-05-14 15:07:11,717 - INFO - 响应: {'requestId': '1747206433402', 'errCode': 'signError', 'errCodeDes': 'Signature error'}
2025-05-14 15:07:15,925 - INFO - agent_no: 600008, company_name: tax_agent001@linshiyou.com, secret_key: 720256b9115d72e292db88750e3811316c96536ff3527d7b3b7546e35170c3f0
2025-05-14 15:07:15,926 - INFO - 压缩后的JSON payload: {"merchantId":"600008M0000002","paymentType":"StaticMandiriVA","amount":"0.01","agentOrderNo":"AgentOrderNo2025051411","payOrderNo":"PayOrder2025051411","sourceAgentOrderNo":"","productName":"Andrea Owen","requestId":"1"}
2025-05-14 15:07:15,926 - INFO - 加密后的JSON payload: e90a253efbb40133e437d45f154e7b28c1fc646e36703497c9301efe4babc091
2025-05-14 15:07:15,926 - INFO - 原始请求字符串: POST:/v1.0/declaration/create:e90a253efbb40133e437d45f154e7b28c1fc646e36703497c9301efe4babc091:2025-05-14T15:07:15.926+08:00
2025-05-14 15:07:15,926 - INFO - 生成的签名: 192387b689167d84f9807e0b666cfcb881ba7754af363ba89533909fa48fe06d
2025-05-14 15:07:15,926 - INFO - 请求头: {'Content-Type': 'application/json; charset=utf-8', 'X-AGENT-ID': '600008', 'X-TIMESTAMP': '2025-05-14T15:07:15.926+08:00', 'X-SIGNATURE': '192387b689167d84f9807e0b666cfcb881ba7754af363ba89533909fa48fe06d', 'Host': 'balitax-test.com'}
2025-05-14 15:07:16,211 - INFO - 响应: {'requestId': '1747206437728', 'errCode': '0', 'errCodeDes': None, 'merchantId': '600008M0000002', 'merchantName': '上海少妇', 'paymentType': 'StaticMandiriVA', 'amount': 0.01, 'incomeOrderNo': '202505140000000001', 'agentOrderNo': 'AgentOrderNo2025051411', 'payOrderNo': 'PayOrder2025051411', 'sourceAgentOrderNo': '', 'productName': 'Andrea Owen'}
2025-05-14 15:08:34,133 - INFO - agent_no: 600008, company_name: tax_agent001@linshiyou.com, secret_key: 720256b9115d72e292db88750e3811316c96536ff3527d7b3b7546e35170c3f0
2025-05-14 15:08:34,133 - INFO - 压缩后的JSON payload: {"merchantId":"600008M0000002","paymentType":"StaticMandiriVA","amount":"0.01","agentOrderNo":"AgentOrderNo2025051411","payOrderNo":"PayOrder2025051411","sourceAgentOrderNo":"","productName":"Lisa Jackson","requestId":"1"}
2025-05-14 15:08:34,133 - INFO - 加密后的JSON payload: fd382ab13908d89ad43a152852539c1765eab743a10cdbbd6accca430c0dfc32
2025-05-14 15:08:34,133 - INFO - 原始请求字符串: POST:/v1.0/declaration/create:fd382ab13908d89ad43a152852539c1765eab743a10cdbbd6accca430c0dfc32:2025-05-14T15:08:34.133+08:00
2025-05-14 15:08:34,134 - INFO - 生成的签名: 9f92b381030bff3337489237599727ca7a7dec3e25548b5d70781cf9d4491acc
2025-05-14 15:08:34,134 - INFO - 请求头: {'Content-Type': 'application/json; charset=utf-8', 'X-AGENT-ID': '600008', 'X-TIMESTAMP': '2025-05-14T15:08:34.133+08:00', 'X-SIGNATURE': '9f92b381030bff3337489237599727ca7a7dec3e25548b5d70781cf9d4491acc', 'Host': 'balitax-test.com'}
2025-05-14 15:08:34,219 - INFO - 响应: {'requestId': '1747206515916', 'errCode': 'duplicateAgentOrderNo', 'errCodeDes': 'The agent order number is duplicated'}
2025-05-14 15:08:45,052 - INFO - agent_no: 600008, company_name: tax_agent001@linshiyou.com, secret_key: 720256b9115d72e292db88750e3811316c96536ff3527d7b3b7546e35170c3f0
2025-05-14 15:08:45,053 - INFO - 压缩后的JSON payload: {"merchantId":"600008M0000002","paymentType":"StaticMandiriVA","amount":"0.01","agentOrderNo":"AgentOrderNo2025051412","payOrderNo":"PayOrder2025051412","sourceAgentOrderNo":"","productName":"Stuart Owens","requestId":"1"}
2025-05-14 15:08:45,053 - INFO - 加密后的JSON payload: a5baf68dddb230586397e2cd0ad7609aa765490461a7faef5690bfcec197da23
2025-05-14 15:08:45,053 - INFO - 原始请求字符串: POST:/v1.0/declaration/create:a5baf68dddb230586397e2cd0ad7609aa765490461a7faef5690bfcec197da23:2025-05-14T15:08:45.053+08:00
2025-05-14 15:08:45,053 - INFO - 生成的签名: c632363b8ff62e14461d63993af711d3a853f623274bb649a7b0722c4a2e274a
2025-05-14 15:08:45,053 - INFO - 请求头: {'Content-Type': 'application/json; charset=utf-8', 'X-AGENT-ID': '600008', 'X-TIMESTAMP': '2025-05-14T15:08:45.053+08:00', 'X-SIGNATURE': 'c632363b8ff62e14461d63993af711d3a853f623274bb649a7b0722c4a2e274a', 'Host': 'balitax-test.com'}
2025-05-14 15:08:45,208 - INFO - 响应: {'requestId': '1747206526814', 'errCode': '0', 'errCodeDes': None, 'merchantId': '600008M0000002', 'merchantName': '上海少妇', 'paymentType': 'StaticMandiriVA', 'amount': 0.01, 'incomeOrderNo': '202505140000000002', 'agentOrderNo': 'AgentOrderNo2025051412', 'payOrderNo': 'PayOrder2025051412', 'sourceAgentOrderNo': '', 'productName': 'Stuart Owens'}
2025-05-14 15:17:08,283 - INFO - agent_no: 600009, company_name: tax_agent002@linshiyou.com, secret_key: 22d003a4cf670b4f6c6593c9dc1470dac00bf94e0ad5dc3944e1c1ab446819f2
2025-05-14 15:17:08,284 - INFO - 压缩后的JSON payload: {"merchantId":"600008M0000002","paymentType":"StaticMandiriVA","amount":"0.01","agentOrderNo":"AgentOrderNo2025051412","payOrderNo":"PayOrder2025051412","sourceAgentOrderNo":"","productName":"Michael Taylor","requestId":"1"}
2025-05-14 15:17:08,284 - INFO - 加密后的JSON payload: 4c720aa62adc6553faaeca599a8aef114876d2529fc6bdaaa653683239b085c4
2025-05-14 15:17:08,284 - INFO - 原始请求字符串: POST:/v1.0/declaration/create:4c720aa62adc6553faaeca599a8aef114876d2529fc6bdaaa653683239b085c4:2025-05-14T15:17:08.284+08:00
2025-05-14 15:17:08,284 - INFO - 生成的签名: ce88e7157cbc5c32d8626187b92b4451bf5f68f6e164200f1dcf69daef0e276c
2025-05-14 15:17:08,284 - INFO - 请求头: {'Content-Type': 'application/json; charset=utf-8', 'X-AGENT-ID': '600009', 'X-TIMESTAMP': '2025-05-14T15:17:08.284+08:00', 'X-SIGNATURE': 'ce88e7157cbc5c32d8626187b92b4451bf5f68f6e164200f1dcf69daef0e276c', 'Host': 'balitax-test.com'}
2025-05-14 15:17:08,375 - INFO - 响应: {'requestId': '1747207030068', 'errCode': 'merchantInvalid', 'errCodeDes': 'Illegal merchants'}
2025-05-14 15:22:58,729 - INFO - agent_no: 600009, company_name: tax_agent002@linshiyou.com, secret_key: 22d003a4cf670b4f6c6593c9dc1470dac00bf94e0ad5dc3944e1c1ab446819f2
2025-05-14 15:22:58,731 - INFO - 压缩后的JSON payload: {"merchantId":"600008M0000002","paymentType":"StaticMandiriVA","amount":"0.01","agentOrderNo":"AgentOrderNo2025051412","payOrderNo":"PayOrder2025051412","sourceAgentOrderNo":"","productName":"Sarah Leon","requestId":"1"}
2025-05-14 15:22:58,731 - INFO - 加密后的JSON payload: 4a0be5857570e4386fb59e123920c42e8c8d9657e13db1b2ad6e4ff56fdbedf2
2025-05-14 15:22:58,732 - INFO - 原始请求字符串: POST:/v1.0/declaration/create:4a0be5857570e4386fb59e123920c42e8c8d9657e13db1b2ad6e4ff56fdbedf2:2025-05-14T15:22:58.731+08:00
2025-05-14 15:22:58,732 - INFO - 生成的签名: 9883ccd0a0da511bdc3397bf4d2eb371ad842fa8aab23b3e5227d8e701a81a61
2025-05-14 15:22:58,732 - INFO - 请求头: {'Content-Type': 'application/json; charset=utf-8', 'X-AGENT-ID': '600009', 'X-TIMESTAMP': '2025-05-14T15:22:58.731+08:00', 'X-SIGNATURE': '9883ccd0a0da511bdc3397bf4d2eb371ad842fa8aab23b3e5227d8e701a81a61', 'Host': 'balitax-test.com'}
2025-05-14 15:22:58,819 - INFO - 响应: {'requestId': '1747207380522', 'errCode': 'merchantInvalid', 'errCodeDes': 'Illegal merchants'}
2025-05-14 15:23:15,024 - INFO - agent_no: 600009, company_name: tax_agent002@linshiyou.com, secret_key: 22d003a4cf670b4f6c6593c9dc1470dac00bf94e0ad5dc3944e1c1ab446819f2
2025-05-14 15:23:15,025 - INFO - 压缩后的JSON payload: {"merchantId":"600009M0000002","paymentType":"StaticMandiriVA","amount":"0.01","agentOrderNo":"AgentOrderNo2025051412","payOrderNo":"PayOrder2025051412","sourceAgentOrderNo":"","productName":"Joseph Edwards","requestId":"1"}
2025-05-14 15:23:15,025 - INFO - 加密后的JSON payload: b9120daaf8081f599e04b1dc9db03453fbed2d33e380121aa5c2dae83eabcc49
2025-05-14 15:23:15,025 - INFO - 原始请求字符串: POST:/v1.0/declaration/create:b9120daaf8081f599e04b1dc9db03453fbed2d33e380121aa5c2dae83eabcc49:2025-05-14T15:23:15.025+08:00
2025-05-14 15:23:15,025 - INFO - 生成的签名: 9d381daf6088032e6e29d5b1c18a39bc86f5962ec5e553e856dd13c94454bdce
2025-05-14 15:23:15,025 - INFO - 请求头: {'Content-Type': 'application/json; charset=utf-8', 'X-AGENT-ID': '600009', 'X-TIMESTAMP': '2025-05-14T15:23:15.024+08:00', 'X-SIGNATURE': '9d381daf6088032e6e29d5b1c18a39bc86f5962ec5e553e856dd13c94454bdce', 'Host': 'balitax-test.com'}
2025-05-14 15:23:15,047 - INFO - 响应: {'requestId': '1747207396749', 'errCode': 'signError', 'errCodeDes': 'Signature error'}
2025-05-14 15:23:19,018 - INFO - agent_no: 600009, company_name: tax_agent002@linshiyou.com, secret_key: 22d003a4cf670b4f6c6593c9dc1470dac00bf94e0ad5dc3944e1c1ab446819f2
2025-05-14 15:23:19,019 - INFO - 压缩后的JSON payload: {"merchantId":"600009M0000002","paymentType":"StaticMandiriVA","amount":"0.01","agentOrderNo":"AgentOrderNo2025051412","payOrderNo":"PayOrder2025051412","sourceAgentOrderNo":"","productName":"Eddie Reyes","requestId":"1"}
2025-05-14 15:23:19,019 - INFO - 加密后的JSON payload: 422a2911d56928f2998e8fc66aef1b1a38ed3ba5880429205c73f8118e81afcc
2025-05-14 15:23:19,019 - INFO - 原始请求字符串: POST:/v1.0/declaration/create:422a2911d56928f2998e8fc66aef1b1a38ed3ba5880429205c73f8118e81afcc:2025-05-14T15:23:19.019+08:00
2025-05-14 15:23:19,019 - INFO - 生成的签名: 13500353b4d49e3b368264fbf2faff89bca310d366bd9111d06b92f86267ae18
2025-05-14 15:23:19,019 - INFO - 请求头: {'Content-Type': 'application/json; charset=utf-8', 'X-AGENT-ID': '600009', 'X-TIMESTAMP': '2025-05-14T15:23:19.019+08:00', 'X-SIGNATURE': '13500353b4d49e3b368264fbf2faff89bca310d366bd9111d06b92f86267ae18', 'Host': 'balitax-test.com'}
2025-05-14 15:23:19,054 - INFO - 响应: {'requestId': '1747207400759', 'errCode': 'merchantInvalid', 'errCodeDes': 'Illegal merchants'}
2025-05-14 15:23:24,605 - INFO - agent_no: 600009, company_name: tax_agent002@linshiyou.com, secret_key: 22d003a4cf670b4f6c6593c9dc1470dac00bf94e0ad5dc3944e1c1ab446819f2
2025-05-14 15:23:24,606 - INFO - 压缩后的JSON payload: {"merchantId":"600009M0000001","paymentType":"StaticMandiriVA","amount":"0.01","agentOrderNo":"AgentOrderNo2025051412","payOrderNo":"PayOrder2025051412","sourceAgentOrderNo":"","productName":"Taylor Fowler","requestId":"1"}
2025-05-14 15:23:24,606 - INFO - 加密后的JSON payload: cd694dc17c6ff5bb630baf05fb8e23e9e2d5e3d536638bbe9741a52615683bfe
2025-05-14 15:23:24,606 - INFO - 原始请求字符串: POST:/v1.0/declaration/create:cd694dc17c6ff5bb630baf05fb8e23e9e2d5e3d536638bbe9741a52615683bfe:2025-05-14T15:23:24.606+08:00
2025-05-14 15:23:24,606 - INFO - 生成的签名: 27aa3397ab7e8230daca8f0c6ef4b2d051bf3b227cfc1272f25ed4750caf5fdf
2025-05-14 15:23:24,606 - INFO - 请求头: {'Content-Type': 'application/json; charset=utf-8', 'X-AGENT-ID': '600009', 'X-TIMESTAMP': '2025-05-14T15:23:24.605+08:00', 'X-SIGNATURE': '27aa3397ab7e8230daca8f0c6ef4b2d051bf3b227cfc1272f25ed4750caf5fdf', 'Host': 'balitax-test.com'}
2025-05-14 15:23:24,623 - INFO - 响应: {'requestId': '1747207406329', 'errCode': 'signError', 'errCodeDes': 'Signature error'}
2025-05-14 15:23:27,320 - INFO - agent_no: 600009, company_name: tax_agent002@linshiyou.com, secret_key: 22d003a4cf670b4f6c6593c9dc1470dac00bf94e0ad5dc3944e1c1ab446819f2
2025-05-14 15:23:27,321 - INFO - 压缩后的JSON payload: {"merchantId":"600009M0000001","paymentType":"StaticMandiriVA","amount":"0.01","agentOrderNo":"AgentOrderNo2025051412","payOrderNo":"PayOrder2025051412","sourceAgentOrderNo":"","productName":"Nicole Wells","requestId":"1"}
2025-05-14 15:23:27,321 - INFO - 加密后的JSON payload: 5ff97ca2361aeb029512ac760002b1f0a123e915d7d2157ed90fe930813464e9
2025-05-14 15:23:27,321 - INFO - 原始请求字符串: POST:/v1.0/declaration/create:5ff97ca2361aeb029512ac760002b1f0a123e915d7d2157ed90fe930813464e9:2025-05-14T15:23:27.321+08:00
2025-05-14 15:23:27,321 - INFO - 生成的签名: e259c4c3717b6dd54001c40f91cfd66cf2c5cbf8a9ddd2104dba090e89cb9753
2025-05-14 15:23:27,321 - INFO - 请求头: {'Content-Type': 'application/json; charset=utf-8', 'X-AGENT-ID': '600009', 'X-TIMESTAMP': '2025-05-14T15:23:27.321+08:00', 'X-SIGNATURE': 'e259c4c3717b6dd54001c40f91cfd66cf2c5cbf8a9ddd2104dba090e89cb9753', 'Host': 'balitax-test.com'}
2025-05-14 15:23:27,356 - INFO - 响应: {'requestId': '1747207409061', 'errCode': 'merchantInvalid', 'errCodeDes': 'Illegal merchants'}
2025-05-14 15:25:00,062 - INFO - agent_no: 600009, company_name: tax_agent002@linshiyou.com, secret_key: 22d003a4cf670b4f6c6593c9dc1470dac00bf94e0ad5dc3944e1c1ab446819f2
2025-05-14 15:25:00,063 - INFO - 压缩后的JSON payload: {"merchantId":"600009M0000001","paymentType":"StaticMandiriVA","amount":"0.01","agentOrderNo":"AgentOrderNo2025051412","payOrderNo":"PayOrder2025051412","sourceAgentOrderNo":"","productName":"Andrea Howe","requestId":"1"}
2025-05-14 15:25:00,063 - INFO - 加密后的JSON payload: 161ba6df8fdf43d1717e7899dbf4475ec83b01c036819a5a0c2b5db396e6c853
2025-05-14 15:25:00,063 - INFO - 原始请求字符串: POST:/v1.0/declaration/create:161ba6df8fdf43d1717e7899dbf4475ec83b01c036819a5a0c2b5db396e6c853:2025-05-14T15:25:00.063+08:00
2025-05-14 15:25:00,063 - INFO - 生成的签名: 7f843cc43c749ff0781d92c93b0e1a32b1da1cf5332a44f70c1514255a0ee1f8
2025-05-14 15:25:00,063 - INFO - 请求头: {'Content-Type': 'application/json; charset=utf-8', 'X-AGENT-ID': '600009', 'X-TIMESTAMP': '2025-05-14T15:25:00.063+08:00', 'X-SIGNATURE': '7f843cc43c749ff0781d92c93b0e1a32b1da1cf5332a44f70c1514255a0ee1f8', 'Host': 'balitax-test.com'}
2025-05-14 15:25:00,126 - INFO - 响应: {'requestId': '1747207501832', 'errCode': 'merchantInvalid', 'errCodeDes': 'Illegal merchants'}
2025-05-14 15:25:02,121 - INFO - agent_no: 600009, company_name: tax_agent002@linshiyou.com, secret_key: 22d003a4cf670b4f6c6593c9dc1470dac00bf94e0ad5dc3944e1c1ab446819f2
2025-05-14 15:25:02,122 - INFO - 压缩后的JSON payload: {"merchantId":"600009M0000001","paymentType":"StaticMandiriVA","amount":"0.01","agentOrderNo":"AgentOrderNo2025051412","payOrderNo":"PayOrder2025051412","sourceAgentOrderNo":"","productName":"Eric Clark","requestId":"1"}
2025-05-14 15:25:02,122 - INFO - 加密后的JSON payload: 6c27b6f7a14c9e4dddcb5d658e84291def3c194cd0bfe1f09e02e81369d27dfe
2025-05-14 15:25:02,122 - INFO - 原始请求字符串: POST:/v1.0/declaration/create:6c27b6f7a14c9e4dddcb5d658e84291def3c194cd0bfe1f09e02e81369d27dfe:2025-05-14T15:25:02.122+08:00
2025-05-14 15:25:02,122 - INFO - 生成的签名: c77ecdd26ff9264ceaa337f5576203698d64b612de4c7a5617cddfd255bd9846
2025-05-14 15:25:02,122 - INFO - 请求头: {'Content-Type': 'application/json; charset=utf-8', 'X-AGENT-ID': '600009', 'X-TIMESTAMP': '2025-05-14T15:25:02.122+08:00', 'X-SIGNATURE': 'c77ecdd26ff9264ceaa337f5576203698d64b612de4c7a5617cddfd255bd9846', 'Host': 'balitax-test.com'}
2025-05-14 15:25:02,155 - INFO - 响应: {'requestId': '1747207503862', 'errCode': 'merchantInvalid', 'errCodeDes': 'Illegal merchants'}
2025-05-14 15:25:24,364 - INFO - agent_no: 600009, company_name: tax_agent002@linshiyou.com, secret_key: 22d003a4cf670b4f6c6593c9dc1470dac00bf94e0ad5dc3944e1c1ab446819f2
2025-05-14 15:25:24,365 - INFO - 压缩后的JSON payload: {"merchantId":"600009M0000001","paymentType":"StaticMandiriVA","amount":"0.01","agentOrderNo":"AgentOrderNo2025051412","payOrderNo":"PayOrder2025051412","sourceAgentOrderNo":"","productName":"Michael Wagner","requestId":"1"}
2025-05-14 15:25:24,365 - INFO - 加密后的JSON payload: cc05edfaee5c176856f90c009e55ac9f77c9bf10408496b54c1150411062a86a
2025-05-14 15:25:24,365 - INFO - 原始请求字符串: POST:/v1.0/declaration/create:cc05edfaee5c176856f90c009e55ac9f77c9bf10408496b54c1150411062a86a:2025-05-14T15:25:24.365+08:00
2025-05-14 15:25:24,365 - INFO - 生成的签名: 173c70088a7adb999d9ea2240b716d9f80c40c98745a0e16178e7c6bd03264b9
2025-05-14 15:25:24,365 - INFO - 请求头: {'Content-Type': 'application/json; charset=utf-8', 'X-AGENT-ID': '600009', 'X-TIMESTAMP': '2025-05-14T15:25:24.365+08:00', 'X-SIGNATURE': '173c70088a7adb999d9ea2240b716d9f80c40c98745a0e16178e7c6bd03264b9', 'Host': 'balitax-test.com'}
2025-05-14 15:25:24,399 - INFO - 响应: {'requestId': '1747207526105', 'errCode': 'merchantInvalid', 'errCodeDes': 'Illegal merchants'}
2025-05-14 15:28:30,643 - INFO - agent_no: 600009, company_name: tax_agent002@linshiyou.com, secret_key: 22d003a4cf670b4f6c6593c9dc1470dac00bf94e0ad5dc3944e1c1ab446819f2
2025-05-14 15:28:30,643 - INFO - 压缩后的JSON payload: {"merchantId":"600009M0000001","paymentType":"StaticMandiriVA","amount":"0.01","agentOrderNo":"AgentOrderNo2025051412","payOrderNo":"PayOrder2025051412","sourceAgentOrderNo":"","productName":"Joel Marks","requestId":"1"}
2025-05-14 15:28:30,643 - INFO - 加密后的JSON payload: b2b37a00078b5dfd53b89d1410db047f23d0197b5e2f0d9632625ecb887a6d21
2025-05-14 15:28:30,643 - INFO - 原始请求字符串: POST:/v1.0/declaration/create:b2b37a00078b5dfd53b89d1410db047f23d0197b5e2f0d9632625ecb887a6d21:2025-05-14T15:28:30.643+08:00
2025-05-14 15:28:30,643 - INFO - 生成的签名: 9bfab28370e681871ae1c8ed354c4520902eadd73f8f051323468ed34c0251d7
2025-05-14 15:28:30,644 - INFO - 请求头: {'Content-Type': 'application/json; charset=utf-8', 'X-AGENT-ID': '600009', 'X-TIMESTAMP': '2025-05-14T15:28:30.643+08:00', 'X-SIGNATURE': '9bfab28370e681871ae1c8ed354c4520902eadd73f8f051323468ed34c0251d7', 'Host': 'balitax-test.com'}
2025-05-14 15:28:31,034 - INFO - 响应: {'requestId': '1747207712430', 'errCode': '0', 'errCodeDes': None, 'merchantId': '600009M0000001', 'merchantName': '1', 'paymentType': 'StaticMandiriVA', 'amount': 0.01, 'incomeOrderNo': '202505140000000003', 'agentOrderNo': 'AgentOrderNo2025051412', 'payOrderNo': 'PayOrder2025051412', 'sourceAgentOrderNo': '', 'productName': 'Joel Marks'}
