[32m2025-01-02 10:04:01 - INFO - 交易通知: 今天有新调仓，组合[0m
[32m2025-01-02 10:04:01 - INFO - 定时任务已启动[0m
[32m2025-01-02 10:07:19 - INFO - 定时任务已启动[0m
[32m2025-01-02 10:10:46 - INFO - 定时任务已启动[0m
[32m2025-01-02 10:13:30 - INFO - 定时任务已启动[0m
[32m2025-01-02 10:18:35 - INFO - 2025-01-02 10:23:35.811528[0m
[32m2025-01-02 10:18:35 - INFO - 下一次任务将在 300 秒后执行[0m
[36m2025-01-02 10:18:35 - DEBUG - 当前时间: 2025-01-02 10:18:35.811528[0m
[36m2025-01-02 10:18:35 - DEBUG - 下次运行时间: 2025-01-02 10:23:35.811528[0m
[32m2025-01-02 10:23:40 - INFO - 2025-01-02 10:28:40.650281[0m
[32m2025-01-02 10:23:40 - INFO - 下一次任务将在 299 秒后执行[0m
[36m2025-01-02 10:23:40 - DEBUG - 当前时间: 2025-01-02 10:23:40.654225[0m
[36m2025-01-02 10:23:40 - DEBUG - 下次运行时间: 2025-01-02 10:28:40.650281[0m
[32m2025-01-02 10:28:45 - INFO - 2025-01-02 10:33:45.287290[0m
[32m2025-01-02 10:28:45 - INFO - 下一次任务将在 300 秒后执行[0m
[36m2025-01-02 10:28:45 - DEBUG - 当前时间: 2025-01-02 10:28:45.287290[0m
[36m2025-01-02 10:28:45 - DEBUG - 下次运行时间: 2025-01-02 10:33:45.287290[0m
[32m2025-01-02 10:33:50 - INFO - 2025-01-02 10:38:50.588729[0m
[32m2025-01-02 10:33:50 - INFO - 下一次任务将在 300 秒后执行[0m
[36m2025-01-02 10:33:50 - DEBUG - 当前时间: 2025-01-02 10:33:50.588729[0m
[36m2025-01-02 10:33:50 - DEBUG - 下次运行时间: 2025-01-02 10:38:50.588729[0m
[32m2025-01-02 10:38:55 - INFO - 交易通知: 今天有新调仓，组合[0m
[32m2025-01-02 10:38:55 - INFO - 2025-01-02 10:43:55.959525[0m
[32m2025-01-02 10:38:55 - INFO - 下一次任务将在 300 秒后执行[0m
[36m2025-01-02 10:38:55 - DEBUG - 当前时间: 2025-01-02 10:38:55.959525[0m
[36m2025-01-02 10:38:55 - DEBUG - 下次运行时间: 2025-01-02 10:43:55.959525[0m
[32m2025-01-02 10:44:14 - INFO - 定时任务已启动[0m
[32m2025-01-02 10:49:19 - INFO - 2025-01-02 10:54:19.836494[0m
[32m2025-01-02 10:49:19 - INFO - 下一次任务将在 300 秒后执行[0m
[36m2025-01-02 10:49:19 - DEBUG - 当前时间: 2025-01-02 10:49:19.837480[0m
[36m2025-01-02 10:49:19 - DEBUG - 下次运行时间: 2025-01-02 10:54:19.836494[0m
[32m2025-01-02 10:54:26 - INFO - 2025-01-02 10:59:26.370011[0m
[32m2025-01-02 10:54:26 - INFO - 下一次任务将在 300 秒后执行[0m
[36m2025-01-02 10:54:26 - DEBUG - 当前时间: 2025-01-02 10:54:26.370011[0m
[36m2025-01-02 10:54:26 - DEBUG - 下次运行时间: 2025-01-02 10:59:26.370011[0m
[32m2025-01-02 10:59:32 - INFO - 2025-01-02 11:04:32.332804[0m
[32m2025-01-02 10:59:32 - INFO - 下一次任务将在 299 秒后执行[0m
[36m2025-01-02 10:59:32 - DEBUG - 当前时间: 2025-01-02 10:59:32.333803[0m
[36m2025-01-02 10:59:32 - DEBUG - 下次运行时间: 2025-01-02 11:04:32.332804[0m
[32m2025-01-02 11:04:38 - INFO - 2025-01-02 11:09:38.658915[0m
[32m2025-01-02 11:04:38 - INFO - 下一次任务将在 300 秒后执行[0m
[36m2025-01-02 11:04:38 - DEBUG - 当前时间: 2025-01-02 11:04:38.659917[0m
[36m2025-01-02 11:04:38 - DEBUG - 下次运行时间: 2025-01-02 11:09:38.658915[0m
[32m2025-01-02 11:09:44 - INFO - 2025-01-02 11:14:44.843424[0m
[32m2025-01-02 11:09:44 - INFO - 下一次任务将在 300 秒后执行[0m
[36m2025-01-02 11:09:44 - DEBUG - 当前时间: 2025-01-02 11:09:44.843424[0m
[36m2025-01-02 11:09:44 - DEBUG - 下次运行时间: 2025-01-02 11:14:44.843424[0m
[32m2025-01-02 11:14:50 - INFO - 2025-01-02 11:19:50.636323[0m
[32m2025-01-02 11:14:50 - INFO - 下一次任务将在 299 秒后执行[0m
[36m2025-01-02 11:14:50 - DEBUG - 当前时间: 2025-01-02 11:14:50.637322[0m
[36m2025-01-02 11:14:50 - DEBUG - 下次运行时间: 2025-01-02 11:19:50.636323[0m
[32m2025-01-02 11:15:47 - INFO - 定时任务已启动[0m
[32m2025-01-02 11:20:53 - INFO - 下一次任务将在 300 秒后 2025-01-02 11:25:53.261622 执行[0m
[32m2025-01-02 11:25:59 - INFO - 下一次任务将在 300 秒后 2025-01-02 11:30:59.717354 执行[0m
[32m2025-01-02 11:31:05 - INFO - 下一次任务将在 300 秒后 2025-01-02 11:36:05.900425 执行[0m
[32m2025-01-02 11:36:12 - INFO - 下一次任务将在 300 秒后 2025-01-02 11:41:12.059626 执行[0m
[32m2025-01-02 11:41:17 - INFO - 下一次任务将在 300 秒后 2025-01-02 11:46:17.919486 执行[0m
[32m2025-01-02 11:46:23 - INFO - 下一次任务将在 300 秒后 2025-01-02 11:51:23.685174 执行[0m
[32m2025-01-02 11:51:29 - INFO - 下一次任务将在 300 秒后 2025-01-02 11:56:29.915151 执行[0m
[32m2025-01-02 11:56:35 - INFO - 下一次任务将在 300 秒后 2025-01-02 12:01:35.801569 执行[0m
[32m2025-01-02 12:01:41 - INFO - 下一次任务将在 300 秒后 2025-01-02 12:06:41.558517 执行[0m
[32m2025-01-02 12:06:47 - INFO - 下一次任务将在 300 秒后 2025-01-02 12:11:47.522137 执行[0m
[32m2025-01-02 12:11:53 - INFO - 下一次任务将在 300 秒后 2025-01-02 12:16:53.217110 执行[0m
[32m2025-01-02 12:16:59 - INFO - 下一次任务将在 300 秒后 2025-01-02 12:21:59.241053 执行[0m
[32m2025-01-02 12:22:04 - INFO - 下一次任务将在 300 秒后 2025-01-02 12:27:04.901143 执行[0m
[32m2025-01-02 13:18:21 - INFO - 下一次任务将在 300 秒后 2025-01-02 13:23:21.151390 执行[0m
[32m2025-01-02 13:23:27 - INFO - 下一次任务将在 300 秒后 2025-01-02 13:28:27.537409 执行[0m
[32m2025-01-02 13:28:33 - INFO - 下一次任务将在 300 秒后 2025-01-02 13:33:33.653634 执行[0m
[32m2025-01-02 13:33:40 - INFO - 交易通知: 今天有新调仓，组合[0m
[32m2025-01-02 13:33:40 - INFO - 下一次任务将在 300 秒后 2025-01-02 13:38:40.084474 执行[0m
[32m2025-01-02 13:38:46 - INFO - 下一次任务将在 300 秒后 2025-01-02 13:43:46.303158 执行[0m
[32m2025-01-02 13:43:53 - INFO - 下一次任务将在 300 秒后 2025-01-02 13:48:53.124233 执行[0m
[32m2025-01-02 13:48:59 - INFO - 下一次任务将在 300 秒后 2025-01-02 13:53:59.343639 执行[0m
[32m2025-01-02 13:54:06 - INFO - 下一次任务将在 300 秒后 2025-01-02 13:59:06.309510 执行[0m
[32m2025-01-02 13:59:12 - INFO - 下一次任务将在 300 秒后 2025-01-02 14:04:12.976483 执行[0m
[32m2025-01-02 14:04:20 - INFO - 交易通知: 今天有新调仓，组合[0m
[32m2025-01-02 14:04:20 - INFO - 下一次任务将在 300 秒后 2025-01-02 14:09:20.353774 执行[0m
[32m2025-01-02 14:05:49 - INFO - 定时任务已启动[0m
[32m2025-01-02 14:06:56 - INFO - 下一次任务将在 60 秒后 2025-01-02 14:07:56.384769 执行[0m
[32m2025-01-02 14:08:03 - INFO - 下一次任务将在 60 秒后 2025-01-02 14:09:03.622284 执行[0m
[32m2025-01-02 14:09:11 - INFO - 下一次任务将在 60 秒后 2025-01-02 14:10:11.337364 执行[0m
[32m2025-01-02 14:09:27 - INFO - 下一次任务将在 300 秒后 2025-01-02 14:14:27.723714 执行[0m
[32m2025-01-02 14:10:18 - INFO - 下一次任务将在 60 秒后 2025-01-02 14:11:18.361076 执行[0m
[32m2025-01-02 14:11:25 - INFO - 下一次任务将在 60 秒后 2025-01-02 14:12:25.297129 执行[0m
[32m2025-01-02 14:12:33 - INFO - 交易通知: 今天有新调仓，组合[0m
[32m2025-01-02 14:12:33 - INFO - 下一次任务将在 60 秒后 2025-01-02 14:13:33.533719 执行[0m
[32m2025-01-02 14:13:42 - INFO - 交易通知: 今天有新调仓，组合[0m
[32m2025-01-02 14:13:42 - INFO - 下一次任务将在 60 秒后 2025-01-02 14:14:42.868987 执行[0m
[32m2025-01-02 14:14:52 - INFO - 下一次任务将在 60 秒后 2025-01-02 14:15:52.330723 执行[0m
[32m2025-01-02 14:16:03 - INFO - 下一次任务将在 60 秒后 2025-01-02 14:17:03.642709 执行[0m
[32m2025-01-02 14:17:12 - INFO - 下一次任务将在 60 秒后 2025-01-02 14:18:12.040387 执行[0m
[32m2025-01-02 14:18:20 - INFO - 下一次任务将在 60 秒后 2025-01-02 14:19:20.825855 执行[0m
[32m2025-01-02 14:19:29 - INFO - 下一次任务将在 60 秒后 2025-01-02 14:20:29.867605 执行[0m
[32m2025-01-02 14:20:39 - INFO - 下一次任务将在 60 秒后 2025-01-02 14:21:39.100274 执行[0m
[32m2025-01-02 14:21:47 - INFO - 下一次任务将在 60 秒后 2025-01-02 14:22:47.775446 执行[0m
[32m2025-01-02 14:22:56 - INFO - 下一次任务将在 60 秒后 2025-01-02 14:23:56.201432 执行[0m
[32m2025-01-02 14:24:04 - INFO - 下一次任务将在 60 秒后 2025-01-02 14:25:04.693308 执行[0m
[32m2025-01-02 14:25:13 - INFO - 下一次任务将在 60 秒后 2025-01-02 14:26:13.136420 执行[0m
[32m2025-01-02 14:26:21 - INFO - 下一次任务将在 60 秒后 2025-01-02 14:27:21.894049 执行[0m
[32m2025-01-02 14:27:30 - INFO - 下一次任务将在 60 秒后 2025-01-02 14:28:30.692781 执行[0m
[32m2025-01-02 14:28:39 - INFO - 下一次任务将在 60 秒后 2025-01-02 14:29:39.449544 执行[0m
[32m2025-01-02 14:29:48 - INFO - 下一次任务将在 60 秒后 2025-01-02 14:30:48.462590 执行[0m
[32m2025-01-02 14:30:57 - INFO - 下一次任务将在 60 秒后 2025-01-02 14:31:57.552765 执行[0m
[32m2025-01-02 14:32:06 - INFO - 下一次任务将在 60 秒后 2025-01-02 14:33:06.292374 执行[0m
[32m2025-01-02 14:33:15 - INFO - 下一次任务将在 60 秒后 2025-01-02 14:34:15.335826 执行[0m
[32m2025-01-02 14:34:24 - INFO - 下一次任务将在 60 秒后 2025-01-02 14:35:24.235501 执行[0m
[32m2025-01-02 14:35:33 - INFO - 下一次任务将在 60 秒后 2025-01-02 14:36:33.933133 执行[0m
[32m2025-01-02 14:36:42 - INFO - 下一次任务将在 60 秒后 2025-01-02 14:37:42.441920 执行[0m
[32m2025-01-02 14:37:51 - INFO - 下一次任务将在 60 秒后 2025-01-02 14:38:51.600837 执行[0m
[32m2025-01-02 14:39:01 - INFO - 下一次任务将在 60 秒后 2025-01-02 14:40:01.251396 执行[0m
[32m2025-01-02 14:40:10 - INFO - 下一次任务将在 60 秒后 2025-01-02 14:41:10.495640 执行[0m
[32m2025-01-02 14:41:19 - INFO - 下一次任务将在 59 秒后 2025-01-02 14:42:19.238265 执行[0m
[32m2025-01-02 14:42:27 - INFO - 下一次任务将在 60 秒后 2025-01-02 14:43:27.730723 执行[0m
[32m2025-01-02 14:43:36 - INFO - 下一次任务将在 60 秒后 2025-01-02 14:44:36.292552 执行[0m
[32m2025-01-02 14:44:45 - INFO - 下一次任务将在 60 秒后 2025-01-02 14:45:45.079468 执行[0m
[32m2025-01-02 14:45:53 - INFO - 下一次任务将在 60 秒后 2025-01-02 14:46:53.862782 执行[0m
[32m2025-01-02 14:47:02 - INFO - 下一次任务将在 60 秒后 2025-01-02 14:48:02.436084 执行[0m
[32m2025-01-02 14:48:11 - INFO - 下一次任务将在 60 秒后 2025-01-02 14:49:11.332753 执行[0m
[32m2025-01-02 14:49:19 - INFO - 下一次任务将在 60 秒后 2025-01-02 14:50:19.881849 执行[0m
[32m2025-01-02 14:50:28 - INFO - 下一次任务将在 60 秒后 2025-01-02 14:51:28.735490 执行[0m
[32m2025-01-02 14:51:37 - INFO - 下一次任务将在 60 秒后 2025-01-02 14:52:37.564787 执行[0m
[32m2025-01-02 14:52:46 - INFO - 下一次任务将在 60 秒后 2025-01-02 14:53:46.786736 执行[0m
[32m2025-01-02 14:53:55 - INFO - 下一次任务将在 60 秒后 2025-01-02 14:54:55.328701 执行[0m
[32m2025-01-02 14:55:04 - INFO - 下一次任务将在 60 秒后 2025-01-02 14:56:04.087434 执行[0m
[32m2025-01-02 14:56:12 - INFO - 下一次任务将在 60 秒后 2025-01-02 14:57:12.777675 执行[0m
[32m2025-01-02 14:57:21 - INFO - 下一次任务将在 60 秒后 2025-01-02 14:58:21.885534 执行[0m
[32m2025-01-02 14:58:31 - INFO - 下一次任务将在 60 秒后 2025-01-02 14:59:31.364378 执行[0m
[33m2025-01-02 14:59:40 - WARNING - 无法确定下一次任务的时间[0m
[32m2025-01-02 15:00:00 - INFO - 当前时间为15:00:00.274555,定时任务结束[0m
[32m2025-01-02 15:00:00 - INFO - 交易通知: 定时任务结束[0m
[32m2025-01-03 09:32:03 - INFO - 交易通知: 今日有新的调仓操作！策略[0m
[32m2025-01-03 09:32:06 - INFO - 交易通知: 今天有新调仓，组合[0m
[32m2025-01-03 09:32:06 - INFO - 定时任务已启动[0m
[32m2025-01-03 09:33:09 - INFO - 下一次任务将在 60 秒后 2025-01-03 09:34:09.932398 执行[0m
[32m2025-01-03 09:33:25 - INFO - 交易通知: 今日有新的调仓操作！策略[0m
[32m2025-01-03 09:34:13 - INFO - 下一次任务将在 60 秒后 2025-01-03 09:35:13.287682 执行[0m
[32m2025-01-03 09:35:17 - INFO - 下一次任务将在 60 秒后 2025-01-03 09:36:17.398204 执行[0m
[32m2025-01-03 09:36:20 - INFO - 下一次任务将在 60 秒后 2025-01-03 09:37:20.953152 执行[0m
[32m2025-01-03 09:37:25 - INFO - 下一次任务将在 60 秒后 2025-01-03 09:38:25.061246 执行[0m
[32m2025-01-03 09:38:28 - INFO - 下一次任务将在 60 秒后 2025-01-03 09:39:28.686856 执行[0m
[32m2025-01-03 09:39:32 - INFO - 下一次任务将在 60 秒后 2025-01-03 09:40:32.789071 执行[0m
[32m2025-01-03 09:40:36 - INFO - 下一次任务将在 60 秒后 2025-01-03 09:41:36.956668 执行[0m
[32m2025-01-03 09:41:41 - INFO - 下一次任务将在 60 秒后 2025-01-03 09:42:41.189078 执行[0m
[32m2025-01-03 09:42:45 - INFO - 下一次任务将在 60 秒后 2025-01-03 09:43:45.433566 执行[0m
[32m2025-01-03 09:43:49 - INFO - 下一次任务将在 60 秒后 2025-01-03 09:44:49.259671 执行[0m
[32m2025-01-03 09:44:53 - INFO - 下一次任务将在 60 秒后 2025-01-03 09:45:53.596677 执行[0m
[32m2025-01-03 09:45:57 - INFO - 下一次任务将在 60 秒后 2025-01-03 09:46:57.781172 执行[0m
[32m2025-01-03 09:47:01 - INFO - 下一次任务将在 60 秒后 2025-01-03 09:48:01.861757 执行[0m
[32m2025-01-03 09:48:05 - INFO - 下一次任务将在 60 秒后 2025-01-03 09:49:05.386853 执行[0m
[32m2025-01-03 09:49:09 - INFO - 交易通知: 今天有新调仓，组合[0m
[32m2025-01-03 09:49:09 - INFO - 下一次任务将在 60 秒后 2025-01-03 09:50:09.955432 执行[0m
[32m2025-01-03 09:50:14 - INFO - 下一次任务将在 60 秒后 2025-01-03 09:51:14.177064 执行[0m
[32m2025-01-03 09:51:18 - INFO - 下一次任务将在 60 秒后 2025-01-03 09:52:18.712712 执行[0m
[32m2025-01-03 09:52:23 - INFO - 下一次任务将在 60 秒后 2025-01-03 09:53:23.397189 执行[0m
[32m2025-01-03 09:53:27 - INFO - 下一次任务将在 60 秒后 2025-01-03 09:54:27.622511 执行[0m
[32m2025-01-03 09:54:32 - INFO - 下一次任务将在 60 秒后 2025-01-03 09:55:32.333275 执行[0m
[32m2025-01-03 09:55:36 - INFO - 下一次任务将在 60 秒后 2025-01-03 09:56:36.961993 执行[0m
[32m2025-01-03 09:56:41 - INFO - 下一次任务将在 60 秒后 2025-01-03 09:57:41.002002 执行[0m
[32m2025-01-03 09:57:45 - INFO - 下一次任务将在 60 秒后 2025-01-03 09:58:45.360852 执行[0m
[32m2025-01-03 09:58:49 - INFO - 下一次任务将在 60 秒后 2025-01-03 09:59:49.982520 执行[0m
[32m2025-01-03 09:59:54 - INFO - 下一次任务将在 60 秒后 2025-01-03 10:00:54.440460 执行[0m
[32m2025-01-03 10:00:58 - INFO - 下一次任务将在 60 秒后 2025-01-03 10:01:58.956607 执行[0m
[32m2025-01-03 10:02:03 - INFO - 下一次任务将在 60 秒后 2025-01-03 10:03:03.647574 执行[0m
[32m2025-01-03 10:03:08 - INFO - 下一次任务将在 60 秒后 2025-01-03 10:04:08.058441 执行[0m
[32m2025-01-03 10:04:12 - INFO - 下一次任务将在 60 秒后 2025-01-03 10:05:12.537845 执行[0m
[32m2025-01-03 10:05:17 - INFO - 下一次任务将在 59 秒后 2025-01-03 10:06:17.022104 执行[0m
[32m2025-01-03 10:06:21 - INFO - 下一次任务将在 60 秒后 2025-01-03 10:07:21.335663 执行[0m
[32m2025-01-03 10:07:25 - INFO - 下一次任务将在 60 秒后 2025-01-03 10:08:25.943316 执行[0m
[32m2025-01-03 10:08:29 - INFO - 下一次任务将在 60 秒后 2025-01-03 10:09:29.677499 执行[0m
[32m2025-01-03 10:09:33 - INFO - 下一次任务将在 60 秒后 2025-01-03 10:10:33.788125 执行[0m
[32m2025-01-03 10:10:38 - INFO - 下一次任务将在 60 秒后 2025-01-03 10:11:38.311674 执行[0m
[32m2025-01-03 10:11:42 - INFO - 下一次任务将在 60 秒后 2025-01-03 10:12:42.376664 执行[0m
[32m2025-01-03 10:12:46 - INFO - 下一次任务将在 60 秒后 2025-01-03 10:13:46.742986 执行[0m
[32m2025-01-03 10:13:51 - INFO - 下一次任务将在 60 秒后 2025-01-03 10:14:51.498577 执行[0m
[32m2025-01-03 10:14:56 - INFO - 下一次任务将在 60 秒后 2025-01-03 10:15:56.167322 执行[0m
[32m2025-01-03 10:16:00 - INFO - 下一次任务将在 60 秒后 2025-01-03 10:17:00.354833 执行[0m
[32m2025-01-03 10:17:05 - INFO - 下一次任务将在 60 秒后 2025-01-03 10:18:05.663326 执行[0m
[32m2025-01-03 10:18:09 - INFO - 下一次任务将在 60 秒后 2025-01-03 10:19:09.812637 执行[0m
[32m2025-01-03 10:19:14 - INFO - 下一次任务将在 60 秒后 2025-01-03 10:20:14.347556 执行[0m
[32m2025-01-03 10:20:18 - INFO - 下一次任务将在 60 秒后 2025-01-03 10:21:18.431247 执行[0m
[32m2025-01-03 10:21:23 - INFO - 下一次任务将在 60 秒后 2025-01-03 10:22:23.111669 执行[0m
[32m2025-01-03 10:22:27 - INFO - 下一次任务将在 60 秒后 2025-01-03 10:23:27.644736 执行[0m
[32m2025-01-03 10:23:32 - INFO - 下一次任务将在 60 秒后 2025-01-03 10:24:32.701170 执行[0m
[32m2025-01-03 10:24:37 - INFO - 下一次任务将在 60 秒后 2025-01-03 10:25:37.260459 执行[0m
[32m2025-01-03 10:25:41 - INFO - 下一次任务将在 60 秒后 2025-01-03 10:26:41.569868 执行[0m
[32m2025-01-03 10:26:46 - INFO - 下一次任务将在 60 秒后 2025-01-03 10:27:46.734200 执行[0m
[32m2025-01-03 10:27:51 - INFO - 下一次任务将在 60 秒后 2025-01-03 10:28:51.594843 执行[0m
[32m2025-01-03 10:28:56 - INFO - 下一次任务将在 60 秒后 2025-01-03 10:29:56.107431 执行[0m
[32m2025-01-03 10:30:00 - INFO - 下一次任务将在 60 秒后 2025-01-03 10:31:00.479742 执行[0m
[32m2025-01-03 10:31:05 - INFO - 下一次任务将在 60 秒后 2025-01-03 10:32:05.284413 执行[0m
[32m2025-01-03 10:32:11 - INFO - 下一次任务将在 60 秒后 2025-01-03 10:33:11.395410 执行[0m
[32m2025-01-03 10:33:16 - INFO - 下一次任务将在 60 秒后 2025-01-03 10:34:16.005898 执行[0m
[32m2025-01-03 10:34:20 - INFO - 下一次任务将在 60 秒后 2025-01-03 10:35:20.123129 执行[0m
[32m2025-01-03 10:35:24 - INFO - 下一次任务将在 60 秒后 2025-01-03 10:36:24.419911 执行[0m
[32m2025-01-03 10:36:28 - INFO - 下一次任务将在 60 秒后 2025-01-03 10:37:28.787562 执行[0m
[32m2025-01-03 10:37:32 - INFO - 下一次任务将在 60 秒后 2025-01-03 10:38:32.890237 执行[0m
[32m2025-01-03 10:38:45 - INFO - 下一次任务将在 60 秒后 2025-01-03 10:39:45.017851 执行[0m
[32m2025-01-03 10:39:50 - INFO - 下一次任务将在 60 秒后 2025-01-03 10:40:50.126547 执行[0m
[32m2025-01-03 10:40:56 - INFO - 下一次任务将在 60 秒后 2025-01-03 10:41:56.786481 执行[0m
[32m2025-01-03 10:42:02 - INFO - 下一次任务将在 60 秒后 2025-01-03 10:43:02.040504 执行[0m
[32m2025-01-03 10:43:08 - INFO - 下一次任务将在 60 秒后 2025-01-03 10:44:08.453681 执行[0m
[32m2025-01-03 10:44:13 - INFO - 下一次任务将在 60 秒后 2025-01-03 10:45:13.533034 执行[0m
[32m2025-01-03 10:45:22 - INFO - 下一次任务将在 60 秒后 2025-01-03 10:46:22.938569 执行[0m
[32m2025-01-03 10:46:27 - INFO - 下一次任务将在 60 秒后 2025-01-03 10:47:27.825255 执行[0m
[32m2025-01-03 10:47:33 - INFO - 下一次任务将在 60 秒后 2025-01-03 10:48:33.143796 执行[0m
[32m2025-01-03 10:48:38 - INFO - 下一次任务将在 60 秒后 2025-01-03 10:49:38.300995 执行[0m
[32m2025-01-03 10:49:42 - INFO - 下一次任务将在 60 秒后 2025-01-03 10:50:42.782322 执行[0m
[32m2025-01-03 10:50:46 - INFO - 下一次任务将在 60 秒后 2025-01-03 10:51:46.978414 执行[0m
[32m2025-01-03 10:51:51 - INFO - 下一次任务将在 60 秒后 2025-01-03 10:52:51.995903 执行[0m
[32m2025-01-03 10:52:56 - INFO - 下一次任务将在 60 秒后 2025-01-03 10:53:56.280707 执行[0m
[32m2025-01-03 10:54:00 - INFO - 下一次任务将在 60 秒后 2025-01-03 10:55:00.497600 执行[0m
[32m2025-01-03 10:55:05 - INFO - 下一次任务将在 60 秒后 2025-01-03 10:56:05.033296 执行[0m
[32m2025-01-03 10:56:09 - INFO - 下一次任务将在 60 秒后 2025-01-03 10:57:09.486355 执行[0m
[32m2025-01-03 10:57:13 - INFO - 下一次任务将在 60 秒后 2025-01-03 10:58:13.528967 执行[0m
[32m2025-01-03 10:58:17 - INFO - 下一次任务将在 60 秒后 2025-01-03 10:59:17.704693 执行[0m
[32m2025-01-03 10:59:21 - INFO - 下一次任务将在 60 秒后 2025-01-03 11:00:21.702728 执行[0m
[32m2025-01-03 11:00:26 - INFO - 下一次任务将在 60 秒后 2025-01-03 11:01:26.720879 执行[0m
[32m2025-01-03 11:01:31 - INFO - 下一次任务将在 60 秒后 2025-01-03 11:02:31.783815 执行[0m
[32m2025-01-03 11:02:36 - INFO - 下一次任务将在 60 秒后 2025-01-03 11:03:36.405625 执行[0m
[32m2025-01-03 11:03:40 - INFO - 下一次任务将在 60 秒后 2025-01-03 11:04:40.990856 执行[0m
[32m2025-01-03 11:04:45 - INFO - 下一次任务将在 60 秒后 2025-01-03 11:05:45.718365 执行[0m
[32m2025-01-03 11:05:51 - INFO - 下一次任务将在 60 秒后 2025-01-03 11:06:51.566326 执行[0m
[32m2025-01-03 11:06:56 - INFO - 下一次任务将在 60 秒后 2025-01-03 11:07:56.635409 执行[0m
[32m2025-01-03 11:08:01 - INFO - 下一次任务将在 60 秒后 2025-01-03 11:09:01.664136 执行[0m
[32m2025-01-03 11:09:06 - INFO - 下一次任务将在 60 秒后 2025-01-03 11:10:06.373717 执行[0m
[32m2025-01-03 11:10:10 - INFO - 下一次任务将在 60 秒后 2025-01-03 11:11:10.998559 执行[0m
[32m2025-01-03 11:11:15 - INFO - 下一次任务将在 60 秒后 2025-01-03 11:12:15.864304 执行[0m
[32m2025-01-03 11:12:20 - INFO - 下一次任务将在 60 秒后 2025-01-03 11:13:20.770816 执行[0m
[32m2025-01-03 11:13:25 - INFO - 下一次任务将在 60 秒后 2025-01-03 11:14:25.457226 执行[0m
[32m2025-01-03 11:14:30 - INFO - 下一次任务将在 60 秒后 2025-01-03 11:15:30.631429 执行[0m
[32m2025-01-03 11:15:35 - INFO - 下一次任务将在 60 秒后 2025-01-03 11:16:35.260124 执行[0m
[32m2025-01-03 11:16:40 - INFO - 下一次任务将在 60 秒后 2025-01-03 11:17:40.236694 执行[0m
[32m2025-01-03 11:17:45 - INFO - 下一次任务将在 59 秒后 2025-01-03 11:18:45.058313 执行[0m
[32m2025-01-03 11:18:49 - INFO - 下一次任务将在 60 秒后 2025-01-03 11:19:49.633007 执行[0m
[32m2025-01-03 11:19:54 - INFO - 下一次任务将在 60 秒后 2025-01-03 11:20:54.281520 执行[0m
[32m2025-01-03 11:20:58 - INFO - 下一次任务将在 60 秒后 2025-01-03 11:21:58.734891 执行[0m
[32m2025-01-03 11:22:03 - INFO - 下一次任务将在 60 秒后 2025-01-03 11:23:03.469697 执行[0m
[32m2025-01-03 11:22:14 - INFO - 交易通知: 今日有新的调仓操作！策略[0m
[32m2025-01-03 11:23:07 - INFO - 下一次任务将在 60 秒后 2025-01-03 11:24:07.784093 执行[0m
[32m2025-01-03 11:24:12 - INFO - 下一次任务将在 60 秒后 2025-01-03 11:25:12.056246 执行[0m
[32m2025-01-03 11:25:16 - INFO - 下一次任务将在 60 秒后 2025-01-03 11:26:16.234679 执行[0m
[32m2025-01-03 11:26:20 - INFO - 下一次任务将在 60 秒后 2025-01-03 11:27:20.532441 执行[0m
[32m2025-01-03 11:27:25 - INFO - 下一次任务将在 60 秒后 2025-01-03 11:28:25.507267 执行[0m
[32m2025-01-03 11:28:30 - INFO - 下一次任务将在 60 秒后 2025-01-03 11:29:30.072592 执行[0m
[32m2025-01-03 11:29:34 - INFO - 下一次任务将在 60 秒后 2025-01-03 11:30:34.919443 执行[0m
[32m2025-01-03 11:30:39 - INFO - 下一次任务将在 59 秒后 2025-01-03 11:31:39.941026 执行[0m
[32m2025-01-03 11:31:44 - INFO - 下一次任务将在 60 秒后 2025-01-03 11:32:44.739742 执行[0m
[32m2025-01-03 11:32:50 - INFO - 下一次任务将在 60 秒后 2025-01-03 11:33:50.627196 执行[0m
[32m2025-01-03 11:33:55 - INFO - 下一次任务将在 60 秒后 2025-01-03 11:34:55.202579 执行[0m
[32m2025-01-03 11:34:59 - INFO - 下一次任务将在 60 秒后 2025-01-03 11:35:59.781003 执行[0m
[32m2025-01-03 11:36:04 - INFO - 下一次任务将在 60 秒后 2025-01-03 11:37:04.746524 执行[0m
[32m2025-01-03 11:37:09 - INFO - 下一次任务将在 60 秒后 2025-01-03 11:38:09.392436 执行[0m
[32m2025-01-03 11:38:15 - INFO - 下一次任务将在 60 秒后 2025-01-03 11:39:15.283085 执行[0m
[32m2025-01-03 11:39:19 - INFO - 下一次任务将在 60 秒后 2025-01-03 11:40:19.896634 执行[0m
[32m2025-01-03 11:40:24 - INFO - 下一次任务将在 60 秒后 2025-01-03 11:41:24.566688 执行[0m
[32m2025-01-03 11:41:29 - INFO - 下一次任务将在 60 秒后 2025-01-03 11:42:29.042686 执行[0m
[32m2025-01-03 11:42:33 - INFO - 下一次任务将在 60 秒后 2025-01-03 11:43:33.521012 执行[0m
[32m2025-01-03 11:43:38 - INFO - 下一次任务将在 60 秒后 2025-01-03 11:44:38.010270 执行[0m
[32m2025-01-03 11:44:42 - INFO - 下一次任务将在 60 秒后 2025-01-03 11:45:42.871267 执行[0m
[32m2025-01-03 11:45:47 - INFO - 下一次任务将在 60 秒后 2025-01-03 11:46:47.232907 执行[0m
[32m2025-01-03 11:46:51 - INFO - 下一次任务将在 60 秒后 2025-01-03 11:47:51.668885 执行[0m
[32m2025-01-03 11:47:56 - INFO - 下一次任务将在 60 秒后 2025-01-03 11:48:56.381738 执行[0m
[32m2025-01-03 11:49:01 - INFO - 下一次任务将在 60 秒后 2025-01-03 11:50:01.330992 执行[0m
[32m2025-01-03 11:50:06 - INFO - 下一次任务将在 60 秒后 2025-01-03 11:51:06.201218 执行[0m
[32m2025-01-03 11:51:10 - INFO - 下一次任务将在 60 秒后 2025-01-03 11:52:10.687123 执行[0m
[32m2025-01-03 11:52:15 - INFO - 下一次任务将在 60 秒后 2025-01-03 11:53:15.412986 执行[0m
[32m2025-01-03 11:53:20 - INFO - 下一次任务将在 60 秒后 2025-01-03 11:54:20.097270 执行[0m
[32m2025-01-03 11:54:26 - INFO - 下一次任务将在 60 秒后 2025-01-03 11:55:26.518274 执行[0m
[32m2025-01-03 11:55:32 - INFO - 下一次任务将在 60 秒后 2025-01-03 11:56:32.945461 执行[0m
[32m2025-01-03 11:56:37 - INFO - 下一次任务将在 60 秒后 2025-01-03 11:57:37.049401 执行[0m
[32m2025-01-03 11:57:40 - INFO - 下一次任务将在 60 秒后 2025-01-03 11:58:40.918892 执行[0m
[32m2025-01-03 11:58:44 - INFO - 下一次任务将在 60 秒后 2025-01-03 11:59:44.950849 执行[0m
[32m2025-01-03 11:59:48 - INFO - 下一次任务将在 60 秒后 2025-01-03 12:00:48.801228 执行[0m
[32m2025-01-03 12:00:53 - INFO - 下一次任务将在 60 秒后 2025-01-03 12:01:53.165249 执行[0m
[32m2025-01-03 12:01:57 - INFO - 下一次任务将在 60 秒后 2025-01-03 12:02:57.419115 执行[0m
[32m2025-01-03 12:03:01 - INFO - 下一次任务将在 60 秒后 2025-01-03 12:04:01.234233 执行[0m
[32m2025-01-03 12:04:05 - INFO - 下一次任务将在 60 秒后 2025-01-03 12:05:05.036083 执行[0m
[32m2025-01-03 12:05:08 - INFO - 下一次任务将在 60 秒后 2025-01-03 12:06:08.941563 执行[0m
[32m2025-01-03 12:06:12 - INFO - 下一次任务将在 60 秒后 2025-01-03 12:07:12.911268 执行[0m
[32m2025-01-03 12:07:16 - INFO - 下一次任务将在 60 秒后 2025-01-03 12:08:16.871620 执行[0m
[32m2025-01-03 12:08:20 - INFO - 下一次任务将在 60 秒后 2025-01-03 12:09:20.768056 执行[0m
[32m2025-01-03 12:09:24 - INFO - 下一次任务将在 60 秒后 2025-01-03 12:10:24.703045 执行[0m
[32m2025-01-03 12:10:28 - INFO - 下一次任务将在 60 秒后 2025-01-03 12:11:28.707777 执行[0m
[32m2025-01-03 12:11:32 - INFO - 下一次任务将在 60 秒后 2025-01-03 12:12:32.448230 执行[0m
[32m2025-01-03 12:12:36 - INFO - 下一次任务将在 60 秒后 2025-01-03 12:13:36.185250 执行[0m
[32m2025-01-03 12:13:41 - INFO - 下一次任务将在 60 秒后 2025-01-03 12:14:41.050101 执行[0m
[32m2025-01-03 12:14:45 - INFO - 下一次任务将在 60 秒后 2025-01-03 12:15:45.300795 执行[0m
[32m2025-01-03 12:44:10 - INFO - 下一次任务将在 60 秒后 2025-01-03 12:45:10.688150 执行[0m
[32m2025-01-03 12:45:14 - INFO - 下一次任务将在 60 秒后 2025-01-03 12:46:14.846411 执行[0m
[32m2025-01-03 12:46:19 - INFO - 下一次任务将在 60 秒后 2025-01-03 12:47:19.966458 执行[0m
[32m2025-01-03 12:47:24 - INFO - 下一次任务将在 60 秒后 2025-01-03 12:48:24.319165 执行[0m
[32m2025-01-03 12:48:28 - INFO - 下一次任务将在 60 秒后 2025-01-03 12:49:28.863540 执行[0m
[32m2025-01-03 12:49:33 - INFO - 下一次任务将在 60 秒后 2025-01-03 12:50:33.190821 执行[0m
[32m2025-01-03 12:50:37 - INFO - 下一次任务将在 60 秒后 2025-01-03 12:51:37.620467 执行[0m
[32m2025-01-03 12:52:03 - INFO - 下一次任务将在 60 秒后 2025-01-03 12:53:03.129387 执行[0m
[32m2025-01-03 12:53:07 - INFO - 下一次任务将在 60 秒后 2025-01-03 12:54:07.568093 执行[0m
[32m2025-01-03 12:54:12 - INFO - 下一次任务将在 60 秒后 2025-01-03 12:55:12.045007 执行[0m
[32m2025-01-03 12:55:16 - INFO - 下一次任务将在 60 秒后 2025-01-03 12:56:16.501132 执行[0m
[32m2025-01-03 12:56:20 - INFO - 下一次任务将在 60 秒后 2025-01-03 12:57:20.838840 执行[0m
[32m2025-01-03 12:57:25 - INFO - 下一次任务将在 60 秒后 2025-01-03 12:58:25.302401 执行[0m
[32m2025-01-03 12:58:29 - INFO - 下一次任务将在 60 秒后 2025-01-03 12:59:29.865504 执行[0m
[32m2025-01-03 12:59:34 - INFO - 下一次任务将在 60 秒后 2025-01-03 13:00:34.160457 执行[0m
[32m2025-01-03 13:00:39 - INFO - 下一次任务将在 60 秒后 2025-01-03 13:01:39.007126 执行[0m
[32m2025-01-03 13:01:43 - INFO - 下一次任务将在 60 秒后 2025-01-03 13:02:43.538193 执行[0m
[32m2025-01-03 13:02:48 - INFO - 下一次任务将在 60 秒后 2025-01-03 13:03:48.000628 执行[0m
[32m2025-01-03 13:03:53 - INFO - 下一次任务将在 60 秒后 2025-01-03 13:04:53.069078 执行[0m
[32m2025-01-03 13:04:57 - INFO - 下一次任务将在 60 秒后 2025-01-03 13:05:57.785992 执行[0m
[32m2025-01-03 13:06:02 - INFO - 下一次任务将在 60 秒后 2025-01-03 13:07:02.292940 执行[0m
[32m2025-01-03 13:07:07 - INFO - 下一次任务将在 60 秒后 2025-01-03 13:08:07.031504 执行[0m
[32m2025-01-03 13:08:11 - INFO - 下一次任务将在 60 秒后 2025-01-03 13:09:11.574731 执行[0m
[32m2025-01-03 13:09:16 - INFO - 下一次任务将在 60 秒后 2025-01-03 13:10:16.304761 执行[0m
[32m2025-01-03 13:10:21 - INFO - 下一次任务将在 60 秒后 2025-01-03 13:11:21.324586 执行[0m
[32m2025-01-03 13:11:28 - INFO - 下一次任务将在 60 秒后 2025-01-03 13:12:28.699919 执行[0m
[32m2025-01-03 13:12:33 - INFO - 下一次任务将在 60 秒后 2025-01-03 13:13:33.592674 执行[0m
[32m2025-01-03 13:13:38 - INFO - 下一次任务将在 60 秒后 2025-01-03 13:14:38.360702 执行[0m
[32m2025-01-03 13:14:43 - INFO - 下一次任务将在 60 秒后 2025-01-03 13:15:43.762284 执行[0m
[32m2025-01-03 13:15:49 - INFO - 下一次任务将在 60 秒后 2025-01-03 13:16:49.656139 执行[0m
[32m2025-01-03 13:16:54 - INFO - 下一次任务将在 60 秒后 2025-01-03 13:17:54.786514 执行[0m
[32m2025-01-03 13:17:59 - INFO - 下一次任务将在 60 秒后 2025-01-03 13:18:59.535694 执行[0m
[32m2025-01-03 13:19:04 - INFO - 下一次任务将在 60 秒后 2025-01-03 13:20:04.110155 执行[0m
[32m2025-01-03 13:20:09 - INFO - 下一次任务将在 60 秒后 2025-01-03 13:21:09.592460 执行[0m
[32m2025-01-03 13:21:14 - INFO - 下一次任务将在 60 秒后 2025-01-03 13:22:14.644796 执行[0m
[32m2025-01-03 13:22:20 - INFO - 下一次任务将在 60 秒后 2025-01-03 13:23:20.179160 执行[0m
[32m2025-01-03 13:23:25 - INFO - 下一次任务将在 60 秒后 2025-01-03 13:24:25.028171 执行[0m
[32m2025-01-03 13:24:29 - INFO - 下一次任务将在 60 秒后 2025-01-03 13:25:29.886998 执行[0m
[32m2025-01-03 13:25:34 - INFO - 下一次任务将在 60 秒后 2025-01-03 13:26:34.657185 执行[0m
[32m2025-01-03 13:26:39 - INFO - 下一次任务将在 60 秒后 2025-01-03 13:27:39.513620 执行[0m
[32m2025-01-03 13:27:44 - INFO - 下一次任务将在 60 秒后 2025-01-03 13:28:44.653919 执行[0m
[32m2025-01-03 13:28:49 - INFO - 下一次任务将在 60 秒后 2025-01-03 13:29:49.413199 执行[0m
[32m2025-01-03 13:29:54 - INFO - 下一次任务将在 60 秒后 2025-01-03 13:30:54.268199 执行[0m
[32m2025-01-03 13:30:59 - INFO - 下一次任务将在 60 秒后 2025-01-03 13:31:59.347452 执行[0m
[32m2025-01-03 13:32:04 - INFO - 下一次任务将在 60 秒后 2025-01-03 13:33:04.467240 执行[0m
[32m2025-01-03 13:33:09 - INFO - 下一次任务将在 60 秒后 2025-01-03 13:34:09.151647 执行[0m
[32m2025-01-03 13:34:14 - INFO - 下一次任务将在 60 秒后 2025-01-03 13:35:14.013926 执行[0m
[32m2025-01-03 13:35:18 - INFO - 下一次任务将在 60 秒后 2025-01-03 13:36:18.572357 执行[0m
[32m2025-01-03 13:36:23 - INFO - 下一次任务将在 60 秒后 2025-01-03 13:37:23.608953 执行[0m
[32m2025-01-03 13:37:28 - INFO - 下一次任务将在 60 秒后 2025-01-03 13:38:28.291406 执行[0m
[32m2025-01-03 13:38:32 - INFO - 下一次任务将在 60 秒后 2025-01-03 13:39:32.694162 执行[0m
[32m2025-01-03 13:39:37 - INFO - 下一次任务将在 60 秒后 2025-01-03 13:40:37.627809 执行[0m
[32m2025-01-03 13:40:42 - INFO - 下一次任务将在 60 秒后 2025-01-03 13:41:42.754599 执行[0m
[32m2025-01-03 13:41:46 - INFO - 下一次任务将在 60 秒后 2025-01-03 13:42:46.943513 执行[0m
[32m2025-01-03 13:42:51 - INFO - 下一次任务将在 60 秒后 2025-01-03 13:43:51.439552 执行[0m
[32m2025-01-03 13:43:56 - INFO - 下一次任务将在 60 秒后 2025-01-03 13:44:56.081329 执行[0m
[32m2025-01-03 13:45:00 - INFO - 下一次任务将在 60 秒后 2025-01-03 13:46:00.659517 执行[0m
[32m2025-01-03 13:46:05 - INFO - 下一次任务将在 60 秒后 2025-01-03 13:47:05.545803 执行[0m
[32m2025-01-03 13:47:10 - INFO - 下一次任务将在 60 秒后 2025-01-03 13:48:10.254541 执行[0m
[32m2025-01-03 13:48:14 - INFO - 下一次任务将在 60 秒后 2025-01-03 13:49:14.964310 执行[0m
[32m2025-01-03 13:49:19 - INFO - 下一次任务将在 60 秒后 2025-01-03 13:50:19.654648 执行[0m
[32m2025-01-03 13:50:24 - INFO - 下一次任务将在 60 秒后 2025-01-03 13:51:24.607732 执行[0m
[32m2025-01-03 13:51:29 - INFO - 下一次任务将在 60 秒后 2025-01-03 13:52:29.283959 执行[0m
[32m2025-01-03 13:52:34 - INFO - 下一次任务将在 60 秒后 2025-01-03 13:53:34.316858 执行[0m
[32m2025-01-03 13:53:39 - INFO - 下一次任务将在 60 秒后 2025-01-03 13:54:39.144924 执行[0m
[32m2025-01-03 13:54:44 - INFO - 下一次任务将在 60 秒后 2025-01-03 13:55:44.017530 执行[0m
[32m2025-01-03 13:55:48 - INFO - 下一次任务将在 60 秒后 2025-01-03 13:56:48.556949 执行[0m
[32m2025-01-03 13:56:53 - INFO - 下一次任务将在 60 秒后 2025-01-03 13:57:53.360753 执行[0m
[32m2025-01-03 13:57:57 - INFO - 下一次任务将在 60 秒后 2025-01-03 13:58:57.714910 执行[0m
[32m2025-01-03 13:59:02 - INFO - 下一次任务将在 60 秒后 2025-01-03 14:00:02.559074 执行[0m
[32m2025-01-03 14:00:07 - INFO - 下一次任务将在 60 秒后 2025-01-03 14:01:07.336097 执行[0m
[32m2025-01-03 14:01:11 - INFO - 下一次任务将在 60 秒后 2025-01-03 14:02:11.944270 执行[0m
[32m2025-01-03 14:02:16 - INFO - 下一次任务将在 60 秒后 2025-01-03 14:03:16.547434 执行[0m
[32m2025-01-03 14:03:21 - INFO - 下一次任务将在 60 秒后 2025-01-03 14:04:21.209736 执行[0m
[32m2025-01-03 14:04:25 - INFO - 下一次任务将在 60 秒后 2025-01-03 14:05:25.839422 执行[0m
[32m2025-01-03 14:05:30 - INFO - 下一次任务将在 60 秒后 2025-01-03 14:06:30.644146 执行[0m
[32m2025-01-03 14:06:35 - INFO - 下一次任务将在 60 秒后 2025-01-03 14:07:35.439196 执行[0m
[32m2025-01-03 14:07:40 - INFO - 下一次任务将在 60 秒后 2025-01-03 14:08:40.543923 执行[0m
[32m2025-01-03 14:08:45 - INFO - 下一次任务将在 60 秒后 2025-01-03 14:09:45.407652 执行[0m
[32m2025-01-03 14:09:49 - INFO - 下一次任务将在 60 秒后 2025-01-03 14:10:49.990693 执行[0m
[32m2025-01-03 14:10:54 - INFO - 下一次任务将在 60 秒后 2025-01-03 14:11:54.960831 执行[0m
[32m2025-01-03 14:11:59 - INFO - 下一次任务将在 60 秒后 2025-01-03 14:12:59.659454 执行[0m
[32m2025-01-03 14:13:04 - INFO - 下一次任务将在 60 秒后 2025-01-03 14:14:04.577115 执行[0m
[32m2025-01-03 14:14:09 - INFO - 下一次任务将在 60 秒后 2025-01-03 14:15:09.508595 执行[0m
[32m2025-01-03 14:15:14 - INFO - 下一次任务将在 60 秒后 2025-01-03 14:16:14.660747 执行[0m
[32m2025-01-03 14:16:19 - INFO - 下一次任务将在 60 秒后 2025-01-03 14:17:19.436625 执行[0m
[32m2025-01-03 14:17:24 - INFO - 下一次任务将在 60 秒后 2025-01-03 14:18:24.027713 执行[0m
[32m2025-01-03 14:18:28 - INFO - 下一次任务将在 60 秒后 2025-01-03 14:19:28.707745 执行[0m
[32m2025-01-03 14:19:34 - INFO - 下一次任务将在 60 秒后 2025-01-03 14:20:34.468745 执行[0m
[32m2025-01-03 14:20:39 - INFO - 下一次任务将在 60 秒后 2025-01-03 14:21:39.028484 执行[0m
[32m2025-01-03 14:21:43 - INFO - 下一次任务将在 60 秒后 2025-01-03 14:22:43.807131 执行[0m
[32m2025-01-03 14:22:48 - INFO - 下一次任务将在 60 秒后 2025-01-03 14:23:48.460951 执行[0m
[32m2025-01-03 14:23:52 - INFO - 下一次任务将在 60 秒后 2025-01-03 14:24:52.901749 执行[0m
[32m2025-01-03 14:24:57 - INFO - 下一次任务将在 60 秒后 2025-01-03 14:25:57.440472 执行[0m
[32m2025-01-03 14:26:02 - INFO - 下一次任务将在 60 秒后 2025-01-03 14:27:02.208740 执行[0m
[32m2025-01-03 14:27:07 - INFO - 下一次任务将在 60 秒后 2025-01-03 14:28:07.296904 执行[0m
[32m2025-01-03 14:28:12 - INFO - 下一次任务将在 60 秒后 2025-01-03 14:29:12.052976 执行[0m
[32m2025-01-03 14:29:16 - INFO - 下一次任务将在 60 秒后 2025-01-03 14:30:16.695677 执行[0m
[32m2025-01-03 14:30:21 - INFO - 下一次任务将在 60 秒后 2025-01-03 14:31:21.468316 执行[0m
[32m2025-01-03 14:31:26 - INFO - 下一次任务将在 60 秒后 2025-01-03 14:32:26.134906 执行[0m
[32m2025-01-03 14:32:30 - INFO - 下一次任务将在 60 秒后 2025-01-03 14:33:30.902660 执行[0m
[32m2025-01-03 14:33:35 - INFO - 下一次任务将在 60 秒后 2025-01-03 14:34:35.891936 执行[0m
[32m2025-01-03 14:34:40 - INFO - 下一次任务将在 60 秒后 2025-01-03 14:35:40.722051 执行[0m
[32m2025-01-03 14:35:45 - INFO - 下一次任务将在 60 秒后 2025-01-03 14:36:45.844430 执行[0m
[32m2025-01-03 14:36:50 - INFO - 下一次任务将在 60 秒后 2025-01-03 14:37:50.524524 执行[0m
[32m2025-01-03 14:37:55 - INFO - 下一次任务将在 60 秒后 2025-01-03 14:38:55.330803 执行[0m
[32m2025-01-03 14:39:00 - INFO - 下一次任务将在 60 秒后 2025-01-03 14:40:00.062790 执行[0m
[32m2025-01-03 14:40:04 - INFO - 下一次任务将在 60 秒后 2025-01-03 14:41:04.654367 执行[0m
[32m2025-01-03 14:41:09 - INFO - 下一次任务将在 60 秒后 2025-01-03 14:42:09.697362 执行[0m
[32m2025-01-03 14:42:14 - INFO - 下一次任务将在 59 秒后 2025-01-03 14:43:14.549722 执行[0m
[32m2025-01-03 14:43:19 - INFO - 下一次任务将在 60 秒后 2025-01-03 14:44:19.333533 执行[0m
[32m2025-01-03 14:44:24 - INFO - 下一次任务将在 60 秒后 2025-01-03 14:45:24.419596 执行[0m
[32m2025-01-03 14:45:29 - INFO - 下一次任务将在 60 秒后 2025-01-03 14:46:29.223838 执行[0m
[32m2025-01-03 14:46:34 - INFO - 下一次任务将在 60 秒后 2025-01-03 14:47:34.072672 执行[0m
[32m2025-01-03 14:47:38 - INFO - 下一次任务将在 60 秒后 2025-01-03 14:48:38.649070 执行[0m
[32m2025-01-03 14:48:43 - INFO - 下一次任务将在 60 秒后 2025-01-03 14:49:43.103843 执行[0m
[32m2025-01-03 14:49:47 - INFO - 下一次任务将在 60 秒后 2025-01-03 14:50:47.677045 执行[0m
[32m2025-01-03 14:50:52 - INFO - 下一次任务将在 60 秒后 2025-01-03 14:51:52.191449 执行[0m
[32m2025-01-03 14:51:56 - INFO - 下一次任务将在 60 秒后 2025-01-03 14:52:56.943465 执行[0m
[32m2025-01-03 14:53:01 - INFO - 下一次任务将在 60 秒后 2025-01-03 14:54:01.658305 执行[0m
[32m2025-01-03 14:54:06 - INFO - 下一次任务将在 60 秒后 2025-01-03 14:55:06.381432 执行[0m
[32m2025-01-03 14:55:11 - INFO - 下一次任务将在 60 秒后 2025-01-03 14:56:11.496460 执行[0m
[32m2025-01-03 14:56:16 - INFO - 下一次任务将在 60 秒后 2025-01-03 14:57:16.407620 执行[0m
[32m2025-01-03 14:57:21 - INFO - 下一次任务将在 60 秒后 2025-01-03 14:58:21.553666 执行[0m
[32m2025-01-03 14:58:26 - INFO - 下一次任务将在 60 秒后 2025-01-03 14:59:26.188586 执行[0m
[33m2025-01-03 14:59:30 - WARNING - 无法确定下一次任务的时间[0m
[32m2025-01-03 15:00:00 - INFO - 当前时间为15:00:00.149139,定时任务结束[0m
[32m2025-01-03 15:00:00 - INFO - 交易通知: 定时任务结束[0m
[32m2025-01-06 09:30:39 - INFO - 定时任务已启动[0m
[32m2025-01-06 09:31:10 - INFO - 交易通知: 今日有新的调仓操作！策略[0m
[32m2025-01-06 09:31:44 - INFO - 交易通知: 今天有新调仓，组合[0m
[32m2025-01-06 09:31:44 - INFO - 下一次任务将在 60 秒后 2025-01-06 09:32:44.565644 执行[0m
[32m2025-01-06 09:32:48 - INFO - 下一次任务将在 60 秒后 2025-01-06 09:33:48.308624 执行[0m
[32m2025-01-06 09:33:52 - INFO - 下一次任务将在 60 秒后 2025-01-06 09:34:52.776624 执行[0m
[32m2025-01-06 09:34:56 - INFO - 下一次任务将在 60 秒后 2025-01-06 09:35:56.634668 执行[0m
[32m2025-01-06 09:36:00 - INFO - 下一次任务将在 60 秒后 2025-01-06 09:37:00.875083 执行[0m
[32m2025-01-06 09:37:04 - INFO - 下一次任务将在 60 秒后 2025-01-06 09:38:04.810888 执行[0m
[32m2025-01-06 09:38:09 - INFO - 下一次任务将在 60 秒后 2025-01-06 09:39:09.142697 执行[0m
[32m2025-01-06 09:39:12 - INFO - 下一次任务将在 60 秒后 2025-01-06 09:40:12.694297 执行[0m
[32m2025-01-06 09:40:17 - INFO - 下一次任务将在 60 秒后 2025-01-06 09:41:17.165583 执行[0m
[32m2025-01-06 09:40:47 - INFO - 交易通知: 今日有新的调仓操作！策略[0m
[32m2025-01-06 09:41:21 - INFO - 下一次任务将在 60 秒后 2025-01-06 09:42:21.814381 执行[0m
[32m2025-01-06 09:41:52 - INFO - 定时任务已启动[0m
[32m2025-01-06 09:42:56 - INFO - 下一次任务将在 60 秒后 2025-01-06 09:43:56.995393 执行[0m
[32m2025-01-06 09:44:00 - INFO - 下一次任务将在 60 秒后 2025-01-06 09:45:00.811843 执行[0m
[32m2025-01-06 09:45:04 - INFO - 下一次任务将在 60 秒后 2025-01-06 09:46:04.683833 执行[0m
[32m2025-01-06 09:46:09 - INFO - 下一次任务将在 60 秒后 2025-01-06 09:47:09.004131 执行[0m
[32m2025-01-06 09:47:12 - INFO - 下一次任务将在 60 秒后 2025-01-06 09:48:12.699797 执行[0m
[32m2025-01-06 09:48:16 - INFO - 下一次任务将在 60 秒后 2025-01-06 09:49:16.555886 执行[0m
[32m2025-01-06 10:13:07 - INFO - 交易通知: 今天有新调仓，组合[0m
[32m2025-01-06 10:13:07 - INFO - 定时任务已启动[0m
[32m2025-01-06 10:14:12 - INFO - 下一次任务将在 60 秒后 2025-01-06 10:15:12.036915 执行[0m
[32m2025-01-06 10:15:16 - INFO - 下一次任务将在 60 秒后 2025-01-06 10:16:16.552252 执行[0m
[32m2025-01-06 10:16:21 - INFO - 下一次任务将在 60 秒后 2025-01-06 10:17:21.290634 执行[0m
[32m2025-01-06 10:17:25 - INFO - 下一次任务将在 60 秒后 2025-01-06 10:18:25.772555 执行[0m
[32m2025-01-06 10:18:30 - INFO - 下一次任务将在 60 秒后 2025-01-06 10:19:30.180577 执行[0m
[32m2025-01-06 10:19:34 - INFO - 下一次任务将在 60 秒后 2025-01-06 10:20:34.703121 执行[0m
[32m2025-01-06 10:20:39 - INFO - 下一次任务将在 60 秒后 2025-01-06 10:21:39.180436 执行[0m
[32m2025-01-06 10:21:44 - INFO - 下一次任务将在 60 秒后 2025-01-06 10:22:44.207051 执行[0m
[32m2025-01-06 10:22:48 - INFO - 下一次任务将在 60 秒后 2025-01-06 10:23:48.635451 执行[0m
[32m2025-01-06 10:23:53 - INFO - 下一次任务将在 60 秒后 2025-01-06 10:24:53.132350 执行[0m
[32m2025-01-06 10:24:57 - INFO - 下一次任务将在 60 秒后 2025-01-06 10:25:57.612883 执行[0m
[32m2025-01-06 10:26:02 - INFO - 下一次任务将在 60 秒后 2025-01-06 10:27:02.294207 执行[0m
[32m2025-01-06 10:27:07 - INFO - 下一次任务将在 60 秒后 2025-01-06 10:28:07.189426 执行[0m
[32m2025-01-06 10:28:11 - INFO - 下一次任务将在 59 秒后 2025-01-06 10:29:11.955944 执行[0m
[32m2025-01-06 10:29:16 - INFO - 下一次任务将在 60 秒后 2025-01-06 10:30:16.559296 执行[0m
[32m2025-01-06 10:30:21 - INFO - 下一次任务将在 60 秒后 2025-01-06 10:31:21.401474 执行[0m
[32m2025-01-06 10:31:26 - INFO - 下一次任务将在 60 秒后 2025-01-06 10:32:26.098139 执行[0m
[32m2025-01-06 10:32:30 - INFO - 下一次任务将在 60 秒后 2025-01-06 10:33:30.678582 执行[0m
[32m2025-01-06 10:33:35 - INFO - 下一次任务将在 60 秒后 2025-01-06 10:34:35.530263 执行[0m
[32m2025-01-06 10:34:40 - INFO - 下一次任务将在 60 秒后 2025-01-06 10:35:40.234474 执行[0m
[32m2025-01-06 10:35:44 - INFO - 下一次任务将在 60 秒后 2025-01-06 10:36:44.735877 执行[0m
[32m2025-01-06 10:36:49 - INFO - 下一次任务将在 60 秒后 2025-01-06 10:37:49.104912 执行[0m
[32m2025-01-06 10:37:53 - INFO - 下一次任务将在 60 秒后 2025-01-06 10:38:53.822974 执行[0m
[32m2025-01-06 10:38:58 - INFO - 下一次任务将在 60 秒后 2025-01-06 10:39:58.524726 执行[0m
[32m2025-01-06 10:40:03 - INFO - 下一次任务将在 60 秒后 2025-01-06 10:41:03.292547 执行[0m
[32m2025-01-06 10:41:08 - INFO - 下一次任务将在 60 秒后 2025-01-06 10:42:08.088983 执行[0m
[32m2025-01-06 10:42:12 - INFO - 下一次任务将在 60 秒后 2025-01-06 10:43:12.948015 执行[0m
[32m2025-01-06 10:43:18 - INFO - 下一次任务将在 60 秒后 2025-01-06 10:44:18.017411 执行[0m
[32m2025-01-06 10:44:22 - INFO - 下一次任务将在 60 秒后 2025-01-06 10:45:22.355512 执行[0m
[32m2025-01-06 10:45:28 - INFO - 下一次任务将在 60 秒后 2025-01-06 10:46:28.025758 执行[0m
[32m2025-01-06 10:46:32 - INFO - 下一次任务将在 60 秒后 2025-01-06 10:47:32.661108 执行[0m
[32m2025-01-06 10:47:37 - INFO - 下一次任务将在 60 秒后 2025-01-06 10:48:37.501528 执行[0m
[32m2025-01-06 10:48:42 - INFO - 下一次任务将在 60 秒后 2025-01-06 10:49:42.296132 执行[0m
[32m2025-01-06 10:49:46 - INFO - 下一次任务将在 60 秒后 2025-01-06 10:50:46.722897 执行[0m
[32m2025-01-06 10:50:51 - INFO - 下一次任务将在 60 秒后 2025-01-06 10:51:51.131387 执行[0m
[32m2025-01-06 10:51:55 - INFO - 下一次任务将在 60 秒后 2025-01-06 10:52:55.818362 执行[0m
[32m2025-01-06 10:53:01 - INFO - 下一次任务将在 60 秒后 2025-01-06 10:54:01.103860 执行[0m
[32m2025-01-06 10:54:05 - INFO - 下一次任务将在 60 秒后 2025-01-06 10:55:05.896441 执行[0m
[32m2025-01-06 10:55:10 - INFO - 下一次任务将在 60 秒后 2025-01-06 10:56:10.491047 执行[0m
[32m2025-01-06 10:56:15 - INFO - 下一次任务将在 60 秒后 2025-01-06 10:57:15.549831 执行[0m
[32m2025-01-06 10:57:20 - INFO - 下一次任务将在 60 秒后 2025-01-06 10:58:20.104227 执行[0m
[32m2025-01-06 10:58:24 - INFO - 下一次任务将在 60 秒后 2025-01-06 10:59:24.671310 执行[0m
[32m2025-01-06 10:59:29 - INFO - 下一次任务将在 60 秒后 2025-01-06 11:00:29.257913 执行[0m
[32m2025-01-06 11:00:33 - INFO - 下一次任务将在 60 秒后 2025-01-06 11:01:33.873243 执行[0m
[32m2025-01-06 11:01:38 - INFO - 下一次任务将在 60 秒后 2025-01-06 11:02:38.550301 执行[0m
[32m2025-01-06 11:02:42 - INFO - 下一次任务将在 60 秒后 2025-01-06 11:03:42.983880 执行[0m
[32m2025-01-06 11:03:47 - INFO - 下一次任务将在 60 秒后 2025-01-06 11:04:47.570252 执行[0m
[32m2025-01-06 11:04:52 - INFO - 下一次任务将在 60 秒后 2025-01-06 11:05:52.169036 执行[0m
[32m2025-01-06 11:05:57 - INFO - 下一次任务将在 60 秒后 2025-01-06 11:06:57.112393 执行[0m
[32m2025-01-06 11:07:01 - INFO - 下一次任务将在 60 秒后 2025-01-06 11:08:01.457825 执行[0m
[32m2025-01-06 11:08:08 - INFO - 下一次任务将在 60 秒后 2025-01-06 11:09:08.951004 执行[0m
[32m2025-01-06 11:09:13 - INFO - 下一次任务将在 60 秒后 2025-01-06 11:10:13.406912 执行[0m
[32m2025-01-06 11:10:17 - INFO - 下一次任务将在 60 秒后 2025-01-06 11:11:17.945084 执行[0m
[32m2025-01-06 11:11:22 - INFO - 下一次任务将在 60 秒后 2025-01-06 11:12:22.481829 执行[0m
[32m2025-01-06 11:12:27 - INFO - 下一次任务将在 60 秒后 2025-01-06 11:13:27.331701 执行[0m
[32m2025-01-06 11:13:32 - INFO - 下一次任务将在 60 秒后 2025-01-06 11:14:32.799856 执行[0m
[32m2025-01-06 11:14:37 - INFO - 下一次任务将在 60 秒后 2025-01-06 11:15:37.047137 执行[0m
[32m2025-01-06 11:15:41 - INFO - 下一次任务将在 60 秒后 2025-01-06 11:16:41.820423 执行[0m
[32m2025-01-06 11:16:46 - INFO - 下一次任务将在 59 秒后 2025-01-06 11:17:46.289815 执行[0m
[32m2025-01-06 11:17:51 - INFO - 下一次任务将在 60 秒后 2025-01-06 11:18:51.040433 执行[0m
[32m2025-01-06 11:18:55 - INFO - 下一次任务将在 59 秒后 2025-01-06 11:19:55.596462 执行[0m
[32m2025-01-06 11:20:00 - INFO - 下一次任务将在 60 秒后 2025-01-06 11:21:00.313379 执行[0m
[32m2025-01-06 11:21:06 - INFO - 下一次任务将在 60 秒后 2025-01-06 11:22:06.497317 执行[0m
[32m2025-01-06 11:22:12 - INFO - 下一次任务将在 59 秒后 2025-01-06 11:23:12.880903 执行[0m
[32m2025-01-06 11:23:18 - INFO - 下一次任务将在 60 秒后 2025-01-06 11:24:18.496875 执行[0m
[32m2025-01-06 11:24:24 - INFO - 下一次任务将在 60 秒后 2025-01-06 11:25:24.343472 执行[0m
[32m2025-01-06 11:25:30 - INFO - 下一次任务将在 60 秒后 2025-01-06 11:26:30.963199 执行[0m
[32m2025-01-06 11:26:36 - INFO - 下一次任务将在 60 秒后 2025-01-06 11:27:36.873235 执行[0m
[32m2025-01-06 11:27:42 - INFO - 下一次任务将在 60 秒后 2025-01-06 11:28:42.810054 执行[0m
[32m2025-01-06 11:28:49 - INFO - 下一次任务将在 60 秒后 2025-01-06 11:29:49.973719 执行[0m
[32m2025-01-06 11:29:58 - INFO - 下一次任务将在 60 秒后 2025-01-06 11:30:58.872552 执行[0m
[32m2025-01-06 11:32:17 - INFO - 下一次任务将在 60 秒后 2025-01-06 11:33:17.977270 执行[0m
[32m2025-01-06 11:33:23 - INFO - 下一次任务将在 60 秒后 2025-01-06 11:34:23.086016 执行[0m
[32m2025-01-06 11:34:27 - INFO - 下一次任务将在 60 秒后 2025-01-06 11:35:27.962811 执行[0m
[32m2025-01-06 11:35:34 - INFO - 下一次任务将在 60 秒后 2025-01-06 11:36:34.587691 执行[0m
[32m2025-01-06 11:36:39 - INFO - 下一次任务将在 60 秒后 2025-01-06 11:37:39.845970 执行[0m
[32m2025-01-06 11:37:44 - INFO - 下一次任务将在 60 秒后 2025-01-06 11:38:44.162554 执行[0m
[32m2025-01-06 11:38:48 - INFO - 下一次任务将在 60 秒后 2025-01-06 11:39:48.770821 执行[0m
[32m2025-01-06 11:39:53 - INFO - 下一次任务将在 60 秒后 2025-01-06 11:40:53.103764 执行[0m
[32m2025-01-06 11:40:57 - INFO - 下一次任务将在 60 秒后 2025-01-06 11:41:57.727905 执行[0m
[32m2025-01-06 11:42:02 - INFO - 下一次任务将在 60 秒后 2025-01-06 11:43:02.589954 执行[0m
[32m2025-01-06 11:43:07 - INFO - 下一次任务将在 60 秒后 2025-01-06 11:44:07.018880 执行[0m
[32m2025-01-06 11:44:11 - INFO - 下一次任务将在 60 秒后 2025-01-06 11:45:11.347892 执行[0m
[32m2025-01-06 11:45:15 - INFO - 下一次任务将在 60 秒后 2025-01-06 11:46:15.742853 执行[0m
[32m2025-01-06 11:46:20 - INFO - 下一次任务将在 60 秒后 2025-01-06 11:47:20.604472 执行[0m
[32m2025-01-06 11:47:24 - INFO - 下一次任务将在 60 秒后 2025-01-06 11:48:24.910967 执行[0m
[32m2025-01-06 11:48:29 - INFO - 下一次任务将在 60 秒后 2025-01-06 11:49:29.293180 执行[0m
[32m2025-01-06 11:49:33 - INFO - 下一次任务将在 60 秒后 2025-01-06 11:50:33.655555 执行[0m
[32m2025-01-06 11:50:38 - INFO - 下一次任务将在 60 秒后 2025-01-06 11:51:38.849934 执行[0m
[32m2025-01-06 11:51:43 - INFO - 下一次任务将在 60 秒后 2025-01-06 11:52:43.155936 执行[0m
[32m2025-01-06 11:52:47 - INFO - 下一次任务将在 60 秒后 2025-01-06 11:53:47.460454 执行[0m
[32m2025-01-06 11:53:51 - INFO - 下一次任务将在 60 秒后 2025-01-06 11:54:51.741201 执行[0m
[32m2025-01-06 11:54:56 - INFO - 下一次任务将在 60 秒后 2025-01-06 11:55:56.336126 执行[0m
[32m2025-01-06 11:56:00 - INFO - 下一次任务将在 60 秒后 2025-01-06 11:57:00.715845 执行[0m
[32m2025-01-06 11:57:06 - INFO - 下一次任务将在 60 秒后 2025-01-06 11:58:06.124603 执行[0m
[32m2025-01-06 11:58:10 - INFO - 下一次任务将在 60 秒后 2025-01-06 11:59:10.485584 执行[0m
[32m2025-01-06 11:59:14 - INFO - 下一次任务将在 60 秒后 2025-01-06 12:00:14.850389 执行[0m
[32m2025-01-06 12:00:18 - INFO - 下一次任务将在 60 秒后 2025-01-06 12:01:18.936488 执行[0m
[32m2025-01-06 12:01:23 - INFO - 下一次任务将在 60 秒后 2025-01-06 12:02:23.313697 执行[0m
[32m2025-01-06 12:02:27 - INFO - 下一次任务将在 60 秒后 2025-01-06 12:03:27.644068 执行[0m
[32m2025-01-06 12:03:32 - INFO - 下一次任务将在 60 秒后 2025-01-06 12:04:32.179086 执行[0m
[32m2025-01-06 12:04:36 - INFO - 下一次任务将在 60 秒后 2025-01-06 12:05:36.968761 执行[0m
[32m2025-01-06 12:05:41 - INFO - 下一次任务将在 60 秒后 2025-01-06 12:06:41.443430 执行[0m
[32m2025-01-06 12:06:45 - INFO - 下一次任务将在 60 秒后 2025-01-06 12:07:45.923170 执行[0m
[32m2025-01-06 12:07:49 - INFO - 下一次任务将在 60 秒后 2025-01-06 12:08:49.934702 执行[0m
[32m2025-01-06 12:08:54 - INFO - 下一次任务将在 60 秒后 2025-01-06 12:09:54.305101 执行[0m
[32m2025-01-06 12:09:58 - INFO - 下一次任务将在 60 秒后 2025-01-06 12:10:58.777602 执行[0m
[32m2025-01-06 12:11:03 - INFO - 下一次任务将在 60 秒后 2025-01-06 12:12:03.225256 执行[0m
[32m2025-01-06 12:12:07 - INFO - 下一次任务将在 60 秒后 2025-01-06 12:13:07.679126 执行[0m
[32m2025-01-06 12:13:12 - INFO - 下一次任务将在 60 秒后 2025-01-06 12:14:12.119812 执行[0m
[32m2025-01-06 12:14:17 - INFO - 下一次任务将在 60 秒后 2025-01-06 12:15:17.173797 执行[0m
[32m2025-01-06 12:15:21 - INFO - 下一次任务将在 60 秒后 2025-01-06 12:16:21.603349 执行[0m
[32m2025-01-06 12:16:26 - INFO - 下一次任务将在 60 秒后 2025-01-06 12:17:26.123972 执行[0m
[32m2025-01-06 12:17:30 - INFO - 下一次任务将在 60 秒后 2025-01-06 12:18:30.462997 执行[0m
[32m2025-01-06 12:18:34 - INFO - 下一次任务将在 60 秒后 2025-01-06 12:19:34.780636 执行[0m
[32m2025-01-06 12:19:39 - INFO - 下一次任务将在 60 秒后 2025-01-06 12:20:39.387785 执行[0m
[32m2025-01-06 12:20:43 - INFO - 下一次任务将在 60 秒后 2025-01-06 12:21:43.816468 执行[0m
[32m2025-01-06 12:21:47 - INFO - 下一次任务将在 60 秒后 2025-01-06 12:22:47.923796 执行[0m
[32m2025-01-06 12:22:52 - INFO - 下一次任务将在 60 秒后 2025-01-06 12:23:52.528422 执行[0m
[32m2025-01-06 12:23:57 - INFO - 下一次任务将在 60 秒后 2025-01-06 12:24:57.228015 执行[0m
[32m2025-01-06 12:25:01 - INFO - 下一次任务将在 60 秒后 2025-01-06 12:26:01.730170 执行[0m
[32m2025-01-06 12:26:06 - INFO - 下一次任务将在 59 秒后 2025-01-06 12:27:06.198044 执行[0m
[32m2025-01-06 12:27:10 - INFO - 下一次任务将在 60 秒后 2025-01-06 12:28:10.800863 执行[0m
[32m2025-01-06 12:28:15 - INFO - 下一次任务将在 60 秒后 2025-01-06 12:29:15.360403 执行[0m
[32m2025-01-06 12:29:19 - INFO - 下一次任务将在 60 秒后 2025-01-06 12:30:19.470319 执行[0m
[32m2025-01-06 12:30:23 - INFO - 下一次任务将在 60 秒后 2025-01-06 12:31:23.935094 执行[0m
[32m2025-01-06 12:31:27 - INFO - 下一次任务将在 60 秒后 2025-01-06 12:32:27.592968 执行[0m
[32m2025-01-06 12:32:31 - INFO - 下一次任务将在 60 秒后 2025-01-06 12:33:31.884856 执行[0m
[32m2025-01-06 12:33:36 - INFO - 下一次任务将在 60 秒后 2025-01-06 12:34:36.132095 执行[0m
[32m2025-01-06 12:34:40 - INFO - 下一次任务将在 60 秒后 2025-01-06 12:35:40.501461 执行[0m
[32m2025-01-06 12:35:45 - INFO - 下一次任务将在 60 秒后 2025-01-06 12:36:45.881132 执行[0m
[32m2025-01-06 12:36:50 - INFO - 下一次任务将在 60 秒后 2025-01-06 12:37:50.642626 执行[0m
[32m2025-01-06 12:37:55 - INFO - 下一次任务将在 60 秒后 2025-01-06 12:38:55.126539 执行[0m
[32m2025-01-06 12:38:59 - INFO - 下一次任务将在 60 秒后 2025-01-06 12:39:59.643651 执行[0m
[32m2025-01-06 12:40:04 - INFO - 下一次任务将在 60 秒后 2025-01-06 12:41:04.153458 执行[0m
[32m2025-01-06 12:41:08 - INFO - 下一次任务将在 60 秒后 2025-01-06 12:42:08.149043 执行[0m
[32m2025-01-06 12:42:12 - INFO - 下一次任务将在 60 秒后 2025-01-06 12:43:12.551863 执行[0m
[32m2025-01-06 12:43:17 - INFO - 下一次任务将在 60 秒后 2025-01-06 12:44:17.159339 执行[0m
[32m2025-01-06 12:44:21 - INFO - 下一次任务将在 60 秒后 2025-01-06 12:45:21.527966 执行[0m
[32m2025-01-06 12:45:25 - INFO - 下一次任务将在 60 秒后 2025-01-06 12:46:25.972064 执行[0m
[32m2025-01-06 12:46:30 - INFO - 下一次任务将在 60 秒后 2025-01-06 12:47:30.455656 执行[0m
[32m2025-01-06 12:47:35 - INFO - 下一次任务将在 60 秒后 2025-01-06 12:48:35.166449 执行[0m
[32m2025-01-06 12:48:39 - INFO - 下一次任务将在 60 秒后 2025-01-06 12:49:39.636053 执行[0m
[32m2025-01-06 12:49:44 - INFO - 下一次任务将在 60 秒后 2025-01-06 12:50:44.095173 执行[0m
[32m2025-01-06 12:50:48 - INFO - 下一次任务将在 60 秒后 2025-01-06 12:51:48.324720 执行[0m
[32m2025-01-06 12:51:52 - INFO - 下一次任务将在 60 秒后 2025-01-06 12:52:52.666181 执行[0m
[32m2025-01-06 12:52:56 - INFO - 下一次任务将在 60 秒后 2025-01-06 12:53:56.986333 执行[0m
[32m2025-01-06 12:54:01 - INFO - 下一次任务将在 60 秒后 2025-01-06 12:55:01.344636 执行[0m
[32m2025-01-06 12:55:05 - INFO - 下一次任务将在 60 秒后 2025-01-06 12:56:05.707509 执行[0m
[32m2025-01-06 12:56:10 - INFO - 下一次任务将在 60 秒后 2025-01-06 12:57:10.356509 执行[0m
[32m2025-01-06 12:57:14 - INFO - 下一次任务将在 60 秒后 2025-01-06 12:58:14.818015 执行[0m
[32m2025-01-06 12:58:19 - INFO - 下一次任务将在 60 秒后 2025-01-06 12:59:19.096803 执行[0m
[32m2025-01-06 12:59:23 - INFO - 下一次任务将在 60 秒后 2025-01-06 13:00:23.293804 执行[0m
[32m2025-01-06 13:00:27 - INFO - 下一次任务将在 59 秒后 2025-01-06 13:01:27.755067 执行[0m
[32m2025-01-06 13:01:32 - INFO - 下一次任务将在 60 秒后 2025-01-06 13:02:32.044421 执行[0m
[32m2025-01-06 13:02:35 - INFO - 下一次任务将在 60 秒后 2025-01-06 13:03:35.891575 执行[0m
[32m2025-01-06 13:03:40 - INFO - 下一次任务将在 60 秒后 2025-01-06 13:04:40.198266 执行[0m
[32m2025-01-06 13:04:44 - INFO - 下一次任务将在 60 秒后 2025-01-06 13:05:44.697423 执行[0m
[32m2025-01-06 13:05:49 - INFO - 下一次任务将在 60 秒后 2025-01-06 13:06:49.503013 执行[0m
[32m2025-01-06 13:06:53 - INFO - 下一次任务将在 60 秒后 2025-01-06 13:07:53.853680 执行[0m
[32m2025-01-06 13:07:58 - INFO - 下一次任务将在 60 秒后 2025-01-06 13:08:58.191606 执行[0m
[32m2025-01-06 13:09:02 - INFO - 下一次任务将在 60 秒后 2025-01-06 13:10:02.601238 执行[0m
[32m2025-01-06 13:10:06 - INFO - 下一次任务将在 60 秒后 2025-01-06 13:11:06.985023 执行[0m
[32m2025-01-06 13:11:11 - INFO - 下一次任务将在 60 秒后 2025-01-06 13:12:11.392004 执行[0m
[32m2025-01-06 13:12:15 - INFO - 下一次任务将在 60 秒后 2025-01-06 13:13:15.785744 执行[0m
[32m2025-01-06 13:13:20 - INFO - 下一次任务将在 60 秒后 2025-01-06 13:14:20.391591 执行[0m
[32m2025-01-06 13:14:24 - INFO - 下一次任务将在 60 秒后 2025-01-06 13:15:24.648822 执行[0m
[32m2025-01-06 13:15:29 - INFO - 下一次任务将在 60 秒后 2025-01-06 13:16:29.291800 执行[0m
[32m2025-01-06 13:16:33 - INFO - 下一次任务将在 60 秒后 2025-01-06 13:17:33.747010 执行[0m
[32m2025-01-06 13:17:37 - INFO - 下一次任务将在 60 秒后 2025-01-06 13:18:37.947466 执行[0m
[32m2025-01-06 13:18:42 - INFO - 下一次任务将在 60 秒后 2025-01-06 13:19:42.472380 执行[0m
[32m2025-01-06 13:19:47 - INFO - 下一次任务将在 60 秒后 2025-01-06 13:20:47.033658 执行[0m
[32m2025-01-06 13:20:51 - INFO - 下一次任务将在 60 秒后 2025-01-06 13:21:51.775102 执行[0m
[32m2025-01-06 13:21:56 - INFO - 下一次任务将在 60 秒后 2025-01-06 13:22:56.233842 执行[0m
[32m2025-01-06 13:23:00 - INFO - 下一次任务将在 60 秒后 2025-01-06 13:24:00.459061 执行[0m
[32m2025-01-06 13:24:05 - INFO - 下一次任务将在 60 秒后 2025-01-06 13:25:05.167665 执行[0m
[32m2025-01-06 13:25:09 - INFO - 下一次任务将在 60 秒后 2025-01-06 13:26:09.840931 执行[0m
[32m2025-01-06 13:26:14 - INFO - 交易通知: 今天有新调仓，组合[0m
[32m2025-01-06 13:26:14 - INFO - 下一次任务将在 60 秒后 2025-01-06 13:27:14.646780 执行[0m
[32m2025-01-06 13:27:19 - INFO - 下一次任务将在 60 秒后 2025-01-06 13:28:19.629491 执行[0m
[32m2025-01-06 13:28:25 - INFO - 下一次任务将在 60 秒后 2025-01-06 13:29:25.321739 执行[0m
[32m2025-01-06 13:29:30 - INFO - 下一次任务将在 60 秒后 2025-01-06 13:30:30.786911 执行[0m
[32m2025-01-06 13:30:36 - INFO - 下一次任务将在 60 秒后 2025-01-06 13:31:36.779313 执行[0m
[32m2025-01-06 13:31:42 - INFO - 下一次任务将在 60 秒后 2025-01-06 13:32:42.102462 执行[0m
[32m2025-01-06 13:32:47 - INFO - 下一次任务将在 60 秒后 2025-01-06 13:33:47.717328 执行[0m
[32m2025-01-06 13:33:53 - INFO - 下一次任务将在 60 秒后 2025-01-06 13:34:53.230231 执行[0m
[32m2025-01-06 13:34:58 - INFO - 下一次任务将在 60 秒后 2025-01-06 13:35:58.664447 执行[0m
[32m2025-01-06 13:36:04 - INFO - 下一次任务将在 60 秒后 2025-01-06 13:37:04.558097 执行[0m
[32m2025-01-06 13:37:09 - INFO - 下一次任务将在 60 秒后 2025-01-06 13:38:09.810313 执行[0m
[32m2025-01-06 13:38:15 - INFO - 下一次任务将在 60 秒后 2025-01-06 13:39:15.237666 执行[0m
[32m2025-01-06 13:39:20 - INFO - 下一次任务将在 60 秒后 2025-01-06 13:40:20.614607 执行[0m
[32m2025-01-06 13:40:25 - INFO - 下一次任务将在 60 秒后 2025-01-06 13:41:25.945217 执行[0m
[32m2025-01-06 13:41:31 - INFO - 下一次任务将在 60 秒后 2025-01-06 13:42:31.241781 执行[0m
[32m2025-01-06 13:42:36 - INFO - 下一次任务将在 60 秒后 2025-01-06 13:43:36.470586 执行[0m
[32m2025-01-06 13:43:42 - INFO - 下一次任务将在 60 秒后 2025-01-06 13:44:42.314696 执行[0m
[32m2025-01-06 13:44:47 - INFO - 下一次任务将在 60 秒后 2025-01-06 13:45:47.722380 执行[0m
[32m2025-01-06 13:45:53 - INFO - 下一次任务将在 60 秒后 2025-01-06 13:46:53.128196 执行[0m
[32m2025-01-06 13:46:58 - INFO - 下一次任务将在 60 秒后 2025-01-06 13:47:58.228715 执行[0m
[32m2025-01-06 13:48:03 - INFO - 下一次任务将在 60 秒后 2025-01-06 13:49:03.608236 执行[0m
[32m2025-01-06 13:49:09 - INFO - 下一次任务将在 60 秒后 2025-01-06 13:50:09.253360 执行[0m
[32m2025-01-06 13:50:14 - INFO - 下一次任务将在 60 秒后 2025-01-06 13:51:14.720180 执行[0m
[32m2025-01-06 13:51:20 - INFO - 下一次任务将在 60 秒后 2025-01-06 13:52:20.241431 执行[0m
[32m2025-01-06 13:52:25 - INFO - 下一次任务将在 60 秒后 2025-01-06 13:53:25.706518 执行[0m
[32m2025-01-06 13:53:30 - INFO - 下一次任务将在 60 秒后 2025-01-06 13:54:30.921775 执行[0m
[32m2025-01-06 13:54:36 - INFO - 下一次任务将在 60 秒后 2025-01-06 13:55:36.454038 执行[0m
[32m2025-01-06 13:55:41 - INFO - 下一次任务将在 60 秒后 2025-01-06 13:56:41.721645 执行[0m
[32m2025-01-06 13:56:47 - INFO - 下一次任务将在 60 秒后 2025-01-06 13:57:47.292928 执行[0m
[32m2025-01-06 13:57:52 - INFO - 下一次任务将在 60 秒后 2025-01-06 13:58:52.496958 执行[0m
[32m2025-01-06 13:58:57 - INFO - 下一次任务将在 60 秒后 2025-01-06 13:59:57.879690 执行[0m
[32m2025-01-06 14:00:03 - INFO - 下一次任务将在 60 秒后 2025-01-06 14:01:03.048865 执行[0m
[32m2025-01-06 14:01:08 - INFO - 下一次任务将在 60 秒后 2025-01-06 14:02:08.364691 执行[0m
[32m2025-01-06 14:02:13 - INFO - 下一次任务将在 60 秒后 2025-01-06 14:03:13.773610 执行[0m
[32m2025-01-06 14:03:19 - INFO - 下一次任务将在 60 秒后 2025-01-06 14:04:19.407150 执行[0m
[32m2025-01-06 14:04:25 - INFO - 下一次任务将在 60 秒后 2025-01-06 14:05:25.033706 执行[0m
[32m2025-01-06 14:05:30 - INFO - 下一次任务将在 60 秒后 2025-01-06 14:06:30.611015 执行[0m
[32m2025-01-06 14:06:35 - INFO - 下一次任务将在 60 秒后 2025-01-06 14:07:35.879313 执行[0m
[32m2025-01-06 14:07:41 - INFO - 下一次任务将在 60 秒后 2025-01-06 14:08:41.560184 执行[0m
[32m2025-01-06 14:08:46 - INFO - 下一次任务将在 60 秒后 2025-01-06 14:09:46.903136 执行[0m
[32m2025-01-06 14:09:52 - INFO - 下一次任务将在 60 秒后 2025-01-06 14:10:52.282388 执行[0m
[32m2025-01-06 14:10:57 - INFO - 下一次任务将在 60 秒后 2025-01-06 14:11:57.530795 执行[0m
[32m2025-01-06 14:12:02 - INFO - 下一次任务将在 60 秒后 2025-01-06 14:13:02.704099 执行[0m
[32m2025-01-06 14:13:08 - INFO - 下一次任务将在 60 秒后 2025-01-06 14:14:08.166754 执行[0m
[32m2025-01-06 14:14:13 - INFO - 下一次任务将在 60 秒后 2025-01-06 14:15:13.421291 执行[0m
[32m2025-01-06 14:15:18 - INFO - 下一次任务将在 60 秒后 2025-01-06 14:16:18.714589 执行[0m
[32m2025-01-06 14:16:24 - INFO - 下一次任务将在 60 秒后 2025-01-06 14:17:24.349031 执行[0m
[32m2025-01-06 14:17:30 - INFO - 下一次任务将在 60 秒后 2025-01-06 14:18:30.031093 执行[0m
[32m2025-01-06 14:18:35 - INFO - 下一次任务将在 60 秒后 2025-01-06 14:19:35.735656 执行[0m
[32m2025-01-06 14:19:41 - INFO - 下一次任务将在 60 秒后 2025-01-06 14:20:41.210580 执行[0m
[32m2025-01-06 14:20:46 - INFO - 下一次任务将在 60 秒后 2025-01-06 14:21:46.920738 执行[0m
[32m2025-01-06 14:21:52 - INFO - 下一次任务将在 60 秒后 2025-01-06 14:22:52.413211 执行[0m
[32m2025-01-06 14:22:57 - INFO - 下一次任务将在 60 秒后 2025-01-06 14:23:57.654570 执行[0m
[32m2025-01-06 14:24:03 - INFO - 下一次任务将在 60 秒后 2025-01-06 14:25:03.123699 执行[0m
[32m2025-01-06 14:25:08 - INFO - 下一次任务将在 60 秒后 2025-01-06 14:26:08.356170 执行[0m
[32m2025-01-06 14:26:13 - INFO - 下一次任务将在 60 秒后 2025-01-06 14:27:13.591779 执行[0m
[32m2025-01-06 14:27:19 - INFO - 下一次任务将在 60 秒后 2025-01-06 14:28:19.331599 执行[0m
[32m2025-01-06 14:28:24 - INFO - 下一次任务将在 60 秒后 2025-01-06 14:29:24.785570 执行[0m
[32m2025-01-06 14:29:30 - INFO - 下一次任务将在 60 秒后 2025-01-06 14:30:30.131490 执行[0m
[32m2025-01-06 14:30:35 - INFO - 下一次任务将在 60 秒后 2025-01-06 14:31:35.604040 执行[0m
[32m2025-01-06 14:31:41 - INFO - 下一次任务将在 60 秒后 2025-01-06 14:32:41.390250 执行[0m
[32m2025-01-06 14:32:46 - INFO - 下一次任务将在 60 秒后 2025-01-06 14:33:46.823855 执行[0m
[32m2025-01-06 14:33:51 - INFO - 下一次任务将在 60 秒后 2025-01-06 14:34:51.927683 执行[0m
[32m2025-01-06 14:34:57 - INFO - 下一次任务将在 60 秒后 2025-01-06 14:35:57.589318 执行[0m
[32m2025-01-06 14:36:02 - INFO - 下一次任务将在 60 秒后 2025-01-06 14:37:02.943960 执行[0m
[32m2025-01-06 14:37:08 - INFO - 下一次任务将在 60 秒后 2025-01-06 14:38:08.310794 执行[0m
[32m2025-01-06 14:38:13 - INFO - 下一次任务将在 60 秒后 2025-01-06 14:39:13.619488 执行[0m
[32m2025-01-06 14:39:19 - INFO - 下一次任务将在 60 秒后 2025-01-06 14:40:19.138234 执行[0m
[32m2025-01-06 14:40:24 - INFO - 下一次任务将在 60 秒后 2025-01-06 14:41:24.646553 执行[0m
[32m2025-01-06 14:41:30 - INFO - 下一次任务将在 60 秒后 2025-01-06 14:42:30.107778 执行[0m
[32m2025-01-06 14:42:35 - INFO - 下一次任务将在 60 秒后 2025-01-06 14:43:35.617023 执行[0m
[32m2025-01-06 14:43:41 - INFO - 下一次任务将在 60 秒后 2025-01-06 14:44:41.173856 执行[0m
[32m2025-01-06 14:44:46 - INFO - 下一次任务将在 60 秒后 2025-01-06 14:45:46.483038 执行[0m
[32m2025-01-06 14:45:52 - INFO - 下一次任务将在 60 秒后 2025-01-06 14:46:52.014231 执行[0m
[32m2025-01-06 14:46:57 - INFO - 下一次任务将在 60 秒后 2025-01-06 14:47:57.297205 执行[0m
[32m2025-01-06 14:48:02 - INFO - 下一次任务将在 60 秒后 2025-01-06 14:49:02.953415 执行[0m
[32m2025-01-06 14:49:08 - INFO - 交易通知: 今天有新调仓，组合[0m
[32m2025-01-06 14:49:08 - INFO - 下一次任务将在 60 秒后 2025-01-06 14:50:08.875836 执行[0m
[32m2025-01-06 14:50:15 - INFO - 下一次任务将在 60 秒后 2025-01-06 14:51:15.467879 执行[0m
[32m2025-01-06 14:51:21 - INFO - 下一次任务将在 60 秒后 2025-01-06 14:52:21.760478 执行[0m
[32m2025-01-06 14:52:27 - INFO - 下一次任务将在 60 秒后 2025-01-06 14:53:27.913500 执行[0m
[32m2025-01-06 14:53:34 - INFO - 下一次任务将在 60 秒后 2025-01-06 14:54:34.040235 执行[0m
[32m2025-01-06 14:53:47 - INFO - 定时任务已启动[0m
[32m2025-01-06 14:54:53 - INFO - 下一次任务将在 60 秒后 2025-01-06 14:55:53.565237 执行[0m
[32m2025-01-06 14:55:59 - INFO - 下一次任务将在 60 秒后 2025-01-06 14:56:59.349460 执行[0m
[32m2025-01-06 14:57:05 - INFO - 下一次任务将在 60 秒后 2025-01-06 14:58:05.390944 执行[0m
[32m2025-01-06 14:58:11 - INFO - 下一次任务将在 60 秒后 2025-01-06 14:59:11.442279 执行[0m
[33m2025-01-06 14:59:17 - WARNING - 无法确定下一次任务的时间[0m
[32m2025-01-06 15:00:00 - INFO - 当前时间为15:00:00.824327,定时任务结束[0m
[32m2025-01-06 15:00:00 - INFO - 交易通知: 定时任务结束[0m
[32m2025-01-07 09:30:32 - INFO - 定时任务已启动[0m
[32m2025-01-07 09:31:21 - INFO - 交易通知: 今日有新的调仓操作！策略[0m
[32m2025-01-07 09:31:36 - INFO - 下一次任务将在 60 秒后 2025-01-07 09:32:36.005384 执行[0m
[32m2025-01-07 09:32:39 - INFO - 下一次任务将在 60 秒后 2025-01-07 09:33:39.284599 执行[0m
[32m2025-01-07 09:33:42 - INFO - 下一次任务将在 60 秒后 2025-01-07 09:34:42.565319 执行[0m
[32m2025-01-07 09:34:45 - INFO - 下一次任务将在 60 秒后 2025-01-07 09:35:45.900935 执行[0m
[32m2025-01-07 09:35:49 - INFO - 下一次任务将在 60 秒后 2025-01-07 09:36:49.244593 执行[0m
[32m2025-01-07 09:36:52 - INFO - 下一次任务将在 60 秒后 2025-01-07 09:37:52.566050 执行[0m
[32m2025-01-07 09:37:58 - INFO - 交易通知: 今天有新调仓，组合[0m
[32m2025-01-07 09:37:58 - INFO - 下一次任务将在 60 秒后 2025-01-07 09:38:58.044516 执行[0m
[32m2025-01-07 09:39:02 - INFO - 下一次任务将在 60 秒后 2025-01-07 09:40:02.176061 执行[0m
[32m2025-01-07 09:40:06 - INFO - 下一次任务将在 60 秒后 2025-01-07 09:41:06.285703 执行[0m
[32m2025-01-07 09:41:10 - INFO - 下一次任务将在 60 秒后 2025-01-07 09:42:10.608838 执行[0m
[32m2025-01-07 09:42:14 - INFO - 下一次任务将在 60 秒后 2025-01-07 09:43:14.891978 执行[0m
[32m2025-01-07 09:43:19 - INFO - 下一次任务将在 60 秒后 2025-01-07 09:44:19.051932 执行[0m
[32m2025-01-07 09:44:24 - INFO - 交易通知: 今天有新调仓，组合[0m
[32m2025-01-07 09:44:24 - INFO - 下一次任务将在 60 秒后 2025-01-07 09:45:24.214217 执行[0m
[32m2025-01-07 09:45:28 - INFO - 下一次任务将在 60 秒后 2025-01-07 09:46:28.872603 执行[0m
[32m2025-01-07 09:46:33 - INFO - 下一次任务将在 60 秒后 2025-01-07 09:47:33.907293 执行[0m
[32m2025-01-07 09:47:38 - INFO - 下一次任务将在 60 秒后 2025-01-07 09:48:38.529405 执行[0m
[32m2025-01-07 09:48:43 - INFO - 下一次任务将在 60 秒后 2025-01-07 09:49:43.187841 执行[0m
[32m2025-01-07 09:49:47 - INFO - 下一次任务将在 60 秒后 2025-01-07 09:50:47.897246 执行[0m
[32m2025-01-07 09:50:52 - INFO - 下一次任务将在 60 秒后 2025-01-07 09:51:52.870651 执行[0m
[32m2025-01-07 09:51:57 - INFO - 下一次任务将在 60 秒后 2025-01-07 09:52:57.756568 执行[0m
[32m2025-01-07 09:53:02 - INFO - 下一次任务将在 60 秒后 2025-01-07 09:54:02.678921 执行[0m
[32m2025-01-07 09:54:07 - INFO - 下一次任务将在 60 秒后 2025-01-07 09:55:07.666874 执行[0m
[32m2025-01-07 09:55:12 - INFO - 下一次任务将在 60 秒后 2025-01-07 09:56:12.654376 执行[0m
[32m2025-01-07 09:56:17 - INFO - 下一次任务将在 60 秒后 2025-01-07 09:57:17.558579 执行[0m
[32m2025-01-07 09:57:22 - INFO - 下一次任务将在 60 秒后 2025-01-07 09:58:22.315115 执行[0m
[32m2025-01-07 09:58:27 - INFO - 下一次任务将在 60 秒后 2025-01-07 09:59:27.719228 执行[0m
[32m2025-01-07 09:59:32 - INFO - 下一次任务将在 60 秒后 2025-01-07 10:00:32.043710 执行[0m
[32m2025-01-07 10:00:37 - INFO - 下一次任务将在 60 秒后 2025-01-07 10:01:37.124232 执行[0m
[32m2025-01-07 10:01:42 - INFO - 下一次任务将在 60 秒后 2025-01-07 10:02:42.233136 执行[0m
[32m2025-01-07 10:02:47 - INFO - 下一次任务将在 60 秒后 2025-01-07 10:03:47.078713 执行[0m
[32m2025-01-07 10:03:51 - INFO - 下一次任务将在 60 秒后 2025-01-07 10:04:51.810934 执行[0m
[32m2025-01-07 10:04:56 - INFO - 下一次任务将在 60 秒后 2025-01-07 10:05:56.781326 执行[0m
[32m2025-01-07 10:06:01 - INFO - 下一次任务将在 60 秒后 2025-01-07 10:07:01.478352 执行[0m
[32m2025-01-07 10:07:06 - INFO - 下一次任务将在 60 秒后 2025-01-07 10:08:06.406398 执行[0m
[32m2025-01-07 10:08:11 - INFO - 下一次任务将在 60 秒后 2025-01-07 10:09:11.178901 执行[0m
[32m2025-01-07 10:09:16 - INFO - 下一次任务将在 60 秒后 2025-01-07 10:10:16.024845 执行[0m
[32m2025-01-07 10:10:21 - INFO - 下一次任务将在 60 秒后 2025-01-07 10:11:21.311084 执行[0m
[32m2025-01-07 10:11:27 - INFO - 下一次任务将在 60 秒后 2025-01-07 10:12:27.146017 执行[0m
[32m2025-01-07 10:12:32 - INFO - 下一次任务将在 60 秒后 2025-01-07 10:13:32.091690 执行[0m
[32m2025-01-07 10:13:37 - INFO - 下一次任务将在 60 秒后 2025-01-07 10:14:37.044995 执行[0m
[32m2025-01-07 10:14:41 - INFO - 下一次任务将在 60 秒后 2025-01-07 10:15:41.934640 执行[0m
[32m2025-01-07 10:15:46 - INFO - 下一次任务将在 60 秒后 2025-01-07 10:16:46.672089 执行[0m
[32m2025-01-07 10:16:52 - INFO - 下一次任务将在 60 秒后 2025-01-07 10:17:52.030053 执行[0m
[32m2025-01-07 10:17:56 - INFO - 下一次任务将在 60 秒后 2025-01-07 10:18:56.805325 执行[0m
[32m2025-01-07 10:19:01 - INFO - 下一次任务将在 60 秒后 2025-01-07 10:20:01.939930 执行[0m
[32m2025-01-07 10:20:06 - INFO - 下一次任务将在 60 秒后 2025-01-07 10:21:06.767305 执行[0m
[32m2025-01-07 10:21:12 - INFO - 下一次任务将在 60 秒后 2025-01-07 10:22:12.439373 执行[0m
[32m2025-01-07 10:22:17 - INFO - 下一次任务将在 60 秒后 2025-01-07 10:23:17.000037 执行[0m
[32m2025-01-07 10:23:22 - INFO - 下一次任务将在 60 秒后 2025-01-07 10:24:22.109214 执行[0m
[32m2025-01-07 10:24:26 - INFO - 下一次任务将在 60 秒后 2025-01-07 10:25:26.924214 执行[0m
[32m2025-01-07 10:25:31 - INFO - 下一次任务将在 60 秒后 2025-01-07 10:26:31.627455 执行[0m
[32m2025-01-07 10:26:36 - INFO - 下一次任务将在 60 秒后 2025-01-07 10:27:36.591775 执行[0m
[32m2025-01-07 10:27:41 - INFO - 下一次任务将在 60 秒后 2025-01-07 10:28:41.283977 执行[0m
[32m2025-01-07 10:28:46 - INFO - 下一次任务将在 60 秒后 2025-01-07 10:29:46.194980 执行[0m
[32m2025-01-07 10:29:51 - INFO - 下一次任务将在 60 秒后 2025-01-07 10:30:51.223764 执行[0m
[32m2025-01-07 10:30:57 - INFO - 下一次任务将在 60 秒后 2025-01-07 10:31:57.527309 执行[0m
[32m2025-01-07 10:32:01 - INFO - 下一次任务将在 60 秒后 2025-01-07 10:33:01.725418 执行[0m
[32m2025-01-07 10:33:06 - INFO - 下一次任务将在 60 秒后 2025-01-07 10:34:06.540207 执行[0m
[32m2025-01-07 10:34:11 - INFO - 下一次任务将在 60 秒后 2025-01-07 10:35:11.534588 执行[0m
[32m2025-01-07 10:35:16 - INFO - 下一次任务将在 60 秒后 2025-01-07 10:36:16.369421 执行[0m
[32m2025-01-07 10:36:20 - INFO - 下一次任务将在 60 秒后 2025-01-07 10:37:20.922332 执行[0m
[32m2025-01-07 10:37:25 - INFO - 下一次任务将在 60 秒后 2025-01-07 10:38:25.898471 执行[0m
[32m2025-01-07 10:38:31 - INFO - 下一次任务将在 60 秒后 2025-01-07 10:39:31.027630 执行[0m
[32m2025-01-07 10:39:35 - INFO - 下一次任务将在 60 秒后 2025-01-07 10:40:35.768553 执行[0m
[32m2025-01-07 10:40:40 - INFO - 下一次任务将在 60 秒后 2025-01-07 10:41:40.767880 执行[0m
[32m2025-01-07 10:41:45 - INFO - 下一次任务将在 60 秒后 2025-01-07 10:42:45.568011 执行[0m
[32m2025-01-07 10:42:50 - INFO - 下一次任务将在 60 秒后 2025-01-07 10:43:50.428963 执行[0m
[32m2025-01-07 10:43:55 - INFO - 下一次任务将在 60 秒后 2025-01-07 10:44:55.625579 执行[0m
[32m2025-01-07 10:45:00 - INFO - 下一次任务将在 60 秒后 2025-01-07 10:46:00.635725 执行[0m
[32m2025-01-07 10:46:05 - INFO - 下一次任务将在 60 秒后 2025-01-07 10:47:05.562748 执行[0m
[32m2025-01-07 10:47:10 - INFO - 下一次任务将在 60 秒后 2025-01-07 10:48:10.629514 执行[0m
[32m2025-01-07 10:48:15 - INFO - 下一次任务将在 60 秒后 2025-01-07 10:49:15.215083 执行[0m
[32m2025-01-07 10:49:19 - INFO - 下一次任务将在 60 秒后 2025-01-07 10:50:19.725870 执行[0m
[32m2025-01-07 10:50:24 - INFO - 下一次任务将在 60 秒后 2025-01-07 10:51:24.591567 执行[0m
[32m2025-01-07 10:51:29 - INFO - 下一次任务将在 60 秒后 2025-01-07 10:52:29.944122 执行[0m
[32m2025-01-07 10:52:34 - INFO - 下一次任务将在 60 秒后 2025-01-07 10:53:34.402755 执行[0m
[32m2025-01-07 10:53:39 - INFO - 下一次任务将在 60 秒后 2025-01-07 10:54:39.504933 执行[0m
[32m2025-01-07 10:54:44 - INFO - 下一次任务将在 60 秒后 2025-01-07 10:55:44.123059 执行[0m
[32m2025-01-07 10:55:48 - INFO - 下一次任务将在 60 秒后 2025-01-07 10:56:48.325569 执行[0m
[32m2025-01-07 10:56:50 - INFO - 下一次任务将在 60 秒后 2025-01-07 10:57:50.153414 执行[0m
[32m2025-01-07 10:57:51 - INFO - 下一次任务将在 60 秒后 2025-01-07 10:58:51.801863 执行[0m
[32m2025-01-07 10:58:53 - INFO - 下一次任务将在 60 秒后 2025-01-07 10:59:53.620597 执行[0m
[32m2025-01-07 10:59:55 - INFO - 下一次任务将在 60 秒后 2025-01-07 11:00:55.277633 执行[0m
[32m2025-01-07 11:00:56 - INFO - 下一次任务将在 60 秒后 2025-01-07 11:01:56.483599 执行[0m
[32m2025-01-07 11:01:58 - INFO - 下一次任务将在 60 秒后 2025-01-07 11:02:58.265092 执行[0m
[32m2025-01-07 11:03:00 - INFO - 下一次任务将在 60 秒后 2025-01-07 11:04:00.340992 执行[0m
[32m2025-01-07 11:04:02 - INFO - 下一次任务将在 60 秒后 2025-01-07 11:05:02.356280 执行[0m
[32m2025-01-07 11:05:03 - INFO - 下一次任务将在 60 秒后 2025-01-07 11:06:03.498925 执行[0m
[32m2025-01-07 11:06:08 - INFO - 下一次任务将在 60 秒后 2025-01-07 11:07:08.606232 执行[0m
[32m2025-01-07 11:07:11 - INFO - 下一次任务将在 60 秒后 2025-01-07 11:08:11.165704 执行[0m
[32m2025-01-07 11:08:12 - INFO - 下一次任务将在 60 秒后 2025-01-07 11:09:12.857005 执行[0m
[32m2025-01-07 11:09:14 - INFO - 下一次任务将在 60 秒后 2025-01-07 11:10:14.416602 执行[0m
[32m2025-01-07 11:10:16 - INFO - 下一次任务将在 60 秒后 2025-01-07 11:11:16.133190 执行[0m
[32m2025-01-07 11:11:17 - INFO - 下一次任务将在 60 秒后 2025-01-07 11:12:17.818579 执行[0m
[32m2025-01-07 11:12:19 - INFO - 下一次任务将在 60 秒后 2025-01-07 11:13:19.541187 执行[0m
[32m2025-01-07 11:13:21 - INFO - 下一次任务将在 60 秒后 2025-01-07 11:14:21.150825 执行[0m
[32m2025-01-07 11:14:23 - INFO - 下一次任务将在 60 秒后 2025-01-07 11:15:23.234555 执行[0m
[32m2025-01-07 11:15:24 - INFO - 下一次任务将在 60 秒后 2025-01-07 11:16:24.460797 执行[0m
[32m2025-01-07 11:16:28 - INFO - 下一次任务将在 60 秒后 2025-01-07 11:17:28.599635 执行[0m
[32m2025-01-07 11:17:29 - INFO - 下一次任务将在 60 秒后 2025-01-07 11:18:29.783108 执行[0m
[32m2025-01-07 11:18:31 - INFO - 下一次任务将在 60 秒后 2025-01-07 11:19:31.528403 执行[0m
[32m2025-01-07 11:19:33 - INFO - 下一次任务将在 60 秒后 2025-01-07 11:20:33.206278 执行[0m
[32m2025-01-07 11:20:35 - INFO - 下一次任务将在 60 秒后 2025-01-07 11:21:35.212610 执行[0m
[32m2025-01-07 11:21:40 - INFO - 下一次任务将在 60 秒后 2025-01-07 11:22:40.402669 执行[0m
[32m2025-01-07 11:22:46 - INFO - 下一次任务将在 60 秒后 2025-01-07 11:23:46.153839 执行[0m
[32m2025-01-07 11:23:51 - INFO - 下一次任务将在 60 秒后 2025-01-07 11:24:51.240820 执行[0m
[32m2025-01-07 11:24:56 - INFO - 下一次任务将在 60 秒后 2025-01-07 11:25:56.377268 执行[0m
[32m2025-01-07 11:26:01 - INFO - 下一次任务将在 60 秒后 2025-01-07 11:27:01.330293 执行[0m
[32m2025-01-07 11:27:05 - INFO - 下一次任务将在 60 秒后 2025-01-07 11:28:05.718688 执行[0m
[32m2025-01-07 11:28:10 - INFO - 下一次任务将在 60 秒后 2025-01-07 11:29:10.446363 执行[0m
[32m2025-01-07 11:29:15 - INFO - 下一次任务将在 60 秒后 2025-01-07 11:30:15.462190 执行[0m
[32m2025-01-07 11:30:20 - INFO - 下一次任务将在 60 秒后 2025-01-07 11:31:20.653334 执行[0m
[32m2025-01-07 11:31:26 - INFO - 下一次任务将在 60 秒后 2025-01-07 11:32:26.004799 执行[0m
[32m2025-01-07 11:32:32 - INFO - 下一次任务将在 60 秒后 2025-01-07 11:33:32.063489 执行[0m
[32m2025-01-07 11:33:37 - INFO - 下一次任务将在 60 秒后 2025-01-07 11:34:37.332849 执行[0m
[32m2025-01-07 11:34:42 - INFO - 下一次任务将在 60 秒后 2025-01-07 11:35:42.269662 执行[0m
[32m2025-01-07 11:35:47 - INFO - 下一次任务将在 59 秒后 2025-01-07 11:36:47.582898 执行[0m
[32m2025-01-07 11:36:53 - INFO - 下一次任务将在 60 秒后 2025-01-07 11:37:53.772777 执行[0m
[32m2025-01-07 11:37:59 - INFO - 下一次任务将在 60 秒后 2025-01-07 11:38:59.042453 执行[0m
[32m2025-01-07 11:39:04 - INFO - 下一次任务将在 60 秒后 2025-01-07 11:40:04.057226 执行[0m
[32m2025-01-07 11:40:09 - INFO - 下一次任务将在 60 秒后 2025-01-07 11:41:09.181032 执行[0m
[32m2025-01-07 11:41:14 - INFO - 下一次任务将在 60 秒后 2025-01-07 11:42:14.450313 执行[0m
[32m2025-01-07 11:42:19 - INFO - 下一次任务将在 60 秒后 2025-01-07 11:43:19.079806 执行[0m
[32m2025-01-07 11:43:24 - INFO - 下一次任务将在 60 秒后 2025-01-07 11:44:24.173417 执行[0m
[32m2025-01-07 11:44:30 - INFO - 下一次任务将在 60 秒后 2025-01-07 11:45:30.025709 执行[0m
[32m2025-01-07 11:45:34 - INFO - 下一次任务将在 60 秒后 2025-01-07 11:46:34.785457 执行[0m
[32m2025-01-07 11:46:39 - INFO - 下一次任务将在 60 秒后 2025-01-07 11:47:39.842034 执行[0m
[32m2025-01-07 11:47:43 - INFO - 下一次任务将在 60 秒后 2025-01-07 11:48:43.978447 执行[0m
[32m2025-01-07 11:48:48 - INFO - 下一次任务将在 60 秒后 2025-01-07 11:49:48.952452 执行[0m
[32m2025-01-07 11:49:53 - INFO - 下一次任务将在 60 秒后 2025-01-07 11:50:53.026937 执行[0m
[32m2025-01-07 11:50:57 - INFO - 下一次任务将在 60 秒后 2025-01-07 11:51:57.148106 执行[0m
[32m2025-01-07 11:52:01 - INFO - 下一次任务将在 60 秒后 2025-01-07 11:53:01.913867 执行[0m
[32m2025-01-07 11:53:06 - INFO - 下一次任务将在 60 秒后 2025-01-07 11:54:06.575364 执行[0m
[32m2025-01-07 11:54:11 - INFO - 下一次任务将在 60 秒后 2025-01-07 11:55:11.540655 执行[0m
[32m2025-01-07 11:55:15 - INFO - 下一次任务将在 60 秒后 2025-01-07 11:56:15.985663 执行[0m
[32m2025-01-07 11:56:20 - INFO - 下一次任务将在 60 秒后 2025-01-07 11:57:20.751446 执行[0m
[32m2025-01-07 11:57:25 - INFO - 下一次任务将在 60 秒后 2025-01-07 11:58:25.503691 执行[0m
[32m2025-01-07 11:58:29 - INFO - 下一次任务将在 60 秒后 2025-01-07 11:59:29.962496 执行[0m
[32m2025-01-07 11:59:34 - INFO - 下一次任务将在 60 秒后 2025-01-07 12:00:34.571134 执行[0m
[32m2025-01-07 12:00:39 - INFO - 下一次任务将在 60 秒后 2025-01-07 12:01:39.582755 执行[0m
[32m2025-01-07 12:01:44 - INFO - 下一次任务将在 60 秒后 2025-01-07 12:02:44.113113 执行[0m
[32m2025-01-07 12:02:48 - INFO - 下一次任务将在 60 秒后 2025-01-07 12:03:48.694965 执行[0m
[32m2025-01-07 12:03:53 - INFO - 下一次任务将在 60 秒后 2025-01-07 12:04:53.288945 执行[0m
[32m2025-01-07 12:04:58 - INFO - 下一次任务将在 60 秒后 2025-01-07 12:05:58.075400 执行[0m
[32m2025-01-07 12:06:02 - INFO - 下一次任务将在 60 秒后 2025-01-07 12:07:02.965248 执行[0m
[32m2025-01-07 12:07:07 - INFO - 下一次任务将在 60 秒后 2025-01-07 12:08:07.848979 执行[0m
[32m2025-01-07 12:08:12 - INFO - 下一次任务将在 60 秒后 2025-01-07 12:09:12.122352 执行[0m
[32m2025-01-07 12:09:16 - INFO - 下一次任务将在 60 秒后 2025-01-07 12:10:16.063719 执行[0m
[32m2025-01-07 12:10:20 - INFO - 下一次任务将在 60 秒后 2025-01-07 12:11:20.751047 执行[0m
[32m2025-01-07 12:11:25 - INFO - 下一次任务将在 60 秒后 2025-01-07 12:12:25.523699 执行[0m
[32m2025-01-07 12:12:30 - INFO - 下一次任务将在 60 秒后 2025-01-07 12:13:30.545196 执行[0m
[32m2025-01-07 12:13:35 - INFO - 下一次任务将在 60 秒后 2025-01-07 12:14:35.781112 执行[0m
[32m2025-01-07 12:14:40 - INFO - 下一次任务将在 60 秒后 2025-01-07 12:15:40.461829 执行[0m
[32m2025-01-07 12:15:45 - INFO - 下一次任务将在 60 秒后 2025-01-07 12:16:45.267235 执行[0m
[32m2025-01-07 12:16:50 - INFO - 下一次任务将在 60 秒后 2025-01-07 12:17:50.002420 执行[0m
[32m2025-01-07 12:17:54 - INFO - 下一次任务将在 60 秒后 2025-01-07 12:18:54.600217 执行[0m
[32m2025-01-07 12:18:59 - INFO - 下一次任务将在 60 秒后 2025-01-07 12:19:59.628265 执行[0m
[32m2025-01-07 12:20:04 - INFO - 下一次任务将在 60 秒后 2025-01-07 12:21:04.848759 执行[0m
[32m2025-01-07 12:21:09 - INFO - 下一次任务将在 60 秒后 2025-01-07 12:22:09.881658 执行[0m
[32m2025-01-07 12:22:14 - INFO - 下一次任务将在 60 秒后 2025-01-07 12:23:14.825294 执行[0m
[32m2025-01-07 12:23:19 - INFO - 下一次任务将在 60 秒后 2025-01-07 12:24:19.443777 执行[0m
[32m2025-01-07 12:24:24 - INFO - 下一次任务将在 60 秒后 2025-01-07 12:25:24.019760 执行[0m
[32m2025-01-07 12:25:28 - INFO - 下一次任务将在 60 秒后 2025-01-07 12:26:28.995736 执行[0m
[32m2025-01-07 12:26:34 - INFO - 下一次任务将在 60 秒后 2025-01-07 12:27:34.313760 执行[0m
[32m2025-01-07 12:27:39 - INFO - 下一次任务将在 60 秒后 2025-01-07 12:28:39.255798 执行[0m
[32m2025-01-07 12:28:44 - INFO - 下一次任务将在 60 秒后 2025-01-07 12:29:44.740364 执行[0m
[32m2025-01-07 12:29:49 - INFO - 下一次任务将在 59 秒后 2025-01-07 12:30:49.542638 执行[0m
[32m2025-01-07 12:30:54 - INFO - 下一次任务将在 60 秒后 2025-01-07 12:31:54.858994 执行[0m
[32m2025-01-07 12:32:00 - INFO - 下一次任务将在 60 秒后 2025-01-07 12:33:00.268656 执行[0m
[32m2025-01-07 12:33:05 - INFO - 下一次任务将在 60 秒后 2025-01-07 12:34:05.289648 执行[0m
[32m2025-01-07 12:34:09 - INFO - 下一次任务将在 60 秒后 2025-01-07 12:35:09.906384 执行[0m
[32m2025-01-07 12:35:14 - INFO - 下一次任务将在 60 秒后 2025-01-07 12:36:14.315615 执行[0m
[32m2025-01-07 12:36:18 - INFO - 下一次任务将在 60 秒后 2025-01-07 12:37:18.737162 执行[0m
[32m2025-01-07 12:37:26 - INFO - 下一次任务将在 60 秒后 2025-01-07 12:38:26.937250 执行[0m
[32m2025-01-07 12:38:31 - INFO - 下一次任务将在 60 秒后 2025-01-07 12:39:31.504119 执行[0m
[32m2025-01-07 12:39:39 - INFO - 下一次任务将在 60 秒后 2025-01-07 12:40:39.653297 执行[0m
[32m2025-01-07 12:40:47 - INFO - 下一次任务将在 60 秒后 2025-01-07 12:41:47.255138 执行[0m
[32m2025-01-07 12:41:51 - INFO - 下一次任务将在 60 秒后 2025-01-07 12:42:51.703271 执行[0m
[32m2025-01-07 12:42:56 - INFO - 下一次任务将在 60 秒后 2025-01-07 12:43:56.380306 执行[0m
[32m2025-01-07 12:44:01 - INFO - 下一次任务将在 60 秒后 2025-01-07 12:45:01.327224 执行[0m
[32m2025-01-07 12:45:05 - INFO - 下一次任务将在 60 秒后 2025-01-07 12:46:05.939658 执行[0m
[32m2025-01-07 12:46:12 - INFO - 下一次任务将在 60 秒后 2025-01-07 12:47:12.583207 执行[0m
[32m2025-01-07 12:47:16 - INFO - 下一次任务将在 60 秒后 2025-01-07 12:48:16.967156 执行[0m
[32m2025-01-07 12:48:24 - INFO - 下一次任务将在 60 秒后 2025-01-07 12:49:24.230993 执行[0m
[32m2025-01-07 12:49:28 - INFO - 下一次任务将在 60 秒后 2025-01-07 12:50:28.732684 执行[0m
[32m2025-01-07 12:50:33 - INFO - 下一次任务将在 60 秒后 2025-01-07 12:51:33.532934 执行[0m
[32m2025-01-07 12:51:37 - INFO - 下一次任务将在 60 秒后 2025-01-07 12:52:37.970116 执行[0m
[32m2025-01-07 12:52:42 - INFO - 下一次任务将在 60 秒后 2025-01-07 12:53:42.563662 执行[0m
[32m2025-01-07 12:53:47 - INFO - 下一次任务将在 60 秒后 2025-01-07 12:54:47.098647 执行[0m
[32m2025-01-07 12:54:51 - INFO - 下一次任务将在 60 秒后 2025-01-07 12:55:51.577585 执行[0m
[32m2025-01-07 12:55:56 - INFO - 下一次任务将在 60 秒后 2025-01-07 12:56:56.899596 执行[0m
[32m2025-01-07 12:57:01 - INFO - 下一次任务将在 60 秒后 2025-01-07 12:58:01.427109 执行[0m
[32m2025-01-07 12:58:06 - INFO - 下一次任务将在 60 秒后 2025-01-07 12:59:06.032388 执行[0m
[32m2025-01-07 12:59:10 - INFO - 下一次任务将在 60 秒后 2025-01-07 13:00:10.806416 执行[0m
[32m2025-01-07 13:00:15 - INFO - 下一次任务将在 60 秒后 2025-01-07 13:01:15.469848 执行[0m
[32m2025-01-07 13:01:19 - INFO - 下一次任务将在 60 秒后 2025-01-07 13:02:19.976846 执行[0m
[32m2025-01-07 13:02:24 - INFO - 下一次任务将在 60 秒后 2025-01-07 13:03:24.958268 执行[0m
[32m2025-01-07 13:03:29 - INFO - 下一次任务将在 60 秒后 2025-01-07 13:04:29.549881 执行[0m
[32m2025-01-07 13:04:34 - INFO - 下一次任务将在 60 秒后 2025-01-07 13:05:34.493540 执行[0m
[32m2025-01-07 13:05:39 - INFO - 下一次任务将在 60 秒后 2025-01-07 13:06:39.347719 执行[0m
[32m2025-01-07 13:06:44 - INFO - 下一次任务将在 60 秒后 2025-01-07 13:07:44.068936 执行[0m
[32m2025-01-07 13:07:48 - INFO - 下一次任务将在 60 秒后 2025-01-07 13:08:48.941668 执行[0m
[32m2025-01-07 13:08:53 - INFO - 下一次任务将在 60 秒后 2025-01-07 13:09:53.669164 执行[0m
[32m2025-01-07 13:09:58 - INFO - 下一次任务将在 60 秒后 2025-01-07 13:10:58.200126 执行[0m
[32m2025-01-07 13:10:51 - INFO - 定时任务已启动[0m
[32m2025-01-07 13:11:56 - INFO - 下一次任务将在 60 秒后 2025-01-07 13:12:56.712746 执行[0m
[32m2025-01-07 13:13:01 - INFO - 下一次任务将在 60 秒后 2025-01-07 13:14:01.715704 执行[0m
[32m2025-01-07 13:14:06 - INFO - 下一次任务将在 60 秒后 2025-01-07 13:15:06.877520 执行[0m
[32m2025-01-07 13:15:11 - INFO - 下一次任务将在 60 秒后 2025-01-07 13:16:11.854065 执行[0m
[32m2025-01-07 13:16:16 - INFO - 下一次任务将在 60 秒后 2025-01-07 13:17:16.446550 执行[0m
[32m2025-01-07 13:17:21 - INFO - 下一次任务将在 60 秒后 2025-01-07 13:18:21.292489 执行[0m
[32m2025-01-07 13:18:26 - INFO - 下一次任务将在 60 秒后 2025-01-07 13:19:26.263546 执行[0m
[32m2025-01-07 13:19:30 - INFO - 下一次任务将在 60 秒后 2025-01-07 13:20:30.941753 执行[0m
[32m2025-01-07 13:20:35 - INFO - 下一次任务将在 60 秒后 2025-01-07 13:21:35.664501 执行[0m
[32m2025-01-07 13:21:41 - INFO - 下一次任务将在 60 秒后 2025-01-07 13:22:41.654774 执行[0m
[32m2025-01-07 13:22:46 - INFO - 下一次任务将在 60 秒后 2025-01-07 13:23:46.319294 执行[0m
[32m2025-01-07 13:23:50 - INFO - 下一次任务将在 60 秒后 2025-01-07 13:24:50.961617 执行[0m
[32m2025-01-07 13:24:55 - INFO - 下一次任务将在 60 秒后 2025-01-07 13:25:55.132133 执行[0m
[32m2025-01-07 13:25:59 - INFO - 下一次任务将在 60 秒后 2025-01-07 13:26:59.909887 执行[0m
[32m2025-01-07 13:27:04 - INFO - 下一次任务将在 60 秒后 2025-01-07 13:28:04.180515 执行[0m
[32m2025-01-07 13:28:08 - INFO - 下一次任务将在 60 秒后 2025-01-07 13:29:08.446457 执行[0m
[32m2025-01-07 13:29:13 - INFO - 下一次任务将在 60 秒后 2025-01-07 13:30:13.030686 执行[0m
[32m2025-01-07 13:30:17 - INFO - 下一次任务将在 60 秒后 2025-01-07 13:31:17.925289 执行[0m
[32m2025-01-07 13:31:22 - INFO - 下一次任务将在 60 秒后 2025-01-07 13:32:22.049122 执行[0m
[32m2025-01-07 13:32:26 - INFO - 下一次任务将在 60 秒后 2025-01-07 13:33:26.882829 执行[0m
[32m2025-01-07 13:33:31 - INFO - 下一次任务将在 60 秒后 2025-01-07 13:34:31.506464 执行[0m
[32m2025-01-07 13:34:36 - INFO - 下一次任务将在 60 秒后 2025-01-07 13:35:36.374381 执行[0m
[32m2025-01-07 13:35:41 - INFO - 下一次任务将在 60 秒后 2025-01-07 13:36:41.352524 执行[0m
[32m2025-01-07 13:36:46 - INFO - 下一次任务将在 60 秒后 2025-01-07 13:37:46.378455 执行[0m
[32m2025-01-07 13:37:51 - INFO - 下一次任务将在 60 秒后 2025-01-07 13:38:51.261068 执行[0m
[32m2025-01-07 13:38:56 - INFO - 下一次任务将在 60 秒后 2025-01-07 13:39:56.048858 执行[0m
[32m2025-01-07 13:40:00 - INFO - 下一次任务将在 60 秒后 2025-01-07 13:41:00.765763 执行[0m
[32m2025-01-07 13:41:05 - INFO - 下一次任务将在 60 秒后 2025-01-07 13:42:05.392268 执行[0m
[32m2025-01-07 13:42:10 - INFO - 下一次任务将在 60 秒后 2025-01-07 13:43:10.297375 执行[0m
[32m2025-01-07 13:43:14 - INFO - 下一次任务将在 60 秒后 2025-01-07 13:44:14.995119 执行[0m
[32m2025-01-07 13:44:19 - INFO - 下一次任务将在 60 秒后 2025-01-07 13:45:19.769970 执行[0m
[32m2025-01-07 13:45:24 - INFO - 下一次任务将在 60 秒后 2025-01-07 13:46:24.538040 执行[0m
[32m2025-01-07 13:46:29 - INFO - 下一次任务将在 60 秒后 2025-01-07 13:47:29.229551 执行[0m
[32m2025-01-07 13:47:34 - INFO - 下一次任务将在 60 秒后 2025-01-07 13:48:34.072830 执行[0m
[32m2025-01-07 13:48:38 - INFO - 下一次任务将在 60 秒后 2025-01-07 13:49:38.597927 执行[0m
[32m2025-01-07 13:49:43 - INFO - 下一次任务将在 60 秒后 2025-01-07 13:50:43.107816 执行[0m
[32m2025-01-07 13:50:47 - INFO - 下一次任务将在 60 秒后 2025-01-07 13:51:47.727924 执行[0m
[32m2025-01-07 13:51:52 - INFO - 下一次任务将在 60 秒后 2025-01-07 13:52:52.331966 执行[0m
[32m2025-01-07 13:52:56 - INFO - 下一次任务将在 60 秒后 2025-01-07 13:53:56.966627 执行[0m
[32m2025-01-07 13:54:01 - INFO - 下一次任务将在 60 秒后 2025-01-07 13:55:01.607475 执行[0m
[32m2025-01-07 13:55:06 - INFO - 下一次任务将在 60 秒后 2025-01-07 13:56:06.198956 执行[0m
[32m2025-01-07 13:56:11 - INFO - 下一次任务将在 60 秒后 2025-01-07 13:57:11.061751 执行[0m
[32m2025-01-07 13:57:15 - INFO - 下一次任务将在 60 秒后 2025-01-07 13:58:15.860143 执行[0m
[32m2025-01-07 13:58:20 - INFO - 下一次任务将在 60 秒后 2025-01-07 13:59:20.672590 执行[0m
[32m2025-01-07 13:59:25 - INFO - 下一次任务将在 59 秒后 2025-01-07 14:00:25.164542 执行[0m
[32m2025-01-07 14:00:29 - INFO - 下一次任务将在 60 秒后 2025-01-07 14:01:29.783626 执行[0m
[32m2025-01-07 14:01:34 - INFO - 下一次任务将在 60 秒后 2025-01-07 14:02:34.417434 执行[0m
[32m2025-01-07 14:02:39 - INFO - 下一次任务将在 60 秒后 2025-01-07 14:03:39.402467 执行[0m
[32m2025-01-07 14:03:43 - INFO - 下一次任务将在 60 秒后 2025-01-07 14:04:43.939306 执行[0m
[32m2025-01-07 14:04:48 - INFO - 下一次任务将在 60 秒后 2025-01-07 14:05:48.592784 执行[0m
[32m2025-01-07 14:05:53 - INFO - 下一次任务将在 60 秒后 2025-01-07 14:06:53.359286 执行[0m
[32m2025-01-07 14:06:58 - INFO - 下一次任务将在 60 秒后 2025-01-07 14:07:58.001556 执行[0m
[32m2025-01-07 14:08:02 - INFO - 下一次任务将在 60 秒后 2025-01-07 14:09:02.625123 执行[0m
[32m2025-01-07 14:09:07 - INFO - 下一次任务将在 60 秒后 2025-01-07 14:10:07.262138 执行[0m
[32m2025-01-07 14:10:12 - INFO - 下一次任务将在 60 秒后 2025-01-07 14:11:12.594528 执行[0m
[32m2025-01-07 14:11:17 - INFO - 下一次任务将在 60 秒后 2025-01-07 14:12:17.575151 执行[0m
[32m2025-01-07 14:12:21 - INFO - 下一次任务将在 60 秒后 2025-01-07 14:13:21.858850 执行[0m
[32m2025-01-07 14:13:26 - INFO - 下一次任务将在 60 秒后 2025-01-07 14:14:26.611289 执行[0m
[32m2025-01-07 14:14:31 - INFO - 下一次任务将在 60 秒后 2025-01-07 14:15:31.268151 执行[0m
[32m2025-01-07 14:15:57 - INFO - 下一次任务将在 60 秒后 2025-01-07 14:16:57.459816 执行[0m
[32m2025-01-07 14:17:02 - INFO - 下一次任务将在 60 秒后 2025-01-07 14:18:02.203909 执行[0m
[32m2025-01-07 14:18:07 - INFO - 下一次任务将在 60 秒后 2025-01-07 14:19:07.291363 执行[0m
[32m2025-01-07 14:19:12 - INFO - 下一次任务将在 60 秒后 2025-01-07 14:20:12.654142 执行[0m
[32m2025-01-07 14:20:17 - INFO - 下一次任务将在 60 秒后 2025-01-07 14:21:17.802063 执行[0m
[32m2025-01-07 14:21:22 - INFO - 下一次任务将在 60 秒后 2025-01-07 14:22:22.514520 执行[0m
[32m2025-01-07 14:22:27 - INFO - 下一次任务将在 60 秒后 2025-01-07 14:23:27.166667 执行[0m
[32m2025-01-07 14:23:32 - INFO - 下一次任务将在 60 秒后 2025-01-07 14:24:32.091892 执行[0m
[32m2025-01-07 14:24:37 - INFO - 下一次任务将在 60 秒后 2025-01-07 14:25:37.250324 执行[0m
[32m2025-01-07 14:25:41 - INFO - 下一次任务将在 60 秒后 2025-01-07 14:26:41.973333 执行[0m
[32m2025-01-07 14:26:46 - INFO - 下一次任务将在 60 秒后 2025-01-07 14:27:46.563428 执行[0m
[32m2025-01-07 14:27:52 - INFO - 下一次任务将在 60 秒后 2025-01-07 14:28:52.102637 执行[0m
[32m2025-01-07 14:28:56 - INFO - 下一次任务将在 60 秒后 2025-01-07 14:29:56.955297 执行[0m
[32m2025-01-07 14:30:01 - INFO - 下一次任务将在 60 秒后 2025-01-07 14:31:01.729619 执行[0m
[32m2025-01-07 14:31:06 - INFO - 下一次任务将在 60 秒后 2025-01-07 14:32:06.529865 执行[0m
[32m2025-01-07 14:32:11 - INFO - 下一次任务将在 60 秒后 2025-01-07 14:33:11.216528 执行[0m
[32m2025-01-07 14:33:15 - INFO - 下一次任务将在 60 秒后 2025-01-07 14:34:15.883295 执行[0m
[32m2025-01-07 14:34:20 - INFO - 下一次任务将在 60 秒后 2025-01-07 14:35:20.553241 执行[0m
[32m2025-01-07 14:35:25 - INFO - 下一次任务将在 60 秒后 2025-01-07 14:36:25.541756 执行[0m
[32m2025-01-07 14:36:30 - INFO - 下一次任务将在 60 秒后 2025-01-07 14:37:30.344960 执行[0m
[32m2025-01-07 14:37:34 - INFO - 下一次任务将在 60 秒后 2025-01-07 14:38:34.526603 执行[0m
[32m2025-01-07 14:38:39 - INFO - 下一次任务将在 60 秒后 2025-01-07 14:39:39.807618 执行[0m
[32m2025-01-07 14:39:44 - INFO - 下一次任务将在 60 秒后 2025-01-07 14:40:44.843693 执行[0m
[32m2025-01-07 14:40:49 - INFO - 下一次任务将在 60 秒后 2025-01-07 14:41:49.059577 执行[0m
[32m2025-01-07 14:41:54 - INFO - 下一次任务将在 60 秒后 2025-01-07 14:42:54.476385 执行[0m
[32m2025-01-07 14:42:59 - INFO - 下一次任务将在 60 秒后 2025-01-07 14:43:59.036943 执行[0m
[32m2025-01-07 14:44:04 - INFO - 下一次任务将在 60 秒后 2025-01-07 14:45:04.121726 执行[0m
[32m2025-01-07 14:45:09 - INFO - 下一次任务将在 60 秒后 2025-01-07 14:46:09.475742 执行[0m
[32m2025-01-07 14:46:14 - INFO - 下一次任务将在 60 秒后 2025-01-07 14:47:14.826829 执行[0m
[32m2025-01-07 14:47:19 - INFO - 下一次任务将在 60 秒后 2025-01-07 14:48:19.512229 执行[0m
[32m2025-01-07 14:48:24 - INFO - 下一次任务将在 60 秒后 2025-01-07 14:49:24.587563 执行[0m
[32m2025-01-07 14:49:29 - INFO - 下一次任务将在 60 秒后 2025-01-07 14:50:29.250667 执行[0m
[32m2025-01-07 14:50:33 - INFO - 下一次任务将在 60 秒后 2025-01-07 14:51:33.990340 执行[0m
[32m2025-01-07 14:51:38 - INFO - 下一次任务将在 60 秒后 2025-01-07 14:52:38.468991 执行[0m
[32m2025-01-07 14:52:43 - INFO - 下一次任务将在 60 秒后 2025-01-07 14:53:43.105121 执行[0m
[32m2025-01-07 14:53:47 - INFO - 下一次任务将在 60 秒后 2025-01-07 14:54:47.655095 执行[0m
[32m2025-01-07 14:54:52 - INFO - 下一次任务将在 60 秒后 2025-01-07 14:55:52.555115 执行[0m
[32m2025-01-07 14:55:57 - INFO - 下一次任务将在 60 秒后 2025-01-07 14:56:57.209121 执行[0m
[32m2025-01-07 14:57:02 - INFO - 下一次任务将在 60 秒后 2025-01-07 14:58:02.113689 执行[0m
[32m2025-01-07 14:58:06 - INFO - 下一次任务将在 60 秒后 2025-01-07 14:59:06.917856 执行[0m
[33m2025-01-07 14:59:11 - WARNING - 无法确定下一次任务的时间[0m
[32m2025-01-07 15:00:00 - INFO - 当前时间为15:00:00.373798,定时任务结束[0m
[32m2025-01-07 15:00:00 - INFO - 交易通知: 定时任务结束[0m
