[31m2025-01-02 14:15:57 - ERROR - ä¹°å…¥ ä¸­èˆªå…‰ç”µ 100 è‚¡å¤±è´¥: {'code': -32002, 'data': "Selector [resourceId='com.hexin.plat.android:id/title', text='äº¤æ˜“']", 'method': 'wait'}[0m
Traceback (most recent call last):
  File "D:\1document\1test\PycharmProject_gitee\others\é‡åŒ–æŠ•èµ„\THS\è‡ªåŠ¨åŒ–äº¤æ˜“_åŒèŠ±é¡º\æ•´åˆ\pages\ths_page2.py", line 167, in buy_stock
    self.click_trade_entry()
  File "D:\1document\1test\PycharmProject_gitee\others\é‡åŒ–æŠ•èµ„\THS\è‡ªåŠ¨åŒ–äº¤æ˜“_åŒèŠ±é¡º\æ•´åˆ\pages\ths_page2.py", line 27, in click_trade_entry
    trade_entry.click()
  File "C:\Python310\lib\site-packages\uiautomator2\_selector.py", line 148, in click
    self.must_wait(timeout=timeout)
  File "C:\Python310\lib\site-packages\uiautomator2\_selector.py", line 343, in must_wait
    raise UiObjectNotFoundError({'code': -32002, 'data': str(self.selector), 'method': 'wait'})
uiautomator2.exceptions.UiObjectNotFoundError: {'code': -32002, 'data': "Selector [resourceId='com.hexin.plat.android:id/title', text='äº¤æ˜“']", 'method': 'wait'}
[32m2025-01-02 14:15:57 - INFO - äº¤æ˜“é€šçŸ¥: BUY ä¸­èˆªå…‰ç”µ ä¹°å…¥ ä¸­èˆªå…‰ç”µ 100 è‚¡å¤±è´¥: {'code': -32002, 'data': "Selector [resourceId='com.hexin.plat.android:id/title', text='äº¤æ˜“']", 'method': 'wait'}[0m
[31m2025-01-02 14:16:08 - ERROR - ä¹°å…¥ åŒ—æ–¹ååˆ› 100 è‚¡å¤±è´¥: {'code': -32002, 'data': "Selector [resourceId='com.hexin.plat.android:id/title', text='äº¤æ˜“']", 'method': 'wait'}[0m
Traceback (most recent call last):
  File "D:\1document\1test\PycharmProject_gitee\others\é‡åŒ–æŠ•èµ„\THS\è‡ªåŠ¨åŒ–äº¤æ˜“_åŒèŠ±é¡º\æ•´åˆ\pages\ths_page2.py", line 167, in buy_stock
    self.click_trade_entry()
  File "D:\1document\1test\PycharmProject_gitee\others\é‡åŒ–æŠ•èµ„\THS\è‡ªåŠ¨åŒ–äº¤æ˜“_åŒèŠ±é¡º\æ•´åˆ\pages\ths_page2.py", line 27, in click_trade_entry
    trade_entry.click()
  File "C:\Python310\lib\site-packages\uiautomator2\_selector.py", line 148, in click
    self.must_wait(timeout=timeout)
  File "C:\Python310\lib\site-packages\uiautomator2\_selector.py", line 343, in must_wait
    raise UiObjectNotFoundError({'code': -32002, 'data': str(self.selector), 'method': 'wait'})
uiautomator2.exceptions.UiObjectNotFoundError: {'code': -32002, 'data': "Selector [resourceId='com.hexin.plat.android:id/title', text='äº¤æ˜“']", 'method': 'wait'}
[32m2025-01-02 14:16:08 - INFO - äº¤æ˜“é€šçŸ¥: BUY åŒ—æ–¹ååˆ› ä¹°å…¥ åŒ—æ–¹ååˆ› 100 è‚¡å¤±è´¥: {'code': -32002, 'data': "Selector [resourceId='com.hexin.plat.android:id/title', text='äº¤æ˜“']", 'method': 'wait'}[0m
[31m2025-01-02 14:16:19 - ERROR - ä¹°å…¥ è‹±ç»´å…‹ 100 è‚¡å¤±è´¥: {'code': -32002, 'data': "Selector [resourceId='com.hexin.plat.android:id/title', text='äº¤æ˜“']", 'method': 'wait'}[0m
Traceback (most recent call last):
  File "D:\1document\1test\PycharmProject_gitee\others\é‡åŒ–æŠ•èµ„\THS\è‡ªåŠ¨åŒ–äº¤æ˜“_åŒèŠ±é¡º\æ•´åˆ\pages\ths_page2.py", line 167, in buy_stock
    self.click_trade_entry()
  File "D:\1document\1test\PycharmProject_gitee\others\é‡åŒ–æŠ•èµ„\THS\è‡ªåŠ¨åŒ–äº¤æ˜“_åŒèŠ±é¡º\æ•´åˆ\pages\ths_page2.py", line 27, in click_trade_entry
    trade_entry.click()
  File "C:\Python310\lib\site-packages\uiautomator2\_selector.py", line 148, in click
    self.must_wait(timeout=timeout)
  File "C:\Python310\lib\site-packages\uiautomator2\_selector.py", line 343, in must_wait
    raise UiObjectNotFoundError({'code': -32002, 'data': str(self.selector), 'method': 'wait'})
uiautomator2.exceptions.UiObjectNotFoundError: {'code': -32002, 'data': "Selector [resourceId='com.hexin.plat.android:id/title', text='äº¤æ˜“']", 'method': 'wait'}
[32m2025-01-02 14:16:19 - INFO - äº¤æ˜“é€šçŸ¥: BUY è‹±ç»´å…‹ ä¹°å…¥ è‹±ç»´å…‹ 100 è‚¡å¤±è´¥: {'code': -32002, 'data': "Selector [resourceId='com.hexin.plat.android:id/title', text='äº¤æ˜“']", 'method': 'wait'}[0m
[31m2025-01-02 14:16:29 - ERROR - ä¹°å…¥ å›½å…‰è‚¡ä»½ 100 è‚¡å¤±è´¥: {'code': -32002, 'data': "Selector [resourceId='com.hexin.plat.android:id/title', text='äº¤æ˜“']", 'method': 'wait'}[0m
Traceback (most recent call last):
  File "D:\1document\1test\PycharmProject_gitee\others\é‡åŒ–æŠ•èµ„\THS\è‡ªåŠ¨åŒ–äº¤æ˜“_åŒèŠ±é¡º\æ•´åˆ\pages\ths_page2.py", line 167, in buy_stock
    self.click_trade_entry()
  File "D:\1document\1test\PycharmProject_gitee\others\é‡åŒ–æŠ•èµ„\THS\è‡ªåŠ¨åŒ–äº¤æ˜“_åŒèŠ±é¡º\æ•´åˆ\pages\ths_page2.py", line 27, in click_trade_entry
    trade_entry.click()
  File "C:\Python310\lib\site-packages\uiautomator2\_selector.py", line 148, in click
    self.must_wait(timeout=timeout)
  File "C:\Python310\lib\site-packages\uiautomator2\_selector.py", line 343, in must_wait
    raise UiObjectNotFoundError({'code': -32002, 'data': str(self.selector), 'method': 'wait'})
uiautomator2.exceptions.UiObjectNotFoundError: {'code': -32002, 'data': "Selector [resourceId='com.hexin.plat.android:id/title', text='äº¤æ˜“']", 'method': 'wait'}
[32m2025-01-02 14:16:29 - INFO - äº¤æ˜“é€šçŸ¥: BUY å›½å…‰è‚¡ä»½ ä¹°å…¥ å›½å…‰è‚¡ä»½ 100 è‚¡å¤±è´¥: {'code': -32002, 'data': "Selector [resourceId='com.hexin.plat.android:id/title', text='äº¤æ˜“']", 'method': 'wait'}[0m
[31m2025-01-02 14:16:40 - ERROR - å–å‡º ä¸­å…´é€šè®¯ 200 è‚¡å¤±è´¥: {'code': -32002, 'data': "Selector [resourceId='com.hexin.plat.android:id/title', text='äº¤æ˜“']", 'method': 'wait'}[0m
Traceback (most recent call last):
  File "D:\1document\1test\PycharmProject_gitee\others\é‡åŒ–æŠ•èµ„\THS\è‡ªåŠ¨åŒ–äº¤æ˜“_åŒèŠ±é¡º\æ•´åˆ\pages\ths_page2.py", line 185, in sell_stock
    self.click_trade_entry()
  File "D:\1document\1test\PycharmProject_gitee\others\é‡åŒ–æŠ•èµ„\THS\è‡ªåŠ¨åŒ–äº¤æ˜“_åŒèŠ±é¡º\æ•´åˆ\pages\ths_page2.py", line 27, in click_trade_entry
    trade_entry.click()
  File "C:\Python310\lib\site-packages\uiautomator2\_selector.py", line 148, in click
    self.must_wait(timeout=timeout)
  File "C:\Python310\lib\site-packages\uiautomator2\_selector.py", line 343, in must_wait
    raise UiObjectNotFoundError({'code': -32002, 'data': str(self.selector), 'method': 'wait'})
uiautomator2.exceptions.UiObjectNotFoundError: {'code': -32002, 'data': "Selector [resourceId='com.hexin.plat.android:id/title', text='äº¤æ˜“']", 'method': 'wait'}
[32m2025-01-02 14:16:40 - INFO - äº¤æ˜“é€šçŸ¥: SALE ä¸­å…´é€šè®¯ å–å‡º ä¸­å…´é€šè®¯ 200 è‚¡å¤±è´¥: {'code': -32002, 'data': "Selector [resourceId='com.hexin.plat.android:id/title', text='äº¤æ˜“']", 'method': 'wait'}[0m
[31m2025-01-02 14:16:51 - ERROR - ä¹°å…¥ æ‹“æ—¥æ–°èƒ½ 100 è‚¡å¤±è´¥: {'code': -32002, 'data': "Selector [resourceId='com.hexin.plat.android:id/title', text='äº¤æ˜“']", 'method': 'wait'}[0m
Traceback (most recent call last):
  File "D:\1document\1test\PycharmProject_gitee\others\é‡åŒ–æŠ•èµ„\THS\è‡ªåŠ¨åŒ–äº¤æ˜“_åŒèŠ±é¡º\æ•´åˆ\pages\ths_page2.py", line 167, in buy_stock
    self.click_trade_entry()
  File "D:\1document\1test\PycharmProject_gitee\others\é‡åŒ–æŠ•èµ„\THS\è‡ªåŠ¨åŒ–äº¤æ˜“_åŒèŠ±é¡º\æ•´åˆ\pages\ths_page2.py", line 27, in click_trade_entry
    trade_entry.click()
  File "C:\Python310\lib\site-packages\uiautomator2\_selector.py", line 148, in click
    self.must_wait(timeout=timeout)
  File "C:\Python310\lib\site-packages\uiautomator2\_selector.py", line 343, in must_wait
    raise UiObjectNotFoundError({'code': -32002, 'data': str(self.selector), 'method': 'wait'})
uiautomator2.exceptions.UiObjectNotFoundError: {'code': -32002, 'data': "Selector [resourceId='com.hexin.plat.android:id/title', text='äº¤æ˜“']", 'method': 'wait'}
[32m2025-01-02 14:16:51 - INFO - äº¤æ˜“é€šçŸ¥: BUY æ‹“æ—¥æ–°èƒ½ ä¹°å…¥ æ‹“æ—¥æ–°èƒ½ 100 è‚¡å¤±è´¥: {'code': -32002, 'data': "Selector [resourceId='com.hexin.plat.android:id/title', text='äº¤æ˜“']", 'method': 'wait'}[0m
[31m2025-01-02 14:17:02 - ERROR - ä¹°å…¥ å›½æ˜Ÿå…‰ç”µ 100 è‚¡å¤±è´¥: {'code': -32002, 'data': "Selector [resourceId='com.hexin.plat.android:id/title', text='äº¤æ˜“']", 'method': 'wait'}[0m
Traceback (most recent call last):
  File "D:\1document\1test\PycharmProject_gitee\others\é‡åŒ–æŠ•èµ„\THS\è‡ªåŠ¨åŒ–äº¤æ˜“_åŒèŠ±é¡º\æ•´åˆ\pages\ths_page2.py", line 167, in buy_stock
    self.click_trade_entry()
  File "D:\1document\1test\PycharmProject_gitee\others\é‡åŒ–æŠ•èµ„\THS\è‡ªåŠ¨åŒ–äº¤æ˜“_åŒèŠ±é¡º\æ•´åˆ\pages\ths_page2.py", line 27, in click_trade_entry
    trade_entry.click()
  File "C:\Python310\lib\site-packages\uiautomator2\_selector.py", line 148, in click
    self.must_wait(timeout=timeout)
  File "C:\Python310\lib\site-packages\uiautomator2\_selector.py", line 343, in must_wait
    raise UiObjectNotFoundError({'code': -32002, 'data': str(self.selector), 'method': 'wait'})
uiautomator2.exceptions.UiObjectNotFoundError: {'code': -32002, 'data': "Selector [resourceId='com.hexin.plat.android:id/title', text='äº¤æ˜“']", 'method': 'wait'}
[32m2025-01-02 14:17:02 - INFO - äº¤æ˜“é€šçŸ¥: BUY å›½æ˜Ÿå…‰ç”µ ä¹°å…¥ å›½æ˜Ÿå…‰ç”µ 100 è‚¡å¤±è´¥: {'code': -32002, 'data': "Selector [resourceId='com.hexin.plat.android:id/title', text='äº¤æ˜“']", 'method': 'wait'}[0m
[31m2025-01-02 14:17:13 - ERROR - ä¹°å…¥ çº¢æ——è¿é” 100 è‚¡å¤±è´¥: {'code': -32002, 'data': "Selector [resourceId='com.hexin.plat.android:id/title', text='äº¤æ˜“']", 'method': 'wait'}[0m
Traceback (most recent call last):
  File "D:\1document\1test\PycharmProject_gitee\others\é‡åŒ–æŠ•èµ„\THS\è‡ªåŠ¨åŒ–äº¤æ˜“_åŒèŠ±é¡º\æ•´åˆ\pages\ths_page2.py", line 167, in buy_stock
    self.click_trade_entry()
  File "D:\1document\1test\PycharmProject_gitee\others\é‡åŒ–æŠ•èµ„\THS\è‡ªåŠ¨åŒ–äº¤æ˜“_åŒèŠ±é¡º\æ•´åˆ\pages\ths_page2.py", line 27, in click_trade_entry
    trade_entry.click()
  File "C:\Python310\lib\site-packages\uiautomator2\_selector.py", line 148, in click
    self.must_wait(timeout=timeout)
  File "C:\Python310\lib\site-packages\uiautomator2\_selector.py", line 343, in must_wait
    raise UiObjectNotFoundError({'code': -32002, 'data': str(self.selector), 'method': 'wait'})
uiautomator2.exceptions.UiObjectNotFoundError: {'code': -32002, 'data': "Selector [resourceId='com.hexin.plat.android:id/title', text='äº¤æ˜“']", 'method': 'wait'}
[32m2025-01-02 14:17:13 - INFO - äº¤æ˜“é€šçŸ¥: BUY çº¢æ——è¿é” ä¹°å…¥ çº¢æ——è¿é” 100 è‚¡å¤±è´¥: {'code': -32002, 'data': "Selector [resourceId='com.hexin.plat.android:id/title', text='äº¤æ˜“']", 'method': 'wait'}[0m
[31m2025-01-02 14:17:23 - ERROR - å–å‡º å°å•†å“åŸ 200 è‚¡å¤±è´¥: {'code': -32002, 'data': "Selector [resourceId='com.hexin.plat.android:id/title', text='äº¤æ˜“']", 'method': 'wait'}[0m
Traceback (most recent call last):
  File "D:\1document\1test\PycharmProject_gitee\others\é‡åŒ–æŠ•èµ„\THS\è‡ªåŠ¨åŒ–äº¤æ˜“_åŒèŠ±é¡º\æ•´åˆ\pages\ths_page2.py", line 185, in sell_stock
    self.click_trade_entry()
  File "D:\1document\1test\PycharmProject_gitee\others\é‡åŒ–æŠ•èµ„\THS\è‡ªåŠ¨åŒ–äº¤æ˜“_åŒèŠ±é¡º\æ•´åˆ\pages\ths_page2.py", line 27, in click_trade_entry
    trade_entry.click()
  File "C:\Python310\lib\site-packages\uiautomator2\_selector.py", line 148, in click
    self.must_wait(timeout=timeout)
  File "C:\Python310\lib\site-packages\uiautomator2\_selector.py", line 343, in must_wait
    raise UiObjectNotFoundError({'code': -32002, 'data': str(self.selector), 'method': 'wait'})
uiautomator2.exceptions.UiObjectNotFoundError: {'code': -32002, 'data': "Selector [resourceId='com.hexin.plat.android:id/title', text='äº¤æ˜“']", 'method': 'wait'}
[32m2025-01-02 14:17:23 - INFO - äº¤æ˜“é€šçŸ¥: SALE å°å•†å“åŸ å–å‡º å°å•†å“åŸ 200 è‚¡å¤±è´¥: {'code': -32002, 'data': "Selector [resourceId='com.hexin.plat.android:id/title', text='äº¤æ˜“']", 'method': 'wait'}[0m
[31m2025-01-02 14:17:34 - ERROR - ä¹°å…¥ å›½æ˜Ÿå…‰ç”µ 100 è‚¡å¤±è´¥: {'code': -32002, 'data': "Selector [resourceId='com.hexin.plat.android:id/title', text='äº¤æ˜“']", 'method': 'wait'}[0m
Traceback (most recent call last):
  File "D:\1document\1test\PycharmProject_gitee\others\é‡åŒ–æŠ•èµ„\THS\è‡ªåŠ¨åŒ–äº¤æ˜“_åŒèŠ±é¡º\æ•´åˆ\pages\ths_page2.py", line 167, in buy_stock
    self.click_trade_entry()
  File "D:\1document\1test\PycharmProject_gitee\others\é‡åŒ–æŠ•èµ„\THS\è‡ªåŠ¨åŒ–äº¤æ˜“_åŒèŠ±é¡º\æ•´åˆ\pages\ths_page2.py", line 27, in click_trade_entry
    trade_entry.click()
  File "C:\Python310\lib\site-packages\uiautomator2\_selector.py", line 148, in click
    self.must_wait(timeout=timeout)
  File "C:\Python310\lib\site-packages\uiautomator2\_selector.py", line 343, in must_wait
    raise UiObjectNotFoundError({'code': -32002, 'data': str(self.selector), 'method': 'wait'})
uiautomator2.exceptions.UiObjectNotFoundError: {'code': -32002, 'data': "Selector [resourceId='com.hexin.plat.android:id/title', text='äº¤æ˜“']", 'method': 'wait'}
[32m2025-01-02 14:17:34 - INFO - äº¤æ˜“é€šçŸ¥: BUY å›½æ˜Ÿå…‰ç”µ ä¹°å…¥ å›½æ˜Ÿå…‰ç”µ 100 è‚¡å¤±è´¥: {'code': -32002, 'data': "Selector [resourceId='com.hexin.plat.android:id/title', text='äº¤æ˜“']", 'method': 'wait'}[0m
[31m2025-01-02 14:17:45 - ERROR - ä¹°å…¥ å›½æ˜Ÿå…‰ç”µ 100 è‚¡å¤±è´¥: {'code': -32002, 'data': "Selector [resourceId='com.hexin.plat.android:id/title', text='äº¤æ˜“']", 'method': 'wait'}[0m
Traceback (most recent call last):
  File "D:\1document\1test\PycharmProject_gitee\others\é‡åŒ–æŠ•èµ„\THS\è‡ªåŠ¨åŒ–äº¤æ˜“_åŒèŠ±é¡º\æ•´åˆ\pages\ths_page2.py", line 167, in buy_stock
    self.click_trade_entry()
  File "D:\1document\1test\PycharmProject_gitee\others\é‡åŒ–æŠ•èµ„\THS\è‡ªåŠ¨åŒ–äº¤æ˜“_åŒèŠ±é¡º\æ•´åˆ\pages\ths_page2.py", line 27, in click_trade_entry
    trade_entry.click()
  File "C:\Python310\lib\site-packages\uiautomator2\_selector.py", line 148, in click
    self.must_wait(timeout=timeout)
  File "C:\Python310\lib\site-packages\uiautomator2\_selector.py", line 343, in must_wait
    raise UiObjectNotFoundError({'code': -32002, 'data': str(self.selector), 'method': 'wait'})
uiautomator2.exceptions.UiObjectNotFoundError: {'code': -32002, 'data': "Selector [resourceId='com.hexin.plat.android:id/title', text='äº¤æ˜“']", 'method': 'wait'}
[32m2025-01-02 14:17:45 - INFO - äº¤æ˜“é€šçŸ¥: BUY å›½æ˜Ÿå…‰ç”µ ä¹°å…¥ å›½æ˜Ÿå…‰ç”µ 100 è‚¡å¤±è´¥: {'code': -32002, 'data': "Selector [resourceId='com.hexin.plat.android:id/title', text='äº¤æ˜“']", 'method': 'wait'}[0m
[31m2025-01-02 14:17:56 - ERROR - å–å‡º å›½æ˜Ÿå…‰ç”µ 200 è‚¡å¤±è´¥: {'code': -32002, 'data': "Selector [resourceId='com.hexin.plat.android:id/title', text='äº¤æ˜“']", 'method': 'wait'}[0m
Traceback (most recent call last):
  File "D:\1document\1test\PycharmProject_gitee\others\é‡åŒ–æŠ•èµ„\THS\è‡ªåŠ¨åŒ–äº¤æ˜“_åŒèŠ±é¡º\æ•´åˆ\pages\ths_page2.py", line 185, in sell_stock
    self.click_trade_entry()
  File "D:\1document\1test\PycharmProject_gitee\others\é‡åŒ–æŠ•èµ„\THS\è‡ªåŠ¨åŒ–äº¤æ˜“_åŒèŠ±é¡º\æ•´åˆ\pages\ths_page2.py", line 27, in click_trade_entry
    trade_entry.click()
  File "C:\Python310\lib\site-packages\uiautomator2\_selector.py", line 148, in click
    self.must_wait(timeout=timeout)
  File "C:\Python310\lib\site-packages\uiautomator2\_selector.py", line 343, in must_wait
    raise UiObjectNotFoundError({'code': -32002, 'data': str(self.selector), 'method': 'wait'})
uiautomator2.exceptions.UiObjectNotFoundError: {'code': -32002, 'data': "Selector [resourceId='com.hexin.plat.android:id/title', text='äº¤æ˜“']", 'method': 'wait'}
[32m2025-01-02 14:17:56 - INFO - äº¤æ˜“é€šçŸ¥: SALE å›½æ˜Ÿå…‰ç”µ å–å‡º å›½æ˜Ÿå…‰ç”µ 200 è‚¡å¤±è´¥: {'code': -32002, 'data': "Selector [resourceId='com.hexin.plat.android:id/title', text='äº¤æ˜“']", 'method': 'wait'}[0m
[31m2025-01-02 14:18:07 - ERROR - å–å‡º ä¸­ä¿¡æµ·ç›´ 200 è‚¡å¤±è´¥: {'code': -32002, 'data': "Selector [resourceId='com.hexin.plat.android:id/title', text='äº¤æ˜“']", 'method': 'wait'}[0m
Traceback (most recent call last):
  File "D:\1document\1test\PycharmProject_gitee\others\é‡åŒ–æŠ•èµ„\THS\è‡ªåŠ¨åŒ–äº¤æ˜“_åŒèŠ±é¡º\æ•´åˆ\pages\ths_page2.py", line 185, in sell_stock
    self.click_trade_entry()
  File "D:\1document\1test\PycharmProject_gitee\others\é‡åŒ–æŠ•èµ„\THS\è‡ªåŠ¨åŒ–äº¤æ˜“_åŒèŠ±é¡º\æ•´åˆ\pages\ths_page2.py", line 27, in click_trade_entry
    trade_entry.click()
  File "C:\Python310\lib\site-packages\uiautomator2\_selector.py", line 148, in click
    self.must_wait(timeout=timeout)
  File "C:\Python310\lib\site-packages\uiautomator2\_selector.py", line 343, in must_wait
    raise UiObjectNotFoundError({'code': -32002, 'data': str(self.selector), 'method': 'wait'})
uiautomator2.exceptions.UiObjectNotFoundError: {'code': -32002, 'data': "Selector [resourceId='com.hexin.plat.android:id/title', text='äº¤æ˜“']", 'method': 'wait'}
[32m2025-01-02 14:18:07 - INFO - äº¤æ˜“é€šçŸ¥: SALE ä¸­ä¿¡æµ·ç›´ å–å‡º ä¸­ä¿¡æµ·ç›´ 200 è‚¡å¤±è´¥: {'code': -32002, 'data': "Selector [resourceId='com.hexin.plat.android:id/title', text='äº¤æ˜“']", 'method': 'wait'}[0m
[31m2025-01-02 14:18:18 - ERROR - å–å‡º å›½æ˜Ÿå…‰ç”µ 200 è‚¡å¤±è´¥: {'code': -32002, 'data': "Selector [resourceId='com.hexin.plat.android:id/title', text='äº¤æ˜“']", 'method': 'wait'}[0m
Traceback (most recent call last):
  File "D:\1document\1test\PycharmProject_gitee\others\é‡åŒ–æŠ•èµ„\THS\è‡ªåŠ¨åŒ–äº¤æ˜“_åŒèŠ±é¡º\æ•´åˆ\pages\ths_page2.py", line 185, in sell_stock
    self.click_trade_entry()
  File "D:\1document\1test\PycharmProject_gitee\others\é‡åŒ–æŠ•èµ„\THS\è‡ªåŠ¨åŒ–äº¤æ˜“_åŒèŠ±é¡º\æ•´åˆ\pages\ths_page2.py", line 27, in click_trade_entry
    trade_entry.click()
  File "C:\Python310\lib\site-packages\uiautomator2\_selector.py", line 148, in click
    self.must_wait(timeout=timeout)
  File "C:\Python310\lib\site-packages\uiautomator2\_selector.py", line 343, in must_wait
    raise UiObjectNotFoundError({'code': -32002, 'data': str(self.selector), 'method': 'wait'})
uiautomator2.exceptions.UiObjectNotFoundError: {'code': -32002, 'data': "Selector [resourceId='com.hexin.plat.android:id/title', text='äº¤æ˜“']", 'method': 'wait'}
[32m2025-01-02 14:18:18 - INFO - äº¤æ˜“é€šçŸ¥: SALE å›½æ˜Ÿå…‰ç”µ å–å‡º å›½æ˜Ÿå…‰ç”µ 200 è‚¡å¤±è´¥: {'code': -32002, 'data': "Selector [resourceId='com.hexin.plat.android:id/title', text='äº¤æ˜“']", 'method': 'wait'}[0m
[31m2025-01-06 09:33:30 - ERROR - å–å‡º å‡Œéœ„æ³µä¸š 200 è‚¡å¤±è´¥: {'code': -32002, 'data': "Selector [resourceId='com.hexin.plat.android:id/title', text='äº¤æ˜“']", 'method': 'wait'}[0m
Traceback (most recent call last):
  File "D:\1document\1test\PycharmProject_gitee\others\é‡åŒ–æŠ•èµ„\THS\è‡ªåŠ¨åŒ–äº¤æ˜“_åŒèŠ±é¡º\æ•´åˆ\pages\ths_page2.py", line 185, in sell_stock
    self.click_trade_entry()
  File "D:\1document\1test\PycharmProject_gitee\others\é‡åŒ–æŠ•èµ„\THS\è‡ªåŠ¨åŒ–äº¤æ˜“_åŒèŠ±é¡º\æ•´åˆ\pages\ths_page2.py", line 27, in click_trade_entry
    trade_entry.click()
  File "C:\Python310\lib\site-packages\uiautomator2\_selector.py", line 148, in click
    self.must_wait(timeout=timeout)
  File "C:\Python310\lib\site-packages\uiautomator2\_selector.py", line 343, in must_wait
    raise UiObjectNotFoundError({'code': -32002, 'data': str(self.selector), 'method': 'wait'})
uiautomator2.exceptions.UiObjectNotFoundError: {'code': -32002, 'data': "Selector [resourceId='com.hexin.plat.android:id/title', text='äº¤æ˜“']", 'method': 'wait'}
[32m2025-01-06 09:33:30 - INFO - äº¤æ˜“é€šçŸ¥: SALE å‡Œéœ„æ³µä¸š å–å‡º å‡Œéœ„æ³µä¸š 200 è‚¡å¤±è´¥: {'code': -32002, 'data': "Selector [resourceId='com.hexin.plat.android:id/title', text='äº¤æ˜“']", 'method': 'wait'}[0m
[31m2025-01-06 09:33:41 - ERROR - ä¹°å…¥ å›½æ˜Ÿå…‰ç”µ 100 è‚¡å¤±è´¥: {'code': -32002, 'data': "Selector [resourceId='com.hexin.plat.android:id/title', text='äº¤æ˜“']", 'method': 'wait'}[0m
Traceback (most recent call last):
  File "D:\1document\1test\PycharmProject_gitee\others\é‡åŒ–æŠ•èµ„\THS\è‡ªåŠ¨åŒ–äº¤æ˜“_åŒèŠ±é¡º\æ•´åˆ\pages\ths_page2.py", line 167, in buy_stock
    self.click_trade_entry()
  File "D:\1document\1test\PycharmProject_gitee\others\é‡åŒ–æŠ•èµ„\THS\è‡ªåŠ¨åŒ–äº¤æ˜“_åŒèŠ±é¡º\æ•´åˆ\pages\ths_page2.py", line 27, in click_trade_entry
    trade_entry.click()
  File "C:\Python310\lib\site-packages\uiautomator2\_selector.py", line 148, in click
    self.must_wait(timeout=timeout)
  File "C:\Python310\lib\site-packages\uiautomator2\_selector.py", line 343, in must_wait
    raise UiObjectNotFoundError({'code': -32002, 'data': str(self.selector), 'method': 'wait'})
uiautomator2.exceptions.UiObjectNotFoundError: {'code': -32002, 'data': "Selector [resourceId='com.hexin.plat.android:id/title', text='äº¤æ˜“']", 'method': 'wait'}
[32m2025-01-06 09:33:41 - INFO - äº¤æ˜“é€šçŸ¥: BUY å›½æ˜Ÿå…‰ç”µ ä¹°å…¥ å›½æ˜Ÿå…‰ç”µ 100 è‚¡å¤±è´¥: {'code': -32002, 'data': "Selector [resourceId='com.hexin.plat.android:id/title', text='äº¤æ˜“']", 'method': 'wait'}[0m
[32m2025-01-06 09:33:46 - INFO - ç‚¹å‡»äº¤æ˜“æŒ‰é’®[0m
[31m2025-01-06 09:33:56 - ERROR - å–å‡º æ‹“æ—¥æ–°èƒ½ 200 è‚¡å¤±è´¥: {'code': -32002, 'data': "Selector [resourceId='com.hexin.plat.android:id/menu_sale_text']", 'method': 'wait'}[0m
Traceback (most recent call last):
  File "D:\1document\1test\PycharmProject_gitee\others\é‡åŒ–æŠ•èµ„\THS\è‡ªåŠ¨åŒ–äº¤æ˜“_åŒèŠ±é¡º\æ•´åˆ\pages\ths_page2.py", line 186, in sell_stock
    self.sell_entry()
  File "D:\1document\1test\PycharmProject_gitee\others\é‡åŒ–æŠ•èµ„\THS\è‡ªåŠ¨åŒ–äº¤æ˜“_åŒèŠ±é¡º\æ•´åˆ\pages\ths_page2.py", line 37, in sell_entry
    sell_entry.click()
  File "C:\Python310\lib\site-packages\uiautomator2\_selector.py", line 148, in click
    self.must_wait(timeout=timeout)
  File "C:\Python310\lib\site-packages\uiautomator2\_selector.py", line 343, in must_wait
    raise UiObjectNotFoundError({'code': -32002, 'data': str(self.selector), 'method': 'wait'})
uiautomator2.exceptions.UiObjectNotFoundError: {'code': -32002, 'data': "Selector [resourceId='com.hexin.plat.android:id/menu_sale_text']", 'method': 'wait'}
[32m2025-01-06 09:33:56 - INFO - äº¤æ˜“é€šçŸ¥: SALE æ‹“æ—¥æ–°èƒ½ å–å‡º æ‹“æ—¥æ–°èƒ½ 200 è‚¡å¤±è´¥: {'code': -32002, 'data': "Selector [resourceId='com.hexin.plat.android:id/menu_sale_text']", 'method': 'wait'}[0m
[32m2025-01-06 09:33:56 - INFO - ç‚¹å‡»äº¤æ˜“æŒ‰é’®[0m
[31m2025-01-06 09:34:07 - ERROR - ä¹°å…¥ çº¢æ——è¿é” 100 è‚¡å¤±è´¥: {'code': -32002, 'data': "Selector [resourceId='com.hexin.plat.android:id/menu_buy_text']", 'method': 'wait'}[0m
Traceback (most recent call last):
  File "D:\1document\1test\PycharmProject_gitee\others\é‡åŒ–æŠ•èµ„\THS\è‡ªåŠ¨åŒ–äº¤æ˜“_åŒèŠ±é¡º\æ•´åˆ\pages\ths_page2.py", line 168, in buy_stock
    self.buy_entry()
  File "D:\1document\1test\PycharmProject_gitee\others\é‡åŒ–æŠ•èµ„\THS\è‡ªåŠ¨åŒ–äº¤æ˜“_åŒèŠ±é¡º\æ•´åˆ\pages\ths_page2.py", line 32, in buy_entry
    buy_entry.click()
  File "C:\Python310\lib\site-packages\uiautomator2\_selector.py", line 148, in click
    self.must_wait(timeout=timeout)
  File "C:\Python310\lib\site-packages\uiautomator2\_selector.py", line 343, in must_wait
    raise UiObjectNotFoundError({'code': -32002, 'data': str(self.selector), 'method': 'wait'})
uiautomator2.exceptions.UiObjectNotFoundError: {'code': -32002, 'data': "Selector [resourceId='com.hexin.plat.android:id/menu_buy_text']", 'method': 'wait'}
[32m2025-01-06 09:34:07 - INFO - äº¤æ˜“é€šçŸ¥: BUY çº¢æ——è¿é” ä¹°å…¥ çº¢æ——è¿é” 100 è‚¡å¤±è´¥: {'code': -32002, 'data': "Selector [resourceId='com.hexin.plat.android:id/menu_buy_text']", 'method': 'wait'}[0m
[32m2025-01-06 09:34:07 - INFO - ç‚¹å‡»äº¤æ˜“æŒ‰é’®[0m
[31m2025-01-06 09:34:17 - ERROR - å–å‡º å°å•†å“åŸ 200 è‚¡å¤±è´¥: {'code': -32002, 'data': "Selector [resourceId='com.hexin.plat.android:id/menu_sale_text']", 'method': 'wait'}[0m
Traceback (most recent call last):
  File "D:\1document\1test\PycharmProject_gitee\others\é‡åŒ–æŠ•èµ„\THS\è‡ªåŠ¨åŒ–äº¤æ˜“_åŒèŠ±é¡º\æ•´åˆ\pages\ths_page2.py", line 186, in sell_stock
    self.sell_entry()
  File "D:\1document\1test\PycharmProject_gitee\others\é‡åŒ–æŠ•èµ„\THS\è‡ªåŠ¨åŒ–äº¤æ˜“_åŒèŠ±é¡º\æ•´åˆ\pages\ths_page2.py", line 37, in sell_entry
    sell_entry.click()
  File "C:\Python310\lib\site-packages\uiautomator2\_selector.py", line 148, in click
    self.must_wait(timeout=timeout)
  File "C:\Python310\lib\site-packages\uiautomator2\_selector.py", line 343, in must_wait
    raise UiObjectNotFoundError({'code': -32002, 'data': str(self.selector), 'method': 'wait'})
uiautomator2.exceptions.UiObjectNotFoundError: {'code': -32002, 'data': "Selector [resourceId='com.hexin.plat.android:id/menu_sale_text']", 'method': 'wait'}
[32m2025-01-06 09:34:17 - INFO - äº¤æ˜“é€šçŸ¥: SALE å°å•†å“åŸ å–å‡º å°å•†å“åŸ 200 è‚¡å¤±è´¥: {'code': -32002, 'data': "Selector [resourceId='com.hexin.plat.android:id/menu_sale_text']", 'method': 'wait'}[0m
[32m2025-01-06 09:34:18 - INFO - ç‚¹å‡»äº¤æ˜“æŒ‰é’®[0m
[31m2025-01-06 09:34:28 - ERROR - ä¹°å…¥ å›½æ˜Ÿå…‰ç”µ 100 è‚¡å¤±è´¥: {'code': -32002, 'data': "Selector [resourceId='com.hexin.plat.android:id/menu_buy_text']", 'method': 'wait'}[0m
Traceback (most recent call last):
  File "D:\1document\1test\PycharmProject_gitee\others\é‡åŒ–æŠ•èµ„\THS\è‡ªåŠ¨åŒ–äº¤æ˜“_åŒèŠ±é¡º\æ•´åˆ\pages\ths_page2.py", line 168, in buy_stock
    self.buy_entry()
  File "D:\1document\1test\PycharmProject_gitee\others\é‡åŒ–æŠ•èµ„\THS\è‡ªåŠ¨åŒ–äº¤æ˜“_åŒèŠ±é¡º\æ•´åˆ\pages\ths_page2.py", line 32, in buy_entry
    buy_entry.click()
  File "C:\Python310\lib\site-packages\uiautomator2\_selector.py", line 148, in click
    self.must_wait(timeout=timeout)
  File "C:\Python310\lib\site-packages\uiautomator2\_selector.py", line 343, in must_wait
    raise UiObjectNotFoundError({'code': -32002, 'data': str(self.selector), 'method': 'wait'})
uiautomator2.exceptions.UiObjectNotFoundError: {'code': -32002, 'data': "Selector [resourceId='com.hexin.plat.android:id/menu_buy_text']", 'method': 'wait'}
[32m2025-01-06 09:34:28 - INFO - äº¤æ˜“é€šçŸ¥: BUY å›½æ˜Ÿå…‰ç”µ ä¹°å…¥ å›½æ˜Ÿå…‰ç”µ 100 è‚¡å¤±è´¥: {'code': -32002, 'data': "Selector [resourceId='com.hexin.plat.android:id/menu_buy_text']", 'method': 'wait'}[0m
[32m2025-01-06 09:34:28 - INFO - ç‚¹å‡»äº¤æ˜“æŒ‰é’®[0m
[31m2025-01-06 09:34:38 - ERROR - ä¹°å…¥ å›½æ˜Ÿå…‰ç”µ 100 è‚¡å¤±è´¥: {'code': -32002, 'data': "Selector [resourceId='com.hexin.plat.android:id/menu_buy_text']", 'method': 'wait'}[0m
Traceback (most recent call last):
  File "D:\1document\1test\PycharmProject_gitee\others\é‡åŒ–æŠ•èµ„\THS\è‡ªåŠ¨åŒ–äº¤æ˜“_åŒèŠ±é¡º\æ•´åˆ\pages\ths_page2.py", line 168, in buy_stock
    self.buy_entry()
  File "D:\1document\1test\PycharmProject_gitee\others\é‡åŒ–æŠ•èµ„\THS\è‡ªåŠ¨åŒ–äº¤æ˜“_åŒèŠ±é¡º\æ•´åˆ\pages\ths_page2.py", line 32, in buy_entry
    buy_entry.click()
  File "C:\Python310\lib\site-packages\uiautomator2\_selector.py", line 148, in click
    self.must_wait(timeout=timeout)
  File "C:\Python310\lib\site-packages\uiautomator2\_selector.py", line 343, in must_wait
    raise UiObjectNotFoundError({'code': -32002, 'data': str(self.selector), 'method': 'wait'})
uiautomator2.exceptions.UiObjectNotFoundError: {'code': -32002, 'data': "Selector [resourceId='com.hexin.plat.android:id/menu_buy_text']", 'method': 'wait'}
[32m2025-01-06 09:34:38 - INFO - äº¤æ˜“é€šçŸ¥: BUY å›½æ˜Ÿå…‰ç”µ ä¹°å…¥ å›½æ˜Ÿå…‰ç”µ 100 è‚¡å¤±è´¥: {'code': -32002, 'data': "Selector [resourceId='com.hexin.plat.android:id/menu_buy_text']", 'method': 'wait'}[0m
[32m2025-01-06 09:34:39 - INFO - ç‚¹å‡»äº¤æ˜“æŒ‰é’®[0m
[31m2025-01-06 09:34:49 - ERROR - å–å‡º å›½æ˜Ÿå…‰ç”µ 200 è‚¡å¤±è´¥: {'code': -32002, 'data': "Selector [resourceId='com.hexin.plat.android:id/menu_sale_text']", 'method': 'wait'}[0m
Traceback (most recent call last):
  File "D:\1document\1test\PycharmProject_gitee\others\é‡åŒ–æŠ•èµ„\THS\è‡ªåŠ¨åŒ–äº¤æ˜“_åŒèŠ±é¡º\æ•´åˆ\pages\ths_page2.py", line 186, in sell_stock
    self.sell_entry()
  File "D:\1document\1test\PycharmProject_gitee\others\é‡åŒ–æŠ•èµ„\THS\è‡ªåŠ¨åŒ–äº¤æ˜“_åŒèŠ±é¡º\æ•´åˆ\pages\ths_page2.py", line 37, in sell_entry
    sell_entry.click()
  File "C:\Python310\lib\site-packages\uiautomator2\_selector.py", line 148, in click
    self.must_wait(timeout=timeout)
  File "C:\Python310\lib\site-packages\uiautomator2\_selector.py", line 343, in must_wait
    raise UiObjectNotFoundError({'code': -32002, 'data': str(self.selector), 'method': 'wait'})
uiautomator2.exceptions.UiObjectNotFoundError: {'code': -32002, 'data': "Selector [resourceId='com.hexin.plat.android:id/menu_sale_text']", 'method': 'wait'}
[32m2025-01-06 09:34:49 - INFO - äº¤æ˜“é€šçŸ¥: SALE å›½æ˜Ÿå…‰ç”µ å–å‡º å›½æ˜Ÿå…‰ç”µ 200 è‚¡å¤±è´¥: {'code': -32002, 'data': "Selector [resourceId='com.hexin.plat.android:id/menu_sale_text']", 'method': 'wait'}[0m
[32m2025-01-06 09:34:49 - INFO - ç‚¹å‡»äº¤æ˜“æŒ‰é’®[0m
[31m2025-01-06 09:35:00 - ERROR - å–å‡º ä¸­ä¿¡æµ·ç›´ 200 è‚¡å¤±è´¥: {'code': -32002, 'data': "Selector [resourceId='com.hexin.plat.android:id/menu_sale_text']", 'method': 'wait'}[0m
Traceback (most recent call last):
  File "D:\1document\1test\PycharmProject_gitee\others\é‡åŒ–æŠ•èµ„\THS\è‡ªåŠ¨åŒ–äº¤æ˜“_åŒèŠ±é¡º\æ•´åˆ\pages\ths_page2.py", line 186, in sell_stock
    self.sell_entry()
  File "D:\1document\1test\PycharmProject_gitee\others\é‡åŒ–æŠ•èµ„\THS\è‡ªåŠ¨åŒ–äº¤æ˜“_åŒèŠ±é¡º\æ•´åˆ\pages\ths_page2.py", line 37, in sell_entry
    sell_entry.click()
  File "C:\Python310\lib\site-packages\uiautomator2\_selector.py", line 148, in click
    self.must_wait(timeout=timeout)
  File "C:\Python310\lib\site-packages\uiautomator2\_selector.py", line 343, in must_wait
    raise UiObjectNotFoundError({'code': -32002, 'data': str(self.selector), 'method': 'wait'})
uiautomator2.exceptions.UiObjectNotFoundError: {'code': -32002, 'data': "Selector [resourceId='com.hexin.plat.android:id/menu_sale_text']", 'method': 'wait'}
[32m2025-01-06 09:35:00 - INFO - äº¤æ˜“é€šçŸ¥: SALE ä¸­ä¿¡æµ·ç›´ å–å‡º ä¸­ä¿¡æµ·ç›´ 200 è‚¡å¤±è´¥: {'code': -32002, 'data': "Selector [resourceId='com.hexin.plat.android:id/menu_sale_text']", 'method': 'wait'}[0m
[32m2025-01-06 09:35:00 - INFO - ç‚¹å‡»äº¤æ˜“æŒ‰é’®[0m
[31m2025-01-06 09:35:10 - ERROR - å–å‡º å›½æ˜Ÿå…‰ç”µ 200 è‚¡å¤±è´¥: {'code': -32002, 'data': "Selector [resourceId='com.hexin.plat.android:id/menu_sale_text']", 'method': 'wait'}[0m
Traceback (most recent call last):
  File "D:\1document\1test\PycharmProject_gitee\others\é‡åŒ–æŠ•èµ„\THS\è‡ªåŠ¨åŒ–äº¤æ˜“_åŒèŠ±é¡º\æ•´åˆ\pages\ths_page2.py", line 186, in sell_stock
    self.sell_entry()
  File "D:\1document\1test\PycharmProject_gitee\others\é‡åŒ–æŠ•èµ„\THS\è‡ªåŠ¨åŒ–äº¤æ˜“_åŒèŠ±é¡º\æ•´åˆ\pages\ths_page2.py", line 37, in sell_entry
    sell_entry.click()
  File "C:\Python310\lib\site-packages\uiautomator2\_selector.py", line 148, in click
    self.must_wait(timeout=timeout)
  File "C:\Python310\lib\site-packages\uiautomator2\_selector.py", line 343, in must_wait
    raise UiObjectNotFoundError({'code': -32002, 'data': str(self.selector), 'method': 'wait'})
uiautomator2.exceptions.UiObjectNotFoundError: {'code': -32002, 'data': "Selector [resourceId='com.hexin.plat.android:id/menu_sale_text']", 'method': 'wait'}
[32m2025-01-06 09:35:10 - INFO - äº¤æ˜“é€šçŸ¥: SALE å›½æ˜Ÿå…‰ç”µ å–å‡º å›½æ˜Ÿå…‰ç”µ 200 è‚¡å¤±è´¥: {'code': -32002, 'data': "Selector [resourceId='com.hexin.plat.android:id/menu_sale_text']", 'method': 'wait'}[0m
[32m2025-01-06 09:40:54 - INFO - ç‚¹å‡»äº¤æ˜“æŒ‰é’®[0m
[31m2025-01-06 09:41:04 - ERROR - å–å‡º å‡Œéœ„æ³µä¸š 200 è‚¡å¤±è´¥: {'code': -32002, 'data': "Selector [resourceId='com.hexin.plat.android:id/menu_sale_text']", 'method': 'wait'}[0m
Traceback (most recent call last):
  File "D:\1document\1test\PycharmProject_gitee\others\é‡åŒ–æŠ•èµ„\THS\è‡ªåŠ¨åŒ–äº¤æ˜“_åŒèŠ±é¡º\æ•´åˆ\pages\ths_page2.py", line 186, in sell_stock
    self.sell_entry()
  File "D:\1document\1test\PycharmProject_gitee\others\é‡åŒ–æŠ•èµ„\THS\è‡ªåŠ¨åŒ–äº¤æ˜“_åŒèŠ±é¡º\æ•´åˆ\pages\ths_page2.py", line 37, in sell_entry
    sell_entry.click()
  File "C:\Python310\lib\site-packages\uiautomator2\_selector.py", line 148, in click
    self.must_wait(timeout=timeout)
  File "C:\Python310\lib\site-packages\uiautomator2\_selector.py", line 343, in must_wait
    raise UiObjectNotFoundError({'code': -32002, 'data': str(self.selector), 'method': 'wait'})
uiautomator2.exceptions.UiObjectNotFoundError: {'code': -32002, 'data': "Selector [resourceId='com.hexin.plat.android:id/menu_sale_text']", 'method': 'wait'}
[32m2025-01-06 09:41:04 - INFO - äº¤æ˜“é€šçŸ¥: SALE å‡Œéœ„æ³µä¸š å–å‡º å‡Œéœ„æ³µä¸š 200 è‚¡å¤±è´¥: {'code': -32002, 'data': "Selector [resourceId='com.hexin.plat.android:id/menu_sale_text']", 'method': 'wait'}[0m
[32m2025-01-06 09:41:05 - INFO - ç‚¹å‡»äº¤æ˜“æŒ‰é’®[0m
[31m2025-01-06 09:41:15 - ERROR - ä¹°å…¥ å›½æ˜Ÿå…‰ç”µ 100 è‚¡å¤±è´¥: {'code': -32002, 'data': "Selector [resourceId='com.hexin.plat.android:id/menu_buy_text']", 'method': 'wait'}[0m
Traceback (most recent call last):
  File "D:\1document\1test\PycharmProject_gitee\others\é‡åŒ–æŠ•èµ„\THS\è‡ªåŠ¨åŒ–äº¤æ˜“_åŒèŠ±é¡º\æ•´åˆ\pages\ths_page2.py", line 168, in buy_stock
    self.buy_entry()
  File "D:\1document\1test\PycharmProject_gitee\others\é‡åŒ–æŠ•èµ„\THS\è‡ªåŠ¨åŒ–äº¤æ˜“_åŒèŠ±é¡º\æ•´åˆ\pages\ths_page2.py", line 32, in buy_entry
    buy_entry.click()
  File "C:\Python310\lib\site-packages\uiautomator2\_selector.py", line 148, in click
    self.must_wait(timeout=timeout)
  File "C:\Python310\lib\site-packages\uiautomator2\_selector.py", line 343, in must_wait
    raise UiObjectNotFoundError({'code': -32002, 'data': str(self.selector), 'method': 'wait'})
uiautomator2.exceptions.UiObjectNotFoundError: {'code': -32002, 'data': "Selector [resourceId='com.hexin.plat.android:id/menu_buy_text']", 'method': 'wait'}
[32m2025-01-06 09:41:15 - INFO - äº¤æ˜“é€šçŸ¥: BUY å›½æ˜Ÿå…‰ç”µ ä¹°å…¥ å›½æ˜Ÿå…‰ç”µ 100 è‚¡å¤±è´¥: {'code': -32002, 'data': "Selector [resourceId='com.hexin.plat.android:id/menu_buy_text']", 'method': 'wait'}[0m
[32m2025-01-06 09:41:15 - INFO - ç‚¹å‡»äº¤æ˜“æŒ‰é’®[0m
[31m2025-01-06 09:41:25 - ERROR - å–å‡º æ‹“æ—¥æ–°èƒ½ 200 è‚¡å¤±è´¥: {'code': -32002, 'data': "Selector [resourceId='com.hexin.plat.android:id/menu_sale_text']", 'method': 'wait'}[0m
Traceback (most recent call last):
  File "D:\1document\1test\PycharmProject_gitee\others\é‡åŒ–æŠ•èµ„\THS\è‡ªåŠ¨åŒ–äº¤æ˜“_åŒèŠ±é¡º\æ•´åˆ\pages\ths_page2.py", line 186, in sell_stock
    self.sell_entry()
  File "D:\1document\1test\PycharmProject_gitee\others\é‡åŒ–æŠ•èµ„\THS\è‡ªåŠ¨åŒ–äº¤æ˜“_åŒèŠ±é¡º\æ•´åˆ\pages\ths_page2.py", line 37, in sell_entry
    sell_entry.click()
  File "C:\Python310\lib\site-packages\uiautomator2\_selector.py", line 148, in click
    self.must_wait(timeout=timeout)
  File "C:\Python310\lib\site-packages\uiautomator2\_selector.py", line 343, in must_wait
    raise UiObjectNotFoundError({'code': -32002, 'data': str(self.selector), 'method': 'wait'})
uiautomator2.exceptions.UiObjectNotFoundError: {'code': -32002, 'data': "Selector [resourceId='com.hexin.plat.android:id/menu_sale_text']", 'method': 'wait'}
[32m2025-01-06 09:41:25 - INFO - äº¤æ˜“é€šçŸ¥: SALE æ‹“æ—¥æ–°èƒ½ å–å‡º æ‹“æ—¥æ–°èƒ½ 200 è‚¡å¤±è´¥: {'code': -32002, 'data': "Selector [resourceId='com.hexin.plat.android:id/menu_sale_text']", 'method': 'wait'}[0m
[32m2025-01-06 09:41:26 - INFO - ç‚¹å‡»äº¤æ˜“æŒ‰é’®[0m
[31m2025-01-06 09:41:36 - ERROR - ä¹°å…¥ çº¢æ——è¿é” 100 è‚¡å¤±è´¥: {'code': -32002, 'data': "Selector [resourceId='com.hexin.plat.android:id/menu_buy_text']", 'method': 'wait'}[0m
Traceback (most recent call last):
  File "D:\1document\1test\PycharmProject_gitee\others\é‡åŒ–æŠ•èµ„\THS\è‡ªåŠ¨åŒ–äº¤æ˜“_åŒèŠ±é¡º\æ•´åˆ\pages\ths_page2.py", line 168, in buy_stock
    self.buy_entry()
  File "D:\1document\1test\PycharmProject_gitee\others\é‡åŒ–æŠ•èµ„\THS\è‡ªåŠ¨åŒ–äº¤æ˜“_åŒèŠ±é¡º\æ•´åˆ\pages\ths_page2.py", line 32, in buy_entry
    buy_entry.click()
  File "C:\Python310\lib\site-packages\uiautomator2\_selector.py", line 148, in click
    self.must_wait(timeout=timeout)
  File "C:\Python310\lib\site-packages\uiautomator2\_selector.py", line 343, in must_wait
    raise UiObjectNotFoundError({'code': -32002, 'data': str(self.selector), 'method': 'wait'})
uiautomator2.exceptions.UiObjectNotFoundError: {'code': -32002, 'data': "Selector [resourceId='com.hexin.plat.android:id/menu_buy_text']", 'method': 'wait'}
[32m2025-01-06 09:41:36 - INFO - äº¤æ˜“é€šçŸ¥: BUY çº¢æ——è¿é” ä¹°å…¥ çº¢æ——è¿é” 100 è‚¡å¤±è´¥: {'code': -32002, 'data': "Selector [resourceId='com.hexin.plat.android:id/menu_buy_text']", 'method': 'wait'}[0m
[32m2025-01-06 09:41:36 - INFO - ç‚¹å‡»äº¤æ˜“æŒ‰é’®[0m
[31m2025-01-06 09:41:46 - ERROR - å–å‡º å°å•†å“åŸ 200 è‚¡å¤±è´¥: {'code': -32002, 'data': "Selector [resourceId='com.hexin.plat.android:id/menu_sale_text']", 'method': 'wait'}[0m
Traceback (most recent call last):
  File "D:\1document\1test\PycharmProject_gitee\others\é‡åŒ–æŠ•èµ„\THS\è‡ªåŠ¨åŒ–äº¤æ˜“_åŒèŠ±é¡º\æ•´åˆ\pages\ths_page2.py", line 186, in sell_stock
    self.sell_entry()
  File "D:\1document\1test\PycharmProject_gitee\others\é‡åŒ–æŠ•èµ„\THS\è‡ªåŠ¨åŒ–äº¤æ˜“_åŒèŠ±é¡º\æ•´åˆ\pages\ths_page2.py", line 37, in sell_entry
    sell_entry.click()
  File "C:\Python310\lib\site-packages\uiautomator2\_selector.py", line 148, in click
    self.must_wait(timeout=timeout)
  File "C:\Python310\lib\site-packages\uiautomator2\_selector.py", line 343, in must_wait
    raise UiObjectNotFoundError({'code': -32002, 'data': str(self.selector), 'method': 'wait'})
uiautomator2.exceptions.UiObjectNotFoundError: {'code': -32002, 'data': "Selector [resourceId='com.hexin.plat.android:id/menu_sale_text']", 'method': 'wait'}
[32m2025-01-06 09:41:46 - INFO - äº¤æ˜“é€šçŸ¥: SALE å°å•†å“åŸ å–å‡º å°å•†å“åŸ 200 è‚¡å¤±è´¥: {'code': -32002, 'data': "Selector [resourceId='com.hexin.plat.android:id/menu_sale_text']", 'method': 'wait'}[0m
[32m2025-01-06 09:41:47 - INFO - ç‚¹å‡»äº¤æ˜“æŒ‰é’®[0m
[31m2025-01-06 09:41:57 - ERROR - ä¹°å…¥ å›½æ˜Ÿå…‰ç”µ 100 è‚¡å¤±è´¥: {'code': -32002, 'data': "Selector [resourceId='com.hexin.plat.android:id/menu_buy_text']", 'method': 'wait'}[0m
Traceback (most recent call last):
  File "D:\1document\1test\PycharmProject_gitee\others\é‡åŒ–æŠ•èµ„\THS\è‡ªåŠ¨åŒ–äº¤æ˜“_åŒèŠ±é¡º\æ•´åˆ\pages\ths_page2.py", line 168, in buy_stock
    self.buy_entry()
  File "D:\1document\1test\PycharmProject_gitee\others\é‡åŒ–æŠ•èµ„\THS\è‡ªåŠ¨åŒ–äº¤æ˜“_åŒèŠ±é¡º\æ•´åˆ\pages\ths_page2.py", line 32, in buy_entry
    buy_entry.click()
  File "C:\Python310\lib\site-packages\uiautomator2\_selector.py", line 148, in click
    self.must_wait(timeout=timeout)
  File "C:\Python310\lib\site-packages\uiautomator2\_selector.py", line 343, in must_wait
    raise UiObjectNotFoundError({'code': -32002, 'data': str(self.selector), 'method': 'wait'})
uiautomator2.exceptions.UiObjectNotFoundError: {'code': -32002, 'data': "Selector [resourceId='com.hexin.plat.android:id/menu_buy_text']", 'method': 'wait'}
[32m2025-01-06 09:41:57 - INFO - äº¤æ˜“é€šçŸ¥: BUY å›½æ˜Ÿå…‰ç”µ ä¹°å…¥ å›½æ˜Ÿå…‰ç”µ 100 è‚¡å¤±è´¥: {'code': -32002, 'data': "Selector [resourceId='com.hexin.plat.android:id/menu_buy_text']", 'method': 'wait'}[0m
[32m2025-01-06 09:41:58 - INFO - ç‚¹å‡»äº¤æ˜“æŒ‰é’®[0m
[31m2025-01-06 09:42:08 - ERROR - ä¹°å…¥ å›½æ˜Ÿå…‰ç”µ 100 è‚¡å¤±è´¥: {'code': -32002, 'data': "Selector [resourceId='com.hexin.plat.android:id/menu_buy_text']", 'method': 'wait'}[0m
Traceback (most recent call last):
  File "D:\1document\1test\PycharmProject_gitee\others\é‡åŒ–æŠ•èµ„\THS\è‡ªåŠ¨åŒ–äº¤æ˜“_åŒèŠ±é¡º\æ•´åˆ\pages\ths_page2.py", line 168, in buy_stock
    self.buy_entry()
  File "D:\1document\1test\PycharmProject_gitee\others\é‡åŒ–æŠ•èµ„\THS\è‡ªåŠ¨åŒ–äº¤æ˜“_åŒèŠ±é¡º\æ•´åˆ\pages\ths_page2.py", line 32, in buy_entry
    buy_entry.click()
  File "C:\Python310\lib\site-packages\uiautomator2\_selector.py", line 148, in click
    self.must_wait(timeout=timeout)
  File "C:\Python310\lib\site-packages\uiautomator2\_selector.py", line 343, in must_wait
    raise UiObjectNotFoundError({'code': -32002, 'data': str(self.selector), 'method': 'wait'})
uiautomator2.exceptions.UiObjectNotFoundError: {'code': -32002, 'data': "Selector [resourceId='com.hexin.plat.android:id/menu_buy_text']", 'method': 'wait'}
[32m2025-01-06 09:42:08 - INFO - äº¤æ˜“é€šçŸ¥: BUY å›½æ˜Ÿå…‰ç”µ ä¹°å…¥ å›½æ˜Ÿå…‰ç”µ 100 è‚¡å¤±è´¥: {'code': -32002, 'data': "Selector [resourceId='com.hexin.plat.android:id/menu_buy_text']", 'method': 'wait'}[0m
[32m2025-01-06 09:42:08 - INFO - ç‚¹å‡»äº¤æ˜“æŒ‰é’®[0m
[31m2025-01-06 09:42:18 - ERROR - å–å‡º å›½æ˜Ÿå…‰ç”µ 200 è‚¡å¤±è´¥: {'code': -32002, 'data': "Selector [resourceId='com.hexin.plat.android:id/menu_sale_text']", 'method': 'wait'}[0m
Traceback (most recent call last):
  File "D:\1document\1test\PycharmProject_gitee\others\é‡åŒ–æŠ•èµ„\THS\è‡ªåŠ¨åŒ–äº¤æ˜“_åŒèŠ±é¡º\æ•´åˆ\pages\ths_page2.py", line 186, in sell_stock
    self.sell_entry()
  File "D:\1document\1test\PycharmProject_gitee\others\é‡åŒ–æŠ•èµ„\THS\è‡ªåŠ¨åŒ–äº¤æ˜“_åŒèŠ±é¡º\æ•´åˆ\pages\ths_page2.py", line 37, in sell_entry
    sell_entry.click()
  File "C:\Python310\lib\site-packages\uiautomator2\_selector.py", line 148, in click
    self.must_wait(timeout=timeout)
  File "C:\Python310\lib\site-packages\uiautomator2\_selector.py", line 343, in must_wait
    raise UiObjectNotFoundError({'code': -32002, 'data': str(self.selector), 'method': 'wait'})
uiautomator2.exceptions.UiObjectNotFoundError: {'code': -32002, 'data': "Selector [resourceId='com.hexin.plat.android:id/menu_sale_text']", 'method': 'wait'}
[32m2025-01-06 09:42:18 - INFO - äº¤æ˜“é€šçŸ¥: SALE å›½æ˜Ÿå…‰ç”µ å–å‡º å›½æ˜Ÿå…‰ç”µ 200 è‚¡å¤±è´¥: {'code': -32002, 'data': "Selector [resourceId='com.hexin.plat.android:id/menu_sale_text']", 'method': 'wait'}[0m
[32m2025-01-06 09:42:19 - INFO - ç‚¹å‡»äº¤æ˜“æŒ‰é’®[0m
[31m2025-01-06 09:42:29 - ERROR - å–å‡º ä¸­ä¿¡æµ·ç›´ 200 è‚¡å¤±è´¥: {'code': -32002, 'data': "Selector [resourceId='com.hexin.plat.android:id/menu_sale_text']", 'method': 'wait'}[0m
Traceback (most recent call last):
  File "D:\1document\1test\PycharmProject_gitee\others\é‡åŒ–æŠ•èµ„\THS\è‡ªåŠ¨åŒ–äº¤æ˜“_åŒèŠ±é¡º\æ•´åˆ\pages\ths_page2.py", line 186, in sell_stock
    self.sell_entry()
  File "D:\1document\1test\PycharmProject_gitee\others\é‡åŒ–æŠ•èµ„\THS\è‡ªåŠ¨åŒ–äº¤æ˜“_åŒèŠ±é¡º\æ•´åˆ\pages\ths_page2.py", line 37, in sell_entry
    sell_entry.click()
  File "C:\Python310\lib\site-packages\uiautomator2\_selector.py", line 148, in click
    self.must_wait(timeout=timeout)
  File "C:\Python310\lib\site-packages\uiautomator2\_selector.py", line 343, in must_wait
    raise UiObjectNotFoundError({'code': -32002, 'data': str(self.selector), 'method': 'wait'})
uiautomator2.exceptions.UiObjectNotFoundError: {'code': -32002, 'data': "Selector [resourceId='com.hexin.plat.android:id/menu_sale_text']", 'method': 'wait'}
[32m2025-01-06 09:42:29 - INFO - äº¤æ˜“é€šçŸ¥: SALE ä¸­ä¿¡æµ·ç›´ å–å‡º ä¸­ä¿¡æµ·ç›´ 200 è‚¡å¤±è´¥: {'code': -32002, 'data': "Selector [resourceId='com.hexin.plat.android:id/menu_sale_text']", 'method': 'wait'}[0m
[32m2025-01-06 09:42:30 - INFO - ç‚¹å‡»äº¤æ˜“æŒ‰é’®[0m
[31m2025-01-06 09:42:40 - ERROR - å–å‡º å›½æ˜Ÿå…‰ç”µ 200 è‚¡å¤±è´¥: {'code': -32002, 'data': "Selector [resourceId='com.hexin.plat.android:id/menu_sale_text']", 'method': 'wait'}[0m
Traceback (most recent call last):
  File "D:\1document\1test\PycharmProject_gitee\others\é‡åŒ–æŠ•èµ„\THS\è‡ªåŠ¨åŒ–äº¤æ˜“_åŒèŠ±é¡º\æ•´åˆ\pages\ths_page2.py", line 186, in sell_stock
    self.sell_entry()
  File "D:\1document\1test\PycharmProject_gitee\others\é‡åŒ–æŠ•èµ„\THS\è‡ªåŠ¨åŒ–äº¤æ˜“_åŒèŠ±é¡º\æ•´åˆ\pages\ths_page2.py", line 37, in sell_entry
    sell_entry.click()
  File "C:\Python310\lib\site-packages\uiautomator2\_selector.py", line 148, in click
    self.must_wait(timeout=timeout)
  File "C:\Python310\lib\site-packages\uiautomator2\_selector.py", line 343, in must_wait
    raise UiObjectNotFoundError({'code': -32002, 'data': str(self.selector), 'method': 'wait'})
uiautomator2.exceptions.UiObjectNotFoundError: {'code': -32002, 'data': "Selector [resourceId='com.hexin.plat.android:id/menu_sale_text']", 'method': 'wait'}
[32m2025-01-06 09:42:40 - INFO - äº¤æ˜“é€šçŸ¥: SALE å›½æ˜Ÿå…‰ç”µ å–å‡º å›½æ˜Ÿå…‰ç”µ 200 è‚¡å¤±è´¥: {'code': -32002, 'data': "Selector [resourceId='com.hexin.plat.android:id/menu_sale_text']", 'method': 'wait'}[0m
