[32m2025-01-02 14:15:17 - INFO - 自动化交易程序开始运行[0m
[32m2025-01-02 14:15:17 - INFO - 检测到标志文件，今日调仓操作已记录完成，开始自动化交易...[0m
[32m2025-01-02 14:15:17 - INFO - 标志文件已删除[0m
[32m2025-01-02 14:15:22 - INFO - 连接设备: 127.0.0.1:21503[0m
[32m2025-01-02 14:15:24 - INFO - 启动app: com.hexin.plat.android[0m
[32m2025-01-02 14:15:24 - INFO - 检测到文件更新，即将进行操作的文件路径: D:\1document\1test\PycharmProject_gitee\others\量化投资\THS\自动化交易_同花顺\整合\data\策略今天调仓.xlsx[0m
[32m2025-01-02 14:15:25 - INFO - 要处理的信息: 中航光电, 操作: BUY[0m
[32m2025-01-02 14:15:57 - INFO - BUY 中航光电 失败 买入 中航光电 100 股失败: {'code': -32002, 'data': "Selector [resourceId='com.hexin.plat.android:id/title', text='交易']", 'method': 'wait'}[0m
[32m2025-01-02 14:15:57 - INFO - 发送通知成功[0m
[32m2025-01-02 14:15:57 - INFO - 今天的工作表不存在，创建新的操作记录: 
   股票名称  ...                   时间
0  中航光电  ...  2025-01-02 14:15:57

[1 rows x 5 columns][0m
[32m2025-01-02 14:15:57 - INFO - 写入操作历史文件成功[0m
[32m2025-01-02 14:15:57 - INFO - BUY 中航光电 流程结束, 操作已记录[0m
[32m2025-01-02 14:15:58 - INFO - 要处理的信息: 北方华创, 操作: BUY[0m
[32m2025-01-02 14:15:58 - INFO - 读取去重后的操作历史文件[0m
[32m2025-01-02 14:16:08 - INFO - BUY 北方华创 失败 买入 北方华创 100 股失败: {'code': -32002, 'data': "Selector [resourceId='com.hexin.plat.android:id/title', text='交易']", 'method': 'wait'}[0m
[32m2025-01-02 14:16:08 - INFO - 发送通知成功[0m
[32m2025-01-02 14:16:08 - INFO - 追加新的操作记录: 
   股票名称  ...                   时间
0  北方华创  ...  2025-01-02 14:16:08

[1 rows x 5 columns][0m
[32m2025-01-02 14:16:08 - INFO - 写入操作历史文件成功[0m
[32m2025-01-02 14:16:08 - INFO - BUY 北方华创 流程结束, 操作已记录[0m
[32m2025-01-02 14:16:08 - INFO - 要处理的信息: 英维克, 操作: BUY[0m
[32m2025-01-02 14:16:08 - INFO - 读取去重后的操作历史文件[0m
[32m2025-01-02 14:16:19 - INFO - BUY 英维克 失败 买入 英维克 100 股失败: {'code': -32002, 'data': "Selector [resourceId='com.hexin.plat.android:id/title', text='交易']", 'method': 'wait'}[0m
[32m2025-01-02 14:16:19 - INFO - 发送通知成功[0m
[32m2025-01-02 14:16:19 - INFO - 追加新的操作记录: 
  股票名称  ...                   时间
0  英维克  ...  2025-01-02 14:16:19

[1 rows x 5 columns][0m
[32m2025-01-02 14:16:19 - INFO - 写入操作历史文件成功[0m
[32m2025-01-02 14:16:19 - INFO - BUY 英维克 流程结束, 操作已记录[0m
[32m2025-01-02 14:16:19 - INFO - 要处理的信息: 国光股份, 操作: BUY[0m
[32m2025-01-02 14:16:19 - INFO - 读取去重后的操作历史文件[0m
[32m2025-01-02 14:16:29 - INFO - BUY 国光股份 失败 买入 国光股份 100 股失败: {'code': -32002, 'data': "Selector [resourceId='com.hexin.plat.android:id/title', text='交易']", 'method': 'wait'}[0m
[32m2025-01-02 14:16:29 - INFO - 发送通知成功[0m
[32m2025-01-02 14:16:30 - INFO - 追加新的操作记录: 
   股票名称  ...                   时间
0  国光股份  ...  2025-01-02 14:16:29

[1 rows x 5 columns][0m
[32m2025-01-02 14:16:30 - INFO - 写入操作历史文件成功[0m
[32m2025-01-02 14:16:30 - INFO - BUY 国光股份 流程结束, 操作已记录[0m
[32m2025-01-02 14:16:30 - INFO - 要处理的信息: 中兴通讯, 操作: SALE[0m
[32m2025-01-02 14:16:30 - INFO - 读取去重后的操作历史文件[0m
[32m2025-01-02 14:16:40 - INFO - SALE 中兴通讯 失败 卖出 中兴通讯 200 股失败: {'code': -32002, 'data': "Selector [resourceId='com.hexin.plat.android:id/title', text='交易']", 'method': 'wait'}[0m
[32m2025-01-02 14:16:40 - INFO - 发送通知成功[0m
[32m2025-01-02 14:16:40 - INFO - 追加新的操作记录: 
   股票名称  ...                   时间
0  中兴通讯  ...  2025-01-02 14:16:40

[1 rows x 5 columns][0m
[32m2025-01-02 14:16:41 - INFO - 写入操作历史文件成功[0m
[32m2025-01-02 14:16:41 - INFO - SALE 中兴通讯 流程结束, 操作已记录[0m
[32m2025-01-02 14:16:41 - INFO - 文件处理完成 D:\1document\1test\PycharmProject_gitee\others\量化投资\THS\自动化交易_同花顺\整合\data\策略今天调仓.xlsx 
[0m
[32m2025-01-02 14:16:41 - INFO - 检测到文件更新，即将进行操作的文件路径: D:\1document\1test\PycharmProject_gitee\others\量化投资\THS\自动化交易_同花顺\整合\data\组合今天调仓.xlsx[0m
[32m2025-01-02 14:16:41 - INFO - 要处理的信息: 拓日新能, 操作: BUY[0m
[32m2025-01-02 14:16:41 - INFO - 读取去重后的操作历史文件[0m
[32m2025-01-02 14:16:51 - INFO - BUY 拓日新能 失败 买入 拓日新能 100 股失败: {'code': -32002, 'data': "Selector [resourceId='com.hexin.plat.android:id/title', text='交易']", 'method': 'wait'}[0m
[32m2025-01-02 14:16:51 - INFO - 发送通知成功[0m
[32m2025-01-02 14:16:51 - INFO - 追加新的操作记录: 
   股票名称  ...                   时间
0  拓日新能  ...  2025-01-02 14:16:51

[1 rows x 5 columns][0m
[32m2025-01-02 14:16:52 - INFO - 写入操作历史文件成功[0m
[32m2025-01-02 14:16:52 - INFO - BUY 拓日新能 流程结束, 操作已记录[0m
[32m2025-01-02 14:16:52 - INFO - 要处理的信息: 国星光电, 操作: BUY[0m
[32m2025-01-02 14:16:52 - INFO - 读取去重后的操作历史文件[0m
[32m2025-01-02 14:17:02 - INFO - BUY 国星光电 失败 买入 国星光电 100 股失败: {'code': -32002, 'data': "Selector [resourceId='com.hexin.plat.android:id/title', text='交易']", 'method': 'wait'}[0m
[32m2025-01-02 14:17:02 - INFO - 发送通知成功[0m
[32m2025-01-02 14:17:02 - INFO - 追加新的操作记录: 
   股票名称  ...                   时间
0  国星光电  ...  2025-01-02 14:17:02

[1 rows x 5 columns][0m
[32m2025-01-02 14:17:02 - INFO - 写入操作历史文件成功[0m
[32m2025-01-02 14:17:02 - INFO - BUY 国星光电 流程结束, 操作已记录[0m
[32m2025-01-02 14:17:02 - INFO - 要处理的信息: 红旗连锁, 操作: BUY[0m
[32m2025-01-02 14:17:03 - INFO - 读取去重后的操作历史文件[0m
[32m2025-01-02 14:17:13 - INFO - BUY 红旗连锁 失败 买入 红旗连锁 100 股失败: {'code': -32002, 'data': "Selector [resourceId='com.hexin.plat.android:id/title', text='交易']", 'method': 'wait'}[0m
[32m2025-01-02 14:17:13 - INFO - 发送通知成功[0m
[32m2025-01-02 14:17:13 - INFO - 追加新的操作记录: 
   股票名称  ...                   时间
0  红旗连锁  ...  2025-01-02 14:17:13

[1 rows x 5 columns][0m
[32m2025-01-02 14:17:13 - INFO - 写入操作历史文件成功[0m
[32m2025-01-02 14:17:13 - INFO - BUY 红旗连锁 流程结束, 操作已记录[0m
[32m2025-01-02 14:17:13 - INFO - 要处理的信息: 小商品城, 操作: SALE[0m
[32m2025-01-02 14:17:13 - INFO - 读取去重后的操作历史文件[0m
[32m2025-01-02 14:17:23 - INFO - SALE 小商品城 失败 卖出 小商品城 200 股失败: {'code': -32002, 'data': "Selector [resourceId='com.hexin.plat.android:id/title', text='交易']", 'method': 'wait'}[0m
[32m2025-01-02 14:17:23 - INFO - 发送通知成功[0m
[32m2025-01-02 14:17:24 - INFO - 追加新的操作记录: 
   股票名称  ...                   时间
0  小商品城  ...  2025-01-02 14:17:23

[1 rows x 5 columns][0m
[32m2025-01-02 14:17:24 - INFO - 写入操作历史文件成功[0m
[32m2025-01-02 14:17:24 - INFO - SALE 小商品城 流程结束, 操作已记录[0m
[32m2025-01-02 14:17:24 - INFO - 要处理的信息: 国星光电, 操作: BUY[0m
[32m2025-01-02 14:17:24 - INFO - 读取去重后的操作历史文件[0m
[32m2025-01-02 14:17:34 - INFO - BUY 国星光电 失败 买入 国星光电 100 股失败: {'code': -32002, 'data': "Selector [resourceId='com.hexin.plat.android:id/title', text='交易']", 'method': 'wait'}[0m
[32m2025-01-02 14:17:34 - INFO - 发送通知成功[0m
[32m2025-01-02 14:17:34 - INFO - 追加新的操作记录: 
   股票名称  ...                   时间
0  国星光电  ...  2025-01-02 14:17:34

[1 rows x 5 columns][0m
[32m2025-01-02 14:17:35 - INFO - 写入操作历史文件成功[0m
[32m2025-01-02 14:17:35 - INFO - BUY 国星光电 流程结束, 操作已记录[0m
[32m2025-01-02 14:17:35 - INFO - 要处理的信息: 国星光电, 操作: BUY[0m
[32m2025-01-02 14:17:35 - INFO - 读取去重后的操作历史文件[0m
[32m2025-01-02 14:17:45 - INFO - BUY 国星光电 失败 买入 国星光电 100 股失败: {'code': -32002, 'data': "Selector [resourceId='com.hexin.plat.android:id/title', text='交易']", 'method': 'wait'}[0m
[32m2025-01-02 14:17:45 - INFO - 发送通知成功[0m
[32m2025-01-02 14:17:45 - INFO - 追加新的操作记录: 
   股票名称  ...                   时间
0  国星光电  ...  2025-01-02 14:17:45

[1 rows x 5 columns][0m
[32m2025-01-02 14:17:46 - INFO - 写入操作历史文件成功[0m
[32m2025-01-02 14:17:46 - INFO - BUY 国星光电 流程结束, 操作已记录[0m
[32m2025-01-02 14:17:46 - INFO - 要处理的信息: 国星光电, 操作: SALE[0m
[32m2025-01-02 14:17:46 - INFO - 读取去重后的操作历史文件[0m
[32m2025-01-02 14:17:56 - INFO - SALE 国星光电 失败 卖出 国星光电 200 股失败: {'code': -32002, 'data': "Selector [resourceId='com.hexin.plat.android:id/title', text='交易']", 'method': 'wait'}[0m
[32m2025-01-02 14:17:56 - INFO - 发送通知成功[0m
[32m2025-01-02 14:17:56 - INFO - 追加新的操作记录: 
   股票名称  ...                   时间
0  国星光电  ...  2025-01-02 14:17:56

[1 rows x 5 columns][0m
[32m2025-01-02 14:17:56 - INFO - 写入操作历史文件成功[0m
[32m2025-01-02 14:17:56 - INFO - SALE 国星光电 流程结束, 操作已记录[0m
[32m2025-01-02 14:17:56 - INFO - 要处理的信息: 中信海直, 操作: SALE[0m
[32m2025-01-02 14:17:57 - INFO - 读取去重后的操作历史文件[0m
[32m2025-01-02 14:18:07 - INFO - SALE 中信海直 失败 卖出 中信海直 200 股失败: {'code': -32002, 'data': "Selector [resourceId='com.hexin.plat.android:id/title', text='交易']", 'method': 'wait'}[0m
[32m2025-01-02 14:18:07 - INFO - 发送通知成功[0m
[32m2025-01-02 14:18:07 - INFO - 追加新的操作记录: 
   股票名称  ...                   时间
0  中信海直  ...  2025-01-02 14:18:07

[1 rows x 5 columns][0m
[32m2025-01-02 14:18:07 - INFO - 写入操作历史文件成功[0m
[32m2025-01-02 14:18:07 - INFO - SALE 中信海直 流程结束, 操作已记录[0m
[32m2025-01-02 14:18:07 - INFO - 要处理的信息: 国星光电, 操作: SALE[0m
[32m2025-01-02 14:18:07 - INFO - 读取去重后的操作历史文件[0m
[32m2025-01-02 14:18:18 - INFO - SALE 国星光电 失败 卖出 国星光电 200 股失败: {'code': -32002, 'data': "Selector [resourceId='com.hexin.plat.android:id/title', text='交易']", 'method': 'wait'}[0m
[32m2025-01-02 14:18:18 - INFO - 发送通知成功[0m
[32m2025-01-02 14:18:18 - INFO - 追加新的操作记录: 
   股票名称  ...                   时间
0  国星光电  ...  2025-01-02 14:18:18

[1 rows x 5 columns][0m
[32m2025-01-02 14:18:18 - INFO - 写入操作历史文件成功[0m
[32m2025-01-02 14:18:18 - INFO - SALE 国星光电 流程结束, 操作已记录[0m
[32m2025-01-02 14:18:18 - INFO - 文件处理完成 D:\1document\1test\PycharmProject_gitee\others\量化投资\THS\自动化交易_同花顺\整合\data\组合今天调仓.xlsx 
[0m
[32m2025-01-02 14:18:48 - INFO - 自动化交易程序开始运行[0m
[32m2025-01-02 14:18:48 - INFO - 等待调仓操作记录完成的标志文件...[0m
[32m2025-01-02 14:18:58 - INFO - 等待调仓操作记录完成的标志文件...[0m
[32m2025-01-02 14:19:08 - INFO - 等待调仓操作记录完成的标志文件...[0m
[32m2025-01-02 14:19:18 - INFO - 等待调仓操作记录完成的标志文件...[0m
[32m2025-01-02 14:19:28 - INFO - 等待调仓操作记录完成的标志文件...[0m
[32m2025-01-02 14:19:38 - INFO - 等待调仓操作记录完成的标志文件...[0m
[32m2025-01-02 14:19:48 - INFO - 等待调仓操作记录完成的标志文件...[0m
[32m2025-01-02 14:19:56 - INFO - 程序被手动终止[0m
[32m2025-01-02 14:19:56 - INFO - 程序结束运行[0m
[32m2025-01-03 09:21:46 - INFO - 自动化交易程序开始运行[0m
[32m2025-01-03 09:21:46 - INFO - 等待调仓操作记录完成的标志文件...[0m
[32m2025-01-03 09:21:56 - INFO - 等待调仓操作记录完成的标志文件...[0m
[32m2025-01-03 09:22:06 - INFO - 等待调仓操作记录完成的标志文件...[0m
[32m2025-01-03 09:22:16 - INFO - 等待调仓操作记录完成的标志文件...[0m
[32m2025-01-03 09:22:26 - INFO - 等待调仓操作记录完成的标志文件...[0m
[32m2025-01-03 09:22:36 - INFO - 等待调仓操作记录完成的标志文件...[0m
[32m2025-01-03 09:22:46 - INFO - 等待调仓操作记录完成的标志文件...[0m
[32m2025-01-03 09:22:56 - INFO - 等待调仓操作记录完成的标志文件...[0m
[32m2025-01-03 09:23:06 - INFO - 等待调仓操作记录完成的标志文件...[0m
[32m2025-01-03 09:23:16 - INFO - 等待调仓操作记录完成的标志文件...[0m
[32m2025-01-03 09:23:26 - INFO - 等待调仓操作记录完成的标志文件...[0m
[32m2025-01-03 09:23:36 - INFO - 等待调仓操作记录完成的标志文件...[0m
[32m2025-01-03 09:23:46 - INFO - 等待调仓操作记录完成的标志文件...[0m
[32m2025-01-03 09:23:56 - INFO - 等待调仓操作记录完成的标志文件...[0m
[32m2025-01-03 09:24:06 - INFO - 等待调仓操作记录完成的标志文件...[0m
[32m2025-01-03 09:24:16 - INFO - 等待调仓操作记录完成的标志文件...[0m
[32m2025-01-03 09:24:26 - INFO - 等待调仓操作记录完成的标志文件...[0m
[32m2025-01-03 09:24:36 - INFO - 等待调仓操作记录完成的标志文件...[0m
[32m2025-01-03 09:24:46 - INFO - 等待调仓操作记录完成的标志文件...[0m
[32m2025-01-03 09:24:56 - INFO - 等待调仓操作记录完成的标志文件...[0m
[32m2025-01-03 09:25:06 - INFO - 等待调仓操作记录完成的标志文件...[0m
[32m2025-01-03 09:25:16 - INFO - 等待调仓操作记录完成的标志文件...[0m
[32m2025-01-03 09:25:26 - INFO - 等待调仓操作记录完成的标志文件...[0m
[32m2025-01-03 09:25:36 - INFO - 等待调仓操作记录完成的标志文件...[0m
[32m2025-01-03 09:25:46 - INFO - 等待调仓操作记录完成的标志文件...[0m
[32m2025-01-03 09:25:56 - INFO - 等待调仓操作记录完成的标志文件...[0m
[32m2025-01-03 09:26:06 - INFO - 等待调仓操作记录完成的标志文件...[0m
[32m2025-01-03 09:26:16 - INFO - 等待调仓操作记录完成的标志文件...[0m
[32m2025-01-03 09:26:26 - INFO - 等待调仓操作记录完成的标志文件...[0m
[32m2025-01-03 09:26:36 - INFO - 等待调仓操作记录完成的标志文件...[0m
[32m2025-01-03 09:26:46 - INFO - 等待调仓操作记录完成的标志文件...[0m
[32m2025-01-03 09:26:56 - INFO - 等待调仓操作记录完成的标志文件...[0m
[32m2025-01-03 09:27:06 - INFO - 等待调仓操作记录完成的标志文件...[0m
[32m2025-01-03 09:27:16 - INFO - 等待调仓操作记录完成的标志文件...[0m
[32m2025-01-03 09:27:26 - INFO - 等待调仓操作记录完成的标志文件...[0m
[32m2025-01-03 09:27:36 - INFO - 等待调仓操作记录完成的标志文件...[0m
[32m2025-01-03 09:27:46 - INFO - 等待调仓操作记录完成的标志文件...[0m
[32m2025-01-03 09:27:57 - INFO - 等待调仓操作记录完成的标志文件...[0m
[32m2025-01-03 09:28:07 - INFO - 等待调仓操作记录完成的标志文件...[0m
[32m2025-01-03 09:28:17 - INFO - 等待调仓操作记录完成的标志文件...[0m
[32m2025-01-03 09:28:27 - INFO - 等待调仓操作记录完成的标志文件...[0m
[32m2025-01-03 09:28:37 - INFO - 等待调仓操作记录完成的标志文件...[0m
[32m2025-01-03 09:28:47 - INFO - 等待调仓操作记录完成的标志文件...[0m
[32m2025-01-03 09:28:57 - INFO - 等待调仓操作记录完成的标志文件...[0m
[32m2025-01-03 09:29:07 - INFO - 等待调仓操作记录完成的标志文件...[0m
[32m2025-01-03 09:29:17 - INFO - 等待调仓操作记录完成的标志文件...[0m
[32m2025-01-03 09:29:27 - INFO - 等待调仓操作记录完成的标志文件...[0m
[32m2025-01-03 09:29:37 - INFO - 等待调仓操作记录完成的标志文件...[0m
[32m2025-01-03 09:29:47 - INFO - 等待调仓操作记录完成的标志文件...[0m
[32m2025-01-03 09:29:57 - INFO - 等待调仓操作记录完成的标志文件...[0m
[32m2025-01-03 09:30:07 - INFO - 等待调仓操作记录完成的标志文件...[0m
[32m2025-01-03 09:30:17 - INFO - 等待调仓操作记录完成的标志文件...[0m
[32m2025-01-03 09:30:27 - INFO - 等待调仓操作记录完成的标志文件...[0m
[32m2025-01-03 09:30:37 - INFO - 等待调仓操作记录完成的标志文件...[0m
[32m2025-01-03 09:30:47 - INFO - 等待调仓操作记录完成的标志文件...[0m
[32m2025-01-03 09:30:57 - INFO - 等待调仓操作记录完成的标志文件...[0m
[32m2025-01-03 09:31:07 - INFO - 等待调仓操作记录完成的标志文件...[0m
[32m2025-01-03 09:31:17 - INFO - 等待调仓操作记录完成的标志文件...[0m
[32m2025-01-03 09:31:27 - INFO - 等待调仓操作记录完成的标志文件...[0m
[32m2025-01-03 09:31:37 - INFO - 等待调仓操作记录完成的标志文件...[0m
[32m2025-01-03 09:31:47 - INFO - 等待调仓操作记录完成的标志文件...[0m
[32m2025-01-03 09:31:57 - INFO - 等待调仓操作记录完成的标志文件...[0m
[32m2025-01-03 09:32:07 - INFO - 检测到标志文件，今日调仓操作已记录完成，开始自动化交易...[0m
[32m2025-01-03 09:32:07 - INFO - 标志文件已删除[0m
[31m2025-01-03 09:34:15 - ERROR - 连接设备失败: closed[0m
Traceback (most recent call last):
  File "D:\1document\1test\PycharmProject_gitee\others\量化投资\THS\自动化交易_同花顺\整合\scripts\自动化交易.py", line 19, in connect_to_device
    d = u2.connect()
  File "C:\Python310\lib\site-packages\uiautomator2\__init__.py", line 1103, in connect
    return connect_usb(serial)
  File "C:\Python310\lib\site-packages\uiautomator2\__init__.py", line 1119, in connect_usb
    return Device(serial)
  File "C:\Python310\lib\site-packages\uiautomator2\__init__.py", line 69, in __init__
    BasicUiautomatorServer.__init__(self, self._dev)
  File "C:\Python310\lib\site-packages\uiautomator2\core.py", line 170, in __init__
    self.start_uiautomator()
  File "C:\Python310\lib\site-packages\uiautomator2\core.py", line 189, in start_uiautomator
    self._setup_jar()
  File "C:\Python310\lib\site-packages\uiautomator2\core.py", line 201, in _setup_jar
    if self._check_device_file_hash(jar_path, target_path):
  File "C:\Python310\lib\site-packages\uiautomator2\core.py", line 214, in _check_device_file_hash
    output = self._dev.shell(["toybox", "md5sum", remote_file])
  File "C:\Python310\lib\site-packages\adbutils\_device.py", line 193, in shell
    c.check_okay()
  File "C:\Python310\lib\site-packages\adbutils\_adb.py", line 151, in check_okay
    raise AdbError(self.read_string_block())
adbutils.errors.AdbError: closed
[31m2025-01-03 09:34:15 - ERROR - 连接设备失败，退出程序[0m
[31m2025-01-03 09:34:15 - ERROR - 初始化设备失败，退出程序[0m
[32m2025-01-03 09:34:15 - INFO - 程序结束运行[0m
[32m2025-01-06 09:33:15 - INFO - 自动化交易程序开始运行[0m
[32m2025-01-06 09:33:15 - INFO - 检测到标志文件，今日调仓操作已记录完成，开始自动化交易...[0m
[32m2025-01-06 09:33:15 - INFO - 标志文件已删除[0m
[32m2025-01-06 09:33:18 - INFO - 连接设备: 127.0.0.1:21503[0m
[32m2025-01-06 09:33:19 - INFO - 启动app: com.hexin.plat.android[0m
[32m2025-01-06 09:33:19 - INFO - 检测到文件更新，即将进行操作的文件路径: D:\1document\1test\PycharmProject_gitee\others\量化投资\THS\自动化交易_同花顺\整合\data\策略今天调仓.xlsx[0m
[32m2025-01-06 09:33:20 - INFO - 要处理的信息: 凌霄泵业, 操作: SALE[0m
[32m2025-01-06 09:33:30 - INFO - SALE 凌霄泵业 失败 卖出 凌霄泵业 200 股失败: {'code': -32002, 'data': "Selector [resourceId='com.hexin.plat.android:id/title', text='交易']", 'method': 'wait'}[0m
[32m2025-01-06 09:33:30 - INFO - 发送通知成功[0m
[32m2025-01-06 09:33:30 - INFO - 今天的工作表不存在，创建新的操作记录: 
   股票名称  ...                   时间
0  凌霄泵业  ...  2025-01-06 09:33:30

[1 rows x 5 columns][0m
[32m2025-01-06 09:33:31 - INFO - 写入操作历史文件成功[0m
[32m2025-01-06 09:33:31 - INFO - SALE 凌霄泵业 流程结束, 操作已记录[0m
[32m2025-01-06 09:33:31 - INFO - 文件处理完成 D:\1document\1test\PycharmProject_gitee\others\量化投资\THS\自动化交易_同花顺\整合\data\策略今天调仓.xlsx 
[0m
[32m2025-01-06 09:33:31 - INFO - 检测到文件更新，即将进行操作的文件路径: D:\1document\1test\PycharmProject_gitee\others\量化投资\THS\自动化交易_同花顺\整合\data\组合今天调仓.xlsx[0m
[32m2025-01-06 09:33:31 - INFO - 要处理的信息: 国星光电, 操作: BUY[0m
[32m2025-01-06 09:33:31 - INFO - 读取去重后的操作历史文件[0m
[32m2025-01-06 09:33:41 - INFO - BUY 国星光电 失败 买入 国星光电 100 股失败: {'code': -32002, 'data': "Selector [resourceId='com.hexin.plat.android:id/title', text='交易']", 'method': 'wait'}[0m
[32m2025-01-06 09:33:41 - INFO - 发送通知成功[0m
[32m2025-01-06 09:33:41 - INFO - 追加新的操作记录: 
   股票名称  ...                   时间
0  国星光电  ...  2025-01-06 09:33:41

[1 rows x 5 columns][0m
[32m2025-01-06 09:33:41 - INFO - 写入操作历史文件成功[0m
[32m2025-01-06 09:33:41 - INFO - BUY 国星光电 流程结束, 操作已记录[0m
[32m2025-01-06 09:33:41 - INFO - 要处理的信息: 拓日新能, 操作: SALE[0m
[32m2025-01-06 09:33:42 - INFO - 读取去重后的操作历史文件[0m
[32m2025-01-06 09:33:56 - INFO - SALE 拓日新能 失败 卖出 拓日新能 200 股失败: {'code': -32002, 'data': "Selector [resourceId='com.hexin.plat.android:id/menu_sale_text']", 'method': 'wait'}[0m
[32m2025-01-06 09:33:56 - INFO - 发送通知成功[0m
[32m2025-01-06 09:33:56 - INFO - 追加新的操作记录: 
   股票名称  ...                   时间
0  拓日新能  ...  2025-01-06 09:33:56

[1 rows x 5 columns][0m
[32m2025-01-06 09:33:56 - INFO - 写入操作历史文件成功[0m
[32m2025-01-06 09:33:56 - INFO - SALE 拓日新能 流程结束, 操作已记录[0m
[32m2025-01-06 09:33:56 - INFO - 要处理的信息: 红旗连锁, 操作: BUY[0m
[32m2025-01-06 09:33:56 - INFO - 读取去重后的操作历史文件[0m
[32m2025-01-06 09:34:07 - INFO - BUY 红旗连锁 失败 买入 红旗连锁 100 股失败: {'code': -32002, 'data': "Selector [resourceId='com.hexin.plat.android:id/menu_buy_text']", 'method': 'wait'}[0m
[32m2025-01-06 09:34:07 - INFO - 发送通知成功[0m
[32m2025-01-06 09:34:07 - INFO - 追加新的操作记录: 
   股票名称  ...                   时间
0  红旗连锁  ...  2025-01-06 09:34:07

[1 rows x 5 columns][0m
[32m2025-01-06 09:34:07 - INFO - 写入操作历史文件成功[0m
[32m2025-01-06 09:34:07 - INFO - BUY 红旗连锁 流程结束, 操作已记录[0m
[32m2025-01-06 09:34:07 - INFO - 要处理的信息: 小商品城, 操作: SALE[0m
[32m2025-01-06 09:34:07 - INFO - 读取去重后的操作历史文件[0m
[32m2025-01-06 09:34:17 - INFO - SALE 小商品城 失败 卖出 小商品城 200 股失败: {'code': -32002, 'data': "Selector [resourceId='com.hexin.plat.android:id/menu_sale_text']", 'method': 'wait'}[0m
[32m2025-01-06 09:34:17 - INFO - 发送通知成功[0m
[32m2025-01-06 09:34:17 - INFO - 追加新的操作记录: 
   股票名称  ...                   时间
0  小商品城  ...  2025-01-06 09:34:17

[1 rows x 5 columns][0m
[32m2025-01-06 09:34:17 - INFO - 写入操作历史文件成功[0m
[32m2025-01-06 09:34:17 - INFO - SALE 小商品城 流程结束, 操作已记录[0m
[32m2025-01-06 09:34:17 - INFO - 要处理的信息: 国星光电, 操作: BUY[0m
[32m2025-01-06 09:34:18 - INFO - 读取去重后的操作历史文件[0m
[32m2025-01-06 09:34:28 - INFO - BUY 国星光电 失败 买入 国星光电 100 股失败: {'code': -32002, 'data': "Selector [resourceId='com.hexin.plat.android:id/menu_buy_text']", 'method': 'wait'}[0m
[32m2025-01-06 09:34:28 - INFO - 发送通知成功[0m
[32m2025-01-06 09:34:28 - INFO - 追加新的操作记录: 
   股票名称  ...                   时间
0  国星光电  ...  2025-01-06 09:34:28

[1 rows x 5 columns][0m
[32m2025-01-06 09:34:28 - INFO - 写入操作历史文件成功[0m
[32m2025-01-06 09:34:28 - INFO - BUY 国星光电 流程结束, 操作已记录[0m
[32m2025-01-06 09:34:28 - INFO - 要处理的信息: 国星光电, 操作: BUY[0m
[32m2025-01-06 09:34:28 - INFO - 读取去重后的操作历史文件[0m
[32m2025-01-06 09:34:38 - INFO - BUY 国星光电 失败 买入 国星光电 100 股失败: {'code': -32002, 'data': "Selector [resourceId='com.hexin.plat.android:id/menu_buy_text']", 'method': 'wait'}[0m
[32m2025-01-06 09:34:38 - INFO - 发送通知成功[0m
[32m2025-01-06 09:34:38 - INFO - 追加新的操作记录: 
   股票名称  ...                   时间
0  国星光电  ...  2025-01-06 09:34:38

[1 rows x 5 columns][0m
[32m2025-01-06 09:34:39 - INFO - 写入操作历史文件成功[0m
[32m2025-01-06 09:34:39 - INFO - BUY 国星光电 流程结束, 操作已记录[0m
[32m2025-01-06 09:34:39 - INFO - 要处理的信息: 国星光电, 操作: SALE[0m
[32m2025-01-06 09:34:39 - INFO - 读取去重后的操作历史文件[0m
[32m2025-01-06 09:34:49 - INFO - SALE 国星光电 失败 卖出 国星光电 200 股失败: {'code': -32002, 'data': "Selector [resourceId='com.hexin.plat.android:id/menu_sale_text']", 'method': 'wait'}[0m
[32m2025-01-06 09:34:49 - INFO - 发送通知成功[0m
[32m2025-01-06 09:34:49 - INFO - 追加新的操作记录: 
   股票名称  ...                   时间
0  国星光电  ...  2025-01-06 09:34:49

[1 rows x 5 columns][0m
[32m2025-01-06 09:34:49 - INFO - 写入操作历史文件成功[0m
[32m2025-01-06 09:34:49 - INFO - SALE 国星光电 流程结束, 操作已记录[0m
[32m2025-01-06 09:34:49 - INFO - 要处理的信息: 中信海直, 操作: SALE[0m
[32m2025-01-06 09:34:49 - INFO - 读取去重后的操作历史文件[0m
[32m2025-01-06 09:35:00 - INFO - SALE 中信海直 失败 卖出 中信海直 200 股失败: {'code': -32002, 'data': "Selector [resourceId='com.hexin.plat.android:id/menu_sale_text']", 'method': 'wait'}[0m
[32m2025-01-06 09:35:00 - INFO - 发送通知成功[0m
[32m2025-01-06 09:35:00 - INFO - 追加新的操作记录: 
   股票名称  ...                   时间
0  中信海直  ...  2025-01-06 09:35:00

[1 rows x 5 columns][0m
[32m2025-01-06 09:35:00 - INFO - 写入操作历史文件成功[0m
[32m2025-01-06 09:35:00 - INFO - SALE 中信海直 流程结束, 操作已记录[0m
[32m2025-01-06 09:35:00 - INFO - 要处理的信息: 国星光电, 操作: SALE[0m
[32m2025-01-06 09:35:00 - INFO - 读取去重后的操作历史文件[0m
[32m2025-01-06 09:35:10 - INFO - SALE 国星光电 失败 卖出 国星光电 200 股失败: {'code': -32002, 'data': "Selector [resourceId='com.hexin.plat.android:id/menu_sale_text']", 'method': 'wait'}[0m
[32m2025-01-06 09:35:10 - INFO - 发送通知成功[0m
[32m2025-01-06 09:35:10 - INFO - 追加新的操作记录: 
   股票名称  ...                   时间
0  国星光电  ...  2025-01-06 09:35:10

[1 rows x 5 columns][0m
[32m2025-01-06 09:35:11 - INFO - 写入操作历史文件成功[0m
[32m2025-01-06 09:35:11 - INFO - SALE 国星光电 流程结束, 操作已记录[0m
[32m2025-01-06 09:35:11 - INFO - 文件处理完成 D:\1document\1test\PycharmProject_gitee\others\量化投资\THS\自动化交易_同花顺\整合\data\组合今天调仓.xlsx 
[0m
[32m2025-01-06 09:35:41 - INFO - 自动化交易程序开始运行[0m
[32m2025-01-06 09:35:41 - INFO - 等待调仓操作记录完成的标志文件...[0m
[32m2025-01-06 09:35:51 - INFO - 等待调仓操作记录完成的标志文件...[0m
[32m2025-01-06 09:36:01 - INFO - 等待调仓操作记录完成的标志文件...[0m
[32m2025-01-06 09:36:11 - INFO - 等待调仓操作记录完成的标志文件...[0m
[32m2025-01-06 09:36:21 - INFO - 等待调仓操作记录完成的标志文件...[0m
[32m2025-01-06 09:36:31 - INFO - 等待调仓操作记录完成的标志文件...[0m
[32m2025-01-06 09:36:41 - INFO - 等待调仓操作记录完成的标志文件...[0m
[32m2025-01-06 09:36:51 - INFO - 等待调仓操作记录完成的标志文件...[0m
[32m2025-01-06 09:37:01 - INFO - 等待调仓操作记录完成的标志文件...[0m
[32m2025-01-06 09:37:11 - INFO - 等待调仓操作记录完成的标志文件...[0m
[32m2025-01-06 09:37:21 - INFO - 等待调仓操作记录完成的标志文件...[0m
[32m2025-01-06 09:37:31 - INFO - 等待调仓操作记录完成的标志文件...[0m
[32m2025-01-06 09:37:41 - INFO - 等待调仓操作记录完成的标志文件...[0m
[32m2025-01-06 09:37:51 - INFO - 等待调仓操作记录完成的标志文件...[0m
[32m2025-01-06 09:38:01 - INFO - 等待调仓操作记录完成的标志文件...[0m
[32m2025-01-06 09:38:11 - INFO - 等待调仓操作记录完成的标志文件...[0m
[32m2025-01-06 09:38:21 - INFO - 等待调仓操作记录完成的标志文件...[0m
[32m2025-01-06 09:38:31 - INFO - 等待调仓操作记录完成的标志文件...[0m
[32m2025-01-06 09:38:41 - INFO - 等待调仓操作记录完成的标志文件...[0m
[32m2025-01-06 09:38:51 - INFO - 等待调仓操作记录完成的标志文件...[0m
[32m2025-01-06 09:39:01 - INFO - 等待调仓操作记录完成的标志文件...[0m
[32m2025-01-06 09:39:11 - INFO - 等待调仓操作记录完成的标志文件...[0m
[32m2025-01-06 09:39:21 - INFO - 等待调仓操作记录完成的标志文件...[0m
[32m2025-01-06 09:39:31 - INFO - 等待调仓操作记录完成的标志文件...[0m
[32m2025-01-06 09:39:41 - INFO - 等待调仓操作记录完成的标志文件...[0m
[32m2025-01-06 09:39:51 - INFO - 等待调仓操作记录完成的标志文件...[0m
[32m2025-01-06 09:40:01 - INFO - 等待调仓操作记录完成的标志文件...[0m
[32m2025-01-06 09:40:11 - INFO - 等待调仓操作记录完成的标志文件...[0m
[32m2025-01-06 09:40:21 - INFO - 等待调仓操作记录完成的标志文件...[0m
[32m2025-01-06 09:40:31 - INFO - 等待调仓操作记录完成的标志文件...[0m
[32m2025-01-06 09:40:41 - INFO - 等待调仓操作记录完成的标志文件...[0m
[32m2025-01-06 09:40:51 - INFO - 检测到标志文件，今日调仓操作已记录完成，开始自动化交易...[0m
[32m2025-01-06 09:40:51 - INFO - 标志文件已删除[0m
[32m2025-01-06 09:40:52 - INFO - 连接设备: 127.0.0.1:21503[0m
[32m2025-01-06 09:40:53 - INFO - 启动app: com.hexin.plat.android[0m
[32m2025-01-06 09:40:53 - INFO - 检测到文件更新，即将进行操作的文件路径: D:\1document\1test\PycharmProject_gitee\others\量化投资\THS\自动化交易_同花顺\整合\data\策略今天调仓.xlsx[0m
[32m2025-01-06 09:40:53 - INFO - 要处理的信息: 凌霄泵业, 操作: SALE[0m
[32m2025-01-06 09:40:53 - INFO - 读取去重后的操作历史文件[0m
[32m2025-01-06 09:41:04 - INFO - SALE 凌霄泵业 失败 卖出 凌霄泵业 200 股失败: {'code': -32002, 'data': "Selector [resourceId='com.hexin.plat.android:id/menu_sale_text']", 'method': 'wait'}[0m
[32m2025-01-06 09:41:04 - INFO - 发送通知成功[0m
[32m2025-01-06 09:41:04 - INFO - 追加新的操作记录: 
   股票名称  ...                   时间
0  凌霄泵业  ...  2025-01-06 09:41:04

[1 rows x 5 columns][0m
[32m2025-01-06 09:41:04 - INFO - 写入操作历史文件成功[0m
[32m2025-01-06 09:41:04 - INFO - SALE 凌霄泵业 流程结束, 操作已记录[0m
[32m2025-01-06 09:41:04 - INFO - 文件处理完成 D:\1document\1test\PycharmProject_gitee\others\量化投资\THS\自动化交易_同花顺\整合\data\策略今天调仓.xlsx 
[0m
[32m2025-01-06 09:41:04 - INFO - 检测到文件更新，即将进行操作的文件路径: D:\1document\1test\PycharmProject_gitee\others\量化投资\THS\自动化交易_同花顺\整合\data\组合今天调仓.xlsx[0m
[32m2025-01-06 09:41:04 - INFO - 要处理的信息: 国星光电, 操作: BUY[0m
[32m2025-01-06 09:41:04 - INFO - 读取去重后的操作历史文件[0m
[32m2025-01-06 09:41:15 - INFO - BUY 国星光电 失败 买入 国星光电 100 股失败: {'code': -32002, 'data': "Selector [resourceId='com.hexin.plat.android:id/menu_buy_text']", 'method': 'wait'}[0m
[32m2025-01-06 09:41:15 - INFO - 发送通知成功[0m
[32m2025-01-06 09:41:15 - INFO - 追加新的操作记录: 
   股票名称  ...                   时间
0  国星光电  ...  2025-01-06 09:41:15

[1 rows x 5 columns][0m
[32m2025-01-06 09:41:15 - INFO - 写入操作历史文件成功[0m
[32m2025-01-06 09:41:15 - INFO - BUY 国星光电 流程结束, 操作已记录[0m
[32m2025-01-06 09:41:15 - INFO - 要处理的信息: 拓日新能, 操作: SALE[0m
[32m2025-01-06 09:41:15 - INFO - 读取去重后的操作历史文件[0m
[32m2025-01-06 09:41:25 - INFO - SALE 拓日新能 失败 卖出 拓日新能 200 股失败: {'code': -32002, 'data': "Selector [resourceId='com.hexin.plat.android:id/menu_sale_text']", 'method': 'wait'}[0m
[32m2025-01-06 09:41:25 - INFO - 发送通知成功[0m
[32m2025-01-06 09:41:25 - INFO - 追加新的操作记录: 
   股票名称  ...                   时间
0  拓日新能  ...  2025-01-06 09:41:25

[1 rows x 5 columns][0m
[32m2025-01-06 09:41:25 - INFO - 写入操作历史文件成功[0m
[32m2025-01-06 09:41:25 - INFO - SALE 拓日新能 流程结束, 操作已记录[0m
[32m2025-01-06 09:41:25 - INFO - 要处理的信息: 红旗连锁, 操作: BUY[0m
[32m2025-01-06 09:41:25 - INFO - 读取去重后的操作历史文件[0m
[32m2025-01-06 09:41:36 - INFO - BUY 红旗连锁 失败 买入 红旗连锁 100 股失败: {'code': -32002, 'data': "Selector [resourceId='com.hexin.plat.android:id/menu_buy_text']", 'method': 'wait'}[0m
[32m2025-01-06 09:41:36 - INFO - 发送通知成功[0m
[32m2025-01-06 09:41:36 - INFO - 追加新的操作记录: 
   股票名称  ...                   时间
0  红旗连锁  ...  2025-01-06 09:41:36

[1 rows x 5 columns][0m
[32m2025-01-06 09:41:36 - INFO - 写入操作历史文件成功[0m
[32m2025-01-06 09:41:36 - INFO - BUY 红旗连锁 流程结束, 操作已记录[0m
[32m2025-01-06 09:41:36 - INFO - 要处理的信息: 小商品城, 操作: SALE[0m
[32m2025-01-06 09:41:36 - INFO - 读取去重后的操作历史文件[0m
[32m2025-01-06 09:41:46 - INFO - SALE 小商品城 失败 卖出 小商品城 200 股失败: {'code': -32002, 'data': "Selector [resourceId='com.hexin.plat.android:id/menu_sale_text']", 'method': 'wait'}[0m
[32m2025-01-06 09:41:46 - INFO - 发送通知成功[0m
[32m2025-01-06 09:41:47 - INFO - 追加新的操作记录: 
   股票名称  ...                   时间
0  小商品城  ...  2025-01-06 09:41:46

[1 rows x 5 columns][0m
[32m2025-01-06 09:41:47 - INFO - 写入操作历史文件成功[0m
[32m2025-01-06 09:41:47 - INFO - SALE 小商品城 流程结束, 操作已记录[0m
[32m2025-01-06 09:41:47 - INFO - 要处理的信息: 国星光电, 操作: BUY[0m
[32m2025-01-06 09:41:47 - INFO - 读取去重后的操作历史文件[0m
[32m2025-01-06 09:41:57 - INFO - BUY 国星光电 失败 买入 国星光电 100 股失败: {'code': -32002, 'data': "Selector [resourceId='com.hexin.plat.android:id/menu_buy_text']", 'method': 'wait'}[0m
[32m2025-01-06 09:41:57 - INFO - 发送通知成功[0m
[32m2025-01-06 09:41:57 - INFO - 追加新的操作记录: 
   股票名称  ...                   时间
0  国星光电  ...  2025-01-06 09:41:57

[1 rows x 5 columns][0m
[32m2025-01-06 09:41:57 - INFO - 写入操作历史文件成功[0m
[32m2025-01-06 09:41:57 - INFO - BUY 国星光电 流程结束, 操作已记录[0m
[32m2025-01-06 09:41:57 - INFO - 要处理的信息: 国星光电, 操作: BUY[0m
[32m2025-01-06 09:41:57 - INFO - 读取去重后的操作历史文件[0m
[32m2025-01-06 09:42:08 - INFO - BUY 国星光电 失败 买入 国星光电 100 股失败: {'code': -32002, 'data': "Selector [resourceId='com.hexin.plat.android:id/menu_buy_text']", 'method': 'wait'}[0m
[32m2025-01-06 09:42:08 - INFO - 发送通知成功[0m
[32m2025-01-06 09:42:08 - INFO - 追加新的操作记录: 
   股票名称  ...                   时间
0  国星光电  ...  2025-01-06 09:42:08

[1 rows x 5 columns][0m
[32m2025-01-06 09:42:08 - INFO - 写入操作历史文件成功[0m
[32m2025-01-06 09:42:08 - INFO - BUY 国星光电 流程结束, 操作已记录[0m
[32m2025-01-06 09:42:08 - INFO - 要处理的信息: 国星光电, 操作: SALE[0m
[32m2025-01-06 09:42:08 - INFO - 读取去重后的操作历史文件[0m
[32m2025-01-06 09:42:18 - INFO - SALE 国星光电 失败 卖出 国星光电 200 股失败: {'code': -32002, 'data': "Selector [resourceId='com.hexin.plat.android:id/menu_sale_text']", 'method': 'wait'}[0m
[32m2025-01-06 09:42:18 - INFO - 发送通知成功[0m
[32m2025-01-06 09:42:18 - INFO - 追加新的操作记录: 
   股票名称  ...                   时间
0  国星光电  ...  2025-01-06 09:42:18

[1 rows x 5 columns][0m
[32m2025-01-06 09:42:19 - INFO - 写入操作历史文件成功[0m
[32m2025-01-06 09:42:19 - INFO - SALE 国星光电 流程结束, 操作已记录[0m
[32m2025-01-06 09:42:19 - INFO - 要处理的信息: 中信海直, 操作: SALE[0m
[32m2025-01-06 09:42:19 - INFO - 读取去重后的操作历史文件[0m
[32m2025-01-06 09:42:29 - INFO - SALE 中信海直 失败 卖出 中信海直 200 股失败: {'code': -32002, 'data': "Selector [resourceId='com.hexin.plat.android:id/menu_sale_text']", 'method': 'wait'}[0m
[32m2025-01-06 09:42:29 - INFO - 发送通知成功[0m
[32m2025-01-06 09:42:29 - INFO - 追加新的操作记录: 
   股票名称  ...                   时间
0  中信海直  ...  2025-01-06 09:42:29

[1 rows x 5 columns][0m
[32m2025-01-06 09:42:29 - INFO - 写入操作历史文件成功[0m
[32m2025-01-06 09:42:29 - INFO - SALE 中信海直 流程结束, 操作已记录[0m
[32m2025-01-06 09:42:29 - INFO - 要处理的信息: 国星光电, 操作: SALE[0m
[32m2025-01-06 09:42:30 - INFO - 读取去重后的操作历史文件[0m
[32m2025-01-06 09:42:40 - INFO - SALE 国星光电 失败 卖出 国星光电 200 股失败: {'code': -32002, 'data': "Selector [resourceId='com.hexin.plat.android:id/menu_sale_text']", 'method': 'wait'}[0m
[32m2025-01-06 09:42:40 - INFO - 发送通知成功[0m
[32m2025-01-06 09:42:40 - INFO - 追加新的操作记录: 
   股票名称  ...                   时间
0  国星光电  ...  2025-01-06 09:42:40

[1 rows x 5 columns][0m
[32m2025-01-06 09:42:40 - INFO - 写入操作历史文件成功[0m
[32m2025-01-06 09:42:40 - INFO - SALE 国星光电 流程结束, 操作已记录[0m
[32m2025-01-06 09:42:40 - INFO - 文件处理完成 D:\1document\1test\PycharmProject_gitee\others\量化投资\THS\自动化交易_同花顺\整合\data\组合今天调仓.xlsx 
[0m
[32m2025-01-06 09:43:10 - INFO - 自动化交易程序开始运行[0m
[32m2025-01-06 09:43:10 - INFO - 等待调仓操作记录完成的标志文件...[0m
[32m2025-01-06 09:43:20 - INFO - 等待调仓操作记录完成的标志文件...[0m
[32m2025-01-06 09:43:30 - INFO - 等待调仓操作记录完成的标志文件...[0m
[32m2025-01-06 09:43:40 - INFO - 等待调仓操作记录完成的标志文件...[0m
[32m2025-01-06 09:43:50 - INFO - 等待调仓操作记录完成的标志文件...[0m
[32m2025-01-06 09:44:00 - INFO - 等待调仓操作记录完成的标志文件...[0m
[32m2025-01-06 09:44:10 - INFO - 等待调仓操作记录完成的标志文件...[0m
[32m2025-01-06 09:44:20 - INFO - 等待调仓操作记录完成的标志文件...[0m
[32m2025-01-06 09:44:30 - INFO - 等待调仓操作记录完成的标志文件...[0m
[32m2025-01-06 09:44:40 - INFO - 等待调仓操作记录完成的标志文件...[0m
[32m2025-01-06 09:44:50 - INFO - 等待调仓操作记录完成的标志文件...[0m
[32m2025-01-06 09:45:00 - INFO - 等待调仓操作记录完成的标志文件...[0m
[32m2025-01-06 09:45:10 - INFO - 等待调仓操作记录完成的标志文件...[0m
[32m2025-01-06 09:45:20 - INFO - 等待调仓操作记录完成的标志文件...[0m
[32m2025-01-06 09:45:30 - INFO - 等待调仓操作记录完成的标志文件...[0m
[32m2025-01-06 09:45:40 - INFO - 等待调仓操作记录完成的标志文件...[0m
[32m2025-01-06 09:45:50 - INFO - 等待调仓操作记录完成的标志文件...[0m
[32m2025-01-06 09:46:00 - INFO - 等待调仓操作记录完成的标志文件...[0m
[32m2025-01-06 09:46:10 - INFO - 等待调仓操作记录完成的标志文件...[0m
[32m2025-01-06 09:46:20 - INFO - 等待调仓操作记录完成的标志文件...[0m
[32m2025-01-06 09:46:30 - INFO - 等待调仓操作记录完成的标志文件...[0m
[32m2025-01-06 09:46:40 - INFO - 等待调仓操作记录完成的标志文件...[0m
[32m2025-01-06 09:46:50 - INFO - 等待调仓操作记录完成的标志文件...[0m
[32m2025-01-06 09:47:00 - INFO - 等待调仓操作记录完成的标志文件...[0m
[32m2025-01-06 09:47:10 - INFO - 等待调仓操作记录完成的标志文件...[0m
[32m2025-01-06 09:47:20 - INFO - 等待调仓操作记录完成的标志文件...[0m
[32m2025-01-06 09:47:30 - INFO - 等待调仓操作记录完成的标志文件...[0m
[32m2025-01-06 09:47:40 - INFO - 等待调仓操作记录完成的标志文件...[0m
[32m2025-01-06 09:47:50 - INFO - 等待调仓操作记录完成的标志文件...[0m
[32m2025-01-06 09:48:00 - INFO - 等待调仓操作记录完成的标志文件...[0m
[32m2025-01-06 09:48:10 - INFO - 等待调仓操作记录完成的标志文件...[0m
[32m2025-01-06 09:48:20 - INFO - 等待调仓操作记录完成的标志文件...[0m
[32m2025-01-06 09:48:30 - INFO - 等待调仓操作记录完成的标志文件...[0m
[32m2025-01-06 09:48:40 - INFO - 等待调仓操作记录完成的标志文件...[0m
[32m2025-01-06 09:48:50 - INFO - 等待调仓操作记录完成的标志文件...[0m
[32m2025-01-06 09:49:00 - INFO - 等待调仓操作记录完成的标志文件...[0m
[32m2025-01-06 09:49:10 - INFO - 等待调仓操作记录完成的标志文件...[0m
[32m2025-01-06 09:49:20 - INFO - 程序被手动终止[0m
[32m2025-01-06 09:49:20 - INFO - 程序结束运行[0m
[32m2025-01-06 10:20:40 - INFO - 自动化交易程序开始运行[0m
[32m2025-01-06 10:20:40 - INFO - 检测到标志文件，今日调仓操作已记录完成，开始自动化交易...[0m
[32m2025-01-06 10:20:40 - INFO - 标志文件已删除[0m
[31m2025-01-06 10:20:44 - ERROR - 连接设备失败: Can't find any android device/emulator[0m
Traceback (most recent call last):
  File "D:\1document\1test\PycharmProject_gitee\others\量化投资\THS\自动化交易_同花顺\整合\scripts\自动化交易.py", line 19, in connect_to_device
    d = u2.connect()
  File "C:\Python310\lib\site-packages\uiautomator2\__init__.py", line 1103, in connect
    return connect_usb(serial)
  File "C:\Python310\lib\site-packages\uiautomator2\__init__.py", line 1118, in connect_usb
    serial = adbutils.adb.device()
  File "C:\Python310\lib\site-packages\adbutils\__init__.py", line 86, in device
    raise AdbError("Can't find any android device/emulator")
adbutils.errors.AdbError: Can't find any android device/emulator
[31m2025-01-06 10:20:44 - ERROR - 连接设备失败，退出程序[0m
[31m2025-01-06 10:20:44 - ERROR - 初始化设备失败，退出程序[0m
[32m2025-01-06 10:20:44 - INFO - 程序结束运行[0m
[32m2025-01-06 10:21:27 - INFO - 自动化交易程序开始运行[0m
[32m2025-01-06 10:21:27 - INFO - 等待调仓操作记录完成的标志文件...[0m
[32m2025-01-06 10:21:37 - INFO - 等待调仓操作记录完成的标志文件...[0m
[32m2025-01-06 10:21:47 - INFO - 等待调仓操作记录完成的标志文件...[0m
[32m2025-01-06 10:21:57 - INFO - 等待调仓操作记录完成的标志文件...[0m
[32m2025-01-06 10:22:07 - INFO - 等待调仓操作记录完成的标志文件...[0m
[32m2025-01-06 10:22:17 - INFO - 等待调仓操作记录完成的标志文件...[0m
[32m2025-01-06 10:22:27 - INFO - 等待调仓操作记录完成的标志文件...[0m
[32m2025-01-06 10:22:37 - INFO - 等待调仓操作记录完成的标志文件...[0m
[32m2025-01-06 10:22:47 - INFO - 等待调仓操作记录完成的标志文件...[0m
[32m2025-01-06 10:22:57 - INFO - 等待调仓操作记录完成的标志文件...[0m
[32m2025-01-06 10:23:07 - INFO - 等待调仓操作记录完成的标志文件...[0m
[32m2025-01-06 10:23:17 - INFO - 等待调仓操作记录完成的标志文件...[0m
[32m2025-01-06 10:23:27 - INFO - 等待调仓操作记录完成的标志文件...[0m
[32m2025-01-06 10:23:37 - INFO - 等待调仓操作记录完成的标志文件...[0m
[32m2025-01-06 10:23:47 - INFO - 等待调仓操作记录完成的标志文件...[0m
[32m2025-01-06 10:23:57 - INFO - 等待调仓操作记录完成的标志文件...[0m
[32m2025-01-06 10:24:07 - INFO - 等待调仓操作记录完成的标志文件...[0m
[32m2025-01-06 10:24:17 - INFO - 等待调仓操作记录完成的标志文件...[0m
[32m2025-01-06 10:24:27 - INFO - 等待调仓操作记录完成的标志文件...[0m
[32m2025-01-06 10:24:37 - INFO - 等待调仓操作记录完成的标志文件...[0m
[32m2025-01-06 10:24:47 - INFO - 等待调仓操作记录完成的标志文件...[0m
[32m2025-01-06 10:24:57 - INFO - 等待调仓操作记录完成的标志文件...[0m
[32m2025-01-06 10:25:07 - INFO - 等待调仓操作记录完成的标志文件...[0m
[32m2025-01-06 10:25:17 - INFO - 等待调仓操作记录完成的标志文件...[0m
[32m2025-01-06 10:25:27 - INFO - 等待调仓操作记录完成的标志文件...[0m
[32m2025-01-06 10:25:37 - INFO - 等待调仓操作记录完成的标志文件...[0m
[32m2025-01-06 10:25:47 - INFO - 等待调仓操作记录完成的标志文件...[0m
[32m2025-01-06 10:25:57 - INFO - 等待调仓操作记录完成的标志文件...[0m
[32m2025-01-06 10:26:07 - INFO - 等待调仓操作记录完成的标志文件...[0m
[32m2025-01-06 10:26:17 - INFO - 等待调仓操作记录完成的标志文件...[0m
[32m2025-01-06 10:26:27 - INFO - 等待调仓操作记录完成的标志文件...[0m
[32m2025-01-06 10:26:37 - INFO - 等待调仓操作记录完成的标志文件...[0m
[32m2025-01-06 10:26:47 - INFO - 等待调仓操作记录完成的标志文件...[0m
[32m2025-01-06 10:26:57 - INFO - 等待调仓操作记录完成的标志文件...[0m
[32m2025-01-06 10:27:07 - INFO - 等待调仓操作记录完成的标志文件...[0m
[32m2025-01-06 10:27:17 - INFO - 等待调仓操作记录完成的标志文件...[0m
[32m2025-01-06 10:27:27 - INFO - 等待调仓操作记录完成的标志文件...[0m
[32m2025-01-06 10:27:37 - INFO - 等待调仓操作记录完成的标志文件...[0m
[32m2025-01-06 10:27:47 - INFO - 等待调仓操作记录完成的标志文件...[0m
[32m2025-01-06 10:27:57 - INFO - 等待调仓操作记录完成的标志文件...[0m
[32m2025-01-06 10:28:07 - INFO - 等待调仓操作记录完成的标志文件...[0m
[32m2025-01-06 10:28:17 - INFO - 等待调仓操作记录完成的标志文件...[0m
[32m2025-01-06 10:28:27 - INFO - 等待调仓操作记录完成的标志文件...[0m
[32m2025-01-06 10:28:37 - INFO - 等待调仓操作记录完成的标志文件...[0m
[32m2025-01-06 10:28:47 - INFO - 等待调仓操作记录完成的标志文件...[0m
[32m2025-01-06 10:28:57 - INFO - 等待调仓操作记录完成的标志文件...[0m
[32m2025-01-06 10:29:07 - INFO - 等待调仓操作记录完成的标志文件...[0m
[32m2025-01-06 10:29:17 - INFO - 等待调仓操作记录完成的标志文件...[0m
[32m2025-01-06 10:29:27 - INFO - 等待调仓操作记录完成的标志文件...[0m
[32m2025-01-06 10:29:37 - INFO - 等待调仓操作记录完成的标志文件...[0m
[32m2025-01-06 10:29:47 - INFO - 等待调仓操作记录完成的标志文件...[0m
[32m2025-01-06 10:29:57 - INFO - 等待调仓操作记录完成的标志文件...[0m
[32m2025-01-06 10:30:07 - INFO - 等待调仓操作记录完成的标志文件...[0m
[32m2025-01-06 10:30:17 - INFO - 等待调仓操作记录完成的标志文件...[0m
[32m2025-01-06 10:30:28 - INFO - 等待调仓操作记录完成的标志文件...[0m
[32m2025-01-06 10:30:38 - INFO - 等待调仓操作记录完成的标志文件...[0m
[32m2025-01-06 10:30:48 - INFO - 等待调仓操作记录完成的标志文件...[0m
[32m2025-01-06 10:30:58 - INFO - 等待调仓操作记录完成的标志文件...[0m
[32m2025-01-06 10:31:08 - INFO - 等待调仓操作记录完成的标志文件...[0m
[32m2025-01-06 10:31:18 - INFO - 等待调仓操作记录完成的标志文件...[0m
[32m2025-01-06 10:31:28 - INFO - 等待调仓操作记录完成的标志文件...[0m
[32m2025-01-06 10:31:38 - INFO - 等待调仓操作记录完成的标志文件...[0m
[32m2025-01-06 10:31:48 - INFO - 等待调仓操作记录完成的标志文件...[0m
[32m2025-01-06 10:31:58 - INFO - 等待调仓操作记录完成的标志文件...[0m
[32m2025-01-06 10:32:08 - INFO - 等待调仓操作记录完成的标志文件...[0m
[32m2025-01-06 10:32:18 - INFO - 等待调仓操作记录完成的标志文件...[0m
[32m2025-01-06 10:32:28 - INFO - 等待调仓操作记录完成的标志文件...[0m
[32m2025-01-06 10:32:38 - INFO - 等待调仓操作记录完成的标志文件...[0m
[32m2025-01-06 10:32:48 - INFO - 等待调仓操作记录完成的标志文件...[0m
[32m2025-01-06 10:32:58 - INFO - 等待调仓操作记录完成的标志文件...[0m
[32m2025-01-06 10:33:08 - INFO - 等待调仓操作记录完成的标志文件...[0m
[32m2025-01-06 10:33:18 - INFO - 等待调仓操作记录完成的标志文件...[0m
[32m2025-01-06 10:33:28 - INFO - 等待调仓操作记录完成的标志文件...[0m
[32m2025-01-06 10:33:38 - INFO - 等待调仓操作记录完成的标志文件...[0m
[32m2025-01-06 10:33:48 - INFO - 等待调仓操作记录完成的标志文件...[0m
[32m2025-01-06 10:33:58 - INFO - 等待调仓操作记录完成的标志文件...[0m
[32m2025-01-06 10:34:08 - INFO - 等待调仓操作记录完成的标志文件...[0m
[32m2025-01-06 10:34:18 - INFO - 等待调仓操作记录完成的标志文件...[0m
[32m2025-01-06 10:34:28 - INFO - 等待调仓操作记录完成的标志文件...[0m
[32m2025-01-06 10:34:38 - INFO - 等待调仓操作记录完成的标志文件...[0m
[32m2025-01-06 10:34:48 - INFO - 等待调仓操作记录完成的标志文件...[0m
[32m2025-01-06 10:34:58 - INFO - 等待调仓操作记录完成的标志文件...[0m
[32m2025-01-06 10:35:08 - INFO - 等待调仓操作记录完成的标志文件...[0m
[32m2025-01-06 10:35:18 - INFO - 等待调仓操作记录完成的标志文件...[0m
[32m2025-01-06 10:35:28 - INFO - 等待调仓操作记录完成的标志文件...[0m
[32m2025-01-06 10:35:38 - INFO - 等待调仓操作记录完成的标志文件...[0m
[32m2025-01-06 10:35:48 - INFO - 等待调仓操作记录完成的标志文件...[0m
[32m2025-01-06 10:35:58 - INFO - 等待调仓操作记录完成的标志文件...[0m
[32m2025-01-06 10:36:08 - INFO - 等待调仓操作记录完成的标志文件...[0m
[32m2025-01-06 10:36:18 - INFO - 等待调仓操作记录完成的标志文件...[0m
[32m2025-01-06 10:36:28 - INFO - 等待调仓操作记录完成的标志文件...[0m
[32m2025-01-06 10:36:38 - INFO - 等待调仓操作记录完成的标志文件...[0m
[32m2025-01-06 10:36:48 - INFO - 等待调仓操作记录完成的标志文件...[0m
[32m2025-01-06 10:36:58 - INFO - 等待调仓操作记录完成的标志文件...[0m
[32m2025-01-06 10:37:08 - INFO - 等待调仓操作记录完成的标志文件...[0m
[32m2025-01-06 10:37:18 - INFO - 等待调仓操作记录完成的标志文件...[0m
[32m2025-01-06 10:37:28 - INFO - 等待调仓操作记录完成的标志文件...[0m
[32m2025-01-06 10:37:38 - INFO - 等待调仓操作记录完成的标志文件...[0m
[32m2025-01-06 10:37:48 - INFO - 等待调仓操作记录完成的标志文件...[0m
[32m2025-01-06 10:37:58 - INFO - 等待调仓操作记录完成的标志文件...[0m
[32m2025-01-06 10:38:08 - INFO - 等待调仓操作记录完成的标志文件...[0m
[32m2025-01-06 10:38:18 - INFO - 等待调仓操作记录完成的标志文件...[0m
[32m2025-01-06 10:38:28 - INFO - 等待调仓操作记录完成的标志文件...[0m
[32m2025-01-06 10:38:38 - INFO - 等待调仓操作记录完成的标志文件...[0m
[32m2025-01-06 10:38:48 - INFO - 等待调仓操作记录完成的标志文件...[0m
[32m2025-01-06 10:38:58 - INFO - 等待调仓操作记录完成的标志文件...[0m
[32m2025-01-06 10:39:08 - INFO - 等待调仓操作记录完成的标志文件...[0m
[32m2025-01-06 10:39:18 - INFO - 等待调仓操作记录完成的标志文件...[0m
[32m2025-01-06 10:39:28 - INFO - 等待调仓操作记录完成的标志文件...[0m
[32m2025-01-06 10:39:38 - INFO - 等待调仓操作记录完成的标志文件...[0m
[32m2025-01-06 10:39:48 - INFO - 等待调仓操作记录完成的标志文件...[0m
[32m2025-01-06 10:39:58 - INFO - 等待调仓操作记录完成的标志文件...[0m
[32m2025-01-06 10:40:08 - INFO - 等待调仓操作记录完成的标志文件...[0m
[32m2025-01-06 10:40:18 - INFO - 等待调仓操作记录完成的标志文件...[0m
[32m2025-01-06 10:40:28 - INFO - 等待调仓操作记录完成的标志文件...[0m
[32m2025-01-06 10:40:38 - INFO - 等待调仓操作记录完成的标志文件...[0m
[32m2025-01-06 10:40:48 - INFO - 等待调仓操作记录完成的标志文件...[0m
[32m2025-01-06 10:40:58 - INFO - 等待调仓操作记录完成的标志文件...[0m
[32m2025-01-06 10:41:08 - INFO - 等待调仓操作记录完成的标志文件...[0m
[32m2025-01-06 10:41:18 - INFO - 等待调仓操作记录完成的标志文件...[0m
[32m2025-01-06 10:41:28 - INFO - 等待调仓操作记录完成的标志文件...[0m
[32m2025-01-06 10:41:38 - INFO - 等待调仓操作记录完成的标志文件...[0m
[32m2025-01-06 10:41:48 - INFO - 等待调仓操作记录完成的标志文件...[0m
[32m2025-01-06 10:41:58 - INFO - 等待调仓操作记录完成的标志文件...[0m
[32m2025-01-06 10:42:08 - INFO - 等待调仓操作记录完成的标志文件...[0m
[32m2025-01-06 10:42:18 - INFO - 等待调仓操作记录完成的标志文件...[0m
[32m2025-01-06 10:42:28 - INFO - 等待调仓操作记录完成的标志文件...[0m
[32m2025-01-06 10:42:38 - INFO - 等待调仓操作记录完成的标志文件...[0m
[32m2025-01-06 10:42:48 - INFO - 等待调仓操作记录完成的标志文件...[0m
[32m2025-01-06 10:42:58 - INFO - 等待调仓操作记录完成的标志文件...[0m
[32m2025-01-06 10:43:08 - INFO - 等待调仓操作记录完成的标志文件...[0m
[32m2025-01-06 10:43:18 - INFO - 等待调仓操作记录完成的标志文件...[0m
[32m2025-01-06 10:43:28 - INFO - 等待调仓操作记录完成的标志文件...[0m
[32m2025-01-06 10:43:38 - INFO - 等待调仓操作记录完成的标志文件...[0m
[32m2025-01-06 10:43:48 - INFO - 等待调仓操作记录完成的标志文件...[0m
[32m2025-01-06 10:43:58 - INFO - 等待调仓操作记录完成的标志文件...[0m
[32m2025-01-06 10:44:08 - INFO - 等待调仓操作记录完成的标志文件...[0m
[32m2025-01-06 10:44:18 - INFO - 等待调仓操作记录完成的标志文件...[0m
[32m2025-01-06 10:44:28 - INFO - 等待调仓操作记录完成的标志文件...[0m
[32m2025-01-06 10:44:38 - INFO - 等待调仓操作记录完成的标志文件...[0m
[32m2025-01-06 10:44:48 - INFO - 等待调仓操作记录完成的标志文件...[0m
[32m2025-01-06 10:44:58 - INFO - 等待调仓操作记录完成的标志文件...[0m
[32m2025-01-06 10:45:08 - INFO - 等待调仓操作记录完成的标志文件...[0m
[32m2025-01-06 10:45:18 - INFO - 等待调仓操作记录完成的标志文件...[0m
[32m2025-01-06 10:45:28 - INFO - 等待调仓操作记录完成的标志文件...[0m
[32m2025-01-06 10:45:39 - INFO - 等待调仓操作记录完成的标志文件...[0m
[32m2025-01-06 10:45:49 - INFO - 等待调仓操作记录完成的标志文件...[0m
[32m2025-01-06 10:45:59 - INFO - 等待调仓操作记录完成的标志文件...[0m
[32m2025-01-06 10:46:09 - INFO - 等待调仓操作记录完成的标志文件...[0m
[32m2025-01-06 10:46:19 - INFO - 等待调仓操作记录完成的标志文件...[0m
[32m2025-01-06 10:46:29 - INFO - 等待调仓操作记录完成的标志文件...[0m
[32m2025-01-06 10:46:39 - INFO - 等待调仓操作记录完成的标志文件...[0m
[32m2025-01-06 10:46:49 - INFO - 等待调仓操作记录完成的标志文件...[0m
[32m2025-01-06 10:46:59 - INFO - 等待调仓操作记录完成的标志文件...[0m
[32m2025-01-06 10:47:09 - INFO - 等待调仓操作记录完成的标志文件...[0m
[32m2025-01-06 10:47:19 - INFO - 等待调仓操作记录完成的标志文件...[0m
[32m2025-01-06 10:47:29 - INFO - 等待调仓操作记录完成的标志文件...[0m
[32m2025-01-06 10:47:39 - INFO - 等待调仓操作记录完成的标志文件...[0m
[32m2025-01-06 10:47:49 - INFO - 等待调仓操作记录完成的标志文件...[0m
[32m2025-01-06 10:47:59 - INFO - 等待调仓操作记录完成的标志文件...[0m
[32m2025-01-06 10:48:09 - INFO - 等待调仓操作记录完成的标志文件...[0m
[32m2025-01-06 10:48:19 - INFO - 等待调仓操作记录完成的标志文件...[0m
[32m2025-01-06 10:48:29 - INFO - 等待调仓操作记录完成的标志文件...[0m
[32m2025-01-06 10:48:39 - INFO - 等待调仓操作记录完成的标志文件...[0m
[32m2025-01-06 10:48:49 - INFO - 等待调仓操作记录完成的标志文件...[0m
[32m2025-01-06 10:48:59 - INFO - 等待调仓操作记录完成的标志文件...[0m
[32m2025-01-06 10:49:09 - INFO - 等待调仓操作记录完成的标志文件...[0m
[32m2025-01-06 10:49:19 - INFO - 等待调仓操作记录完成的标志文件...[0m
[32m2025-01-06 10:49:29 - INFO - 等待调仓操作记录完成的标志文件...[0m
[32m2025-01-06 10:49:39 - INFO - 等待调仓操作记录完成的标志文件...[0m
[32m2025-01-06 10:49:49 - INFO - 等待调仓操作记录完成的标志文件...[0m
[32m2025-01-06 10:49:59 - INFO - 等待调仓操作记录完成的标志文件...[0m
[32m2025-01-06 10:50:09 - INFO - 等待调仓操作记录完成的标志文件...[0m
[32m2025-01-06 10:50:19 - INFO - 等待调仓操作记录完成的标志文件...[0m
[32m2025-01-06 10:50:29 - INFO - 等待调仓操作记录完成的标志文件...[0m
[32m2025-01-06 10:50:39 - INFO - 等待调仓操作记录完成的标志文件...[0m
[32m2025-01-06 10:50:49 - INFO - 等待调仓操作记录完成的标志文件...[0m
[32m2025-01-06 10:50:59 - INFO - 等待调仓操作记录完成的标志文件...[0m
[32m2025-01-06 10:51:09 - INFO - 等待调仓操作记录完成的标志文件...[0m
[32m2025-01-06 10:51:19 - INFO - 等待调仓操作记录完成的标志文件...[0m
[32m2025-01-06 10:51:29 - INFO - 等待调仓操作记录完成的标志文件...[0m
[32m2025-01-06 10:51:39 - INFO - 等待调仓操作记录完成的标志文件...[0m
[32m2025-01-06 10:51:49 - INFO - 等待调仓操作记录完成的标志文件...[0m
[32m2025-01-06 10:51:59 - INFO - 等待调仓操作记录完成的标志文件...[0m
[32m2025-01-06 10:52:09 - INFO - 等待调仓操作记录完成的标志文件...[0m
[32m2025-01-06 10:52:19 - INFO - 等待调仓操作记录完成的标志文件...[0m
[32m2025-01-06 10:52:29 - INFO - 等待调仓操作记录完成的标志文件...[0m
[32m2025-01-06 10:52:39 - INFO - 等待调仓操作记录完成的标志文件...[0m
[32m2025-01-06 10:52:49 - INFO - 等待调仓操作记录完成的标志文件...[0m
[32m2025-01-06 10:52:59 - INFO - 等待调仓操作记录完成的标志文件...[0m
[32m2025-01-06 10:53:09 - INFO - 等待调仓操作记录完成的标志文件...[0m
[32m2025-01-06 10:53:19 - INFO - 等待调仓操作记录完成的标志文件...[0m
[32m2025-01-06 10:53:29 - INFO - 等待调仓操作记录完成的标志文件...[0m
[32m2025-01-06 10:53:39 - INFO - 等待调仓操作记录完成的标志文件...[0m
[32m2025-01-06 10:53:49 - INFO - 等待调仓操作记录完成的标志文件...[0m
[32m2025-01-06 10:53:59 - INFO - 等待调仓操作记录完成的标志文件...[0m
[32m2025-01-06 10:54:09 - INFO - 等待调仓操作记录完成的标志文件...[0m
[32m2025-01-06 10:54:19 - INFO - 等待调仓操作记录完成的标志文件...[0m
[32m2025-01-06 10:54:29 - INFO - 等待调仓操作记录完成的标志文件...[0m
[32m2025-01-06 10:54:39 - INFO - 等待调仓操作记录完成的标志文件...[0m
[32m2025-01-06 10:54:49 - INFO - 等待调仓操作记录完成的标志文件...[0m
[32m2025-01-06 10:54:59 - INFO - 等待调仓操作记录完成的标志文件...[0m
[32m2025-01-06 10:55:09 - INFO - 等待调仓操作记录完成的标志文件...[0m
[32m2025-01-06 10:55:19 - INFO - 等待调仓操作记录完成的标志文件...[0m
[32m2025-01-06 10:55:29 - INFO - 等待调仓操作记录完成的标志文件...[0m
[32m2025-01-06 10:55:39 - INFO - 等待调仓操作记录完成的标志文件...[0m
[32m2025-01-06 10:55:49 - INFO - 等待调仓操作记录完成的标志文件...[0m
[32m2025-01-06 10:55:59 - INFO - 等待调仓操作记录完成的标志文件...[0m
[32m2025-01-06 10:56:09 - INFO - 等待调仓操作记录完成的标志文件...[0m
[32m2025-01-06 10:56:19 - INFO - 等待调仓操作记录完成的标志文件...[0m
[32m2025-01-06 10:56:29 - INFO - 等待调仓操作记录完成的标志文件...[0m
[32m2025-01-06 10:56:39 - INFO - 等待调仓操作记录完成的标志文件...[0m
[32m2025-01-06 10:56:49 - INFO - 等待调仓操作记录完成的标志文件...[0m
[32m2025-01-06 10:56:59 - INFO - 等待调仓操作记录完成的标志文件...[0m
[32m2025-01-06 10:57:09 - INFO - 等待调仓操作记录完成的标志文件...[0m
[32m2025-01-06 10:57:19 - INFO - 等待调仓操作记录完成的标志文件...[0m
[32m2025-01-06 10:57:29 - INFO - 等待调仓操作记录完成的标志文件...[0m
[32m2025-01-06 10:57:39 - INFO - 等待调仓操作记录完成的标志文件...[0m
[32m2025-01-06 10:57:49 - INFO - 等待调仓操作记录完成的标志文件...[0m
[32m2025-01-06 10:57:59 - INFO - 等待调仓操作记录完成的标志文件...[0m
[32m2025-01-06 10:58:09 - INFO - 等待调仓操作记录完成的标志文件...[0m
[32m2025-01-06 10:58:19 - INFO - 等待调仓操作记录完成的标志文件...[0m
[32m2025-01-06 10:58:29 - INFO - 等待调仓操作记录完成的标志文件...[0m
[32m2025-01-06 10:58:39 - INFO - 等待调仓操作记录完成的标志文件...[0m
[32m2025-01-06 10:58:42 - INFO - 程序被手动终止[0m
[32m2025-01-06 10:58:42 - INFO - 程序结束运行[0m
