[32m2025-07-30 09:33:44 - INFO - ä¹°å…¥ å‡¤ç«¹çººç»‡ 700è‚¡ True å§”æ‰˜å·²æäº¤[0m
[32m2025-07-30 09:34:45 - INFO - ä¹°å…¥ æ˜¥é›ªé£Ÿå“ 400è‚¡ True å§”æ‰˜å·²æäº¤[0m
[32m2025-07-30 09:35:10 - INFO - ä¹°å…¥ ç™¾è¾¾ç²¾å·¥ 400è‚¡ True å§”æ‰˜å·²æäº¤[0m
[32m2025-07-30 09:35:49 - INFO - ä¹°å…¥ é‡‘é¹°è‚¡ä»½ 700è‚¡ True å§”æ‰˜å·²æäº¤[0m
[32m2025-07-30 09:36:48 - INFO - ä¹°å…¥ åŒç®­è‚¡ä»½ 700è‚¡ True å§”æ‰˜å·²æäº¤[0m
[32m2025-07-30 09:37:09 - INFO - ä¹°å…¥ ä¸­é‡ç§‘æŠ€ 400è‚¡ True å§”æ‰˜å·²æäº¤[0m
[31m2025-07-30 09:38:05 - ERROR - ä¹°å…¥ æ—æµ·è‚¡ä»½ æœªçŸ¥ è‚¡å¤±è´¥: {'code': -32002, 'data': "Selector [resourceId='com.hexin.plat.android:id/ok_btn']", 'method': 'wait'}[0m
Traceback (most recent call last):
  File "D:\Xander\Inverstment\Investment\THS\AutoTrade\scripts\trade_logic.py", line 157, in operate_stock
    success, info = self.ths_page.dialog_handle()
                    ~~~~~~~~~~~~~~~~~~~~~~~~~~~^^
  File "D:\Xander\Inverstment\Investment\THS\AutoTrade\pages\page.py", line 275, in dialog_handle
    confirm_button.click()
    ~~~~~~~~~~~~~~~~~~~~^^
  File "C:\Users\HQ\AppData\Local\Programs\Python\Python313\Lib\site-packages\uiautomator2\_selector.py", line 148, in click
    self.must_wait(timeout=timeout)
    ~~~~~~~~~~~~~~^^^^^^^^^^^^^^^^^
  File "C:\Users\HQ\AppData\Local\Programs\Python\Python313\Lib\site-packages\uiautomator2\_selector.py", line 343, in must_wait
    raise UiObjectNotFoundError({'code': -32002, 'data': str(self.selector), 'method': 'wait'})
uiautomator2.exceptions.UiObjectNotFoundError: {'code': -32002, 'data': "Selector [resourceId='com.hexin.plat.android:id/ok_btn']", 'method': 'wait'}
[31m2025-07-30 09:38:20 - ERROR - ä¹°å…¥ æ’å°šèŠ‚èƒ½ æœªçŸ¥ è‚¡å¤±è´¥: (-32001, 'androidx.test.uiautomator.UiObjectNotFoundException', ({'mask': 2097152, 'childOrSibling': [], 'childOrSiblingSelector': [], 'resourceId': 'com.hexin.plat.android:id/prompt_content'},))[0m
Traceback (most recent call last):
  File "D:\Xander\Inverstment\Investment\THS\AutoTrade\scripts\trade_logic.py", line 157, in operate_stock
    success, info = self.ths_page.dialog_handle()
                    ~~~~~~~~~~~~~~~~~~~~~~~~~~~^^
  File "D:\Xander\Inverstment\Investment\THS\AutoTrade\pages\page.py", line 272, in dialog_handle
    prompt_text = prompt_content.get_text()
  File "C:\Users\HQ\AppData\Local\Programs\Python\Python313\Lib\site-packages\uiautomator2\_selector.py", line 359, in get_text
    return self.jsonrpc.getText(self.selector)
           ~~~~~~~~~~~~~~~~~~~~^^^^^^^^^^^^^^^
  File "C:\Users\HQ\AppData\Local\Programs\Python\Python313\Lib\site-packages\uiautomator2\__init__.py", line 185, in __call__
    return self.server.jsonrpc_call(self.method, params, http_timeout)
           ~~~~~~~~~~~~~~~~~~~~~~~~^^^^^^^^^^^^^^^^^^^^^^^^^^^^^^^^^^^
  File "C:\Users\HQ\AppData\Local\Programs\Python\Python313\Lib\site-packages\uiautomator2\core.py", line 279, in jsonrpc_call
    return _jsonrpc_call(self._dev, method, params, timeout, self._debug)
  File "C:\Users\HQ\AppData\Local\Programs\Python\Python313\Lib\site-packages\uiautomator2\core.py", line 159, in _jsonrpc_call
    raise UiObjectNotFoundError(code, message, params)
uiautomator2.exceptions.UiObjectNotFoundError: (-32001, 'androidx.test.uiautomator.UiObjectNotFoundException', ({'mask': 2097152, 'childOrSibling': [], 'childOrSiblingSelector': [], 'resourceId': 'com.hexin.plat.android:id/prompt_content'},))
[31m2025-07-30 09:38:37 - ERROR - ä¹°å…¥ æ›™å…‰è‚¡ä»½ æœªçŸ¥ è‚¡å¤±è´¥: (-32001, 'androidx.test.uiautomator.UiObjectNotFoundException', ({'mask': 2097152, 'childOrSibling': [], 'childOrSiblingSelector': [], 'resourceId': 'com.hexin.plat.android:id/prompt_content'},))[0m
Traceback (most recent call last):
  File "D:\Xander\Inverstment\Investment\THS\AutoTrade\scripts\trade_logic.py", line 157, in operate_stock
    success, info = self.ths_page.dialog_handle()
                    ~~~~~~~~~~~~~~~~~~~~~~~~~~~^^
  File "D:\Xander\Inverstment\Investment\THS\AutoTrade\pages\page.py", line 272, in dialog_handle
    prompt_text = prompt_content.get_text()
  File "C:\Users\HQ\AppData\Local\Programs\Python\Python313\Lib\site-packages\uiautomator2\_selector.py", line 359, in get_text
    return self.jsonrpc.getText(self.selector)
           ~~~~~~~~~~~~~~~~~~~~^^^^^^^^^^^^^^^
  File "C:\Users\HQ\AppData\Local\Programs\Python\Python313\Lib\site-packages\uiautomator2\__init__.py", line 185, in __call__
    return self.server.jsonrpc_call(self.method, params, http_timeout)
           ~~~~~~~~~~~~~~~~~~~~~~~~^^^^^^^^^^^^^^^^^^^^^^^^^^^^^^^^^^^
  File "C:\Users\HQ\AppData\Local\Programs\Python\Python313\Lib\site-packages\uiautomator2\core.py", line 279, in jsonrpc_call
    return _jsonrpc_call(self._dev, method, params, timeout, self._debug)
  File "C:\Users\HQ\AppData\Local\Programs\Python\Python313\Lib\site-packages\uiautomator2\core.py", line 159, in _jsonrpc_call
    raise UiObjectNotFoundError(code, message, params)
uiautomator2.exceptions.UiObjectNotFoundError: (-32001, 'androidx.test.uiautomator.UiObjectNotFoundException', ({'mask': 2097152, 'childOrSibling': [], 'childOrSiblingSelector': [], 'resourceId': 'com.hexin.plat.android:id/prompt_content'},))
[32m2025-07-30 09:41:21 - INFO - ä¹°å…¥ æµ·å—çŸ¿ä¸š 500è‚¡ True å§”æ‰˜å·²æäº¤[0m
[33m2025-07-30 09:41:35 - WARNING - ä¹°å…¥æ•°é‡ä¸è¶³100è‚¡[0m
[31m2025-07-30 09:41:35 - ERROR - ä¹°å…¥ è¯šé‚¦è‚¡ä»½ æœªçŸ¥ è‚¡å¤±è´¥: int() argument must be a string, a bytes-like object or a real number, not 'NoneType'[0m
Traceback (most recent call last):
  File "D:\Xander\Inverstment\Investment\THS\AutoTrade\scripts\trade_logic.py", line 153, in operate_stock
    self.ths_page.input_volume(int(volume))
                               ~~~^^^^^^^^
TypeError: int() argument must be a string, a bytes-like object or a real number, not 'NoneType'
[33m2025-07-30 09:43:28 - WARNING - å–å‡ºæ•°é‡ä¸è¶³100è‚¡[0m
[31m2025-07-30 09:43:33 - ERROR - å–å‡º åå‹¤æŠ€æœ¯ æœªçŸ¥ è‚¡å¤±è´¥: int() argument must be a string, a bytes-like object or a real number, not 'NoneType'[0m
Traceback (most recent call last):
  File "D:\Xander\Inverstment\Investment\THS\AutoTrade\scripts\trade_logic.py", line 153, in operate_stock
    self.ths_page.input_volume(int(volume))
                               ~~~^^^^^^^^
TypeError: int() argument must be a string, a bytes-like object or a real number, not 'NoneType'
[33m2025-07-31 09:32:00 - WARNING - ä¹°å…¥æ•°é‡ä¸è¶³100è‚¡[0m
[31m2025-07-31 11:21:44 - ERROR - å–å‡º ä¸œæ–¹é”†ä¸š æœªçŸ¥ è‚¡å¤±è´¥: {'code': -32002, 'data': "Selector [childOrSibling=['child'], childOrSiblingSelector=[{'mask': 8388608, 'childOrSibling': [], 'childOrSiblingSelector': [], 'index': 0}], resourceId='com.hexin.plat.android:id/recyclerView']", 'method': 'wait'}[0m
Traceback (most recent call last):
  File "D:\Xander\Inverstment\Investment\THS\AutoTrade\scripts\trade_logic.py", line 145, in operate_stock
    self.ths_page.search_stock(stock_name)
    ~~~~~~~~~~~~~~~~~~~~~~~~~~^^^^^^^^^^^^
  File "D:\Xander\Inverstment\Investment\THS\AutoTrade\pages\page.py", line 143, in search_stock
    first_item.click()
    ~~~~~~~~~~~~~~~~^^
  File "C:\Users\HQ\AppData\Local\Programs\Python\Python313\Lib\site-packages\uiautomator2\_selector.py", line 148, in click
    self.must_wait(timeout=timeout)
    ~~~~~~~~~~~~~~^^^^^^^^^^^^^^^^^
  File "C:\Users\HQ\AppData\Local\Programs\Python\Python313\Lib\site-packages\uiautomator2\_selector.py", line 343, in must_wait
    raise UiObjectNotFoundError({'code': -32002, 'data': str(self.selector), 'method': 'wait'})
uiautomator2.exceptions.UiObjectNotFoundError: {'code': -32002, 'data': "Selector [childOrSibling=['child'], childOrSiblingSelector=[{'mask': 8388608, 'childOrSibling': [], 'childOrSiblingSelector': [], 'index': 0}], resourceId='com.hexin.plat.android:id/recyclerView']", 'method': 'wait'}
[32m2025-08-01 14:45:36 - INFO - ä¹°å…¥ é”æ˜æŠ€æœ¯ 100è‚¡ True å§”æ‰˜å·²æäº¤[0m
[33m2025-08-01 14:45:44 - WARNING - å–å‡ºæ•°é‡ä¸è¶³100è‚¡[0m
[31m2025-08-01 14:45:49 - ERROR - å–å‡º èˆªå¤©å½©è™¹ æœªçŸ¥ è‚¡å¤±è´¥: int() argument must be a string, a bytes-like object or a real number, not 'NoneType'[0m
Traceback (most recent call last):
  File "D:\Xander\Inverstment\Investment\THS\AutoTrade\scripts\trade_logic.py", line 163, in operate_stock
    self.ths_page.input_volume(int(volume))
                               ~~~^^^^^^^^
TypeError: int() argument must be a string, a bytes-like object or a real number, not 'NoneType'
[31m2025-08-01 14:46:51 - ERROR - ä¹°å…¥ å¤§é‡‘é‡å·¥ æœªçŸ¥ è‚¡å¤±è´¥: {'code': -32002, 'data': "Selector [childOrSibling=['child'], childOrSiblingSelector=[{'mask': 16, 'childOrSibling': [], 'childOrSiblingSelector': [], 'className': 'android.widget.EditText'}], resourceId='com.hexin.plat.android:id/stockprice']", 'method': 'wait'}[0m
Traceback (most recent call last):
  File "D:\Xander\Inverstment\Investment\THS\AutoTrade\scripts\trade_logic.py", line 154, in operate_stock
    real_price = self.ths_page._get_real_price()
  File "D:\Xander\Inverstment\Investment\THS\AutoTrade\pages\page.py", line 198, in _get_real_price
    price_text = price_edit.get_text()
  File "C:\Users\HQ\AppData\Local\Programs\Python\Python313\Lib\site-packages\uiautomator2\_selector.py", line 358, in get_text
    self.must_wait(timeout=timeout)
    ~~~~~~~~~~~~~~^^^^^^^^^^^^^^^^^
  File "C:\Users\HQ\AppData\Local\Programs\Python\Python313\Lib\site-packages\uiautomator2\_selector.py", line 343, in must_wait
    raise UiObjectNotFoundError({'code': -32002, 'data': str(self.selector), 'method': 'wait'})
uiautomator2.exceptions.UiObjectNotFoundError: {'code': -32002, 'data': "Selector [childOrSibling=['child'], childOrSiblingSelector=[{'mask': 16, 'childOrSibling': [], 'childOrSiblingSelector': [], 'className': 'android.widget.EditText'}], resourceId='com.hexin.plat.android:id/stockprice']", 'method': 'wait'}
[31m2025-08-01 14:47:37 - ERROR - ä¹°å…¥ æ–‡ç§‘å›­æ— æœªçŸ¥ è‚¡å¤±è´¥: {'code': -32002, 'data': "Selector [childOrSibling=['child'], childOrSiblingSelector=[{'mask': 16, 'childOrSibling': [], 'childOrSiblingSelector': [], 'className': 'android.widget.EditText'}], resourceId='com.hexin.plat.android:id/stockprice']", 'method': 'wait'}[0m
Traceback (most recent call last):
  File "D:\Xander\Inverstment\Investment\THS\AutoTrade\scripts\trade_logic.py", line 154, in operate_stock
    real_price = self.ths_page._get_real_price()
  File "D:\Xander\Inverstment\Investment\THS\AutoTrade\pages\page.py", line 198, in _get_real_price
    price_text = price_edit.get_text()
  File "C:\Users\HQ\AppData\Local\Programs\Python\Python313\Lib\site-packages\uiautomator2\_selector.py", line 358, in get_text
    self.must_wait(timeout=timeout)
    ~~~~~~~~~~~~~~^^^^^^^^^^^^^^^^^
  File "C:\Users\HQ\AppData\Local\Programs\Python\Python313\Lib\site-packages\uiautomator2\_selector.py", line 343, in must_wait
    raise UiObjectNotFoundError({'code': -32002, 'data': str(self.selector), 'method': 'wait'})
uiautomator2.exceptions.UiObjectNotFoundError: {'code': -32002, 'data': "Selector [childOrSibling=['child'], childOrSiblingSelector=[{'mask': 16, 'childOrSibling': [], 'childOrSiblingSelector': [], 'className': 'android.widget.EditText'}], resourceId='com.hexin.plat.android:id/stockprice']", 'method': 'wait'}
[32m2025-08-04 09:32:25 - INFO - ä¹°å…¥ æŒ¯æ±Ÿè‚¡ä»½ 100è‚¡ True å§”æ‰˜å·²æäº¤[0m
[32m2025-08-04 09:32:43 - INFO - ä¹°å…¥ å¤§ä¸šè‚¡ä»½ 400è‚¡ True å§”æ‰˜å·²æäº¤[0m
[32m2025-08-04 09:33:04 - INFO - ä¹°å…¥ ä¸­è®¾è‚¡ä»½ 300è‚¡ True å§”æ‰˜å·²æäº¤[0m
[32m2025-08-05 09:31:41 - INFO - ä¹°å…¥ å®é’›è‚¡ä»½ 100è‚¡ True å§”æ‰˜å·²æäº¤[0m
[33m2025-08-05 09:31:55 - WARNING - ä¹°å…¥æ•°é‡ä¸è¶³100è‚¡[0m
[32m2025-08-05 09:32:19 - INFO - å–å‡º ä¸­è®¾è‚¡ä»½ 100è‚¡ True å§”æ‰˜å·²æäº¤[0m
[31m2025-08-05 09:54:01 - ERROR - ä¹°å…¥ ç‹å­æ–°æ æœªçŸ¥ è‚¡å¤±è´¥: {'code': -32002, 'data': "Selector [childOrSibling=['child'], childOrSiblingSelector=[{'mask': 8388608, 'childOrSibling': [], 'childOrSiblingSelector': [], 'index': 0}], resourceId='com.hexin.plat.android:id/recyclerView']", 'method': 'wait'}[0m
Traceback (most recent call last):
  File "D:\Xander\Inverstment\Investment\THS\AutoTrade\scripts\trade_logic.py", line 145, in operate_stock
    self.ths_page.search_stock(stock_name)
    ~~~~~~~~~~~~~~~~~~~~~~~~~~^^^^^^^^^^^^
  File "D:\Xander\Inverstment\Investment\THS\AutoTrade\pages\page.py", line 143, in search_stock
    first_item.click()
    ~~~~~~~~~~~~~~~~^^
  File "C:\Users\HQ\AppData\Local\Programs\Python\Python313\Lib\site-packages\uiautomator2\_selector.py", line 148, in click
    self.must_wait(timeout=timeout)
    ~~~~~~~~~~~~~~^^^^^^^^^^^^^^^^^
  File "C:\Users\HQ\AppData\Local\Programs\Python\Python313\Lib\site-packages\uiautomator2\_selector.py", line 343, in must_wait
    raise UiObjectNotFoundError({'code': -32002, 'data': str(self.selector), 'method': 'wait'})
uiautomator2.exceptions.UiObjectNotFoundError: {'code': -32002, 'data': "Selector [childOrSibling=['child'], childOrSiblingSelector=[{'mask': 8388608, 'childOrSibling': [], 'childOrSiblingSelector': [], 'index': 0}], resourceId='com.hexin.plat.android:id/recyclerView']", 'method': 'wait'}
[32m2025-08-05 10:16:11 - INFO - ä¹°å…¥ å…‰åç§‘æŠ€ 200è‚¡ True å§”æ‰˜å·²æäº¤[0m
[31m2025-08-06 09:40:08 - ERROR - ä¹°å…¥ æ¢¦ç½‘ç§‘æŠ€ æœªçŸ¥ è‚¡å¤±è´¥: {'code': -32002, 'data': "Selector [childOrSibling=['child'], childOrSiblingSelector=[{'mask': 8388608, 'childOrSibling': [], 'childOrSiblingSelector': [], 'index': 0}], resourceId='com.hexin.plat.android:id/recyclerView']", 'method': 'wait'}[0m
Traceback (most recent call last):
  File "D:\Xander\Inverstment\Investment\THS\AutoTrade\scripts\trade_logic.py", line 145, in operate_stock
    self.ths_page.search_stock(stock_name)
    ~~~~~~~~~~~~~~~~~~~~~~~~~~^^^^^^^^^^^^
  File "D:\Xander\Inverstment\Investment\THS\AutoTrade\pages\page.py", line 143, in search_stock
    first_item.click()
    ~~~~~~~~~~~~~~~~^^
  File "C:\Users\HQ\AppData\Local\Programs\Python\Python313\Lib\site-packages\uiautomator2\_selector.py", line 148, in click
    self.must_wait(timeout=timeout)
    ~~~~~~~~~~~~~~^^^^^^^^^^^^^^^^^
  File "C:\Users\HQ\AppData\Local\Programs\Python\Python313\Lib\site-packages\uiautomator2\_selector.py", line 343, in must_wait
    raise UiObjectNotFoundError({'code': -32002, 'data': str(self.selector), 'method': 'wait'})
uiautomator2.exceptions.UiObjectNotFoundError: {'code': -32002, 'data': "Selector [childOrSibling=['child'], childOrSiblingSelector=[{'mask': 8388608, 'childOrSibling': [], 'childOrSiblingSelector': [], 'index': 0}], resourceId='com.hexin.plat.android:id/recyclerView']", 'method': 'wait'}
[32m2025-08-06 09:40:39 - INFO - ä¹°å…¥ åŸåœ°é¦™æ±Ÿ 200è‚¡ True å§”æ‰˜å·²æäº¤[0m
[32m2025-08-06 09:59:33 - INFO - ä¹°å…¥ é¢†ç›Šæ™ºé€  800è‚¡ True å§”æ‰˜å·²æäº¤[0m
[32m2025-08-06 10:42:07 - INFO - å–å‡º ç‹å­æ–°æ 100è‚¡ True å§”æ‰˜å·²æäº¤[0m
[31m2025-08-06 10:55:54 - ERROR - ä¹°å…¥ å¤©èµææ–™ æœªçŸ¥ è‚¡å¤±è´¥: {'code': -32002, 'data': "Selector [childOrSibling=['child'], childOrSiblingSelector=[{'mask': 8388608, 'childOrSibling': [], 'childOrSiblingSelector': [], 'index': 0}], resourceId='com.hexin.plat.android:id/recyclerView']", 'method': 'wait'}[0m
Traceback (most recent call last):
  File "D:\Xander\Inverstment\Investment\THS\AutoTrade\scripts\trade_logic.py", line 145, in operate_stock
    self.ths_page.click_operate_button(operation)
    ^^^^^^^^^^^^^^^^^^^^^^^^^^^^^^^^^^^^^^
  File "D:\Xander\Inverstment\Investment\THS\AutoTrade\pages\page.py", line 143, in search_stock
    first_item.click()
    ~~~~~~~~~~~~~~~~^^
  File "C:\Users\HQ\AppData\Local\Programs\Python\Python313\Lib\site-packages\uiautomator2\_selector.py", line 148, in click
    self.must_wait(timeout=timeout)
    ~~~~~~~~~~~~~~^^^^^^^^^^^^^^^^^
  File "C:\Users\HQ\AppData\Local\Programs\Python\Python313\Lib\site-packages\uiautomator2\_selector.py", line 343, in must_wait
    raise UiObjectNotFoundError({'code': -32002, 'data': str(self.selector), 'method': 'wait'})
uiautomator2.exceptions.UiObjectNotFoundError: {'code': -32002, 'data': "Selector [childOrSibling=['child'], childOrSiblingSelector=[{'mask': 8388608, 'childOrSibling': [], 'childOrSiblingSelector': [], 'index': 0}], resourceId='com.hexin.plat.android:id/recyclerView']", 'method': 'wait'}
[33m2025-08-06 11:26:24 - WARNING - ä¹°å…¥æ•°é‡ä¸è¶³100è‚¡[0m
[31m2025-08-06 13:01:49 - ERROR - ä¹°å…¥ å¥¥é£å¨±ä¹ æœªçŸ¥ è‚¡å¤±è´¥: {'code': -32002, 'data': "Selector [childOrSibling=['child'], childOrSiblingSelector=[{'mask': 8388608, 'childOrSibling': [], 'childOrSiblingSelector': [], 'index': 0}], resourceId='com.hexin.plat.android:id/recyclerView']", 'method': 'wait'}[0m
Traceback (most recent call last):
  File "D:\Xander\Inverstment\Investment\THS\AutoTrade\scripts\trade_logic.py", line 145, in operate_stock
    self.ths_page.click_operate_button(operation)
    ^^^^^^^^^^^^^^^^^^^^^^^^^^^^^^^^^^^^^^
  File "D:\Xander\Inverstment\Investment\THS\AutoTrade\pages\page.py", line 143, in search_stock
    first_item.click()
    ~~~~~~~~~~~~~~~~^^
  File "C:\Users\HQ\AppData\Local\Programs\Python\Python313\Lib\site-packages\uiautomator2\_selector.py", line 148, in click
    self.must_wait(timeout=timeout)
    ~~~~~~~~~~~~~~^^^^^^^^^^^^^^^^^
  File "C:\Users\HQ\AppData\Local\Programs\Python\Python313\Lib\site-packages\uiautomator2\_selector.py", line 343, in must_wait
    raise UiObjectNotFoundError({'code': -32002, 'data': str(self.selector), 'method': 'wait'})
uiautomator2.exceptions.UiObjectNotFoundError: {'code': -32002, 'data': "Selector [childOrSibling=['child'], childOrSiblingSelector=[{'mask': 8388608, 'childOrSibling': [], 'childOrSiblingSelector': [], 'index': 0}], resourceId='com.hexin.plat.android:id/recyclerView']", 'method': 'wait'}
[32m2025-08-07 09:28:25 - INFO - ä½¿ç”¨å›ºå®šè‚¡æ•°è¿›è¡Œä¹°å…¥: 100è‚¡[0m
[32m2025-08-07 09:28:33 - INFO - ä¹°å…¥ å·¥å•†é“¶è¡Œ 100è‚¡ True å§”æ‰˜å·²æäº¤[0m
[32m2025-08-07 09:31:21 - INFO - ä¹°å…¥ äº‘å—é”—ä¸š 200è‚¡ True å§”æ‰˜å·²æäº¤[0m
[32m2025-08-07 09:31:35 - INFO - åŠä»“å–å‡º[0m
[33m2025-08-07 09:31:35 - WARNING - å–å‡ºæ•°é‡ä¸è¶³100è‚¡[0m
[31m2025-08-07 09:31:41 - ERROR - å–å‡º å¤§é‡‘é‡å·¥ æœªçŸ¥ è‚¡å¤±è´¥: int() argument must be a string, a bytes-like object or a real number, not 'NoneType'[0m
Traceback (most recent call last):
  File "D:\Xander\Inverstment\Investment\THS\AutoTrade\scripts\trade_logic.py", line 165, in operate_stock
    self.ths_page.input_volume(int(volume))
                               ~~~^^^^^^^^
TypeError: int() argument must be a string, a bytes-like object or a real number, not 'NoneType'
[32m2025-08-07 09:33:21 - INFO - ä¹°å…¥ è¶…è®¯é€šä¿¡ 100è‚¡ True å§”æ‰˜å·²æäº¤[0m
[32m2025-08-07 10:45:59 - INFO - åŠä»“å–å‡º[0m
[33m2025-08-07 10:45:59 - WARNING - å–å‡ºæ•°é‡ä¸è¶³100è‚¡[0m
[31m2025-08-07 10:46:05 - ERROR - å–å‡º æ™ºå¾®æ™ºèƒ½ æœªçŸ¥ è‚¡å¤±è´¥: int() argument must be a string, a bytes-like object or a real number, not 'NoneType'[0m
Traceback (most recent call last):
  File "D:\Xander\Inverstment\Investment\THS\AutoTrade\scripts\trade_logic.py", line 165, in operate_stock
TypeError: int() argument must be a string, a bytes-like object or a real number, not 'NoneType'
[32m2025-08-07 14:01:16 - INFO - ä¹°å…¥ æ·±åœ³åå¼º 100è‚¡ True å§”æ‰˜å·²æäº¤[0m
[31m2025-08-07 14:01:29 - ERROR - å¤©èµææ–™ æ²¡æœ‰æŒä»“[0m
[32m2025-08-07 14:01:49 - INFO - ä¹°å…¥ å›½æ³°æµ·é€š 200è‚¡ True å§”æ‰˜å·²æäº¤[0m
[32m2025-08-08 09:33:09 - INFO - å…¨éƒ¨å–å‡º[0m
[32m2025-08-08 09:33:16 - INFO - å–å‡º å®é’›è‚¡ä»½ 100.0è‚¡ True å§”æ‰˜å·²æäº¤[0m
[31m2025-08-08 09:33:46 - ERROR - ä¹°å…¥ æœ¬é’¢æ¿æ æœªçŸ¥ è‚¡å¤±è´¥: {'code': -32002, 'data': "Selector [resourceId='com.hexin.plat.android:id/content_stock']", 'method': 'wait'}[0m
Traceback (most recent call last):
  File "D:\Xander\Inverstment\Investment\THS\AutoTrade\scripts\trade_logic.py", line 172, in operate_stock
    self.ths_page.search_stock(stock_name)
    ~~~~~~~~~~~~~~~~~~~~~~~~~~^^^^^^^^^^^^
  File "D:\Xander\Inverstment\Investment\THS\AutoTrade\pages\page.py", line 122, in search_stock
    stock_search.click()
    ~~~~~~~~~~~~~~~~~~^^
  File "C:\Users\HQ\AppData\Local\Programs\Python\Python313\Lib\site-packages\uiautomator2\_selector.py", line 148, in click
    self.must_wait(timeout=timeout)
    ~~~~~~~~~~~~~~^^^^^^^^^^^^^^^^^
  File "C:\Users\HQ\AppData\Local\Programs\Python\Python313\Lib\site-packages\uiautomator2\_selector.py", line 343, in must_wait
    raise UiObjectNotFoundError({'code': -32002, 'data': str(self.selector), 'method': 'wait'})
uiautomator2.exceptions.UiObjectNotFoundError: {'code': -32002, 'data': "Selector [resourceId='com.hexin.plat.android:id/content_stock']", 'method': 'wait'}
[31m2025-08-08 09:37:48 - ERROR - ä¸‰æ˜ŸåŒ»ç–— æ²¡æœ‰æŒä»“[0m
[32m2025-08-08 09:38:11 - INFO - ä¹°å…¥ é‡‘è¯šä¿¡ 100è‚¡ True å§”æ‰˜å·²æäº¤[0m
[32m2025-08-08 09:38:27 - INFO - å…¨éƒ¨å–å‡º[0m
[32m2025-08-08 09:38:36 - INFO - å–å‡º åŸåœ°é¦™æ±Ÿ 200.0è‚¡ True å§”æ‰˜å·²æäº¤[0m
[32m2025-08-08 10:41:09 - INFO - ä¹°å…¥ å®—ç”³åŠ¨åŠ› 200è‚¡ True å§”æ‰˜å·²æäº¤[0m
[32m2025-08-08 11:08:25 - INFO - å…¨éƒ¨å–å‡º[0m
[32m2025-08-08 11:08:36 - INFO - å–å‡º å›½æ³°æµ·é€š 200.0è‚¡ True å§”æ‰˜å·²æäº¤[0m
[32m2025-08-08 13:57:18 - INFO - å…¨éƒ¨å–å‡º[0m
[32m2025-08-08 13:57:26 - INFO - å–å‡º æ·±åœ³åå¼º 100.0è‚¡ True å§”æ‰˜å·²æäº¤[0m
[32m2025-08-11 10:35:04 - INFO - ä¹°å…¥ æ¢¦ç½‘ç§‘æŠ€ 300è‚¡ True å§”æ‰˜å·²æäº¤[0m
[32m2025-08-11 10:35:23 - INFO - ä¹°å…¥ åšæ•ç”µå­ 400è‚¡ True å§”æ‰˜å·²æäº¤[0m
[33m2025-08-11 13:36:48 - WARNING - ä¹°å…¥æ•°é‡ä¸è¶³100è‚¡[0m
[32m2025-08-11 14:21:04 - INFO - å…¨éƒ¨å–å‡º[0m
[32m2025-08-11 14:21:11 - INFO - å–å‡º å®—ç”³åŠ¨åŠ› 200.0è‚¡ True å§”æ‰˜å·²æäº¤[0m
